[2024-01-06T09:11:12.104+0000] {processor.py:153} INFO - Started process (PID=102) to work on /home/airflow/.local/lib/python3.7/site-packages/airflow/example_dags/example_xcomargs.py
[2024-01-06T09:11:12.107+0000] {processor.py:743} INFO - Processing file /home/airflow/.local/lib/python3.7/site-packages/airflow/example_dags/example_xcomargs.py for tasks to queue
[2024-01-06T09:11:12.108+0000] {logging_mixin.py:137} INFO - [2024-01-06T09:11:12.107+0000] {dagbag.py:538} INFO - Filling up the DagBag from /home/airflow/.local/lib/python3.7/site-packages/airflow/example_dags/example_xcomargs.py
[2024-01-06T09:11:12.126+0000] {processor.py:753} INFO - DAG(s) dict_keys(['example_xcom_args', 'example_xcom_args_with_operators']) retrieved from /home/airflow/.local/lib/python3.7/site-packages/airflow/example_dags/example_xcomargs.py
[2024-01-06T09:11:12.199+0000] {logging_mixin.py:137} INFO - [2024-01-06T09:11:12.199+0000] {manager.py:504} INFO - Created Permission View: can edit on DAG:example_xcom_args
[2024-01-06T09:11:12.203+0000] {logging_mixin.py:137} INFO - [2024-01-06T09:11:12.203+0000] {manager.py:504} INFO - Created Permission View: can read on DAG:example_xcom_args
[2024-01-06T09:11:12.207+0000] {logging_mixin.py:137} INFO - [2024-01-06T09:11:12.207+0000] {manager.py:504} INFO - Created Permission View: can delete on DAG:example_xcom_args
[2024-01-06T09:11:12.213+0000] {logging_mixin.py:137} INFO - [2024-01-06T09:11:12.213+0000] {manager.py:504} INFO - Created Permission View: can edit on DAG:example_xcom_args_with_operators
[2024-01-06T09:11:12.216+0000] {logging_mixin.py:137} INFO - [2024-01-06T09:11:12.216+0000] {manager.py:504} INFO - Created Permission View: can read on DAG:example_xcom_args_with_operators
[2024-01-06T09:11:12.219+0000] {logging_mixin.py:137} INFO - [2024-01-06T09:11:12.219+0000] {manager.py:504} INFO - Created Permission View: can delete on DAG:example_xcom_args_with_operators
[2024-01-06T09:11:12.220+0000] {logging_mixin.py:137} INFO - [2024-01-06T09:11:12.220+0000] {dag.py:2690} INFO - Sync 2 DAGs
[2024-01-06T09:11:12.228+0000] {logging_mixin.py:137} INFO - [2024-01-06T09:11:12.228+0000] {dag.py:2711} INFO - Creating ORM DAG for example_xcom_args_with_operators
[2024-01-06T09:11:12.228+0000] {logging_mixin.py:137} INFO - [2024-01-06T09:11:12.228+0000] {dag.py:2711} INFO - Creating ORM DAG for example_xcom_args
[2024-01-06T09:11:12.237+0000] {logging_mixin.py:137} INFO - [2024-01-06T09:11:12.236+0000] {dag.py:3441} INFO - Setting next_dagrun for example_xcom_args to None, run_after=None
[2024-01-06T09:11:12.237+0000] {logging_mixin.py:137} INFO - [2024-01-06T09:11:12.237+0000] {dag.py:3441} INFO - Setting next_dagrun for example_xcom_args_with_operators to None, run_after=None
[2024-01-06T09:11:12.252+0000] {processor.py:175} INFO - Processing /home/airflow/.local/lib/python3.7/site-packages/airflow/example_dags/example_xcomargs.py took 0.151 seconds
[2024-01-06T09:11:42.621+0000] {processor.py:153} INFO - Started process (PID=191) to work on /home/airflow/.local/lib/python3.7/site-packages/airflow/example_dags/example_xcomargs.py
[2024-01-06T09:11:42.622+0000] {processor.py:743} INFO - Processing file /home/airflow/.local/lib/python3.7/site-packages/airflow/example_dags/example_xcomargs.py for tasks to queue
[2024-01-06T09:11:42.623+0000] {logging_mixin.py:137} INFO - [2024-01-06T09:11:42.623+0000] {dagbag.py:538} INFO - Filling up the DagBag from /home/airflow/.local/lib/python3.7/site-packages/airflow/example_dags/example_xcomargs.py
[2024-01-06T09:11:42.639+0000] {processor.py:753} INFO - DAG(s) dict_keys(['example_xcom_args', 'example_xcom_args_with_operators']) retrieved from /home/airflow/.local/lib/python3.7/site-packages/airflow/example_dags/example_xcomargs.py
[2024-01-06T09:11:42.670+0000] {logging_mixin.py:137} INFO - [2024-01-06T09:11:42.670+0000] {dag.py:2690} INFO - Sync 2 DAGs
[2024-01-06T09:11:42.686+0000] {logging_mixin.py:137} INFO - [2024-01-06T09:11:42.686+0000] {dag.py:3441} INFO - Setting next_dagrun for example_xcom_args to None, run_after=None
[2024-01-06T09:11:42.689+0000] {logging_mixin.py:137} INFO - [2024-01-06T09:11:42.689+0000] {dag.py:3441} INFO - Setting next_dagrun for example_xcom_args_with_operators to None, run_after=None
[2024-01-06T09:11:42.705+0000] {processor.py:175} INFO - Processing /home/airflow/.local/lib/python3.7/site-packages/airflow/example_dags/example_xcomargs.py took 0.088 seconds
[2024-01-06T09:12:13.523+0000] {processor.py:153} INFO - Started process (PID=263) to work on /home/airflow/.local/lib/python3.7/site-packages/airflow/example_dags/example_xcomargs.py
[2024-01-06T09:12:13.523+0000] {processor.py:743} INFO - Processing file /home/airflow/.local/lib/python3.7/site-packages/airflow/example_dags/example_xcomargs.py for tasks to queue
[2024-01-06T09:12:13.523+0000] {logging_mixin.py:137} INFO - [2024-01-06T09:12:13.523+0000] {dagbag.py:538} INFO - Filling up the DagBag from /home/airflow/.local/lib/python3.7/site-packages/airflow/example_dags/example_xcomargs.py
[2024-01-06T09:12:13.535+0000] {processor.py:753} INFO - DAG(s) dict_keys(['example_xcom_args_with_operators', 'example_xcom_args']) retrieved from /home/airflow/.local/lib/python3.7/site-packages/airflow/example_dags/example_xcomargs.py
[2024-01-06T09:12:13.548+0000] {logging_mixin.py:137} INFO - [2024-01-06T09:12:13.548+0000] {dag.py:2690} INFO - Sync 2 DAGs
[2024-01-06T09:12:13.558+0000] {logging_mixin.py:137} INFO - [2024-01-06T09:12:13.558+0000] {dag.py:3441} INFO - Setting next_dagrun for example_xcom_args to None, run_after=None
[2024-01-06T09:12:13.560+0000] {logging_mixin.py:137} INFO - [2024-01-06T09:12:13.560+0000] {dag.py:3441} INFO - Setting next_dagrun for example_xcom_args_with_operators to None, run_after=None
[2024-01-06T09:12:13.567+0000] {processor.py:175} INFO - Processing /home/airflow/.local/lib/python3.7/site-packages/airflow/example_dags/example_xcomargs.py took 0.046 seconds
[2024-01-06T09:12:44.293+0000] {processor.py:153} INFO - Started process (PID=352) to work on /home/airflow/.local/lib/python3.7/site-packages/airflow/example_dags/example_xcomargs.py
[2024-01-06T09:12:44.293+0000] {processor.py:743} INFO - Processing file /home/airflow/.local/lib/python3.7/site-packages/airflow/example_dags/example_xcomargs.py for tasks to queue
[2024-01-06T09:12:44.294+0000] {logging_mixin.py:137} INFO - [2024-01-06T09:12:44.294+0000] {dagbag.py:538} INFO - Filling up the DagBag from /home/airflow/.local/lib/python3.7/site-packages/airflow/example_dags/example_xcomargs.py
[2024-01-06T09:12:44.306+0000] {processor.py:753} INFO - DAG(s) dict_keys(['example_xcom_args_with_operators', 'example_xcom_args']) retrieved from /home/airflow/.local/lib/python3.7/site-packages/airflow/example_dags/example_xcomargs.py
[2024-01-06T09:12:44.320+0000] {logging_mixin.py:137} INFO - [2024-01-06T09:12:44.320+0000] {dag.py:2690} INFO - Sync 2 DAGs
[2024-01-06T09:12:44.333+0000] {logging_mixin.py:137} INFO - [2024-01-06T09:12:44.332+0000] {dag.py:3441} INFO - Setting next_dagrun for example_xcom_args to None, run_after=None
[2024-01-06T09:12:44.334+0000] {logging_mixin.py:137} INFO - [2024-01-06T09:12:44.334+0000] {dag.py:3441} INFO - Setting next_dagrun for example_xcom_args_with_operators to None, run_after=None
[2024-01-06T09:12:44.342+0000] {processor.py:175} INFO - Processing /home/airflow/.local/lib/python3.7/site-packages/airflow/example_dags/example_xcomargs.py took 0.051 seconds
