[2024-01-06T09:11:11.982+0000] {processor.py:153} INFO - Started process (PID=101) to work on /home/airflow/.local/lib/python3.7/site-packages/airflow/example_dags/example_sensor_decorator.py
[2024-01-06T09:11:11.983+0000] {processor.py:743} INFO - Processing file /home/airflow/.local/lib/python3.7/site-packages/airflow/example_dags/example_sensor_decorator.py for tasks to queue
[2024-01-06T09:11:11.983+0000] {logging_mixin.py:137} INFO - [2024-01-06T09:11:11.983+0000] {dagbag.py:538} INFO - Filling up the DagBag from /home/airflow/.local/lib/python3.7/site-packages/airflow/example_dags/example_sensor_decorator.py
[2024-01-06T09:11:11.997+0000] {processor.py:753} INFO - DAG(s) dict_keys(['example_sensor_decorator']) retrieved from /home/airflow/.local/lib/python3.7/site-packages/airflow/example_dags/example_sensor_decorator.py
[2024-01-06T09:11:12.067+0000] {logging_mixin.py:137} INFO - [2024-01-06T09:11:12.067+0000] {manager.py:504} INFO - Created Permission View: can edit on DAG:example_sensor_decorator
[2024-01-06T09:11:12.073+0000] {logging_mixin.py:137} INFO - [2024-01-06T09:11:12.073+0000] {manager.py:504} INFO - Created Permission View: can read on DAG:example_sensor_decorator
[2024-01-06T09:11:12.076+0000] {logging_mixin.py:137} INFO - [2024-01-06T09:11:12.076+0000] {manager.py:504} INFO - Created Permission View: can delete on DAG:example_sensor_decorator
[2024-01-06T09:11:12.077+0000] {logging_mixin.py:137} INFO - [2024-01-06T09:11:12.076+0000] {dag.py:2690} INFO - Sync 1 DAGs
[2024-01-06T09:11:12.084+0000] {logging_mixin.py:137} INFO - [2024-01-06T09:11:12.083+0000] {dag.py:2711} INFO - Creating ORM DAG for example_sensor_decorator
[2024-01-06T09:11:12.091+0000] {logging_mixin.py:137} INFO - [2024-01-06T09:11:12.091+0000] {dag.py:3441} INFO - Setting next_dagrun for example_sensor_decorator to None, run_after=None
[2024-01-06T09:11:12.103+0000] {processor.py:175} INFO - Processing /home/airflow/.local/lib/python3.7/site-packages/airflow/example_dags/example_sensor_decorator.py took 0.123 seconds
[2024-01-06T09:11:42.550+0000] {processor.py:153} INFO - Started process (PID=190) to work on /home/airflow/.local/lib/python3.7/site-packages/airflow/example_dags/example_sensor_decorator.py
[2024-01-06T09:11:42.551+0000] {processor.py:743} INFO - Processing file /home/airflow/.local/lib/python3.7/site-packages/airflow/example_dags/example_sensor_decorator.py for tasks to queue
[2024-01-06T09:11:42.551+0000] {logging_mixin.py:137} INFO - [2024-01-06T09:11:42.551+0000] {dagbag.py:538} INFO - Filling up the DagBag from /home/airflow/.local/lib/python3.7/site-packages/airflow/example_dags/example_sensor_decorator.py
[2024-01-06T09:11:42.563+0000] {processor.py:753} INFO - DAG(s) dict_keys(['example_sensor_decorator']) retrieved from /home/airflow/.local/lib/python3.7/site-packages/airflow/example_dags/example_sensor_decorator.py
[2024-01-06T09:11:42.576+0000] {logging_mixin.py:137} INFO - [2024-01-06T09:11:42.576+0000] {dag.py:2690} INFO - Sync 1 DAGs
[2024-01-06T09:11:42.590+0000] {logging_mixin.py:137} INFO - [2024-01-06T09:11:42.590+0000] {dag.py:3441} INFO - Setting next_dagrun for example_sensor_decorator to None, run_after=None
[2024-01-06T09:11:42.600+0000] {processor.py:175} INFO - Processing /home/airflow/.local/lib/python3.7/site-packages/airflow/example_dags/example_sensor_decorator.py took 0.052 seconds
[2024-01-06T09:12:13.470+0000] {processor.py:153} INFO - Started process (PID=262) to work on /home/airflow/.local/lib/python3.7/site-packages/airflow/example_dags/example_sensor_decorator.py
[2024-01-06T09:12:13.470+0000] {processor.py:743} INFO - Processing file /home/airflow/.local/lib/python3.7/site-packages/airflow/example_dags/example_sensor_decorator.py for tasks to queue
[2024-01-06T09:12:13.470+0000] {logging_mixin.py:137} INFO - [2024-01-06T09:12:13.470+0000] {dagbag.py:538} INFO - Filling up the DagBag from /home/airflow/.local/lib/python3.7/site-packages/airflow/example_dags/example_sensor_decorator.py
[2024-01-06T09:12:13.481+0000] {processor.py:753} INFO - DAG(s) dict_keys(['example_sensor_decorator']) retrieved from /home/airflow/.local/lib/python3.7/site-packages/airflow/example_dags/example_sensor_decorator.py
[2024-01-06T09:12:13.493+0000] {logging_mixin.py:137} INFO - [2024-01-06T09:12:13.492+0000] {dag.py:2690} INFO - Sync 1 DAGs
[2024-01-06T09:12:13.504+0000] {logging_mixin.py:137} INFO - [2024-01-06T09:12:13.503+0000] {dag.py:3441} INFO - Setting next_dagrun for example_sensor_decorator to None, run_after=None
[2024-01-06T09:12:13.512+0000] {processor.py:175} INFO - Processing /home/airflow/.local/lib/python3.7/site-packages/airflow/example_dags/example_sensor_decorator.py took 0.044 seconds
[2024-01-06T09:12:44.236+0000] {processor.py:153} INFO - Started process (PID=351) to work on /home/airflow/.local/lib/python3.7/site-packages/airflow/example_dags/example_sensor_decorator.py
[2024-01-06T09:12:44.236+0000] {processor.py:743} INFO - Processing file /home/airflow/.local/lib/python3.7/site-packages/airflow/example_dags/example_sensor_decorator.py for tasks to queue
[2024-01-06T09:12:44.238+0000] {logging_mixin.py:137} INFO - [2024-01-06T09:12:44.238+0000] {dagbag.py:538} INFO - Filling up the DagBag from /home/airflow/.local/lib/python3.7/site-packages/airflow/example_dags/example_sensor_decorator.py
[2024-01-06T09:12:44.249+0000] {processor.py:753} INFO - DAG(s) dict_keys(['example_sensor_decorator']) retrieved from /home/airflow/.local/lib/python3.7/site-packages/airflow/example_dags/example_sensor_decorator.py
[2024-01-06T09:12:44.261+0000] {logging_mixin.py:137} INFO - [2024-01-06T09:12:44.261+0000] {dag.py:2690} INFO - Sync 1 DAGs
[2024-01-06T09:12:44.273+0000] {logging_mixin.py:137} INFO - [2024-01-06T09:12:44.273+0000] {dag.py:3441} INFO - Setting next_dagrun for example_sensor_decorator to None, run_after=None
[2024-01-06T09:12:44.281+0000] {processor.py:175} INFO - Processing /home/airflow/.local/lib/python3.7/site-packages/airflow/example_dags/example_sensor_decorator.py took 0.048 seconds
