[2024-01-06T09:11:11.177+0000] {processor.py:153} INFO - Started process (PID=90) to work on /home/airflow/.local/lib/python3.7/site-packages/airflow/example_dags/example_sla_dag.py
[2024-01-06T09:11:11.179+0000] {processor.py:743} INFO - Processing file /home/airflow/.local/lib/python3.7/site-packages/airflow/example_dags/example_sla_dag.py for tasks to queue
[2024-01-06T09:11:11.181+0000] {logging_mixin.py:137} INFO - [2024-01-06T09:11:11.180+0000] {dagbag.py:538} INFO - Filling up the DagBag from /home/airflow/.local/lib/python3.7/site-packages/airflow/example_dags/example_sla_dag.py
[2024-01-06T09:11:11.206+0000] {processor.py:753} INFO - DAG(s) dict_keys(['example_sla_dag']) retrieved from /home/airflow/.local/lib/python3.7/site-packages/airflow/example_dags/example_sla_dag.py
[2024-01-06T09:11:11.291+0000] {logging_mixin.py:137} INFO - [2024-01-06T09:11:11.291+0000] {manager.py:504} INFO - Created Permission View: can edit on DAG:example_sla_dag
[2024-01-06T09:11:11.296+0000] {logging_mixin.py:137} INFO - [2024-01-06T09:11:11.296+0000] {manager.py:504} INFO - Created Permission View: can read on DAG:example_sla_dag
[2024-01-06T09:11:11.301+0000] {logging_mixin.py:137} INFO - [2024-01-06T09:11:11.301+0000] {manager.py:504} INFO - Created Permission View: can delete on DAG:example_sla_dag
[2024-01-06T09:11:11.301+0000] {logging_mixin.py:137} INFO - [2024-01-06T09:11:11.301+0000] {dag.py:2690} INFO - Sync 1 DAGs
[2024-01-06T09:11:11.308+0000] {logging_mixin.py:137} INFO - [2024-01-06T09:11:11.308+0000] {dag.py:2711} INFO - Creating ORM DAG for example_sla_dag
[2024-01-06T09:11:11.316+0000] {logging_mixin.py:137} INFO - [2024-01-06T09:11:11.316+0000] {dag.py:3441} INFO - Setting next_dagrun for example_sla_dag to 2024-01-06T09:08:00+00:00, run_after=2024-01-06T09:10:00+00:00
[2024-01-06T09:11:11.324+0000] {processor.py:175} INFO - Processing /home/airflow/.local/lib/python3.7/site-packages/airflow/example_dags/example_sla_dag.py took 0.153 seconds
[2024-01-06T09:11:41.903+0000] {processor.py:153} INFO - Started process (PID=172) to work on /home/airflow/.local/lib/python3.7/site-packages/airflow/example_dags/example_sla_dag.py
[2024-01-06T09:11:41.904+0000] {processor.py:743} INFO - Processing file /home/airflow/.local/lib/python3.7/site-packages/airflow/example_dags/example_sla_dag.py for tasks to queue
[2024-01-06T09:11:41.904+0000] {logging_mixin.py:137} INFO - [2024-01-06T09:11:41.904+0000] {dagbag.py:538} INFO - Filling up the DagBag from /home/airflow/.local/lib/python3.7/site-packages/airflow/example_dags/example_sla_dag.py
[2024-01-06T09:11:41.916+0000] {processor.py:753} INFO - DAG(s) dict_keys(['example_sla_dag']) retrieved from /home/airflow/.local/lib/python3.7/site-packages/airflow/example_dags/example_sla_dag.py
[2024-01-06T09:11:41.932+0000] {logging_mixin.py:137} INFO - [2024-01-06T09:11:41.931+0000] {dag.py:2690} INFO - Sync 1 DAGs
[2024-01-06T09:11:41.945+0000] {logging_mixin.py:137} INFO - [2024-01-06T09:11:41.945+0000] {dag.py:3441} INFO - Setting next_dagrun for example_sla_dag to 2024-01-06T09:08:00+00:00, run_after=2024-01-06T09:10:00+00:00
[2024-01-06T09:11:41.954+0000] {processor.py:175} INFO - Processing /home/airflow/.local/lib/python3.7/site-packages/airflow/example_dags/example_sla_dag.py took 0.053 seconds
[2024-01-06T09:12:12.137+0000] {processor.py:153} INFO - Started process (PID=251) to work on /home/airflow/.local/lib/python3.7/site-packages/airflow/example_dags/example_sla_dag.py
[2024-01-06T09:12:12.137+0000] {processor.py:743} INFO - Processing file /home/airflow/.local/lib/python3.7/site-packages/airflow/example_dags/example_sla_dag.py for tasks to queue
[2024-01-06T09:12:12.138+0000] {logging_mixin.py:137} INFO - [2024-01-06T09:12:12.138+0000] {dagbag.py:538} INFO - Filling up the DagBag from /home/airflow/.local/lib/python3.7/site-packages/airflow/example_dags/example_sla_dag.py
[2024-01-06T09:12:12.150+0000] {processor.py:753} INFO - DAG(s) dict_keys(['example_sla_dag']) retrieved from /home/airflow/.local/lib/python3.7/site-packages/airflow/example_dags/example_sla_dag.py
[2024-01-06T09:12:12.162+0000] {logging_mixin.py:137} INFO - [2024-01-06T09:12:12.162+0000] {dag.py:2690} INFO - Sync 1 DAGs
[2024-01-06T09:12:12.174+0000] {logging_mixin.py:137} INFO - [2024-01-06T09:12:12.174+0000] {dag.py:3441} INFO - Setting next_dagrun for example_sla_dag to 2024-01-06T09:10:00+00:00, run_after=2024-01-06T09:12:00+00:00
[2024-01-06T09:12:12.182+0000] {processor.py:175} INFO - Processing /home/airflow/.local/lib/python3.7/site-packages/airflow/example_dags/example_sla_dag.py took 0.047 seconds
[2024-01-06T09:12:42.862+0000] {processor.py:153} INFO - Started process (PID=340) to work on /home/airflow/.local/lib/python3.7/site-packages/airflow/example_dags/example_sla_dag.py
[2024-01-06T09:12:42.862+0000] {processor.py:743} INFO - Processing file /home/airflow/.local/lib/python3.7/site-packages/airflow/example_dags/example_sla_dag.py for tasks to queue
[2024-01-06T09:12:42.862+0000] {logging_mixin.py:137} INFO - [2024-01-06T09:12:42.862+0000] {dagbag.py:538} INFO - Filling up the DagBag from /home/airflow/.local/lib/python3.7/site-packages/airflow/example_dags/example_sla_dag.py
[2024-01-06T09:12:42.874+0000] {processor.py:753} INFO - DAG(s) dict_keys(['example_sla_dag']) retrieved from /home/airflow/.local/lib/python3.7/site-packages/airflow/example_dags/example_sla_dag.py
[2024-01-06T09:12:42.887+0000] {logging_mixin.py:137} INFO - [2024-01-06T09:12:42.887+0000] {dag.py:2690} INFO - Sync 1 DAGs
[2024-01-06T09:12:42.900+0000] {logging_mixin.py:137} INFO - [2024-01-06T09:12:42.900+0000] {dag.py:3441} INFO - Setting next_dagrun for example_sla_dag to 2024-01-06T09:10:00+00:00, run_after=2024-01-06T09:12:00+00:00
[2024-01-06T09:12:42.908+0000] {processor.py:175} INFO - Processing /home/airflow/.local/lib/python3.7/site-packages/airflow/example_dags/example_sla_dag.py took 0.048 seconds
