[2024-01-06T09:11:12.698+0000] {processor.py:153} INFO - Started process (PID=110) to work on /home/airflow/.local/lib/python3.7/site-packages/airflow/example_dags/example_short_circuit_operator.py
[2024-01-06T09:11:12.699+0000] {processor.py:743} INFO - Processing file /home/airflow/.local/lib/python3.7/site-packages/airflow/example_dags/example_short_circuit_operator.py for tasks to queue
[2024-01-06T09:11:12.699+0000] {logging_mixin.py:137} INFO - [2024-01-06T09:11:12.699+0000] {dagbag.py:538} INFO - Filling up the DagBag from /home/airflow/.local/lib/python3.7/site-packages/airflow/example_dags/example_short_circuit_operator.py
[2024-01-06T09:11:12.708+0000] {processor.py:753} INFO - DAG(s) dict_keys(['example_short_circuit_operator']) retrieved from /home/airflow/.local/lib/python3.7/site-packages/airflow/example_dags/example_short_circuit_operator.py
[2024-01-06T09:11:12.763+0000] {logging_mixin.py:137} INFO - [2024-01-06T09:11:12.763+0000] {manager.py:504} INFO - Created Permission View: can edit on DAG:example_short_circuit_operator
[2024-01-06T09:11:12.766+0000] {logging_mixin.py:137} INFO - [2024-01-06T09:11:12.766+0000] {manager.py:504} INFO - Created Permission View: can read on DAG:example_short_circuit_operator
[2024-01-06T09:11:12.769+0000] {logging_mixin.py:137} INFO - [2024-01-06T09:11:12.769+0000] {manager.py:504} INFO - Created Permission View: can delete on DAG:example_short_circuit_operator
[2024-01-06T09:11:12.769+0000] {logging_mixin.py:137} INFO - [2024-01-06T09:11:12.769+0000] {dag.py:2690} INFO - Sync 1 DAGs
[2024-01-06T09:11:12.776+0000] {logging_mixin.py:137} INFO - [2024-01-06T09:11:12.776+0000] {dag.py:2711} INFO - Creating ORM DAG for example_short_circuit_operator
[2024-01-06T09:11:12.781+0000] {logging_mixin.py:137} INFO - [2024-01-06T09:11:12.781+0000] {dag.py:3441} INFO - Setting next_dagrun for example_short_circuit_operator to 2024-01-05T09:11:12.781568+00:00, run_after=2024-01-06T09:11:12.781568+00:00
[2024-01-06T09:11:12.790+0000] {processor.py:175} INFO - Processing /home/airflow/.local/lib/python3.7/site-packages/airflow/example_dags/example_short_circuit_operator.py took 0.094 seconds
[2024-01-06T09:11:43.039+0000] {processor.py:153} INFO - Started process (PID=199) to work on /home/airflow/.local/lib/python3.7/site-packages/airflow/example_dags/example_short_circuit_operator.py
[2024-01-06T09:11:43.040+0000] {processor.py:743} INFO - Processing file /home/airflow/.local/lib/python3.7/site-packages/airflow/example_dags/example_short_circuit_operator.py for tasks to queue
[2024-01-06T09:11:43.040+0000] {logging_mixin.py:137} INFO - [2024-01-06T09:11:43.040+0000] {dagbag.py:538} INFO - Filling up the DagBag from /home/airflow/.local/lib/python3.7/site-packages/airflow/example_dags/example_short_circuit_operator.py
[2024-01-06T09:11:43.048+0000] {processor.py:753} INFO - DAG(s) dict_keys(['example_short_circuit_operator']) retrieved from /home/airflow/.local/lib/python3.7/site-packages/airflow/example_dags/example_short_circuit_operator.py
[2024-01-06T09:11:43.061+0000] {logging_mixin.py:137} INFO - [2024-01-06T09:11:43.061+0000] {dag.py:2690} INFO - Sync 1 DAGs
[2024-01-06T09:11:43.075+0000] {logging_mixin.py:137} INFO - [2024-01-06T09:11:43.075+0000] {dag.py:3441} INFO - Setting next_dagrun for example_short_circuit_operator to 2024-01-05T09:11:43.075355+00:00, run_after=2024-01-06T09:11:43.075355+00:00
[2024-01-06T09:11:43.086+0000] {processor.py:175} INFO - Processing /home/airflow/.local/lib/python3.7/site-packages/airflow/example_dags/example_short_circuit_operator.py took 0.049 seconds
[2024-01-06T09:12:13.790+0000] {processor.py:153} INFO - Started process (PID=271) to work on /home/airflow/.local/lib/python3.7/site-packages/airflow/example_dags/example_short_circuit_operator.py
[2024-01-06T09:12:13.790+0000] {processor.py:743} INFO - Processing file /home/airflow/.local/lib/python3.7/site-packages/airflow/example_dags/example_short_circuit_operator.py for tasks to queue
[2024-01-06T09:12:13.791+0000] {logging_mixin.py:137} INFO - [2024-01-06T09:12:13.791+0000] {dagbag.py:538} INFO - Filling up the DagBag from /home/airflow/.local/lib/python3.7/site-packages/airflow/example_dags/example_short_circuit_operator.py
[2024-01-06T09:12:13.799+0000] {processor.py:753} INFO - DAG(s) dict_keys(['example_short_circuit_operator']) retrieved from /home/airflow/.local/lib/python3.7/site-packages/airflow/example_dags/example_short_circuit_operator.py
[2024-01-06T09:12:13.811+0000] {logging_mixin.py:137} INFO - [2024-01-06T09:12:13.811+0000] {dag.py:2690} INFO - Sync 1 DAGs
[2024-01-06T09:12:13.821+0000] {logging_mixin.py:137} INFO - [2024-01-06T09:12:13.821+0000] {dag.py:3441} INFO - Setting next_dagrun for example_short_circuit_operator to 2024-01-05T09:12:13.821805+00:00, run_after=2024-01-06T09:12:13.821805+00:00
[2024-01-06T09:12:13.829+0000] {processor.py:175} INFO - Processing /home/airflow/.local/lib/python3.7/site-packages/airflow/example_dags/example_short_circuit_operator.py took 0.041 seconds
[2024-01-06T09:12:44.580+0000] {processor.py:153} INFO - Started process (PID=360) to work on /home/airflow/.local/lib/python3.7/site-packages/airflow/example_dags/example_short_circuit_operator.py
[2024-01-06T09:12:44.580+0000] {processor.py:743} INFO - Processing file /home/airflow/.local/lib/python3.7/site-packages/airflow/example_dags/example_short_circuit_operator.py for tasks to queue
[2024-01-06T09:12:44.580+0000] {logging_mixin.py:137} INFO - [2024-01-06T09:12:44.580+0000] {dagbag.py:538} INFO - Filling up the DagBag from /home/airflow/.local/lib/python3.7/site-packages/airflow/example_dags/example_short_circuit_operator.py
[2024-01-06T09:12:44.589+0000] {processor.py:753} INFO - DAG(s) dict_keys(['example_short_circuit_operator']) retrieved from /home/airflow/.local/lib/python3.7/site-packages/airflow/example_dags/example_short_circuit_operator.py
[2024-01-06T09:12:44.602+0000] {logging_mixin.py:137} INFO - [2024-01-06T09:12:44.601+0000] {dag.py:2690} INFO - Sync 1 DAGs
[2024-01-06T09:12:44.614+0000] {logging_mixin.py:137} INFO - [2024-01-06T09:12:44.613+0000] {dag.py:3441} INFO - Setting next_dagrun for example_short_circuit_operator to 2024-01-05T09:12:44.613833+00:00, run_after=2024-01-06T09:12:44.613833+00:00
[2024-01-06T09:12:44.623+0000] {processor.py:175} INFO - Processing /home/airflow/.local/lib/python3.7/site-packages/airflow/example_dags/example_short_circuit_operator.py took 0.045 seconds
