[2024-01-06T09:11:11.370+0000] {processor.py:153} INFO - Started process (PID=93) to work on /home/airflow/.local/lib/python3.7/site-packages/airflow/example_dags/example_branch_day_of_week_operator.py
[2024-01-06T09:11:11.371+0000] {processor.py:743} INFO - Processing file /home/airflow/.local/lib/python3.7/site-packages/airflow/example_dags/example_branch_day_of_week_operator.py for tasks to queue
[2024-01-06T09:11:11.372+0000] {logging_mixin.py:137} INFO - [2024-01-06T09:11:11.372+0000] {dagbag.py:538} INFO - Filling up the DagBag from /home/airflow/.local/lib/python3.7/site-packages/airflow/example_dags/example_branch_day_of_week_operator.py
[2024-01-06T09:11:11.385+0000] {processor.py:753} INFO - DAG(s) dict_keys(['example_weekday_branch_operator']) retrieved from /home/airflow/.local/lib/python3.7/site-packages/airflow/example_dags/example_branch_day_of_week_operator.py
[2024-01-06T09:11:11.463+0000] {logging_mixin.py:137} INFO - [2024-01-06T09:11:11.463+0000] {manager.py:504} INFO - Created Permission View: can edit on DAG:example_weekday_branch_operator
[2024-01-06T09:11:11.471+0000] {logging_mixin.py:137} INFO - [2024-01-06T09:11:11.471+0000] {manager.py:504} INFO - Created Permission View: can read on DAG:example_weekday_branch_operator
[2024-01-06T09:11:11.478+0000] {logging_mixin.py:137} INFO - [2024-01-06T09:11:11.478+0000] {manager.py:504} INFO - Created Permission View: can delete on DAG:example_weekday_branch_operator
[2024-01-06T09:11:11.479+0000] {logging_mixin.py:137} INFO - [2024-01-06T09:11:11.479+0000] {dag.py:2690} INFO - Sync 1 DAGs
[2024-01-06T09:11:11.487+0000] {logging_mixin.py:137} INFO - [2024-01-06T09:11:11.487+0000] {dag.py:2711} INFO - Creating ORM DAG for example_weekday_branch_operator
[2024-01-06T09:11:11.495+0000] {logging_mixin.py:137} INFO - [2024-01-06T09:11:11.495+0000] {dag.py:3441} INFO - Setting next_dagrun for example_weekday_branch_operator to 2024-01-05T00:00:00+00:00, run_after=2024-01-06T00:00:00+00:00
[2024-01-06T09:11:11.505+0000] {processor.py:175} INFO - Processing /home/airflow/.local/lib/python3.7/site-packages/airflow/example_dags/example_branch_day_of_week_operator.py took 0.140 seconds
[2024-01-06T09:11:42.043+0000] {processor.py:153} INFO - Started process (PID=175) to work on /home/airflow/.local/lib/python3.7/site-packages/airflow/example_dags/example_branch_day_of_week_operator.py
[2024-01-06T09:11:42.044+0000] {processor.py:743} INFO - Processing file /home/airflow/.local/lib/python3.7/site-packages/airflow/example_dags/example_branch_day_of_week_operator.py for tasks to queue
[2024-01-06T09:11:42.045+0000] {logging_mixin.py:137} INFO - [2024-01-06T09:11:42.045+0000] {dagbag.py:538} INFO - Filling up the DagBag from /home/airflow/.local/lib/python3.7/site-packages/airflow/example_dags/example_branch_day_of_week_operator.py
[2024-01-06T09:11:42.054+0000] {processor.py:753} INFO - DAG(s) dict_keys(['example_weekday_branch_operator']) retrieved from /home/airflow/.local/lib/python3.7/site-packages/airflow/example_dags/example_branch_day_of_week_operator.py
[2024-01-06T09:11:42.068+0000] {logging_mixin.py:137} INFO - [2024-01-06T09:11:42.068+0000] {dag.py:2690} INFO - Sync 1 DAGs
[2024-01-06T09:11:42.081+0000] {logging_mixin.py:137} INFO - [2024-01-06T09:11:42.081+0000] {dag.py:3441} INFO - Setting next_dagrun for example_weekday_branch_operator to 2024-01-05T00:00:00+00:00, run_after=2024-01-06T00:00:00+00:00
[2024-01-06T09:11:42.092+0000] {processor.py:175} INFO - Processing /home/airflow/.local/lib/python3.7/site-packages/airflow/example_dags/example_branch_day_of_week_operator.py took 0.051 seconds
[2024-01-06T09:12:12.203+0000] {processor.py:153} INFO - Started process (PID=254) to work on /home/airflow/.local/lib/python3.7/site-packages/airflow/example_dags/example_branch_day_of_week_operator.py
[2024-01-06T09:12:12.204+0000] {processor.py:743} INFO - Processing file /home/airflow/.local/lib/python3.7/site-packages/airflow/example_dags/example_branch_day_of_week_operator.py for tasks to queue
[2024-01-06T09:12:12.204+0000] {logging_mixin.py:137} INFO - [2024-01-06T09:12:12.204+0000] {dagbag.py:538} INFO - Filling up the DagBag from /home/airflow/.local/lib/python3.7/site-packages/airflow/example_dags/example_branch_day_of_week_operator.py
[2024-01-06T09:12:12.212+0000] {processor.py:753} INFO - DAG(s) dict_keys(['example_weekday_branch_operator']) retrieved from /home/airflow/.local/lib/python3.7/site-packages/airflow/example_dags/example_branch_day_of_week_operator.py
[2024-01-06T09:12:12.224+0000] {logging_mixin.py:137} INFO - [2024-01-06T09:12:12.224+0000] {dag.py:2690} INFO - Sync 1 DAGs
[2024-01-06T09:12:12.235+0000] {logging_mixin.py:137} INFO - [2024-01-06T09:12:12.235+0000] {dag.py:3441} INFO - Setting next_dagrun for example_weekday_branch_operator to 2024-01-05T00:00:00+00:00, run_after=2024-01-06T00:00:00+00:00
[2024-01-06T09:12:12.243+0000] {processor.py:175} INFO - Processing /home/airflow/.local/lib/python3.7/site-packages/airflow/example_dags/example_branch_day_of_week_operator.py took 0.042 seconds
[2024-01-06T09:12:42.967+0000] {processor.py:153} INFO - Started process (PID=343) to work on /home/airflow/.local/lib/python3.7/site-packages/airflow/example_dags/example_branch_day_of_week_operator.py
[2024-01-06T09:12:42.968+0000] {processor.py:743} INFO - Processing file /home/airflow/.local/lib/python3.7/site-packages/airflow/example_dags/example_branch_day_of_week_operator.py for tasks to queue
[2024-01-06T09:12:42.968+0000] {logging_mixin.py:137} INFO - [2024-01-06T09:12:42.968+0000] {dagbag.py:538} INFO - Filling up the DagBag from /home/airflow/.local/lib/python3.7/site-packages/airflow/example_dags/example_branch_day_of_week_operator.py
[2024-01-06T09:12:42.976+0000] {processor.py:753} INFO - DAG(s) dict_keys(['example_weekday_branch_operator']) retrieved from /home/airflow/.local/lib/python3.7/site-packages/airflow/example_dags/example_branch_day_of_week_operator.py
[2024-01-06T09:12:42.989+0000] {logging_mixin.py:137} INFO - [2024-01-06T09:12:42.989+0000] {dag.py:2690} INFO - Sync 1 DAGs
[2024-01-06T09:12:43.001+0000] {logging_mixin.py:137} INFO - [2024-01-06T09:12:43.001+0000] {dag.py:3441} INFO - Setting next_dagrun for example_weekday_branch_operator to 2024-01-05T00:00:00+00:00, run_after=2024-01-06T00:00:00+00:00
[2024-01-06T09:12:43.010+0000] {processor.py:175} INFO - Processing /home/airflow/.local/lib/python3.7/site-packages/airflow/example_dags/example_branch_day_of_week_operator.py took 0.044 seconds
[2024-01-06T09:13:13.624+0000] {processor.py:153} INFO - Started process (PID=432) to work on /home/airflow/.local/lib/python3.7/site-packages/airflow/example_dags/example_branch_day_of_week_operator.py
[2024-01-06T09:13:13.624+0000] {processor.py:743} INFO - Processing file /home/airflow/.local/lib/python3.7/site-packages/airflow/example_dags/example_branch_day_of_week_operator.py for tasks to queue
[2024-01-06T09:13:13.624+0000] {logging_mixin.py:137} INFO - [2024-01-06T09:13:13.624+0000] {dagbag.py:538} INFO - Filling up the DagBag from /home/airflow/.local/lib/python3.7/site-packages/airflow/example_dags/example_branch_day_of_week_operator.py
[2024-01-06T09:13:13.632+0000] {processor.py:753} INFO - DAG(s) dict_keys(['example_weekday_branch_operator']) retrieved from /home/airflow/.local/lib/python3.7/site-packages/airflow/example_dags/example_branch_day_of_week_operator.py
[2024-01-06T09:13:13.645+0000] {logging_mixin.py:137} INFO - [2024-01-06T09:13:13.645+0000] {dag.py:2690} INFO - Sync 1 DAGs
[2024-01-06T09:13:13.657+0000] {logging_mixin.py:137} INFO - [2024-01-06T09:13:13.657+0000] {dag.py:3441} INFO - Setting next_dagrun for example_weekday_branch_operator to 2024-01-05T00:00:00+00:00, run_after=2024-01-06T00:00:00+00:00
[2024-01-06T09:13:13.665+0000] {processor.py:175} INFO - Processing /home/airflow/.local/lib/python3.7/site-packages/airflow/example_dags/example_branch_day_of_week_operator.py took 0.044 seconds
[2024-01-06T09:13:44.114+0000] {processor.py:153} INFO - Started process (PID=505) to work on /home/airflow/.local/lib/python3.7/site-packages/airflow/example_dags/example_branch_day_of_week_operator.py
[2024-01-06T09:13:44.114+0000] {processor.py:743} INFO - Processing file /home/airflow/.local/lib/python3.7/site-packages/airflow/example_dags/example_branch_day_of_week_operator.py for tasks to queue
[2024-01-06T09:13:44.115+0000] {logging_mixin.py:137} INFO - [2024-01-06T09:13:44.115+0000] {dagbag.py:538} INFO - Filling up the DagBag from /home/airflow/.local/lib/python3.7/site-packages/airflow/example_dags/example_branch_day_of_week_operator.py
[2024-01-06T09:13:44.122+0000] {processor.py:753} INFO - DAG(s) dict_keys(['example_weekday_branch_operator']) retrieved from /home/airflow/.local/lib/python3.7/site-packages/airflow/example_dags/example_branch_day_of_week_operator.py
[2024-01-06T09:13:44.135+0000] {logging_mixin.py:137} INFO - [2024-01-06T09:13:44.134+0000] {dag.py:2690} INFO - Sync 1 DAGs
[2024-01-06T09:13:44.146+0000] {logging_mixin.py:137} INFO - [2024-01-06T09:13:44.146+0000] {dag.py:3441} INFO - Setting next_dagrun for example_weekday_branch_operator to 2024-01-05T00:00:00+00:00, run_after=2024-01-06T00:00:00+00:00
[2024-01-06T09:13:44.154+0000] {processor.py:175} INFO - Processing /home/airflow/.local/lib/python3.7/site-packages/airflow/example_dags/example_branch_day_of_week_operator.py took 0.042 seconds
[2024-01-06T09:14:14.909+0000] {processor.py:153} INFO - Started process (PID=594) to work on /home/airflow/.local/lib/python3.7/site-packages/airflow/example_dags/example_branch_day_of_week_operator.py
[2024-01-06T09:14:14.910+0000] {processor.py:743} INFO - Processing file /home/airflow/.local/lib/python3.7/site-packages/airflow/example_dags/example_branch_day_of_week_operator.py for tasks to queue
[2024-01-06T09:14:14.910+0000] {logging_mixin.py:137} INFO - [2024-01-06T09:14:14.910+0000] {dagbag.py:538} INFO - Filling up the DagBag from /home/airflow/.local/lib/python3.7/site-packages/airflow/example_dags/example_branch_day_of_week_operator.py
[2024-01-06T09:14:14.918+0000] {processor.py:753} INFO - DAG(s) dict_keys(['example_weekday_branch_operator']) retrieved from /home/airflow/.local/lib/python3.7/site-packages/airflow/example_dags/example_branch_day_of_week_operator.py
[2024-01-06T09:14:14.930+0000] {logging_mixin.py:137} INFO - [2024-01-06T09:14:14.930+0000] {dag.py:2690} INFO - Sync 1 DAGs
[2024-01-06T09:14:14.941+0000] {logging_mixin.py:137} INFO - [2024-01-06T09:14:14.941+0000] {dag.py:3441} INFO - Setting next_dagrun for example_weekday_branch_operator to 2024-01-05T00:00:00+00:00, run_after=2024-01-06T00:00:00+00:00
[2024-01-06T09:14:14.949+0000] {processor.py:175} INFO - Processing /home/airflow/.local/lib/python3.7/site-packages/airflow/example_dags/example_branch_day_of_week_operator.py took 0.041 seconds
[2024-01-06T09:14:45.649+0000] {processor.py:153} INFO - Started process (PID=683) to work on /home/airflow/.local/lib/python3.7/site-packages/airflow/example_dags/example_branch_day_of_week_operator.py
[2024-01-06T09:14:45.650+0000] {processor.py:743} INFO - Processing file /home/airflow/.local/lib/python3.7/site-packages/airflow/example_dags/example_branch_day_of_week_operator.py for tasks to queue
[2024-01-06T09:14:45.650+0000] {logging_mixin.py:137} INFO - [2024-01-06T09:14:45.650+0000] {dagbag.py:538} INFO - Filling up the DagBag from /home/airflow/.local/lib/python3.7/site-packages/airflow/example_dags/example_branch_day_of_week_operator.py
[2024-01-06T09:14:45.658+0000] {processor.py:753} INFO - DAG(s) dict_keys(['example_weekday_branch_operator']) retrieved from /home/airflow/.local/lib/python3.7/site-packages/airflow/example_dags/example_branch_day_of_week_operator.py
[2024-01-06T09:14:45.671+0000] {logging_mixin.py:137} INFO - [2024-01-06T09:14:45.671+0000] {dag.py:2690} INFO - Sync 1 DAGs
[2024-01-06T09:14:45.683+0000] {logging_mixin.py:137} INFO - [2024-01-06T09:14:45.682+0000] {dag.py:3441} INFO - Setting next_dagrun for example_weekday_branch_operator to 2024-01-05T00:00:00+00:00, run_after=2024-01-06T00:00:00+00:00
[2024-01-06T09:14:45.691+0000] {processor.py:175} INFO - Processing /home/airflow/.local/lib/python3.7/site-packages/airflow/example_dags/example_branch_day_of_week_operator.py took 0.043 seconds
[2024-01-06T09:15:16.224+0000] {processor.py:153} INFO - Started process (PID=772) to work on /home/airflow/.local/lib/python3.7/site-packages/airflow/example_dags/example_branch_day_of_week_operator.py
[2024-01-06T09:15:16.224+0000] {processor.py:743} INFO - Processing file /home/airflow/.local/lib/python3.7/site-packages/airflow/example_dags/example_branch_day_of_week_operator.py for tasks to queue
[2024-01-06T09:15:16.225+0000] {logging_mixin.py:137} INFO - [2024-01-06T09:15:16.225+0000] {dagbag.py:538} INFO - Filling up the DagBag from /home/airflow/.local/lib/python3.7/site-packages/airflow/example_dags/example_branch_day_of_week_operator.py
[2024-01-06T09:15:16.232+0000] {processor.py:753} INFO - DAG(s) dict_keys(['example_weekday_branch_operator']) retrieved from /home/airflow/.local/lib/python3.7/site-packages/airflow/example_dags/example_branch_day_of_week_operator.py
[2024-01-06T09:15:16.245+0000] {logging_mixin.py:137} INFO - [2024-01-06T09:15:16.245+0000] {dag.py:2690} INFO - Sync 1 DAGs
[2024-01-06T09:15:16.257+0000] {logging_mixin.py:137} INFO - [2024-01-06T09:15:16.257+0000] {dag.py:3441} INFO - Setting next_dagrun for example_weekday_branch_operator to 2024-01-05T00:00:00+00:00, run_after=2024-01-06T00:00:00+00:00
[2024-01-06T09:15:16.265+0000] {processor.py:175} INFO - Processing /home/airflow/.local/lib/python3.7/site-packages/airflow/example_dags/example_branch_day_of_week_operator.py took 0.043 seconds
[2024-01-06T09:15:46.994+0000] {processor.py:153} INFO - Started process (PID=845) to work on /home/airflow/.local/lib/python3.7/site-packages/airflow/example_dags/example_branch_day_of_week_operator.py
[2024-01-06T09:15:46.994+0000] {processor.py:743} INFO - Processing file /home/airflow/.local/lib/python3.7/site-packages/airflow/example_dags/example_branch_day_of_week_operator.py for tasks to queue
[2024-01-06T09:15:46.994+0000] {logging_mixin.py:137} INFO - [2024-01-06T09:15:46.994+0000] {dagbag.py:538} INFO - Filling up the DagBag from /home/airflow/.local/lib/python3.7/site-packages/airflow/example_dags/example_branch_day_of_week_operator.py
[2024-01-06T09:15:47.002+0000] {processor.py:753} INFO - DAG(s) dict_keys(['example_weekday_branch_operator']) retrieved from /home/airflow/.local/lib/python3.7/site-packages/airflow/example_dags/example_branch_day_of_week_operator.py
[2024-01-06T09:15:47.014+0000] {logging_mixin.py:137} INFO - [2024-01-06T09:15:47.014+0000] {dag.py:2690} INFO - Sync 1 DAGs
[2024-01-06T09:15:47.025+0000] {logging_mixin.py:137} INFO - [2024-01-06T09:15:47.025+0000] {dag.py:3441} INFO - Setting next_dagrun for example_weekday_branch_operator to 2024-01-05T00:00:00+00:00, run_after=2024-01-06T00:00:00+00:00
[2024-01-06T09:15:47.032+0000] {processor.py:175} INFO - Processing /home/airflow/.local/lib/python3.7/site-packages/airflow/example_dags/example_branch_day_of_week_operator.py took 0.041 seconds
[2024-01-06T09:16:17.784+0000] {processor.py:153} INFO - Started process (PID=933) to work on /home/airflow/.local/lib/python3.7/site-packages/airflow/example_dags/example_branch_day_of_week_operator.py
[2024-01-06T09:16:17.785+0000] {processor.py:743} INFO - Processing file /home/airflow/.local/lib/python3.7/site-packages/airflow/example_dags/example_branch_day_of_week_operator.py for tasks to queue
[2024-01-06T09:16:17.785+0000] {logging_mixin.py:137} INFO - [2024-01-06T09:16:17.785+0000] {dagbag.py:538} INFO - Filling up the DagBag from /home/airflow/.local/lib/python3.7/site-packages/airflow/example_dags/example_branch_day_of_week_operator.py
[2024-01-06T09:16:17.793+0000] {processor.py:753} INFO - DAG(s) dict_keys(['example_weekday_branch_operator']) retrieved from /home/airflow/.local/lib/python3.7/site-packages/airflow/example_dags/example_branch_day_of_week_operator.py
[2024-01-06T09:16:17.805+0000] {logging_mixin.py:137} INFO - [2024-01-06T09:16:17.805+0000] {dag.py:2690} INFO - Sync 1 DAGs
[2024-01-06T09:16:17.817+0000] {logging_mixin.py:137} INFO - [2024-01-06T09:16:17.817+0000] {dag.py:3441} INFO - Setting next_dagrun for example_weekday_branch_operator to 2024-01-05T00:00:00+00:00, run_after=2024-01-06T00:00:00+00:00
[2024-01-06T09:16:17.825+0000] {processor.py:175} INFO - Processing /home/airflow/.local/lib/python3.7/site-packages/airflow/example_dags/example_branch_day_of_week_operator.py took 0.042 seconds
[2024-01-06T09:16:48.370+0000] {processor.py:153} INFO - Started process (PID=1022) to work on /home/airflow/.local/lib/python3.7/site-packages/airflow/example_dags/example_branch_day_of_week_operator.py
[2024-01-06T09:16:48.371+0000] {processor.py:743} INFO - Processing file /home/airflow/.local/lib/python3.7/site-packages/airflow/example_dags/example_branch_day_of_week_operator.py for tasks to queue
[2024-01-06T09:16:48.371+0000] {logging_mixin.py:137} INFO - [2024-01-06T09:16:48.371+0000] {dagbag.py:538} INFO - Filling up the DagBag from /home/airflow/.local/lib/python3.7/site-packages/airflow/example_dags/example_branch_day_of_week_operator.py
[2024-01-06T09:16:48.378+0000] {processor.py:753} INFO - DAG(s) dict_keys(['example_weekday_branch_operator']) retrieved from /home/airflow/.local/lib/python3.7/site-packages/airflow/example_dags/example_branch_day_of_week_operator.py
[2024-01-06T09:16:48.390+0000] {logging_mixin.py:137} INFO - [2024-01-06T09:16:48.390+0000] {dag.py:2690} INFO - Sync 1 DAGs
[2024-01-06T09:16:48.402+0000] {logging_mixin.py:137} INFO - [2024-01-06T09:16:48.402+0000] {dag.py:3441} INFO - Setting next_dagrun for example_weekday_branch_operator to 2024-01-05T00:00:00+00:00, run_after=2024-01-06T00:00:00+00:00
[2024-01-06T09:16:48.410+0000] {processor.py:175} INFO - Processing /home/airflow/.local/lib/python3.7/site-packages/airflow/example_dags/example_branch_day_of_week_operator.py took 0.042 seconds
[2024-01-06T09:17:19.006+0000] {processor.py:153} INFO - Started process (PID=1111) to work on /home/airflow/.local/lib/python3.7/site-packages/airflow/example_dags/example_branch_day_of_week_operator.py
[2024-01-06T09:17:19.006+0000] {processor.py:743} INFO - Processing file /home/airflow/.local/lib/python3.7/site-packages/airflow/example_dags/example_branch_day_of_week_operator.py for tasks to queue
[2024-01-06T09:17:19.006+0000] {logging_mixin.py:137} INFO - [2024-01-06T09:17:19.006+0000] {dagbag.py:538} INFO - Filling up the DagBag from /home/airflow/.local/lib/python3.7/site-packages/airflow/example_dags/example_branch_day_of_week_operator.py
[2024-01-06T09:17:19.014+0000] {processor.py:753} INFO - DAG(s) dict_keys(['example_weekday_branch_operator']) retrieved from /home/airflow/.local/lib/python3.7/site-packages/airflow/example_dags/example_branch_day_of_week_operator.py
[2024-01-06T09:17:19.026+0000] {logging_mixin.py:137} INFO - [2024-01-06T09:17:19.026+0000] {dag.py:2690} INFO - Sync 1 DAGs
[2024-01-06T09:17:19.037+0000] {logging_mixin.py:137} INFO - [2024-01-06T09:17:19.037+0000] {dag.py:3441} INFO - Setting next_dagrun for example_weekday_branch_operator to 2024-01-05T00:00:00+00:00, run_after=2024-01-06T00:00:00+00:00
[2024-01-06T09:17:19.045+0000] {processor.py:175} INFO - Processing /home/airflow/.local/lib/python3.7/site-packages/airflow/example_dags/example_branch_day_of_week_operator.py took 0.041 seconds
[2024-01-06T09:17:49.618+0000] {processor.py:153} INFO - Started process (PID=1184) to work on /home/airflow/.local/lib/python3.7/site-packages/airflow/example_dags/example_branch_day_of_week_operator.py
[2024-01-06T09:17:49.619+0000] {processor.py:743} INFO - Processing file /home/airflow/.local/lib/python3.7/site-packages/airflow/example_dags/example_branch_day_of_week_operator.py for tasks to queue
[2024-01-06T09:17:49.619+0000] {logging_mixin.py:137} INFO - [2024-01-06T09:17:49.619+0000] {dagbag.py:538} INFO - Filling up the DagBag from /home/airflow/.local/lib/python3.7/site-packages/airflow/example_dags/example_branch_day_of_week_operator.py
[2024-01-06T09:17:49.627+0000] {processor.py:753} INFO - DAG(s) dict_keys(['example_weekday_branch_operator']) retrieved from /home/airflow/.local/lib/python3.7/site-packages/airflow/example_dags/example_branch_day_of_week_operator.py
[2024-01-06T09:17:49.641+0000] {logging_mixin.py:137} INFO - [2024-01-06T09:17:49.641+0000] {dag.py:2690} INFO - Sync 1 DAGs
[2024-01-06T09:17:49.653+0000] {logging_mixin.py:137} INFO - [2024-01-06T09:17:49.653+0000] {dag.py:3441} INFO - Setting next_dagrun for example_weekday_branch_operator to 2024-01-05T00:00:00+00:00, run_after=2024-01-06T00:00:00+00:00
[2024-01-06T09:17:49.661+0000] {processor.py:175} INFO - Processing /home/airflow/.local/lib/python3.7/site-packages/airflow/example_dags/example_branch_day_of_week_operator.py took 0.045 seconds
[2024-01-06T09:18:20.429+0000] {processor.py:153} INFO - Started process (PID=1273) to work on /home/airflow/.local/lib/python3.7/site-packages/airflow/example_dags/example_branch_day_of_week_operator.py
[2024-01-06T09:18:20.429+0000] {processor.py:743} INFO - Processing file /home/airflow/.local/lib/python3.7/site-packages/airflow/example_dags/example_branch_day_of_week_operator.py for tasks to queue
[2024-01-06T09:18:20.429+0000] {logging_mixin.py:137} INFO - [2024-01-06T09:18:20.429+0000] {dagbag.py:538} INFO - Filling up the DagBag from /home/airflow/.local/lib/python3.7/site-packages/airflow/example_dags/example_branch_day_of_week_operator.py
[2024-01-06T09:18:20.437+0000] {processor.py:753} INFO - DAG(s) dict_keys(['example_weekday_branch_operator']) retrieved from /home/airflow/.local/lib/python3.7/site-packages/airflow/example_dags/example_branch_day_of_week_operator.py
[2024-01-06T09:18:20.451+0000] {logging_mixin.py:137} INFO - [2024-01-06T09:18:20.450+0000] {dag.py:2690} INFO - Sync 1 DAGs
[2024-01-06T09:18:20.463+0000] {logging_mixin.py:137} INFO - [2024-01-06T09:18:20.463+0000] {dag.py:3441} INFO - Setting next_dagrun for example_weekday_branch_operator to 2024-01-05T00:00:00+00:00, run_after=2024-01-06T00:00:00+00:00
[2024-01-06T09:18:20.471+0000] {processor.py:175} INFO - Processing /home/airflow/.local/lib/python3.7/site-packages/airflow/example_dags/example_branch_day_of_week_operator.py took 0.044 seconds
[2024-01-06T09:18:51.092+0000] {processor.py:153} INFO - Started process (PID=1361) to work on /home/airflow/.local/lib/python3.7/site-packages/airflow/example_dags/example_branch_day_of_week_operator.py
[2024-01-06T09:18:51.092+0000] {processor.py:743} INFO - Processing file /home/airflow/.local/lib/python3.7/site-packages/airflow/example_dags/example_branch_day_of_week_operator.py for tasks to queue
[2024-01-06T09:18:51.093+0000] {logging_mixin.py:137} INFO - [2024-01-06T09:18:51.093+0000] {dagbag.py:538} INFO - Filling up the DagBag from /home/airflow/.local/lib/python3.7/site-packages/airflow/example_dags/example_branch_day_of_week_operator.py
[2024-01-06T09:18:51.101+0000] {processor.py:753} INFO - DAG(s) dict_keys(['example_weekday_branch_operator']) retrieved from /home/airflow/.local/lib/python3.7/site-packages/airflow/example_dags/example_branch_day_of_week_operator.py
[2024-01-06T09:18:51.113+0000] {logging_mixin.py:137} INFO - [2024-01-06T09:18:51.113+0000] {dag.py:2690} INFO - Sync 1 DAGs
[2024-01-06T09:18:51.125+0000] {logging_mixin.py:137} INFO - [2024-01-06T09:18:51.125+0000] {dag.py:3441} INFO - Setting next_dagrun for example_weekday_branch_operator to 2024-01-05T00:00:00+00:00, run_after=2024-01-06T00:00:00+00:00
[2024-01-06T09:18:51.133+0000] {processor.py:175} INFO - Processing /home/airflow/.local/lib/python3.7/site-packages/airflow/example_dags/example_branch_day_of_week_operator.py took 0.043 seconds
[2024-01-06T09:19:21.837+0000] {processor.py:153} INFO - Started process (PID=1450) to work on /home/airflow/.local/lib/python3.7/site-packages/airflow/example_dags/example_branch_day_of_week_operator.py
[2024-01-06T09:19:21.838+0000] {processor.py:743} INFO - Processing file /home/airflow/.local/lib/python3.7/site-packages/airflow/example_dags/example_branch_day_of_week_operator.py for tasks to queue
[2024-01-06T09:19:21.838+0000] {logging_mixin.py:137} INFO - [2024-01-06T09:19:21.838+0000] {dagbag.py:538} INFO - Filling up the DagBag from /home/airflow/.local/lib/python3.7/site-packages/airflow/example_dags/example_branch_day_of_week_operator.py
[2024-01-06T09:19:21.846+0000] {processor.py:753} INFO - DAG(s) dict_keys(['example_weekday_branch_operator']) retrieved from /home/airflow/.local/lib/python3.7/site-packages/airflow/example_dags/example_branch_day_of_week_operator.py
[2024-01-06T09:19:21.860+0000] {logging_mixin.py:137} INFO - [2024-01-06T09:19:21.860+0000] {dag.py:2690} INFO - Sync 1 DAGs
[2024-01-06T09:19:21.871+0000] {logging_mixin.py:137} INFO - [2024-01-06T09:19:21.871+0000] {dag.py:3441} INFO - Setting next_dagrun for example_weekday_branch_operator to 2024-01-05T00:00:00+00:00, run_after=2024-01-06T00:00:00+00:00
[2024-01-06T09:19:21.878+0000] {processor.py:175} INFO - Processing /home/airflow/.local/lib/python3.7/site-packages/airflow/example_dags/example_branch_day_of_week_operator.py took 0.043 seconds
[2024-01-06T09:19:52.464+0000] {processor.py:153} INFO - Started process (PID=1523) to work on /home/airflow/.local/lib/python3.7/site-packages/airflow/example_dags/example_branch_day_of_week_operator.py
[2024-01-06T09:19:52.465+0000] {processor.py:743} INFO - Processing file /home/airflow/.local/lib/python3.7/site-packages/airflow/example_dags/example_branch_day_of_week_operator.py for tasks to queue
[2024-01-06T09:19:52.465+0000] {logging_mixin.py:137} INFO - [2024-01-06T09:19:52.465+0000] {dagbag.py:538} INFO - Filling up the DagBag from /home/airflow/.local/lib/python3.7/site-packages/airflow/example_dags/example_branch_day_of_week_operator.py
[2024-01-06T09:19:52.473+0000] {processor.py:753} INFO - DAG(s) dict_keys(['example_weekday_branch_operator']) retrieved from /home/airflow/.local/lib/python3.7/site-packages/airflow/example_dags/example_branch_day_of_week_operator.py
[2024-01-06T09:19:52.487+0000] {logging_mixin.py:137} INFO - [2024-01-06T09:19:52.487+0000] {dag.py:2690} INFO - Sync 1 DAGs
[2024-01-06T09:19:52.498+0000] {logging_mixin.py:137} INFO - [2024-01-06T09:19:52.498+0000] {dag.py:3441} INFO - Setting next_dagrun for example_weekday_branch_operator to 2024-01-05T00:00:00+00:00, run_after=2024-01-06T00:00:00+00:00
[2024-01-06T09:19:52.507+0000] {processor.py:175} INFO - Processing /home/airflow/.local/lib/python3.7/site-packages/airflow/example_dags/example_branch_day_of_week_operator.py took 0.044 seconds
[2024-01-06T09:20:23.067+0000] {processor.py:153} INFO - Started process (PID=1611) to work on /home/airflow/.local/lib/python3.7/site-packages/airflow/example_dags/example_branch_day_of_week_operator.py
[2024-01-06T09:20:23.068+0000] {processor.py:743} INFO - Processing file /home/airflow/.local/lib/python3.7/site-packages/airflow/example_dags/example_branch_day_of_week_operator.py for tasks to queue
[2024-01-06T09:20:23.068+0000] {logging_mixin.py:137} INFO - [2024-01-06T09:20:23.068+0000] {dagbag.py:538} INFO - Filling up the DagBag from /home/airflow/.local/lib/python3.7/site-packages/airflow/example_dags/example_branch_day_of_week_operator.py
[2024-01-06T09:20:23.075+0000] {processor.py:753} INFO - DAG(s) dict_keys(['example_weekday_branch_operator']) retrieved from /home/airflow/.local/lib/python3.7/site-packages/airflow/example_dags/example_branch_day_of_week_operator.py
[2024-01-06T09:20:23.088+0000] {logging_mixin.py:137} INFO - [2024-01-06T09:20:23.088+0000] {dag.py:2690} INFO - Sync 1 DAGs
[2024-01-06T09:20:23.100+0000] {logging_mixin.py:137} INFO - [2024-01-06T09:20:23.100+0000] {dag.py:3441} INFO - Setting next_dagrun for example_weekday_branch_operator to 2024-01-05T00:00:00+00:00, run_after=2024-01-06T00:00:00+00:00
[2024-01-06T09:20:23.108+0000] {processor.py:175} INFO - Processing /home/airflow/.local/lib/python3.7/site-packages/airflow/example_dags/example_branch_day_of_week_operator.py took 0.043 seconds
[2024-01-06T09:20:53.747+0000] {processor.py:153} INFO - Started process (PID=1700) to work on /home/airflow/.local/lib/python3.7/site-packages/airflow/example_dags/example_branch_day_of_week_operator.py
[2024-01-06T09:20:53.747+0000] {processor.py:743} INFO - Processing file /home/airflow/.local/lib/python3.7/site-packages/airflow/example_dags/example_branch_day_of_week_operator.py for tasks to queue
[2024-01-06T09:20:53.747+0000] {logging_mixin.py:137} INFO - [2024-01-06T09:20:53.747+0000] {dagbag.py:538} INFO - Filling up the DagBag from /home/airflow/.local/lib/python3.7/site-packages/airflow/example_dags/example_branch_day_of_week_operator.py
[2024-01-06T09:20:53.755+0000] {processor.py:753} INFO - DAG(s) dict_keys(['example_weekday_branch_operator']) retrieved from /home/airflow/.local/lib/python3.7/site-packages/airflow/example_dags/example_branch_day_of_week_operator.py
[2024-01-06T09:20:53.768+0000] {logging_mixin.py:137} INFO - [2024-01-06T09:20:53.768+0000] {dag.py:2690} INFO - Sync 1 DAGs
[2024-01-06T09:20:53.780+0000] {logging_mixin.py:137} INFO - [2024-01-06T09:20:53.780+0000] {dag.py:3441} INFO - Setting next_dagrun for example_weekday_branch_operator to 2024-01-05T00:00:00+00:00, run_after=2024-01-06T00:00:00+00:00
[2024-01-06T09:20:53.788+0000] {processor.py:175} INFO - Processing /home/airflow/.local/lib/python3.7/site-packages/airflow/example_dags/example_branch_day_of_week_operator.py took 0.043 seconds
[2024-01-06T09:21:24.477+0000] {processor.py:153} INFO - Started process (PID=1789) to work on /home/airflow/.local/lib/python3.7/site-packages/airflow/example_dags/example_branch_day_of_week_operator.py
[2024-01-06T09:21:24.478+0000] {processor.py:743} INFO - Processing file /home/airflow/.local/lib/python3.7/site-packages/airflow/example_dags/example_branch_day_of_week_operator.py for tasks to queue
[2024-01-06T09:21:24.480+0000] {logging_mixin.py:137} INFO - [2024-01-06T09:21:24.479+0000] {dagbag.py:538} INFO - Filling up the DagBag from /home/airflow/.local/lib/python3.7/site-packages/airflow/example_dags/example_branch_day_of_week_operator.py
[2024-01-06T09:21:24.494+0000] {processor.py:753} INFO - DAG(s) dict_keys(['example_weekday_branch_operator']) retrieved from /home/airflow/.local/lib/python3.7/site-packages/airflow/example_dags/example_branch_day_of_week_operator.py
[2024-01-06T09:21:24.515+0000] {logging_mixin.py:137} INFO - [2024-01-06T09:21:24.515+0000] {dag.py:2690} INFO - Sync 1 DAGs
[2024-01-06T09:21:24.532+0000] {logging_mixin.py:137} INFO - [2024-01-06T09:21:24.532+0000] {dag.py:3441} INFO - Setting next_dagrun for example_weekday_branch_operator to 2024-01-05T00:00:00+00:00, run_after=2024-01-06T00:00:00+00:00
[2024-01-06T09:21:24.549+0000] {processor.py:175} INFO - Processing /home/airflow/.local/lib/python3.7/site-packages/airflow/example_dags/example_branch_day_of_week_operator.py took 0.076 seconds
[2024-01-06T09:21:55.201+0000] {processor.py:153} INFO - Started process (PID=1862) to work on /home/airflow/.local/lib/python3.7/site-packages/airflow/example_dags/example_branch_day_of_week_operator.py
[2024-01-06T09:21:55.202+0000] {processor.py:743} INFO - Processing file /home/airflow/.local/lib/python3.7/site-packages/airflow/example_dags/example_branch_day_of_week_operator.py for tasks to queue
[2024-01-06T09:21:55.202+0000] {logging_mixin.py:137} INFO - [2024-01-06T09:21:55.202+0000] {dagbag.py:538} INFO - Filling up the DagBag from /home/airflow/.local/lib/python3.7/site-packages/airflow/example_dags/example_branch_day_of_week_operator.py
[2024-01-06T09:21:55.209+0000] {processor.py:753} INFO - DAG(s) dict_keys(['example_weekday_branch_operator']) retrieved from /home/airflow/.local/lib/python3.7/site-packages/airflow/example_dags/example_branch_day_of_week_operator.py
[2024-01-06T09:21:55.222+0000] {logging_mixin.py:137} INFO - [2024-01-06T09:21:55.222+0000] {dag.py:2690} INFO - Sync 1 DAGs
[2024-01-06T09:21:55.233+0000] {logging_mixin.py:137} INFO - [2024-01-06T09:21:55.233+0000] {dag.py:3441} INFO - Setting next_dagrun for example_weekday_branch_operator to 2024-01-05T00:00:00+00:00, run_after=2024-01-06T00:00:00+00:00
[2024-01-06T09:21:55.241+0000] {processor.py:175} INFO - Processing /home/airflow/.local/lib/python3.7/site-packages/airflow/example_dags/example_branch_day_of_week_operator.py took 0.042 seconds
[2024-01-06T09:22:25.773+0000] {processor.py:153} INFO - Started process (PID=1951) to work on /home/airflow/.local/lib/python3.7/site-packages/airflow/example_dags/example_branch_day_of_week_operator.py
[2024-01-06T09:22:25.773+0000] {processor.py:743} INFO - Processing file /home/airflow/.local/lib/python3.7/site-packages/airflow/example_dags/example_branch_day_of_week_operator.py for tasks to queue
[2024-01-06T09:22:25.774+0000] {logging_mixin.py:137} INFO - [2024-01-06T09:22:25.774+0000] {dagbag.py:538} INFO - Filling up the DagBag from /home/airflow/.local/lib/python3.7/site-packages/airflow/example_dags/example_branch_day_of_week_operator.py
[2024-01-06T09:22:25.781+0000] {processor.py:753} INFO - DAG(s) dict_keys(['example_weekday_branch_operator']) retrieved from /home/airflow/.local/lib/python3.7/site-packages/airflow/example_dags/example_branch_day_of_week_operator.py
[2024-01-06T09:22:25.794+0000] {logging_mixin.py:137} INFO - [2024-01-06T09:22:25.794+0000] {dag.py:2690} INFO - Sync 1 DAGs
[2024-01-06T09:22:25.805+0000] {logging_mixin.py:137} INFO - [2024-01-06T09:22:25.805+0000] {dag.py:3441} INFO - Setting next_dagrun for example_weekday_branch_operator to 2024-01-05T00:00:00+00:00, run_after=2024-01-06T00:00:00+00:00
[2024-01-06T09:22:25.814+0000] {processor.py:175} INFO - Processing /home/airflow/.local/lib/python3.7/site-packages/airflow/example_dags/example_branch_day_of_week_operator.py took 0.043 seconds
[2024-01-06T09:22:56.462+0000] {processor.py:153} INFO - Started process (PID=2040) to work on /home/airflow/.local/lib/python3.7/site-packages/airflow/example_dags/example_branch_day_of_week_operator.py
[2024-01-06T09:22:56.463+0000] {processor.py:743} INFO - Processing file /home/airflow/.local/lib/python3.7/site-packages/airflow/example_dags/example_branch_day_of_week_operator.py for tasks to queue
[2024-01-06T09:22:56.463+0000] {logging_mixin.py:137} INFO - [2024-01-06T09:22:56.463+0000] {dagbag.py:538} INFO - Filling up the DagBag from /home/airflow/.local/lib/python3.7/site-packages/airflow/example_dags/example_branch_day_of_week_operator.py
[2024-01-06T09:22:56.470+0000] {processor.py:753} INFO - DAG(s) dict_keys(['example_weekday_branch_operator']) retrieved from /home/airflow/.local/lib/python3.7/site-packages/airflow/example_dags/example_branch_day_of_week_operator.py
[2024-01-06T09:22:56.483+0000] {logging_mixin.py:137} INFO - [2024-01-06T09:22:56.483+0000] {dag.py:2690} INFO - Sync 1 DAGs
[2024-01-06T09:22:56.495+0000] {logging_mixin.py:137} INFO - [2024-01-06T09:22:56.495+0000] {dag.py:3441} INFO - Setting next_dagrun for example_weekday_branch_operator to 2024-01-05T00:00:00+00:00, run_after=2024-01-06T00:00:00+00:00
[2024-01-06T09:22:56.503+0000] {processor.py:175} INFO - Processing /home/airflow/.local/lib/python3.7/site-packages/airflow/example_dags/example_branch_day_of_week_operator.py took 0.042 seconds
[2024-01-06T09:23:27.069+0000] {processor.py:153} INFO - Started process (PID=2120) to work on /home/airflow/.local/lib/python3.7/site-packages/airflow/example_dags/example_branch_day_of_week_operator.py
[2024-01-06T09:23:27.070+0000] {processor.py:743} INFO - Processing file /home/airflow/.local/lib/python3.7/site-packages/airflow/example_dags/example_branch_day_of_week_operator.py for tasks to queue
[2024-01-06T09:23:27.071+0000] {logging_mixin.py:137} INFO - [2024-01-06T09:23:27.070+0000] {dagbag.py:538} INFO - Filling up the DagBag from /home/airflow/.local/lib/python3.7/site-packages/airflow/example_dags/example_branch_day_of_week_operator.py
[2024-01-06T09:23:27.079+0000] {processor.py:753} INFO - DAG(s) dict_keys(['example_weekday_branch_operator']) retrieved from /home/airflow/.local/lib/python3.7/site-packages/airflow/example_dags/example_branch_day_of_week_operator.py
[2024-01-06T09:23:27.093+0000] {logging_mixin.py:137} INFO - [2024-01-06T09:23:27.093+0000] {dag.py:2690} INFO - Sync 1 DAGs
[2024-01-06T09:23:27.106+0000] {logging_mixin.py:137} INFO - [2024-01-06T09:23:27.106+0000] {dag.py:3441} INFO - Setting next_dagrun for example_weekday_branch_operator to 2024-01-05T00:00:00+00:00, run_after=2024-01-06T00:00:00+00:00
[2024-01-06T09:23:27.116+0000] {processor.py:175} INFO - Processing /home/airflow/.local/lib/python3.7/site-packages/airflow/example_dags/example_branch_day_of_week_operator.py took 0.050 seconds
[2024-01-06T09:23:57.609+0000] {processor.py:153} INFO - Started process (PID=2202) to work on /home/airflow/.local/lib/python3.7/site-packages/airflow/example_dags/example_branch_day_of_week_operator.py
[2024-01-06T09:23:57.609+0000] {processor.py:743} INFO - Processing file /home/airflow/.local/lib/python3.7/site-packages/airflow/example_dags/example_branch_day_of_week_operator.py for tasks to queue
[2024-01-06T09:23:57.610+0000] {logging_mixin.py:137} INFO - [2024-01-06T09:23:57.610+0000] {dagbag.py:538} INFO - Filling up the DagBag from /home/airflow/.local/lib/python3.7/site-packages/airflow/example_dags/example_branch_day_of_week_operator.py
[2024-01-06T09:23:57.618+0000] {processor.py:753} INFO - DAG(s) dict_keys(['example_weekday_branch_operator']) retrieved from /home/airflow/.local/lib/python3.7/site-packages/airflow/example_dags/example_branch_day_of_week_operator.py
[2024-01-06T09:23:57.632+0000] {logging_mixin.py:137} INFO - [2024-01-06T09:23:57.632+0000] {dag.py:2690} INFO - Sync 1 DAGs
[2024-01-06T09:23:57.644+0000] {logging_mixin.py:137} INFO - [2024-01-06T09:23:57.644+0000] {dag.py:3441} INFO - Setting next_dagrun for example_weekday_branch_operator to 2024-01-05T00:00:00+00:00, run_after=2024-01-06T00:00:00+00:00
[2024-01-06T09:23:57.654+0000] {processor.py:175} INFO - Processing /home/airflow/.local/lib/python3.7/site-packages/airflow/example_dags/example_branch_day_of_week_operator.py took 0.047 seconds
[2024-01-06T09:24:28.498+0000] {processor.py:153} INFO - Started process (PID=2290) to work on /home/airflow/.local/lib/python3.7/site-packages/airflow/example_dags/example_branch_day_of_week_operator.py
[2024-01-06T09:24:28.499+0000] {processor.py:743} INFO - Processing file /home/airflow/.local/lib/python3.7/site-packages/airflow/example_dags/example_branch_day_of_week_operator.py for tasks to queue
[2024-01-06T09:24:28.499+0000] {logging_mixin.py:137} INFO - [2024-01-06T09:24:28.499+0000] {dagbag.py:538} INFO - Filling up the DagBag from /home/airflow/.local/lib/python3.7/site-packages/airflow/example_dags/example_branch_day_of_week_operator.py
[2024-01-06T09:24:28.507+0000] {processor.py:753} INFO - DAG(s) dict_keys(['example_weekday_branch_operator']) retrieved from /home/airflow/.local/lib/python3.7/site-packages/airflow/example_dags/example_branch_day_of_week_operator.py
[2024-01-06T09:24:28.521+0000] {logging_mixin.py:137} INFO - [2024-01-06T09:24:28.521+0000] {dag.py:2690} INFO - Sync 1 DAGs
[2024-01-06T09:24:28.534+0000] {logging_mixin.py:137} INFO - [2024-01-06T09:24:28.534+0000] {dag.py:3441} INFO - Setting next_dagrun for example_weekday_branch_operator to 2024-01-05T00:00:00+00:00, run_after=2024-01-06T00:00:00+00:00
[2024-01-06T09:24:28.542+0000] {processor.py:175} INFO - Processing /home/airflow/.local/lib/python3.7/site-packages/airflow/example_dags/example_branch_day_of_week_operator.py took 0.046 seconds
[2024-01-06T09:24:59.139+0000] {processor.py:153} INFO - Started process (PID=2379) to work on /home/airflow/.local/lib/python3.7/site-packages/airflow/example_dags/example_branch_day_of_week_operator.py
[2024-01-06T09:24:59.139+0000] {processor.py:743} INFO - Processing file /home/airflow/.local/lib/python3.7/site-packages/airflow/example_dags/example_branch_day_of_week_operator.py for tasks to queue
[2024-01-06T09:24:59.140+0000] {logging_mixin.py:137} INFO - [2024-01-06T09:24:59.140+0000] {dagbag.py:538} INFO - Filling up the DagBag from /home/airflow/.local/lib/python3.7/site-packages/airflow/example_dags/example_branch_day_of_week_operator.py
[2024-01-06T09:24:59.148+0000] {processor.py:753} INFO - DAG(s) dict_keys(['example_weekday_branch_operator']) retrieved from /home/airflow/.local/lib/python3.7/site-packages/airflow/example_dags/example_branch_day_of_week_operator.py
[2024-01-06T09:24:59.160+0000] {logging_mixin.py:137} INFO - [2024-01-06T09:24:59.160+0000] {dag.py:2690} INFO - Sync 1 DAGs
[2024-01-06T09:24:59.172+0000] {logging_mixin.py:137} INFO - [2024-01-06T09:24:59.172+0000] {dag.py:3441} INFO - Setting next_dagrun for example_weekday_branch_operator to 2024-01-05T00:00:00+00:00, run_after=2024-01-06T00:00:00+00:00
[2024-01-06T09:24:59.180+0000] {processor.py:175} INFO - Processing /home/airflow/.local/lib/python3.7/site-packages/airflow/example_dags/example_branch_day_of_week_operator.py took 0.043 seconds
[2024-01-06T09:25:29.723+0000] {processor.py:153} INFO - Started process (PID=2452) to work on /home/airflow/.local/lib/python3.7/site-packages/airflow/example_dags/example_branch_day_of_week_operator.py
[2024-01-06T09:25:29.724+0000] {processor.py:743} INFO - Processing file /home/airflow/.local/lib/python3.7/site-packages/airflow/example_dags/example_branch_day_of_week_operator.py for tasks to queue
[2024-01-06T09:25:29.724+0000] {logging_mixin.py:137} INFO - [2024-01-06T09:25:29.724+0000] {dagbag.py:538} INFO - Filling up the DagBag from /home/airflow/.local/lib/python3.7/site-packages/airflow/example_dags/example_branch_day_of_week_operator.py
[2024-01-06T09:25:29.731+0000] {processor.py:753} INFO - DAG(s) dict_keys(['example_weekday_branch_operator']) retrieved from /home/airflow/.local/lib/python3.7/site-packages/airflow/example_dags/example_branch_day_of_week_operator.py
[2024-01-06T09:25:29.744+0000] {logging_mixin.py:137} INFO - [2024-01-06T09:25:29.744+0000] {dag.py:2690} INFO - Sync 1 DAGs
[2024-01-06T09:25:29.756+0000] {logging_mixin.py:137} INFO - [2024-01-06T09:25:29.756+0000] {dag.py:3441} INFO - Setting next_dagrun for example_weekday_branch_operator to 2024-01-05T00:00:00+00:00, run_after=2024-01-06T00:00:00+00:00
[2024-01-06T09:25:29.763+0000] {processor.py:175} INFO - Processing /home/airflow/.local/lib/python3.7/site-packages/airflow/example_dags/example_branch_day_of_week_operator.py took 0.042 seconds
