[2024-01-06T09:11:12.538+0000] {processor.py:153} INFO - Started process (PID=107) to work on /home/airflow/.local/lib/python3.7/site-packages/airflow/example_dags/example_branch_datetime_operator.py
[2024-01-06T09:11:12.540+0000] {processor.py:743} INFO - Processing file /home/airflow/.local/lib/python3.7/site-packages/airflow/example_dags/example_branch_datetime_operator.py for tasks to queue
[2024-01-06T09:11:12.540+0000] {logging_mixin.py:137} INFO - [2024-01-06T09:11:12.540+0000] {dagbag.py:538} INFO - Filling up the DagBag from /home/airflow/.local/lib/python3.7/site-packages/airflow/example_dags/example_branch_datetime_operator.py
[2024-01-06T09:11:12.553+0000] {processor.py:753} INFO - DAG(s) dict_keys(['example_branch_datetime_operator_2', 'example_branch_datetime_operator_3', 'example_branch_datetime_operator']) retrieved from /home/airflow/.local/lib/python3.7/site-packages/airflow/example_dags/example_branch_datetime_operator.py
[2024-01-06T09:11:12.620+0000] {logging_mixin.py:137} INFO - [2024-01-06T09:11:12.620+0000] {manager.py:504} INFO - Created Permission View: can edit on DAG:example_branch_datetime_operator_2
[2024-01-06T09:11:12.628+0000] {logging_mixin.py:137} INFO - [2024-01-06T09:11:12.627+0000] {manager.py:504} INFO - Created Permission View: can read on DAG:example_branch_datetime_operator_2
[2024-01-06T09:11:12.633+0000] {logging_mixin.py:137} INFO - [2024-01-06T09:11:12.633+0000] {manager.py:504} INFO - Created Permission View: can delete on DAG:example_branch_datetime_operator_2
[2024-01-06T09:11:12.644+0000] {logging_mixin.py:137} INFO - [2024-01-06T09:11:12.644+0000] {manager.py:504} INFO - Created Permission View: can edit on DAG:example_branch_datetime_operator_3
[2024-01-06T09:11:12.647+0000] {logging_mixin.py:137} INFO - [2024-01-06T09:11:12.647+0000] {manager.py:504} INFO - Created Permission View: can read on DAG:example_branch_datetime_operator_3
[2024-01-06T09:11:12.650+0000] {logging_mixin.py:137} INFO - [2024-01-06T09:11:12.650+0000] {manager.py:504} INFO - Created Permission View: can delete on DAG:example_branch_datetime_operator_3
[2024-01-06T09:11:12.655+0000] {logging_mixin.py:137} INFO - [2024-01-06T09:11:12.655+0000] {manager.py:504} INFO - Created Permission View: can edit on DAG:example_branch_datetime_operator
[2024-01-06T09:11:12.658+0000] {logging_mixin.py:137} INFO - [2024-01-06T09:11:12.658+0000] {manager.py:504} INFO - Created Permission View: can read on DAG:example_branch_datetime_operator
[2024-01-06T09:11:12.661+0000] {logging_mixin.py:137} INFO - [2024-01-06T09:11:12.660+0000] {manager.py:504} INFO - Created Permission View: can delete on DAG:example_branch_datetime_operator
[2024-01-06T09:11:12.661+0000] {logging_mixin.py:137} INFO - [2024-01-06T09:11:12.661+0000] {dag.py:2690} INFO - Sync 3 DAGs
[2024-01-06T09:11:12.667+0000] {logging_mixin.py:137} INFO - [2024-01-06T09:11:12.667+0000] {dag.py:2711} INFO - Creating ORM DAG for example_branch_datetime_operator
[2024-01-06T09:11:12.668+0000] {logging_mixin.py:137} INFO - [2024-01-06T09:11:12.668+0000] {dag.py:2711} INFO - Creating ORM DAG for example_branch_datetime_operator_3
[2024-01-06T09:11:12.668+0000] {logging_mixin.py:137} INFO - [2024-01-06T09:11:12.668+0000] {dag.py:2711} INFO - Creating ORM DAG for example_branch_datetime_operator_2
[2024-01-06T09:11:12.674+0000] {logging_mixin.py:137} INFO - [2024-01-06T09:11:12.674+0000] {dag.py:3441} INFO - Setting next_dagrun for example_branch_datetime_operator to 2024-01-05T00:00:00+00:00, run_after=2024-01-06T00:00:00+00:00
[2024-01-06T09:11:12.675+0000] {logging_mixin.py:137} INFO - [2024-01-06T09:11:12.675+0000] {dag.py:3441} INFO - Setting next_dagrun for example_branch_datetime_operator_2 to 2024-01-05T00:00:00+00:00, run_after=2024-01-06T00:00:00+00:00
[2024-01-06T09:11:12.676+0000] {logging_mixin.py:137} INFO - [2024-01-06T09:11:12.676+0000] {dag.py:3441} INFO - Setting next_dagrun for example_branch_datetime_operator_3 to 2024-01-05T00:00:00+00:00, run_after=2024-01-06T00:00:00+00:00
[2024-01-06T09:11:12.685+0000] {processor.py:175} INFO - Processing /home/airflow/.local/lib/python3.7/site-packages/airflow/example_dags/example_branch_datetime_operator.py took 0.151 seconds
[2024-01-06T09:11:42.915+0000] {processor.py:153} INFO - Started process (PID=196) to work on /home/airflow/.local/lib/python3.7/site-packages/airflow/example_dags/example_branch_datetime_operator.py
[2024-01-06T09:11:42.915+0000] {processor.py:743} INFO - Processing file /home/airflow/.local/lib/python3.7/site-packages/airflow/example_dags/example_branch_datetime_operator.py for tasks to queue
[2024-01-06T09:11:42.916+0000] {logging_mixin.py:137} INFO - [2024-01-06T09:11:42.916+0000] {dagbag.py:538} INFO - Filling up the DagBag from /home/airflow/.local/lib/python3.7/site-packages/airflow/example_dags/example_branch_datetime_operator.py
[2024-01-06T09:11:42.927+0000] {processor.py:753} INFO - DAG(s) dict_keys(['example_branch_datetime_operator', 'example_branch_datetime_operator_2', 'example_branch_datetime_operator_3']) retrieved from /home/airflow/.local/lib/python3.7/site-packages/airflow/example_dags/example_branch_datetime_operator.py
[2024-01-06T09:11:42.961+0000] {logging_mixin.py:137} INFO - [2024-01-06T09:11:42.961+0000] {dag.py:2690} INFO - Sync 3 DAGs
[2024-01-06T09:11:42.991+0000] {logging_mixin.py:137} INFO - [2024-01-06T09:11:42.991+0000] {dag.py:3441} INFO - Setting next_dagrun for example_branch_datetime_operator to 2024-01-05T00:00:00+00:00, run_after=2024-01-06T00:00:00+00:00
[2024-01-06T09:11:42.996+0000] {logging_mixin.py:137} INFO - [2024-01-06T09:11:42.996+0000] {dag.py:3441} INFO - Setting next_dagrun for example_branch_datetime_operator_2 to 2024-01-05T00:00:00+00:00, run_after=2024-01-06T00:00:00+00:00
[2024-01-06T09:11:42.997+0000] {logging_mixin.py:137} INFO - [2024-01-06T09:11:42.997+0000] {dag.py:3441} INFO - Setting next_dagrun for example_branch_datetime_operator_3 to 2024-01-05T00:00:00+00:00, run_after=2024-01-06T00:00:00+00:00
[2024-01-06T09:11:43.012+0000] {processor.py:175} INFO - Processing /home/airflow/.local/lib/python3.7/site-packages/airflow/example_dags/example_branch_datetime_operator.py took 0.101 seconds
[2024-01-06T09:12:13.682+0000] {processor.py:153} INFO - Started process (PID=268) to work on /home/airflow/.local/lib/python3.7/site-packages/airflow/example_dags/example_branch_datetime_operator.py
[2024-01-06T09:12:13.683+0000] {processor.py:743} INFO - Processing file /home/airflow/.local/lib/python3.7/site-packages/airflow/example_dags/example_branch_datetime_operator.py for tasks to queue
[2024-01-06T09:12:13.683+0000] {logging_mixin.py:137} INFO - [2024-01-06T09:12:13.683+0000] {dagbag.py:538} INFO - Filling up the DagBag from /home/airflow/.local/lib/python3.7/site-packages/airflow/example_dags/example_branch_datetime_operator.py
[2024-01-06T09:12:13.692+0000] {processor.py:753} INFO - DAG(s) dict_keys(['example_branch_datetime_operator', 'example_branch_datetime_operator_2', 'example_branch_datetime_operator_3']) retrieved from /home/airflow/.local/lib/python3.7/site-packages/airflow/example_dags/example_branch_datetime_operator.py
[2024-01-06T09:12:13.707+0000] {logging_mixin.py:137} INFO - [2024-01-06T09:12:13.707+0000] {dag.py:2690} INFO - Sync 3 DAGs
[2024-01-06T09:12:13.719+0000] {logging_mixin.py:137} INFO - [2024-01-06T09:12:13.719+0000] {dag.py:3441} INFO - Setting next_dagrun for example_branch_datetime_operator to 2024-01-05T00:00:00+00:00, run_after=2024-01-06T00:00:00+00:00
[2024-01-06T09:12:13.721+0000] {logging_mixin.py:137} INFO - [2024-01-06T09:12:13.721+0000] {dag.py:3441} INFO - Setting next_dagrun for example_branch_datetime_operator_2 to 2024-01-05T00:00:00+00:00, run_after=2024-01-06T00:00:00+00:00
[2024-01-06T09:12:13.722+0000] {logging_mixin.py:137} INFO - [2024-01-06T09:12:13.722+0000] {dag.py:3441} INFO - Setting next_dagrun for example_branch_datetime_operator_3 to 2024-01-05T00:00:00+00:00, run_after=2024-01-06T00:00:00+00:00
[2024-01-06T09:12:13.729+0000] {processor.py:175} INFO - Processing /home/airflow/.local/lib/python3.7/site-packages/airflow/example_dags/example_branch_datetime_operator.py took 0.049 seconds
[2024-01-06T09:12:44.468+0000] {processor.py:153} INFO - Started process (PID=357) to work on /home/airflow/.local/lib/python3.7/site-packages/airflow/example_dags/example_branch_datetime_operator.py
[2024-01-06T09:12:44.469+0000] {processor.py:743} INFO - Processing file /home/airflow/.local/lib/python3.7/site-packages/airflow/example_dags/example_branch_datetime_operator.py for tasks to queue
[2024-01-06T09:12:44.469+0000] {logging_mixin.py:137} INFO - [2024-01-06T09:12:44.469+0000] {dagbag.py:538} INFO - Filling up the DagBag from /home/airflow/.local/lib/python3.7/site-packages/airflow/example_dags/example_branch_datetime_operator.py
[2024-01-06T09:12:44.478+0000] {processor.py:753} INFO - DAG(s) dict_keys(['example_branch_datetime_operator_2', 'example_branch_datetime_operator', 'example_branch_datetime_operator_3']) retrieved from /home/airflow/.local/lib/python3.7/site-packages/airflow/example_dags/example_branch_datetime_operator.py
[2024-01-06T09:12:44.494+0000] {logging_mixin.py:137} INFO - [2024-01-06T09:12:44.494+0000] {dag.py:2690} INFO - Sync 3 DAGs
[2024-01-06T09:12:44.506+0000] {logging_mixin.py:137} INFO - [2024-01-06T09:12:44.506+0000] {dag.py:3441} INFO - Setting next_dagrun for example_branch_datetime_operator to 2024-01-05T00:00:00+00:00, run_after=2024-01-06T00:00:00+00:00
[2024-01-06T09:12:44.508+0000] {logging_mixin.py:137} INFO - [2024-01-06T09:12:44.508+0000] {dag.py:3441} INFO - Setting next_dagrun for example_branch_datetime_operator_2 to 2024-01-05T00:00:00+00:00, run_after=2024-01-06T00:00:00+00:00
[2024-01-06T09:12:44.509+0000] {logging_mixin.py:137} INFO - [2024-01-06T09:12:44.509+0000] {dag.py:3441} INFO - Setting next_dagrun for example_branch_datetime_operator_3 to 2024-01-05T00:00:00+00:00, run_after=2024-01-06T00:00:00+00:00
[2024-01-06T09:12:44.517+0000] {processor.py:175} INFO - Processing /home/airflow/.local/lib/python3.7/site-packages/airflow/example_dags/example_branch_datetime_operator.py took 0.050 seconds
[2024-01-06T09:13:15.084+0000] {processor.py:153} INFO - Started process (PID=446) to work on /home/airflow/.local/lib/python3.7/site-packages/airflow/example_dags/example_branch_datetime_operator.py
[2024-01-06T09:13:15.084+0000] {processor.py:743} INFO - Processing file /home/airflow/.local/lib/python3.7/site-packages/airflow/example_dags/example_branch_datetime_operator.py for tasks to queue
[2024-01-06T09:13:15.085+0000] {logging_mixin.py:137} INFO - [2024-01-06T09:13:15.085+0000] {dagbag.py:538} INFO - Filling up the DagBag from /home/airflow/.local/lib/python3.7/site-packages/airflow/example_dags/example_branch_datetime_operator.py
[2024-01-06T09:13:15.093+0000] {processor.py:753} INFO - DAG(s) dict_keys(['example_branch_datetime_operator', 'example_branch_datetime_operator_2', 'example_branch_datetime_operator_3']) retrieved from /home/airflow/.local/lib/python3.7/site-packages/airflow/example_dags/example_branch_datetime_operator.py
[2024-01-06T09:13:15.109+0000] {logging_mixin.py:137} INFO - [2024-01-06T09:13:15.109+0000] {dag.py:2690} INFO - Sync 3 DAGs
[2024-01-06T09:13:15.121+0000] {logging_mixin.py:137} INFO - [2024-01-06T09:13:15.121+0000] {dag.py:3441} INFO - Setting next_dagrun for example_branch_datetime_operator to 2024-01-05T00:00:00+00:00, run_after=2024-01-06T00:00:00+00:00
[2024-01-06T09:13:15.123+0000] {logging_mixin.py:137} INFO - [2024-01-06T09:13:15.123+0000] {dag.py:3441} INFO - Setting next_dagrun for example_branch_datetime_operator_2 to 2024-01-05T00:00:00+00:00, run_after=2024-01-06T00:00:00+00:00
[2024-01-06T09:13:15.124+0000] {logging_mixin.py:137} INFO - [2024-01-06T09:13:15.124+0000] {dag.py:3441} INFO - Setting next_dagrun for example_branch_datetime_operator_3 to 2024-01-05T00:00:00+00:00, run_after=2024-01-06T00:00:00+00:00
[2024-01-06T09:13:15.131+0000] {processor.py:175} INFO - Processing /home/airflow/.local/lib/python3.7/site-packages/airflow/example_dags/example_branch_datetime_operator.py took 0.049 seconds
[2024-01-06T09:13:45.585+0000] {processor.py:153} INFO - Started process (PID=528) to work on /home/airflow/.local/lib/python3.7/site-packages/airflow/example_dags/example_branch_datetime_operator.py
[2024-01-06T09:13:45.586+0000] {processor.py:743} INFO - Processing file /home/airflow/.local/lib/python3.7/site-packages/airflow/example_dags/example_branch_datetime_operator.py for tasks to queue
[2024-01-06T09:13:45.586+0000] {logging_mixin.py:137} INFO - [2024-01-06T09:13:45.586+0000] {dagbag.py:538} INFO - Filling up the DagBag from /home/airflow/.local/lib/python3.7/site-packages/airflow/example_dags/example_branch_datetime_operator.py
[2024-01-06T09:13:45.595+0000] {processor.py:753} INFO - DAG(s) dict_keys(['example_branch_datetime_operator_2', 'example_branch_datetime_operator', 'example_branch_datetime_operator_3']) retrieved from /home/airflow/.local/lib/python3.7/site-packages/airflow/example_dags/example_branch_datetime_operator.py
[2024-01-06T09:13:45.612+0000] {logging_mixin.py:137} INFO - [2024-01-06T09:13:45.612+0000] {dag.py:2690} INFO - Sync 3 DAGs
[2024-01-06T09:13:45.627+0000] {logging_mixin.py:137} INFO - [2024-01-06T09:13:45.627+0000] {dag.py:3441} INFO - Setting next_dagrun for example_branch_datetime_operator to 2024-01-05T00:00:00+00:00, run_after=2024-01-06T00:00:00+00:00
[2024-01-06T09:13:45.630+0000] {logging_mixin.py:137} INFO - [2024-01-06T09:13:45.630+0000] {dag.py:3441} INFO - Setting next_dagrun for example_branch_datetime_operator_2 to 2024-01-05T00:00:00+00:00, run_after=2024-01-06T00:00:00+00:00
[2024-01-06T09:13:45.632+0000] {logging_mixin.py:137} INFO - [2024-01-06T09:13:45.632+0000] {dag.py:3441} INFO - Setting next_dagrun for example_branch_datetime_operator_3 to 2024-01-05T00:00:00+00:00, run_after=2024-01-06T00:00:00+00:00
[2024-01-06T09:13:45.641+0000] {processor.py:175} INFO - Processing /home/airflow/.local/lib/python3.7/site-packages/airflow/example_dags/example_branch_datetime_operator.py took 0.058 seconds
[2024-01-06T09:14:16.445+0000] {processor.py:153} INFO - Started process (PID=608) to work on /home/airflow/.local/lib/python3.7/site-packages/airflow/example_dags/example_branch_datetime_operator.py
[2024-01-06T09:14:16.446+0000] {processor.py:743} INFO - Processing file /home/airflow/.local/lib/python3.7/site-packages/airflow/example_dags/example_branch_datetime_operator.py for tasks to queue
[2024-01-06T09:14:16.446+0000] {logging_mixin.py:137} INFO - [2024-01-06T09:14:16.446+0000] {dagbag.py:538} INFO - Filling up the DagBag from /home/airflow/.local/lib/python3.7/site-packages/airflow/example_dags/example_branch_datetime_operator.py
[2024-01-06T09:14:16.455+0000] {processor.py:753} INFO - DAG(s) dict_keys(['example_branch_datetime_operator_3', 'example_branch_datetime_operator', 'example_branch_datetime_operator_2']) retrieved from /home/airflow/.local/lib/python3.7/site-packages/airflow/example_dags/example_branch_datetime_operator.py
[2024-01-06T09:14:16.472+0000] {logging_mixin.py:137} INFO - [2024-01-06T09:14:16.472+0000] {dag.py:2690} INFO - Sync 3 DAGs
[2024-01-06T09:14:16.484+0000] {logging_mixin.py:137} INFO - [2024-01-06T09:14:16.484+0000] {dag.py:3441} INFO - Setting next_dagrun for example_branch_datetime_operator to 2024-01-05T00:00:00+00:00, run_after=2024-01-06T00:00:00+00:00
[2024-01-06T09:14:16.486+0000] {logging_mixin.py:137} INFO - [2024-01-06T09:14:16.486+0000] {dag.py:3441} INFO - Setting next_dagrun for example_branch_datetime_operator_2 to 2024-01-05T00:00:00+00:00, run_after=2024-01-06T00:00:00+00:00
[2024-01-06T09:14:16.487+0000] {logging_mixin.py:137} INFO - [2024-01-06T09:14:16.487+0000] {dag.py:3441} INFO - Setting next_dagrun for example_branch_datetime_operator_3 to 2024-01-05T00:00:00+00:00, run_after=2024-01-06T00:00:00+00:00
[2024-01-06T09:14:16.494+0000] {processor.py:175} INFO - Processing /home/airflow/.local/lib/python3.7/site-packages/airflow/example_dags/example_branch_datetime_operator.py took 0.051 seconds
[2024-01-06T09:14:47.131+0000] {processor.py:153} INFO - Started process (PID=697) to work on /home/airflow/.local/lib/python3.7/site-packages/airflow/example_dags/example_branch_datetime_operator.py
[2024-01-06T09:14:47.131+0000] {processor.py:743} INFO - Processing file /home/airflow/.local/lib/python3.7/site-packages/airflow/example_dags/example_branch_datetime_operator.py for tasks to queue
[2024-01-06T09:14:47.132+0000] {logging_mixin.py:137} INFO - [2024-01-06T09:14:47.132+0000] {dagbag.py:538} INFO - Filling up the DagBag from /home/airflow/.local/lib/python3.7/site-packages/airflow/example_dags/example_branch_datetime_operator.py
[2024-01-06T09:14:47.140+0000] {processor.py:753} INFO - DAG(s) dict_keys(['example_branch_datetime_operator_2', 'example_branch_datetime_operator_3', 'example_branch_datetime_operator']) retrieved from /home/airflow/.local/lib/python3.7/site-packages/airflow/example_dags/example_branch_datetime_operator.py
[2024-01-06T09:14:47.156+0000] {logging_mixin.py:137} INFO - [2024-01-06T09:14:47.155+0000] {dag.py:2690} INFO - Sync 3 DAGs
[2024-01-06T09:14:47.167+0000] {logging_mixin.py:137} INFO - [2024-01-06T09:14:47.167+0000] {dag.py:3441} INFO - Setting next_dagrun for example_branch_datetime_operator to 2024-01-05T00:00:00+00:00, run_after=2024-01-06T00:00:00+00:00
[2024-01-06T09:14:47.170+0000] {logging_mixin.py:137} INFO - [2024-01-06T09:14:47.170+0000] {dag.py:3441} INFO - Setting next_dagrun for example_branch_datetime_operator_2 to 2024-01-05T00:00:00+00:00, run_after=2024-01-06T00:00:00+00:00
[2024-01-06T09:14:47.171+0000] {logging_mixin.py:137} INFO - [2024-01-06T09:14:47.171+0000] {dag.py:3441} INFO - Setting next_dagrun for example_branch_datetime_operator_3 to 2024-01-05T00:00:00+00:00, run_after=2024-01-06T00:00:00+00:00
[2024-01-06T09:14:47.178+0000] {processor.py:175} INFO - Processing /home/airflow/.local/lib/python3.7/site-packages/airflow/example_dags/example_branch_datetime_operator.py took 0.049 seconds
[2024-01-06T09:15:17.859+0000] {processor.py:153} INFO - Started process (PID=786) to work on /home/airflow/.local/lib/python3.7/site-packages/airflow/example_dags/example_branch_datetime_operator.py
[2024-01-06T09:15:17.859+0000] {processor.py:743} INFO - Processing file /home/airflow/.local/lib/python3.7/site-packages/airflow/example_dags/example_branch_datetime_operator.py for tasks to queue
[2024-01-06T09:15:17.860+0000] {logging_mixin.py:137} INFO - [2024-01-06T09:15:17.860+0000] {dagbag.py:538} INFO - Filling up the DagBag from /home/airflow/.local/lib/python3.7/site-packages/airflow/example_dags/example_branch_datetime_operator.py
[2024-01-06T09:15:17.868+0000] {processor.py:753} INFO - DAG(s) dict_keys(['example_branch_datetime_operator_2', 'example_branch_datetime_operator', 'example_branch_datetime_operator_3']) retrieved from /home/airflow/.local/lib/python3.7/site-packages/airflow/example_dags/example_branch_datetime_operator.py
[2024-01-06T09:15:17.884+0000] {logging_mixin.py:137} INFO - [2024-01-06T09:15:17.884+0000] {dag.py:2690} INFO - Sync 3 DAGs
[2024-01-06T09:15:17.896+0000] {logging_mixin.py:137} INFO - [2024-01-06T09:15:17.896+0000] {dag.py:3441} INFO - Setting next_dagrun for example_branch_datetime_operator to 2024-01-05T00:00:00+00:00, run_after=2024-01-06T00:00:00+00:00
[2024-01-06T09:15:17.898+0000] {logging_mixin.py:137} INFO - [2024-01-06T09:15:17.898+0000] {dag.py:3441} INFO - Setting next_dagrun for example_branch_datetime_operator_2 to 2024-01-05T00:00:00+00:00, run_after=2024-01-06T00:00:00+00:00
[2024-01-06T09:15:17.899+0000] {logging_mixin.py:137} INFO - [2024-01-06T09:15:17.899+0000] {dag.py:3441} INFO - Setting next_dagrun for example_branch_datetime_operator_3 to 2024-01-05T00:00:00+00:00, run_after=2024-01-06T00:00:00+00:00
[2024-01-06T09:15:17.907+0000] {processor.py:175} INFO - Processing /home/airflow/.local/lib/python3.7/site-packages/airflow/example_dags/example_branch_datetime_operator.py took 0.050 seconds
[2024-01-06T09:15:48.577+0000] {processor.py:153} INFO - Started process (PID=867) to work on /home/airflow/.local/lib/python3.7/site-packages/airflow/example_dags/example_branch_datetime_operator.py
[2024-01-06T09:15:48.578+0000] {processor.py:743} INFO - Processing file /home/airflow/.local/lib/python3.7/site-packages/airflow/example_dags/example_branch_datetime_operator.py for tasks to queue
[2024-01-06T09:15:48.578+0000] {logging_mixin.py:137} INFO - [2024-01-06T09:15:48.578+0000] {dagbag.py:538} INFO - Filling up the DagBag from /home/airflow/.local/lib/python3.7/site-packages/airflow/example_dags/example_branch_datetime_operator.py
[2024-01-06T09:15:48.587+0000] {processor.py:753} INFO - DAG(s) dict_keys(['example_branch_datetime_operator', 'example_branch_datetime_operator_2', 'example_branch_datetime_operator_3']) retrieved from /home/airflow/.local/lib/python3.7/site-packages/airflow/example_dags/example_branch_datetime_operator.py
[2024-01-06T09:15:48.604+0000] {logging_mixin.py:137} INFO - [2024-01-06T09:15:48.604+0000] {dag.py:2690} INFO - Sync 3 DAGs
[2024-01-06T09:15:48.617+0000] {logging_mixin.py:137} INFO - [2024-01-06T09:15:48.617+0000] {dag.py:3441} INFO - Setting next_dagrun for example_branch_datetime_operator to 2024-01-05T00:00:00+00:00, run_after=2024-01-06T00:00:00+00:00
[2024-01-06T09:15:48.619+0000] {logging_mixin.py:137} INFO - [2024-01-06T09:15:48.619+0000] {dag.py:3441} INFO - Setting next_dagrun for example_branch_datetime_operator_2 to 2024-01-05T00:00:00+00:00, run_after=2024-01-06T00:00:00+00:00
[2024-01-06T09:15:48.620+0000] {logging_mixin.py:137} INFO - [2024-01-06T09:15:48.620+0000] {dag.py:3441} INFO - Setting next_dagrun for example_branch_datetime_operator_3 to 2024-01-05T00:00:00+00:00, run_after=2024-01-06T00:00:00+00:00
[2024-01-06T09:15:48.629+0000] {processor.py:175} INFO - Processing /home/airflow/.local/lib/python3.7/site-packages/airflow/example_dags/example_branch_datetime_operator.py took 0.054 seconds
[2024-01-06T09:16:19.293+0000] {processor.py:153} INFO - Started process (PID=947) to work on /home/airflow/.local/lib/python3.7/site-packages/airflow/example_dags/example_branch_datetime_operator.py
[2024-01-06T09:16:19.294+0000] {processor.py:743} INFO - Processing file /home/airflow/.local/lib/python3.7/site-packages/airflow/example_dags/example_branch_datetime_operator.py for tasks to queue
[2024-01-06T09:16:19.294+0000] {logging_mixin.py:137} INFO - [2024-01-06T09:16:19.294+0000] {dagbag.py:538} INFO - Filling up the DagBag from /home/airflow/.local/lib/python3.7/site-packages/airflow/example_dags/example_branch_datetime_operator.py
[2024-01-06T09:16:19.303+0000] {processor.py:753} INFO - DAG(s) dict_keys(['example_branch_datetime_operator', 'example_branch_datetime_operator_2', 'example_branch_datetime_operator_3']) retrieved from /home/airflow/.local/lib/python3.7/site-packages/airflow/example_dags/example_branch_datetime_operator.py
[2024-01-06T09:16:19.318+0000] {logging_mixin.py:137} INFO - [2024-01-06T09:16:19.318+0000] {dag.py:2690} INFO - Sync 3 DAGs
[2024-01-06T09:16:19.329+0000] {logging_mixin.py:137} INFO - [2024-01-06T09:16:19.329+0000] {dag.py:3441} INFO - Setting next_dagrun for example_branch_datetime_operator to 2024-01-05T00:00:00+00:00, run_after=2024-01-06T00:00:00+00:00
[2024-01-06T09:16:19.331+0000] {logging_mixin.py:137} INFO - [2024-01-06T09:16:19.331+0000] {dag.py:3441} INFO - Setting next_dagrun for example_branch_datetime_operator_2 to 2024-01-05T00:00:00+00:00, run_after=2024-01-06T00:00:00+00:00
[2024-01-06T09:16:19.332+0000] {logging_mixin.py:137} INFO - [2024-01-06T09:16:19.332+0000] {dag.py:3441} INFO - Setting next_dagrun for example_branch_datetime_operator_3 to 2024-01-05T00:00:00+00:00, run_after=2024-01-06T00:00:00+00:00
[2024-01-06T09:16:19.340+0000] {processor.py:175} INFO - Processing /home/airflow/.local/lib/python3.7/site-packages/airflow/example_dags/example_branch_datetime_operator.py took 0.048 seconds
[2024-01-06T09:16:49.869+0000] {processor.py:153} INFO - Started process (PID=1036) to work on /home/airflow/.local/lib/python3.7/site-packages/airflow/example_dags/example_branch_datetime_operator.py
[2024-01-06T09:16:49.870+0000] {processor.py:743} INFO - Processing file /home/airflow/.local/lib/python3.7/site-packages/airflow/example_dags/example_branch_datetime_operator.py for tasks to queue
[2024-01-06T09:16:49.870+0000] {logging_mixin.py:137} INFO - [2024-01-06T09:16:49.870+0000] {dagbag.py:538} INFO - Filling up the DagBag from /home/airflow/.local/lib/python3.7/site-packages/airflow/example_dags/example_branch_datetime_operator.py
[2024-01-06T09:16:49.883+0000] {processor.py:753} INFO - DAG(s) dict_keys(['example_branch_datetime_operator', 'example_branch_datetime_operator_3', 'example_branch_datetime_operator_2']) retrieved from /home/airflow/.local/lib/python3.7/site-packages/airflow/example_dags/example_branch_datetime_operator.py
[2024-01-06T09:16:49.900+0000] {logging_mixin.py:137} INFO - [2024-01-06T09:16:49.899+0000] {dag.py:2690} INFO - Sync 3 DAGs
[2024-01-06T09:16:49.912+0000] {logging_mixin.py:137} INFO - [2024-01-06T09:16:49.912+0000] {dag.py:3441} INFO - Setting next_dagrun for example_branch_datetime_operator to 2024-01-05T00:00:00+00:00, run_after=2024-01-06T00:00:00+00:00
[2024-01-06T09:16:49.914+0000] {logging_mixin.py:137} INFO - [2024-01-06T09:16:49.914+0000] {dag.py:3441} INFO - Setting next_dagrun for example_branch_datetime_operator_2 to 2024-01-05T00:00:00+00:00, run_after=2024-01-06T00:00:00+00:00
[2024-01-06T09:16:49.915+0000] {logging_mixin.py:137} INFO - [2024-01-06T09:16:49.915+0000] {dag.py:3441} INFO - Setting next_dagrun for example_branch_datetime_operator_3 to 2024-01-05T00:00:00+00:00, run_after=2024-01-06T00:00:00+00:00
[2024-01-06T09:16:49.924+0000] {processor.py:175} INFO - Processing /home/airflow/.local/lib/python3.7/site-packages/airflow/example_dags/example_branch_datetime_operator.py took 0.056 seconds
[2024-01-06T09:17:20.484+0000] {processor.py:153} INFO - Started process (PID=1125) to work on /home/airflow/.local/lib/python3.7/site-packages/airflow/example_dags/example_branch_datetime_operator.py
[2024-01-06T09:17:20.484+0000] {processor.py:743} INFO - Processing file /home/airflow/.local/lib/python3.7/site-packages/airflow/example_dags/example_branch_datetime_operator.py for tasks to queue
[2024-01-06T09:17:20.485+0000] {logging_mixin.py:137} INFO - [2024-01-06T09:17:20.485+0000] {dagbag.py:538} INFO - Filling up the DagBag from /home/airflow/.local/lib/python3.7/site-packages/airflow/example_dags/example_branch_datetime_operator.py
[2024-01-06T09:17:20.493+0000] {processor.py:753} INFO - DAG(s) dict_keys(['example_branch_datetime_operator_2', 'example_branch_datetime_operator', 'example_branch_datetime_operator_3']) retrieved from /home/airflow/.local/lib/python3.7/site-packages/airflow/example_dags/example_branch_datetime_operator.py
[2024-01-06T09:17:20.509+0000] {logging_mixin.py:137} INFO - [2024-01-06T09:17:20.509+0000] {dag.py:2690} INFO - Sync 3 DAGs
[2024-01-06T09:17:20.521+0000] {logging_mixin.py:137} INFO - [2024-01-06T09:17:20.521+0000] {dag.py:3441} INFO - Setting next_dagrun for example_branch_datetime_operator to 2024-01-05T00:00:00+00:00, run_after=2024-01-06T00:00:00+00:00
[2024-01-06T09:17:20.523+0000] {logging_mixin.py:137} INFO - [2024-01-06T09:17:20.523+0000] {dag.py:3441} INFO - Setting next_dagrun for example_branch_datetime_operator_2 to 2024-01-05T00:00:00+00:00, run_after=2024-01-06T00:00:00+00:00
[2024-01-06T09:17:20.524+0000] {logging_mixin.py:137} INFO - [2024-01-06T09:17:20.524+0000] {dag.py:3441} INFO - Setting next_dagrun for example_branch_datetime_operator_3 to 2024-01-05T00:00:00+00:00, run_after=2024-01-06T00:00:00+00:00
[2024-01-06T09:17:20.531+0000] {processor.py:175} INFO - Processing /home/airflow/.local/lib/python3.7/site-packages/airflow/example_dags/example_branch_datetime_operator.py took 0.049 seconds
[2024-01-06T09:17:51.173+0000] {processor.py:153} INFO - Started process (PID=1198) to work on /home/airflow/.local/lib/python3.7/site-packages/airflow/example_dags/example_branch_datetime_operator.py
[2024-01-06T09:17:51.173+0000] {processor.py:743} INFO - Processing file /home/airflow/.local/lib/python3.7/site-packages/airflow/example_dags/example_branch_datetime_operator.py for tasks to queue
[2024-01-06T09:17:51.174+0000] {logging_mixin.py:137} INFO - [2024-01-06T09:17:51.174+0000] {dagbag.py:538} INFO - Filling up the DagBag from /home/airflow/.local/lib/python3.7/site-packages/airflow/example_dags/example_branch_datetime_operator.py
[2024-01-06T09:17:51.182+0000] {processor.py:753} INFO - DAG(s) dict_keys(['example_branch_datetime_operator', 'example_branch_datetime_operator_2', 'example_branch_datetime_operator_3']) retrieved from /home/airflow/.local/lib/python3.7/site-packages/airflow/example_dags/example_branch_datetime_operator.py
[2024-01-06T09:17:51.198+0000] {logging_mixin.py:137} INFO - [2024-01-06T09:17:51.198+0000] {dag.py:2690} INFO - Sync 3 DAGs
[2024-01-06T09:17:51.209+0000] {logging_mixin.py:137} INFO - [2024-01-06T09:17:51.209+0000] {dag.py:3441} INFO - Setting next_dagrun for example_branch_datetime_operator to 2024-01-05T00:00:00+00:00, run_after=2024-01-06T00:00:00+00:00
[2024-01-06T09:17:51.211+0000] {logging_mixin.py:137} INFO - [2024-01-06T09:17:51.211+0000] {dag.py:3441} INFO - Setting next_dagrun for example_branch_datetime_operator_2 to 2024-01-05T00:00:00+00:00, run_after=2024-01-06T00:00:00+00:00
[2024-01-06T09:17:51.212+0000] {logging_mixin.py:137} INFO - [2024-01-06T09:17:51.212+0000] {dag.py:3441} INFO - Setting next_dagrun for example_branch_datetime_operator_3 to 2024-01-05T00:00:00+00:00, run_after=2024-01-06T00:00:00+00:00
[2024-01-06T09:17:51.219+0000] {processor.py:175} INFO - Processing /home/airflow/.local/lib/python3.7/site-packages/airflow/example_dags/example_branch_datetime_operator.py took 0.048 seconds
[2024-01-06T09:18:21.944+0000] {processor.py:153} INFO - Started process (PID=1287) to work on /home/airflow/.local/lib/python3.7/site-packages/airflow/example_dags/example_branch_datetime_operator.py
[2024-01-06T09:18:21.944+0000] {processor.py:743} INFO - Processing file /home/airflow/.local/lib/python3.7/site-packages/airflow/example_dags/example_branch_datetime_operator.py for tasks to queue
[2024-01-06T09:18:21.945+0000] {logging_mixin.py:137} INFO - [2024-01-06T09:18:21.945+0000] {dagbag.py:538} INFO - Filling up the DagBag from /home/airflow/.local/lib/python3.7/site-packages/airflow/example_dags/example_branch_datetime_operator.py
[2024-01-06T09:18:21.953+0000] {processor.py:753} INFO - DAG(s) dict_keys(['example_branch_datetime_operator_3', 'example_branch_datetime_operator_2', 'example_branch_datetime_operator']) retrieved from /home/airflow/.local/lib/python3.7/site-packages/airflow/example_dags/example_branch_datetime_operator.py
[2024-01-06T09:18:21.968+0000] {logging_mixin.py:137} INFO - [2024-01-06T09:18:21.968+0000] {dag.py:2690} INFO - Sync 3 DAGs
[2024-01-06T09:18:21.979+0000] {logging_mixin.py:137} INFO - [2024-01-06T09:18:21.979+0000] {dag.py:3441} INFO - Setting next_dagrun for example_branch_datetime_operator to 2024-01-05T00:00:00+00:00, run_after=2024-01-06T00:00:00+00:00
[2024-01-06T09:18:21.981+0000] {logging_mixin.py:137} INFO - [2024-01-06T09:18:21.981+0000] {dag.py:3441} INFO - Setting next_dagrun for example_branch_datetime_operator_2 to 2024-01-05T00:00:00+00:00, run_after=2024-01-06T00:00:00+00:00
[2024-01-06T09:18:21.983+0000] {logging_mixin.py:137} INFO - [2024-01-06T09:18:21.983+0000] {dag.py:3441} INFO - Setting next_dagrun for example_branch_datetime_operator_3 to 2024-01-05T00:00:00+00:00, run_after=2024-01-06T00:00:00+00:00
[2024-01-06T09:18:21.989+0000] {processor.py:175} INFO - Processing /home/airflow/.local/lib/python3.7/site-packages/airflow/example_dags/example_branch_datetime_operator.py took 0.048 seconds
[2024-01-06T09:18:52.613+0000] {processor.py:153} INFO - Started process (PID=1375) to work on /home/airflow/.local/lib/python3.7/site-packages/airflow/example_dags/example_branch_datetime_operator.py
[2024-01-06T09:18:52.614+0000] {processor.py:743} INFO - Processing file /home/airflow/.local/lib/python3.7/site-packages/airflow/example_dags/example_branch_datetime_operator.py for tasks to queue
[2024-01-06T09:18:52.614+0000] {logging_mixin.py:137} INFO - [2024-01-06T09:18:52.614+0000] {dagbag.py:538} INFO - Filling up the DagBag from /home/airflow/.local/lib/python3.7/site-packages/airflow/example_dags/example_branch_datetime_operator.py
[2024-01-06T09:18:52.622+0000] {processor.py:753} INFO - DAG(s) dict_keys(['example_branch_datetime_operator', 'example_branch_datetime_operator_2', 'example_branch_datetime_operator_3']) retrieved from /home/airflow/.local/lib/python3.7/site-packages/airflow/example_dags/example_branch_datetime_operator.py
[2024-01-06T09:18:52.637+0000] {logging_mixin.py:137} INFO - [2024-01-06T09:18:52.637+0000] {dag.py:2690} INFO - Sync 3 DAGs
[2024-01-06T09:18:52.649+0000] {logging_mixin.py:137} INFO - [2024-01-06T09:18:52.649+0000] {dag.py:3441} INFO - Setting next_dagrun for example_branch_datetime_operator to 2024-01-05T00:00:00+00:00, run_after=2024-01-06T00:00:00+00:00
[2024-01-06T09:18:52.652+0000] {logging_mixin.py:137} INFO - [2024-01-06T09:18:52.651+0000] {dag.py:3441} INFO - Setting next_dagrun for example_branch_datetime_operator_2 to 2024-01-05T00:00:00+00:00, run_after=2024-01-06T00:00:00+00:00
[2024-01-06T09:18:52.653+0000] {logging_mixin.py:137} INFO - [2024-01-06T09:18:52.653+0000] {dag.py:3441} INFO - Setting next_dagrun for example_branch_datetime_operator_3 to 2024-01-05T00:00:00+00:00, run_after=2024-01-06T00:00:00+00:00
[2024-01-06T09:18:52.659+0000] {processor.py:175} INFO - Processing /home/airflow/.local/lib/python3.7/site-packages/airflow/example_dags/example_branch_datetime_operator.py took 0.048 seconds
[2024-01-06T09:19:23.329+0000] {processor.py:153} INFO - Started process (PID=1464) to work on /home/airflow/.local/lib/python3.7/site-packages/airflow/example_dags/example_branch_datetime_operator.py
[2024-01-06T09:19:23.329+0000] {processor.py:743} INFO - Processing file /home/airflow/.local/lib/python3.7/site-packages/airflow/example_dags/example_branch_datetime_operator.py for tasks to queue
[2024-01-06T09:19:23.330+0000] {logging_mixin.py:137} INFO - [2024-01-06T09:19:23.329+0000] {dagbag.py:538} INFO - Filling up the DagBag from /home/airflow/.local/lib/python3.7/site-packages/airflow/example_dags/example_branch_datetime_operator.py
[2024-01-06T09:19:23.338+0000] {processor.py:753} INFO - DAG(s) dict_keys(['example_branch_datetime_operator', 'example_branch_datetime_operator_3', 'example_branch_datetime_operator_2']) retrieved from /home/airflow/.local/lib/python3.7/site-packages/airflow/example_dags/example_branch_datetime_operator.py
[2024-01-06T09:19:23.354+0000] {logging_mixin.py:137} INFO - [2024-01-06T09:19:23.354+0000] {dag.py:2690} INFO - Sync 3 DAGs
[2024-01-06T09:19:23.366+0000] {logging_mixin.py:137} INFO - [2024-01-06T09:19:23.365+0000] {dag.py:3441} INFO - Setting next_dagrun for example_branch_datetime_operator to 2024-01-05T00:00:00+00:00, run_after=2024-01-06T00:00:00+00:00
[2024-01-06T09:19:23.368+0000] {logging_mixin.py:137} INFO - [2024-01-06T09:19:23.367+0000] {dag.py:3441} INFO - Setting next_dagrun for example_branch_datetime_operator_2 to 2024-01-05T00:00:00+00:00, run_after=2024-01-06T00:00:00+00:00
[2024-01-06T09:19:23.369+0000] {logging_mixin.py:137} INFO - [2024-01-06T09:19:23.369+0000] {dag.py:3441} INFO - Setting next_dagrun for example_branch_datetime_operator_3 to 2024-01-05T00:00:00+00:00, run_after=2024-01-06T00:00:00+00:00
[2024-01-06T09:19:23.376+0000] {processor.py:175} INFO - Processing /home/airflow/.local/lib/python3.7/site-packages/airflow/example_dags/example_branch_datetime_operator.py took 0.049 seconds
[2024-01-06T09:19:53.944+0000] {processor.py:153} INFO - Started process (PID=1537) to work on /home/airflow/.local/lib/python3.7/site-packages/airflow/example_dags/example_branch_datetime_operator.py
[2024-01-06T09:19:53.944+0000] {processor.py:743} INFO - Processing file /home/airflow/.local/lib/python3.7/site-packages/airflow/example_dags/example_branch_datetime_operator.py for tasks to queue
[2024-01-06T09:19:53.944+0000] {logging_mixin.py:137} INFO - [2024-01-06T09:19:53.944+0000] {dagbag.py:538} INFO - Filling up the DagBag from /home/airflow/.local/lib/python3.7/site-packages/airflow/example_dags/example_branch_datetime_operator.py
[2024-01-06T09:19:53.953+0000] {processor.py:753} INFO - DAG(s) dict_keys(['example_branch_datetime_operator_3', 'example_branch_datetime_operator_2', 'example_branch_datetime_operator']) retrieved from /home/airflow/.local/lib/python3.7/site-packages/airflow/example_dags/example_branch_datetime_operator.py
[2024-01-06T09:19:53.969+0000] {logging_mixin.py:137} INFO - [2024-01-06T09:19:53.969+0000] {dag.py:2690} INFO - Sync 3 DAGs
[2024-01-06T09:19:53.981+0000] {logging_mixin.py:137} INFO - [2024-01-06T09:19:53.981+0000] {dag.py:3441} INFO - Setting next_dagrun for example_branch_datetime_operator to 2024-01-05T00:00:00+00:00, run_after=2024-01-06T00:00:00+00:00
[2024-01-06T09:19:53.983+0000] {logging_mixin.py:137} INFO - [2024-01-06T09:19:53.983+0000] {dag.py:3441} INFO - Setting next_dagrun for example_branch_datetime_operator_2 to 2024-01-05T00:00:00+00:00, run_after=2024-01-06T00:00:00+00:00
[2024-01-06T09:19:53.984+0000] {logging_mixin.py:137} INFO - [2024-01-06T09:19:53.984+0000] {dag.py:3441} INFO - Setting next_dagrun for example_branch_datetime_operator_3 to 2024-01-05T00:00:00+00:00, run_after=2024-01-06T00:00:00+00:00
[2024-01-06T09:19:53.991+0000] {processor.py:175} INFO - Processing /home/airflow/.local/lib/python3.7/site-packages/airflow/example_dags/example_branch_datetime_operator.py took 0.049 seconds
[2024-01-06T09:20:24.550+0000] {processor.py:153} INFO - Started process (PID=1625) to work on /home/airflow/.local/lib/python3.7/site-packages/airflow/example_dags/example_branch_datetime_operator.py
[2024-01-06T09:20:24.550+0000] {processor.py:743} INFO - Processing file /home/airflow/.local/lib/python3.7/site-packages/airflow/example_dags/example_branch_datetime_operator.py for tasks to queue
[2024-01-06T09:20:24.551+0000] {logging_mixin.py:137} INFO - [2024-01-06T09:20:24.550+0000] {dagbag.py:538} INFO - Filling up the DagBag from /home/airflow/.local/lib/python3.7/site-packages/airflow/example_dags/example_branch_datetime_operator.py
[2024-01-06T09:20:24.559+0000] {processor.py:753} INFO - DAG(s) dict_keys(['example_branch_datetime_operator_3', 'example_branch_datetime_operator', 'example_branch_datetime_operator_2']) retrieved from /home/airflow/.local/lib/python3.7/site-packages/airflow/example_dags/example_branch_datetime_operator.py
[2024-01-06T09:20:24.575+0000] {logging_mixin.py:137} INFO - [2024-01-06T09:20:24.575+0000] {dag.py:2690} INFO - Sync 3 DAGs
[2024-01-06T09:20:24.587+0000] {logging_mixin.py:137} INFO - [2024-01-06T09:20:24.587+0000] {dag.py:3441} INFO - Setting next_dagrun for example_branch_datetime_operator to 2024-01-05T00:00:00+00:00, run_after=2024-01-06T00:00:00+00:00
[2024-01-06T09:20:24.589+0000] {logging_mixin.py:137} INFO - [2024-01-06T09:20:24.589+0000] {dag.py:3441} INFO - Setting next_dagrun for example_branch_datetime_operator_2 to 2024-01-05T00:00:00+00:00, run_after=2024-01-06T00:00:00+00:00
[2024-01-06T09:20:24.590+0000] {logging_mixin.py:137} INFO - [2024-01-06T09:20:24.590+0000] {dag.py:3441} INFO - Setting next_dagrun for example_branch_datetime_operator_3 to 2024-01-05T00:00:00+00:00, run_after=2024-01-06T00:00:00+00:00
[2024-01-06T09:20:24.598+0000] {processor.py:175} INFO - Processing /home/airflow/.local/lib/python3.7/site-packages/airflow/example_dags/example_branch_datetime_operator.py took 0.050 seconds
[2024-01-06T09:20:55.291+0000] {processor.py:153} INFO - Started process (PID=1714) to work on /home/airflow/.local/lib/python3.7/site-packages/airflow/example_dags/example_branch_datetime_operator.py
[2024-01-06T09:20:55.292+0000] {processor.py:743} INFO - Processing file /home/airflow/.local/lib/python3.7/site-packages/airflow/example_dags/example_branch_datetime_operator.py for tasks to queue
[2024-01-06T09:20:55.292+0000] {logging_mixin.py:137} INFO - [2024-01-06T09:20:55.292+0000] {dagbag.py:538} INFO - Filling up the DagBag from /home/airflow/.local/lib/python3.7/site-packages/airflow/example_dags/example_branch_datetime_operator.py
[2024-01-06T09:20:55.301+0000] {processor.py:753} INFO - DAG(s) dict_keys(['example_branch_datetime_operator_3', 'example_branch_datetime_operator', 'example_branch_datetime_operator_2']) retrieved from /home/airflow/.local/lib/python3.7/site-packages/airflow/example_dags/example_branch_datetime_operator.py
[2024-01-06T09:20:55.317+0000] {logging_mixin.py:137} INFO - [2024-01-06T09:20:55.317+0000] {dag.py:2690} INFO - Sync 3 DAGs
[2024-01-06T09:20:55.330+0000] {logging_mixin.py:137} INFO - [2024-01-06T09:20:55.330+0000] {dag.py:3441} INFO - Setting next_dagrun for example_branch_datetime_operator to 2024-01-05T00:00:00+00:00, run_after=2024-01-06T00:00:00+00:00
[2024-01-06T09:20:55.332+0000] {logging_mixin.py:137} INFO - [2024-01-06T09:20:55.332+0000] {dag.py:3441} INFO - Setting next_dagrun for example_branch_datetime_operator_2 to 2024-01-05T00:00:00+00:00, run_after=2024-01-06T00:00:00+00:00
[2024-01-06T09:20:55.333+0000] {logging_mixin.py:137} INFO - [2024-01-06T09:20:55.333+0000] {dag.py:3441} INFO - Setting next_dagrun for example_branch_datetime_operator_3 to 2024-01-05T00:00:00+00:00, run_after=2024-01-06T00:00:00+00:00
[2024-01-06T09:20:55.340+0000] {processor.py:175} INFO - Processing /home/airflow/.local/lib/python3.7/site-packages/airflow/example_dags/example_branch_datetime_operator.py took 0.050 seconds
[2024-01-06T09:21:26.036+0000] {processor.py:153} INFO - Started process (PID=1803) to work on /home/airflow/.local/lib/python3.7/site-packages/airflow/example_dags/example_branch_datetime_operator.py
[2024-01-06T09:21:26.037+0000] {processor.py:743} INFO - Processing file /home/airflow/.local/lib/python3.7/site-packages/airflow/example_dags/example_branch_datetime_operator.py for tasks to queue
[2024-01-06T09:21:26.037+0000] {logging_mixin.py:137} INFO - [2024-01-06T09:21:26.037+0000] {dagbag.py:538} INFO - Filling up the DagBag from /home/airflow/.local/lib/python3.7/site-packages/airflow/example_dags/example_branch_datetime_operator.py
[2024-01-06T09:21:26.046+0000] {processor.py:753} INFO - DAG(s) dict_keys(['example_branch_datetime_operator', 'example_branch_datetime_operator_3', 'example_branch_datetime_operator_2']) retrieved from /home/airflow/.local/lib/python3.7/site-packages/airflow/example_dags/example_branch_datetime_operator.py
[2024-01-06T09:21:26.061+0000] {logging_mixin.py:137} INFO - [2024-01-06T09:21:26.061+0000] {dag.py:2690} INFO - Sync 3 DAGs
[2024-01-06T09:21:26.073+0000] {logging_mixin.py:137} INFO - [2024-01-06T09:21:26.072+0000] {dag.py:3441} INFO - Setting next_dagrun for example_branch_datetime_operator to 2024-01-05T00:00:00+00:00, run_after=2024-01-06T00:00:00+00:00
[2024-01-06T09:21:26.075+0000] {logging_mixin.py:137} INFO - [2024-01-06T09:21:26.074+0000] {dag.py:3441} INFO - Setting next_dagrun for example_branch_datetime_operator_2 to 2024-01-05T00:00:00+00:00, run_after=2024-01-06T00:00:00+00:00
[2024-01-06T09:21:26.076+0000] {logging_mixin.py:137} INFO - [2024-01-06T09:21:26.076+0000] {dag.py:3441} INFO - Setting next_dagrun for example_branch_datetime_operator_3 to 2024-01-05T00:00:00+00:00, run_after=2024-01-06T00:00:00+00:00
[2024-01-06T09:21:26.082+0000] {processor.py:175} INFO - Processing /home/airflow/.local/lib/python3.7/site-packages/airflow/example_dags/example_branch_datetime_operator.py took 0.048 seconds
[2024-01-06T09:21:56.673+0000] {processor.py:153} INFO - Started process (PID=1876) to work on /home/airflow/.local/lib/python3.7/site-packages/airflow/example_dags/example_branch_datetime_operator.py
[2024-01-06T09:21:56.674+0000] {processor.py:743} INFO - Processing file /home/airflow/.local/lib/python3.7/site-packages/airflow/example_dags/example_branch_datetime_operator.py for tasks to queue
[2024-01-06T09:21:56.674+0000] {logging_mixin.py:137} INFO - [2024-01-06T09:21:56.674+0000] {dagbag.py:538} INFO - Filling up the DagBag from /home/airflow/.local/lib/python3.7/site-packages/airflow/example_dags/example_branch_datetime_operator.py
[2024-01-06T09:21:56.682+0000] {processor.py:753} INFO - DAG(s) dict_keys(['example_branch_datetime_operator_3', 'example_branch_datetime_operator_2', 'example_branch_datetime_operator']) retrieved from /home/airflow/.local/lib/python3.7/site-packages/airflow/example_dags/example_branch_datetime_operator.py
[2024-01-06T09:21:56.698+0000] {logging_mixin.py:137} INFO - [2024-01-06T09:21:56.698+0000] {dag.py:2690} INFO - Sync 3 DAGs
[2024-01-06T09:21:56.710+0000] {logging_mixin.py:137} INFO - [2024-01-06T09:21:56.710+0000] {dag.py:3441} INFO - Setting next_dagrun for example_branch_datetime_operator to 2024-01-05T00:00:00+00:00, run_after=2024-01-06T00:00:00+00:00
[2024-01-06T09:21:56.712+0000] {logging_mixin.py:137} INFO - [2024-01-06T09:21:56.712+0000] {dag.py:3441} INFO - Setting next_dagrun for example_branch_datetime_operator_2 to 2024-01-05T00:00:00+00:00, run_after=2024-01-06T00:00:00+00:00
[2024-01-06T09:21:56.713+0000] {logging_mixin.py:137} INFO - [2024-01-06T09:21:56.713+0000] {dag.py:3441} INFO - Setting next_dagrun for example_branch_datetime_operator_3 to 2024-01-05T00:00:00+00:00, run_after=2024-01-06T00:00:00+00:00
[2024-01-06T09:21:56.721+0000] {processor.py:175} INFO - Processing /home/airflow/.local/lib/python3.7/site-packages/airflow/example_dags/example_branch_datetime_operator.py took 0.049 seconds
[2024-01-06T09:22:27.328+0000] {processor.py:153} INFO - Started process (PID=1965) to work on /home/airflow/.local/lib/python3.7/site-packages/airflow/example_dags/example_branch_datetime_operator.py
[2024-01-06T09:22:27.329+0000] {processor.py:743} INFO - Processing file /home/airflow/.local/lib/python3.7/site-packages/airflow/example_dags/example_branch_datetime_operator.py for tasks to queue
[2024-01-06T09:22:27.329+0000] {logging_mixin.py:137} INFO - [2024-01-06T09:22:27.329+0000] {dagbag.py:538} INFO - Filling up the DagBag from /home/airflow/.local/lib/python3.7/site-packages/airflow/example_dags/example_branch_datetime_operator.py
[2024-01-06T09:22:27.338+0000] {processor.py:753} INFO - DAG(s) dict_keys(['example_branch_datetime_operator_2', 'example_branch_datetime_operator_3', 'example_branch_datetime_operator']) retrieved from /home/airflow/.local/lib/python3.7/site-packages/airflow/example_dags/example_branch_datetime_operator.py
[2024-01-06T09:22:27.353+0000] {logging_mixin.py:137} INFO - [2024-01-06T09:22:27.353+0000] {dag.py:2690} INFO - Sync 3 DAGs
[2024-01-06T09:22:27.365+0000] {logging_mixin.py:137} INFO - [2024-01-06T09:22:27.365+0000] {dag.py:3441} INFO - Setting next_dagrun for example_branch_datetime_operator to 2024-01-05T00:00:00+00:00, run_after=2024-01-06T00:00:00+00:00
[2024-01-06T09:22:27.367+0000] {logging_mixin.py:137} INFO - [2024-01-06T09:22:27.367+0000] {dag.py:3441} INFO - Setting next_dagrun for example_branch_datetime_operator_2 to 2024-01-05T00:00:00+00:00, run_after=2024-01-06T00:00:00+00:00
[2024-01-06T09:22:27.368+0000] {logging_mixin.py:137} INFO - [2024-01-06T09:22:27.368+0000] {dag.py:3441} INFO - Setting next_dagrun for example_branch_datetime_operator_3 to 2024-01-05T00:00:00+00:00, run_after=2024-01-06T00:00:00+00:00
[2024-01-06T09:22:27.375+0000] {processor.py:175} INFO - Processing /home/airflow/.local/lib/python3.7/site-packages/airflow/example_dags/example_branch_datetime_operator.py took 0.048 seconds
[2024-01-06T09:22:57.947+0000] {processor.py:153} INFO - Started process (PID=2054) to work on /home/airflow/.local/lib/python3.7/site-packages/airflow/example_dags/example_branch_datetime_operator.py
[2024-01-06T09:22:57.947+0000] {processor.py:743} INFO - Processing file /home/airflow/.local/lib/python3.7/site-packages/airflow/example_dags/example_branch_datetime_operator.py for tasks to queue
[2024-01-06T09:22:57.948+0000] {logging_mixin.py:137} INFO - [2024-01-06T09:22:57.948+0000] {dagbag.py:538} INFO - Filling up the DagBag from /home/airflow/.local/lib/python3.7/site-packages/airflow/example_dags/example_branch_datetime_operator.py
[2024-01-06T09:22:57.957+0000] {processor.py:753} INFO - DAG(s) dict_keys(['example_branch_datetime_operator_3', 'example_branch_datetime_operator', 'example_branch_datetime_operator_2']) retrieved from /home/airflow/.local/lib/python3.7/site-packages/airflow/example_dags/example_branch_datetime_operator.py
[2024-01-06T09:22:57.973+0000] {logging_mixin.py:137} INFO - [2024-01-06T09:22:57.973+0000] {dag.py:2690} INFO - Sync 3 DAGs
[2024-01-06T09:22:57.985+0000] {logging_mixin.py:137} INFO - [2024-01-06T09:22:57.985+0000] {dag.py:3441} INFO - Setting next_dagrun for example_branch_datetime_operator to 2024-01-05T00:00:00+00:00, run_after=2024-01-06T00:00:00+00:00
[2024-01-06T09:22:57.988+0000] {logging_mixin.py:137} INFO - [2024-01-06T09:22:57.988+0000] {dag.py:3441} INFO - Setting next_dagrun for example_branch_datetime_operator_2 to 2024-01-05T00:00:00+00:00, run_after=2024-01-06T00:00:00+00:00
[2024-01-06T09:22:57.989+0000] {logging_mixin.py:137} INFO - [2024-01-06T09:22:57.989+0000] {dag.py:3441} INFO - Setting next_dagrun for example_branch_datetime_operator_3 to 2024-01-05T00:00:00+00:00, run_after=2024-01-06T00:00:00+00:00
[2024-01-06T09:22:57.997+0000] {processor.py:175} INFO - Processing /home/airflow/.local/lib/python3.7/site-packages/airflow/example_dags/example_branch_datetime_operator.py took 0.052 seconds
[2024-01-06T09:23:28.515+0000] {processor.py:153} INFO - Started process (PID=2143) to work on /home/airflow/.local/lib/python3.7/site-packages/airflow/example_dags/example_branch_datetime_operator.py
[2024-01-06T09:23:28.516+0000] {processor.py:743} INFO - Processing file /home/airflow/.local/lib/python3.7/site-packages/airflow/example_dags/example_branch_datetime_operator.py for tasks to queue
[2024-01-06T09:23:28.516+0000] {logging_mixin.py:137} INFO - [2024-01-06T09:23:28.516+0000] {dagbag.py:538} INFO - Filling up the DagBag from /home/airflow/.local/lib/python3.7/site-packages/airflow/example_dags/example_branch_datetime_operator.py
[2024-01-06T09:23:28.524+0000] {processor.py:753} INFO - DAG(s) dict_keys(['example_branch_datetime_operator_2', 'example_branch_datetime_operator_3', 'example_branch_datetime_operator']) retrieved from /home/airflow/.local/lib/python3.7/site-packages/airflow/example_dags/example_branch_datetime_operator.py
[2024-01-06T09:23:28.540+0000] {logging_mixin.py:137} INFO - [2024-01-06T09:23:28.540+0000] {dag.py:2690} INFO - Sync 3 DAGs
[2024-01-06T09:23:28.552+0000] {logging_mixin.py:137} INFO - [2024-01-06T09:23:28.552+0000] {dag.py:3441} INFO - Setting next_dagrun for example_branch_datetime_operator to 2024-01-05T00:00:00+00:00, run_after=2024-01-06T00:00:00+00:00
[2024-01-06T09:23:28.554+0000] {logging_mixin.py:137} INFO - [2024-01-06T09:23:28.554+0000] {dag.py:3441} INFO - Setting next_dagrun for example_branch_datetime_operator_2 to 2024-01-05T00:00:00+00:00, run_after=2024-01-06T00:00:00+00:00
[2024-01-06T09:23:28.555+0000] {logging_mixin.py:137} INFO - [2024-01-06T09:23:28.555+0000] {dag.py:3441} INFO - Setting next_dagrun for example_branch_datetime_operator_3 to 2024-01-05T00:00:00+00:00, run_after=2024-01-06T00:00:00+00:00
[2024-01-06T09:23:28.562+0000] {processor.py:175} INFO - Processing /home/airflow/.local/lib/python3.7/site-packages/airflow/example_dags/example_branch_datetime_operator.py took 0.049 seconds
[2024-01-06T09:23:59.155+0000] {processor.py:153} INFO - Started process (PID=2216) to work on /home/airflow/.local/lib/python3.7/site-packages/airflow/example_dags/example_branch_datetime_operator.py
[2024-01-06T09:23:59.155+0000] {processor.py:743} INFO - Processing file /home/airflow/.local/lib/python3.7/site-packages/airflow/example_dags/example_branch_datetime_operator.py for tasks to queue
[2024-01-06T09:23:59.156+0000] {logging_mixin.py:137} INFO - [2024-01-06T09:23:59.156+0000] {dagbag.py:538} INFO - Filling up the DagBag from /home/airflow/.local/lib/python3.7/site-packages/airflow/example_dags/example_branch_datetime_operator.py
[2024-01-06T09:23:59.167+0000] {processor.py:753} INFO - DAG(s) dict_keys(['example_branch_datetime_operator_3', 'example_branch_datetime_operator_2', 'example_branch_datetime_operator']) retrieved from /home/airflow/.local/lib/python3.7/site-packages/airflow/example_dags/example_branch_datetime_operator.py
[2024-01-06T09:23:59.188+0000] {logging_mixin.py:137} INFO - [2024-01-06T09:23:59.187+0000] {dag.py:2690} INFO - Sync 3 DAGs
[2024-01-06T09:23:59.203+0000] {logging_mixin.py:137} INFO - [2024-01-06T09:23:59.203+0000] {dag.py:3441} INFO - Setting next_dagrun for example_branch_datetime_operator to 2024-01-05T00:00:00+00:00, run_after=2024-01-06T00:00:00+00:00
[2024-01-06T09:23:59.205+0000] {logging_mixin.py:137} INFO - [2024-01-06T09:23:59.205+0000] {dag.py:3441} INFO - Setting next_dagrun for example_branch_datetime_operator_2 to 2024-01-05T00:00:00+00:00, run_after=2024-01-06T00:00:00+00:00
[2024-01-06T09:23:59.207+0000] {logging_mixin.py:137} INFO - [2024-01-06T09:23:59.207+0000] {dag.py:3441} INFO - Setting next_dagrun for example_branch_datetime_operator_3 to 2024-01-05T00:00:00+00:00, run_after=2024-01-06T00:00:00+00:00
[2024-01-06T09:23:59.220+0000] {processor.py:175} INFO - Processing /home/airflow/.local/lib/python3.7/site-packages/airflow/example_dags/example_branch_datetime_operator.py took 0.067 seconds
[2024-01-06T09:24:30.069+0000] {processor.py:153} INFO - Started process (PID=2304) to work on /home/airflow/.local/lib/python3.7/site-packages/airflow/example_dags/example_branch_datetime_operator.py
[2024-01-06T09:24:30.069+0000] {processor.py:743} INFO - Processing file /home/airflow/.local/lib/python3.7/site-packages/airflow/example_dags/example_branch_datetime_operator.py for tasks to queue
[2024-01-06T09:24:30.070+0000] {logging_mixin.py:137} INFO - [2024-01-06T09:24:30.070+0000] {dagbag.py:538} INFO - Filling up the DagBag from /home/airflow/.local/lib/python3.7/site-packages/airflow/example_dags/example_branch_datetime_operator.py
[2024-01-06T09:24:30.079+0000] {processor.py:753} INFO - DAG(s) dict_keys(['example_branch_datetime_operator_3', 'example_branch_datetime_operator_2', 'example_branch_datetime_operator']) retrieved from /home/airflow/.local/lib/python3.7/site-packages/airflow/example_dags/example_branch_datetime_operator.py
[2024-01-06T09:24:30.094+0000] {logging_mixin.py:137} INFO - [2024-01-06T09:24:30.094+0000] {dag.py:2690} INFO - Sync 3 DAGs
[2024-01-06T09:24:30.108+0000] {logging_mixin.py:137} INFO - [2024-01-06T09:24:30.108+0000] {dag.py:3441} INFO - Setting next_dagrun for example_branch_datetime_operator to 2024-01-05T00:00:00+00:00, run_after=2024-01-06T00:00:00+00:00
[2024-01-06T09:24:30.110+0000] {logging_mixin.py:137} INFO - [2024-01-06T09:24:30.110+0000] {dag.py:3441} INFO - Setting next_dagrun for example_branch_datetime_operator_2 to 2024-01-05T00:00:00+00:00, run_after=2024-01-06T00:00:00+00:00
[2024-01-06T09:24:30.112+0000] {logging_mixin.py:137} INFO - [2024-01-06T09:24:30.112+0000] {dag.py:3441} INFO - Setting next_dagrun for example_branch_datetime_operator_3 to 2024-01-05T00:00:00+00:00, run_after=2024-01-06T00:00:00+00:00
[2024-01-06T09:24:30.120+0000] {processor.py:175} INFO - Processing /home/airflow/.local/lib/python3.7/site-packages/airflow/example_dags/example_branch_datetime_operator.py took 0.053 seconds
[2024-01-06T09:25:00.651+0000] {processor.py:153} INFO - Started process (PID=2393) to work on /home/airflow/.local/lib/python3.7/site-packages/airflow/example_dags/example_branch_datetime_operator.py
[2024-01-06T09:25:00.651+0000] {processor.py:743} INFO - Processing file /home/airflow/.local/lib/python3.7/site-packages/airflow/example_dags/example_branch_datetime_operator.py for tasks to queue
[2024-01-06T09:25:00.651+0000] {logging_mixin.py:137} INFO - [2024-01-06T09:25:00.651+0000] {dagbag.py:538} INFO - Filling up the DagBag from /home/airflow/.local/lib/python3.7/site-packages/airflow/example_dags/example_branch_datetime_operator.py
[2024-01-06T09:25:00.660+0000] {processor.py:753} INFO - DAG(s) dict_keys(['example_branch_datetime_operator_3', 'example_branch_datetime_operator_2', 'example_branch_datetime_operator']) retrieved from /home/airflow/.local/lib/python3.7/site-packages/airflow/example_dags/example_branch_datetime_operator.py
[2024-01-06T09:25:00.677+0000] {logging_mixin.py:137} INFO - [2024-01-06T09:25:00.676+0000] {dag.py:2690} INFO - Sync 3 DAGs
[2024-01-06T09:25:00.689+0000] {logging_mixin.py:137} INFO - [2024-01-06T09:25:00.689+0000] {dag.py:3441} INFO - Setting next_dagrun for example_branch_datetime_operator to 2024-01-05T00:00:00+00:00, run_after=2024-01-06T00:00:00+00:00
[2024-01-06T09:25:00.691+0000] {logging_mixin.py:137} INFO - [2024-01-06T09:25:00.691+0000] {dag.py:3441} INFO - Setting next_dagrun for example_branch_datetime_operator_2 to 2024-01-05T00:00:00+00:00, run_after=2024-01-06T00:00:00+00:00
[2024-01-06T09:25:00.692+0000] {logging_mixin.py:137} INFO - [2024-01-06T09:25:00.692+0000] {dag.py:3441} INFO - Setting next_dagrun for example_branch_datetime_operator_3 to 2024-01-05T00:00:00+00:00, run_after=2024-01-06T00:00:00+00:00
[2024-01-06T09:25:00.699+0000] {processor.py:175} INFO - Processing /home/airflow/.local/lib/python3.7/site-packages/airflow/example_dags/example_branch_datetime_operator.py took 0.050 seconds
[2024-01-06T09:25:31.277+0000] {processor.py:153} INFO - Started process (PID=2482) to work on /home/airflow/.local/lib/python3.7/site-packages/airflow/example_dags/example_branch_datetime_operator.py
[2024-01-06T09:25:31.278+0000] {processor.py:743} INFO - Processing file /home/airflow/.local/lib/python3.7/site-packages/airflow/example_dags/example_branch_datetime_operator.py for tasks to queue
[2024-01-06T09:25:31.278+0000] {logging_mixin.py:137} INFO - [2024-01-06T09:25:31.278+0000] {dagbag.py:538} INFO - Filling up the DagBag from /home/airflow/.local/lib/python3.7/site-packages/airflow/example_dags/example_branch_datetime_operator.py
[2024-01-06T09:25:31.287+0000] {processor.py:753} INFO - DAG(s) dict_keys(['example_branch_datetime_operator_2', 'example_branch_datetime_operator_3', 'example_branch_datetime_operator']) retrieved from /home/airflow/.local/lib/python3.7/site-packages/airflow/example_dags/example_branch_datetime_operator.py
[2024-01-06T09:25:31.304+0000] {logging_mixin.py:137} INFO - [2024-01-06T09:25:31.304+0000] {dag.py:2690} INFO - Sync 3 DAGs
[2024-01-06T09:25:31.319+0000] {logging_mixin.py:137} INFO - [2024-01-06T09:25:31.319+0000] {dag.py:3441} INFO - Setting next_dagrun for example_branch_datetime_operator to 2024-01-05T00:00:00+00:00, run_after=2024-01-06T00:00:00+00:00
[2024-01-06T09:25:31.322+0000] {logging_mixin.py:137} INFO - [2024-01-06T09:25:31.322+0000] {dag.py:3441} INFO - Setting next_dagrun for example_branch_datetime_operator_2 to 2024-01-05T00:00:00+00:00, run_after=2024-01-06T00:00:00+00:00
[2024-01-06T09:25:31.323+0000] {logging_mixin.py:137} INFO - [2024-01-06T09:25:31.323+0000] {dag.py:3441} INFO - Setting next_dagrun for example_branch_datetime_operator_3 to 2024-01-05T00:00:00+00:00, run_after=2024-01-06T00:00:00+00:00
[2024-01-06T09:25:31.332+0000] {processor.py:175} INFO - Processing /home/airflow/.local/lib/python3.7/site-packages/airflow/example_dags/example_branch_datetime_operator.py took 0.056 seconds
