[2024-01-06T09:11:12.126+0000] {processor.py:153} INFO - Started process (PID=103) to work on /home/airflow/.local/lib/python3.7/site-packages/airflow/example_dags/example_dynamic_task_mapping.py
[2024-01-06T09:11:12.127+0000] {processor.py:743} INFO - Processing file /home/airflow/.local/lib/python3.7/site-packages/airflow/example_dags/example_dynamic_task_mapping.py for tasks to queue
[2024-01-06T09:11:12.128+0000] {logging_mixin.py:137} INFO - [2024-01-06T09:11:12.128+0000] {dagbag.py:538} INFO - Filling up the DagBag from /home/airflow/.local/lib/python3.7/site-packages/airflow/example_dags/example_dynamic_task_mapping.py
[2024-01-06T09:11:12.145+0000] {processor.py:753} INFO - DAG(s) dict_keys(['example_dynamic_task_mapping']) retrieved from /home/airflow/.local/lib/python3.7/site-packages/airflow/example_dags/example_dynamic_task_mapping.py
[2024-01-06T09:11:12.212+0000] {logging_mixin.py:137} INFO - [2024-01-06T09:11:12.212+0000] {manager.py:504} INFO - Created Permission View: can edit on DAG:example_dynamic_task_mapping
[2024-01-06T09:11:12.217+0000] {logging_mixin.py:137} INFO - [2024-01-06T09:11:12.217+0000] {manager.py:504} INFO - Created Permission View: can read on DAG:example_dynamic_task_mapping
[2024-01-06T09:11:12.220+0000] {logging_mixin.py:137} INFO - [2024-01-06T09:11:12.220+0000] {manager.py:504} INFO - Created Permission View: can delete on DAG:example_dynamic_task_mapping
[2024-01-06T09:11:12.220+0000] {logging_mixin.py:137} INFO - [2024-01-06T09:11:12.220+0000] {dag.py:2690} INFO - Sync 1 DAGs
[2024-01-06T09:11:12.228+0000] {logging_mixin.py:137} INFO - [2024-01-06T09:11:12.228+0000] {dag.py:2711} INFO - Creating ORM DAG for example_dynamic_task_mapping
[2024-01-06T09:11:12.239+0000] {logging_mixin.py:137} INFO - [2024-01-06T09:11:12.238+0000] {dag.py:3441} INFO - Setting next_dagrun for example_dynamic_task_mapping to 2022-03-04T00:00:00+00:00, run_after=2022-03-05T00:00:00+00:00
[2024-01-06T09:11:12.251+0000] {processor.py:175} INFO - Processing /home/airflow/.local/lib/python3.7/site-packages/airflow/example_dags/example_dynamic_task_mapping.py took 0.127 seconds
[2024-01-06T09:11:42.622+0000] {processor.py:153} INFO - Started process (PID=192) to work on /home/airflow/.local/lib/python3.7/site-packages/airflow/example_dags/example_dynamic_task_mapping.py
[2024-01-06T09:11:42.623+0000] {processor.py:743} INFO - Processing file /home/airflow/.local/lib/python3.7/site-packages/airflow/example_dags/example_dynamic_task_mapping.py for tasks to queue
[2024-01-06T09:11:42.624+0000] {logging_mixin.py:137} INFO - [2024-01-06T09:11:42.624+0000] {dagbag.py:538} INFO - Filling up the DagBag from /home/airflow/.local/lib/python3.7/site-packages/airflow/example_dags/example_dynamic_task_mapping.py
[2024-01-06T09:11:42.642+0000] {processor.py:753} INFO - DAG(s) dict_keys(['example_dynamic_task_mapping']) retrieved from /home/airflow/.local/lib/python3.7/site-packages/airflow/example_dags/example_dynamic_task_mapping.py
[2024-01-06T09:11:42.664+0000] {logging_mixin.py:137} INFO - [2024-01-06T09:11:42.664+0000] {dag.py:2690} INFO - Sync 1 DAGs
[2024-01-06T09:11:42.679+0000] {logging_mixin.py:137} INFO - [2024-01-06T09:11:42.679+0000] {dag.py:3441} INFO - Setting next_dagrun for example_dynamic_task_mapping to 2022-03-04T00:00:00+00:00, run_after=2022-03-05T00:00:00+00:00
[2024-01-06T09:11:42.696+0000] {processor.py:175} INFO - Processing /home/airflow/.local/lib/python3.7/site-packages/airflow/example_dags/example_dynamic_task_mapping.py took 0.077 seconds
[2024-01-06T09:12:13.577+0000] {processor.py:153} INFO - Started process (PID=264) to work on /home/airflow/.local/lib/python3.7/site-packages/airflow/example_dags/example_dynamic_task_mapping.py
[2024-01-06T09:12:13.578+0000] {processor.py:743} INFO - Processing file /home/airflow/.local/lib/python3.7/site-packages/airflow/example_dags/example_dynamic_task_mapping.py for tasks to queue
[2024-01-06T09:12:13.578+0000] {logging_mixin.py:137} INFO - [2024-01-06T09:12:13.578+0000] {dagbag.py:538} INFO - Filling up the DagBag from /home/airflow/.local/lib/python3.7/site-packages/airflow/example_dags/example_dynamic_task_mapping.py
[2024-01-06T09:12:13.589+0000] {processor.py:753} INFO - DAG(s) dict_keys(['example_dynamic_task_mapping']) retrieved from /home/airflow/.local/lib/python3.7/site-packages/airflow/example_dags/example_dynamic_task_mapping.py
[2024-01-06T09:12:13.602+0000] {logging_mixin.py:137} INFO - [2024-01-06T09:12:13.602+0000] {dag.py:2690} INFO - Sync 1 DAGs
[2024-01-06T09:12:13.613+0000] {logging_mixin.py:137} INFO - [2024-01-06T09:12:13.613+0000] {dag.py:3441} INFO - Setting next_dagrun for example_dynamic_task_mapping to 2022-03-04T00:00:00+00:00, run_after=2022-03-05T00:00:00+00:00
[2024-01-06T09:12:13.621+0000] {processor.py:175} INFO - Processing /home/airflow/.local/lib/python3.7/site-packages/airflow/example_dags/example_dynamic_task_mapping.py took 0.045 seconds
[2024-01-06T09:12:44.354+0000] {processor.py:153} INFO - Started process (PID=353) to work on /home/airflow/.local/lib/python3.7/site-packages/airflow/example_dags/example_dynamic_task_mapping.py
[2024-01-06T09:12:44.354+0000] {processor.py:743} INFO - Processing file /home/airflow/.local/lib/python3.7/site-packages/airflow/example_dags/example_dynamic_task_mapping.py for tasks to queue
[2024-01-06T09:12:44.355+0000] {logging_mixin.py:137} INFO - [2024-01-06T09:12:44.354+0000] {dagbag.py:538} INFO - Filling up the DagBag from /home/airflow/.local/lib/python3.7/site-packages/airflow/example_dags/example_dynamic_task_mapping.py
[2024-01-06T09:12:44.367+0000] {processor.py:753} INFO - DAG(s) dict_keys(['example_dynamic_task_mapping']) retrieved from /home/airflow/.local/lib/python3.7/site-packages/airflow/example_dags/example_dynamic_task_mapping.py
[2024-01-06T09:12:44.380+0000] {logging_mixin.py:137} INFO - [2024-01-06T09:12:44.380+0000] {dag.py:2690} INFO - Sync 1 DAGs
[2024-01-06T09:12:44.392+0000] {logging_mixin.py:137} INFO - [2024-01-06T09:12:44.392+0000] {dag.py:3441} INFO - Setting next_dagrun for example_dynamic_task_mapping to 2022-03-04T00:00:00+00:00, run_after=2022-03-05T00:00:00+00:00
[2024-01-06T09:12:44.400+0000] {processor.py:175} INFO - Processing /home/airflow/.local/lib/python3.7/site-packages/airflow/example_dags/example_dynamic_task_mapping.py took 0.048 seconds
