[2024-01-06T09:11:13.177+0000] {processor.py:153} INFO - Started process (PID=118) to work on /home/airflow/.local/lib/python3.7/site-packages/airflow/example_dags/example_nested_branch_dag.py
[2024-01-06T09:11:13.177+0000] {processor.py:743} INFO - Processing file /home/airflow/.local/lib/python3.7/site-packages/airflow/example_dags/example_nested_branch_dag.py for tasks to queue
[2024-01-06T09:11:13.178+0000] {logging_mixin.py:137} INFO - [2024-01-06T09:11:13.178+0000] {dagbag.py:538} INFO - Filling up the DagBag from /home/airflow/.local/lib/python3.7/site-packages/airflow/example_dags/example_nested_branch_dag.py
[2024-01-06T09:11:13.191+0000] {processor.py:753} INFO - DAG(s) dict_keys(['example_nested_branch_dag']) retrieved from /home/airflow/.local/lib/python3.7/site-packages/airflow/example_dags/example_nested_branch_dag.py
[2024-01-06T09:11:13.244+0000] {logging_mixin.py:137} INFO - [2024-01-06T09:11:13.244+0000] {manager.py:504} INFO - Created Permission View: can edit on DAG:example_nested_branch_dag
[2024-01-06T09:11:13.247+0000] {logging_mixin.py:137} INFO - [2024-01-06T09:11:13.247+0000] {manager.py:504} INFO - Created Permission View: can read on DAG:example_nested_branch_dag
[2024-01-06T09:11:13.250+0000] {logging_mixin.py:137} INFO - [2024-01-06T09:11:13.250+0000] {manager.py:504} INFO - Created Permission View: can delete on DAG:example_nested_branch_dag
[2024-01-06T09:11:13.250+0000] {logging_mixin.py:137} INFO - [2024-01-06T09:11:13.250+0000] {dag.py:2690} INFO - Sync 1 DAGs
[2024-01-06T09:11:13.256+0000] {logging_mixin.py:137} INFO - [2024-01-06T09:11:13.256+0000] {dag.py:2711} INFO - Creating ORM DAG for example_nested_branch_dag
[2024-01-06T09:11:13.261+0000] {logging_mixin.py:137} INFO - [2024-01-06T09:11:13.261+0000] {dag.py:3441} INFO - Setting next_dagrun for example_nested_branch_dag to 2024-01-05T00:00:00+00:00, run_after=2024-01-06T00:00:00+00:00
[2024-01-06T09:11:13.269+0000] {processor.py:175} INFO - Processing /home/airflow/.local/lib/python3.7/site-packages/airflow/example_dags/example_nested_branch_dag.py took 0.094 seconds
[2024-01-06T09:11:43.347+0000] {processor.py:153} INFO - Started process (PID=207) to work on /home/airflow/.local/lib/python3.7/site-packages/airflow/example_dags/example_nested_branch_dag.py
[2024-01-06T09:11:43.348+0000] {processor.py:743} INFO - Processing file /home/airflow/.local/lib/python3.7/site-packages/airflow/example_dags/example_nested_branch_dag.py for tasks to queue
[2024-01-06T09:11:43.348+0000] {logging_mixin.py:137} INFO - [2024-01-06T09:11:43.348+0000] {dagbag.py:538} INFO - Filling up the DagBag from /home/airflow/.local/lib/python3.7/site-packages/airflow/example_dags/example_nested_branch_dag.py
[2024-01-06T09:11:43.361+0000] {processor.py:753} INFO - DAG(s) dict_keys(['example_nested_branch_dag']) retrieved from /home/airflow/.local/lib/python3.7/site-packages/airflow/example_dags/example_nested_branch_dag.py
[2024-01-06T09:11:43.374+0000] {logging_mixin.py:137} INFO - [2024-01-06T09:11:43.374+0000] {dag.py:2690} INFO - Sync 1 DAGs
[2024-01-06T09:11:43.386+0000] {logging_mixin.py:137} INFO - [2024-01-06T09:11:43.386+0000] {dag.py:3441} INFO - Setting next_dagrun for example_nested_branch_dag to 2024-01-05T00:00:00+00:00, run_after=2024-01-06T00:00:00+00:00
[2024-01-06T09:11:43.394+0000] {processor.py:175} INFO - Processing /home/airflow/.local/lib/python3.7/site-packages/airflow/example_dags/example_nested_branch_dag.py took 0.049 seconds
[2024-01-06T09:12:14.068+0000] {processor.py:153} INFO - Started process (PID=279) to work on /home/airflow/.local/lib/python3.7/site-packages/airflow/example_dags/example_nested_branch_dag.py
[2024-01-06T09:12:14.068+0000] {processor.py:743} INFO - Processing file /home/airflow/.local/lib/python3.7/site-packages/airflow/example_dags/example_nested_branch_dag.py for tasks to queue
[2024-01-06T09:12:14.069+0000] {logging_mixin.py:137} INFO - [2024-01-06T09:12:14.069+0000] {dagbag.py:538} INFO - Filling up the DagBag from /home/airflow/.local/lib/python3.7/site-packages/airflow/example_dags/example_nested_branch_dag.py
[2024-01-06T09:12:14.082+0000] {processor.py:753} INFO - DAG(s) dict_keys(['example_nested_branch_dag']) retrieved from /home/airflow/.local/lib/python3.7/site-packages/airflow/example_dags/example_nested_branch_dag.py
[2024-01-06T09:12:14.094+0000] {logging_mixin.py:137} INFO - [2024-01-06T09:12:14.094+0000] {dag.py:2690} INFO - Sync 1 DAGs
[2024-01-06T09:12:14.105+0000] {logging_mixin.py:137} INFO - [2024-01-06T09:12:14.105+0000] {dag.py:3441} INFO - Setting next_dagrun for example_nested_branch_dag to 2024-01-05T00:00:00+00:00, run_after=2024-01-06T00:00:00+00:00
[2024-01-06T09:12:14.114+0000] {processor.py:175} INFO - Processing /home/airflow/.local/lib/python3.7/site-packages/airflow/example_dags/example_nested_branch_dag.py took 0.048 seconds
[2024-01-06T09:12:44.818+0000] {processor.py:153} INFO - Started process (PID=368) to work on /home/airflow/.local/lib/python3.7/site-packages/airflow/example_dags/example_nested_branch_dag.py
[2024-01-06T09:12:44.818+0000] {processor.py:743} INFO - Processing file /home/airflow/.local/lib/python3.7/site-packages/airflow/example_dags/example_nested_branch_dag.py for tasks to queue
[2024-01-06T09:12:44.818+0000] {logging_mixin.py:137} INFO - [2024-01-06T09:12:44.818+0000] {dagbag.py:538} INFO - Filling up the DagBag from /home/airflow/.local/lib/python3.7/site-packages/airflow/example_dags/example_nested_branch_dag.py
[2024-01-06T09:12:44.832+0000] {processor.py:753} INFO - DAG(s) dict_keys(['example_nested_branch_dag']) retrieved from /home/airflow/.local/lib/python3.7/site-packages/airflow/example_dags/example_nested_branch_dag.py
[2024-01-06T09:12:44.844+0000] {logging_mixin.py:137} INFO - [2024-01-06T09:12:44.844+0000] {dag.py:2690} INFO - Sync 1 DAGs
[2024-01-06T09:12:44.857+0000] {logging_mixin.py:137} INFO - [2024-01-06T09:12:44.857+0000] {dag.py:3441} INFO - Setting next_dagrun for example_nested_branch_dag to 2024-01-05T00:00:00+00:00, run_after=2024-01-06T00:00:00+00:00
[2024-01-06T09:12:44.865+0000] {processor.py:175} INFO - Processing /home/airflow/.local/lib/python3.7/site-packages/airflow/example_dags/example_nested_branch_dag.py took 0.049 seconds
