[2024-01-06T09:11:13.290+0000] {processor.py:153} INFO - Started process (PID=121) to work on /home/airflow/.local/lib/python3.7/site-packages/airflow/example_dags/example_branch_operator.py
[2024-01-06T09:11:13.291+0000] {processor.py:743} INFO - Processing file /home/airflow/.local/lib/python3.7/site-packages/airflow/example_dags/example_branch_operator.py for tasks to queue
[2024-01-06T09:11:13.291+0000] {logging_mixin.py:137} INFO - [2024-01-06T09:11:13.291+0000] {dagbag.py:538} INFO - Filling up the DagBag from /home/airflow/.local/lib/python3.7/site-packages/airflow/example_dags/example_branch_operator.py
[2024-01-06T09:11:13.300+0000] {processor.py:753} INFO - DAG(s) dict_keys(['example_branch_operator']) retrieved from /home/airflow/.local/lib/python3.7/site-packages/airflow/example_dags/example_branch_operator.py
[2024-01-06T09:11:13.351+0000] {logging_mixin.py:137} INFO - [2024-01-06T09:11:13.351+0000] {manager.py:504} INFO - Created Permission View: can edit on DAG:example_branch_operator
[2024-01-06T09:11:13.355+0000] {logging_mixin.py:137} INFO - [2024-01-06T09:11:13.355+0000] {manager.py:504} INFO - Created Permission View: can read on DAG:example_branch_operator
[2024-01-06T09:11:13.358+0000] {logging_mixin.py:137} INFO - [2024-01-06T09:11:13.358+0000] {manager.py:504} INFO - Created Permission View: can delete on DAG:example_branch_operator
[2024-01-06T09:11:13.358+0000] {logging_mixin.py:137} INFO - [2024-01-06T09:11:13.358+0000] {dag.py:2690} INFO - Sync 1 DAGs
[2024-01-06T09:11:13.364+0000] {logging_mixin.py:137} INFO - [2024-01-06T09:11:13.364+0000] {dag.py:2711} INFO - Creating ORM DAG for example_branch_operator
[2024-01-06T09:11:13.369+0000] {logging_mixin.py:137} INFO - [2024-01-06T09:11:13.369+0000] {dag.py:3441} INFO - Setting next_dagrun for example_branch_operator to 2024-01-05T00:00:00+00:00, run_after=2024-01-06T00:00:00+00:00
[2024-01-06T09:11:13.377+0000] {processor.py:175} INFO - Processing /home/airflow/.local/lib/python3.7/site-packages/airflow/example_dags/example_branch_operator.py took 0.089 seconds
[2024-01-06T09:11:43.463+0000] {processor.py:153} INFO - Started process (PID=210) to work on /home/airflow/.local/lib/python3.7/site-packages/airflow/example_dags/example_branch_operator.py
[2024-01-06T09:11:43.464+0000] {processor.py:743} INFO - Processing file /home/airflow/.local/lib/python3.7/site-packages/airflow/example_dags/example_branch_operator.py for tasks to queue
[2024-01-06T09:11:43.464+0000] {logging_mixin.py:137} INFO - [2024-01-06T09:11:43.464+0000] {dagbag.py:538} INFO - Filling up the DagBag from /home/airflow/.local/lib/python3.7/site-packages/airflow/example_dags/example_branch_operator.py
[2024-01-06T09:11:43.473+0000] {processor.py:753} INFO - DAG(s) dict_keys(['example_branch_operator']) retrieved from /home/airflow/.local/lib/python3.7/site-packages/airflow/example_dags/example_branch_operator.py
[2024-01-06T09:11:43.486+0000] {logging_mixin.py:137} INFO - [2024-01-06T09:11:43.485+0000] {dag.py:2690} INFO - Sync 1 DAGs
[2024-01-06T09:11:43.497+0000] {logging_mixin.py:137} INFO - [2024-01-06T09:11:43.497+0000] {dag.py:3441} INFO - Setting next_dagrun for example_branch_operator to 2024-01-05T00:00:00+00:00, run_after=2024-01-06T00:00:00+00:00
[2024-01-06T09:11:43.504+0000] {processor.py:175} INFO - Processing /home/airflow/.local/lib/python3.7/site-packages/airflow/example_dags/example_branch_operator.py took 0.042 seconds
[2024-01-06T09:12:14.176+0000] {processor.py:153} INFO - Started process (PID=282) to work on /home/airflow/.local/lib/python3.7/site-packages/airflow/example_dags/example_branch_operator.py
[2024-01-06T09:12:14.176+0000] {processor.py:743} INFO - Processing file /home/airflow/.local/lib/python3.7/site-packages/airflow/example_dags/example_branch_operator.py for tasks to queue
[2024-01-06T09:12:14.177+0000] {logging_mixin.py:137} INFO - [2024-01-06T09:12:14.177+0000] {dagbag.py:538} INFO - Filling up the DagBag from /home/airflow/.local/lib/python3.7/site-packages/airflow/example_dags/example_branch_operator.py
[2024-01-06T09:12:14.187+0000] {processor.py:753} INFO - DAG(s) dict_keys(['example_branch_operator']) retrieved from /home/airflow/.local/lib/python3.7/site-packages/airflow/example_dags/example_branch_operator.py
[2024-01-06T09:12:14.201+0000] {logging_mixin.py:137} INFO - [2024-01-06T09:12:14.201+0000] {dag.py:2690} INFO - Sync 1 DAGs
[2024-01-06T09:12:14.213+0000] {logging_mixin.py:137} INFO - [2024-01-06T09:12:14.213+0000] {dag.py:3441} INFO - Setting next_dagrun for example_branch_operator to 2024-01-05T00:00:00+00:00, run_after=2024-01-06T00:00:00+00:00
[2024-01-06T09:12:14.221+0000] {processor.py:175} INFO - Processing /home/airflow/.local/lib/python3.7/site-packages/airflow/example_dags/example_branch_operator.py took 0.047 seconds
[2024-01-06T09:12:44.932+0000] {processor.py:153} INFO - Started process (PID=371) to work on /home/airflow/.local/lib/python3.7/site-packages/airflow/example_dags/example_branch_operator.py
[2024-01-06T09:12:44.933+0000] {processor.py:743} INFO - Processing file /home/airflow/.local/lib/python3.7/site-packages/airflow/example_dags/example_branch_operator.py for tasks to queue
[2024-01-06T09:12:44.933+0000] {logging_mixin.py:137} INFO - [2024-01-06T09:12:44.933+0000] {dagbag.py:538} INFO - Filling up the DagBag from /home/airflow/.local/lib/python3.7/site-packages/airflow/example_dags/example_branch_operator.py
[2024-01-06T09:12:44.942+0000] {processor.py:753} INFO - DAG(s) dict_keys(['example_branch_operator']) retrieved from /home/airflow/.local/lib/python3.7/site-packages/airflow/example_dags/example_branch_operator.py
[2024-01-06T09:12:44.954+0000] {logging_mixin.py:137} INFO - [2024-01-06T09:12:44.954+0000] {dag.py:2690} INFO - Sync 1 DAGs
[2024-01-06T09:12:44.966+0000] {logging_mixin.py:137} INFO - [2024-01-06T09:12:44.966+0000] {dag.py:3441} INFO - Setting next_dagrun for example_branch_operator to 2024-01-05T00:00:00+00:00, run_after=2024-01-06T00:00:00+00:00
[2024-01-06T09:12:44.973+0000] {processor.py:175} INFO - Processing /home/airflow/.local/lib/python3.7/site-packages/airflow/example_dags/example_branch_operator.py took 0.042 seconds
[2024-01-06T09:13:15.545+0000] {processor.py:153} INFO - Started process (PID=460) to work on /home/airflow/.local/lib/python3.7/site-packages/airflow/example_dags/example_branch_operator.py
[2024-01-06T09:13:15.545+0000] {processor.py:743} INFO - Processing file /home/airflow/.local/lib/python3.7/site-packages/airflow/example_dags/example_branch_operator.py for tasks to queue
[2024-01-06T09:13:15.546+0000] {logging_mixin.py:137} INFO - [2024-01-06T09:13:15.546+0000] {dagbag.py:538} INFO - Filling up the DagBag from /home/airflow/.local/lib/python3.7/site-packages/airflow/example_dags/example_branch_operator.py
[2024-01-06T09:13:15.554+0000] {processor.py:753} INFO - DAG(s) dict_keys(['example_branch_operator']) retrieved from /home/airflow/.local/lib/python3.7/site-packages/airflow/example_dags/example_branch_operator.py
[2024-01-06T09:13:15.566+0000] {logging_mixin.py:137} INFO - [2024-01-06T09:13:15.566+0000] {dag.py:2690} INFO - Sync 1 DAGs
[2024-01-06T09:13:15.578+0000] {logging_mixin.py:137} INFO - [2024-01-06T09:13:15.578+0000] {dag.py:3441} INFO - Setting next_dagrun for example_branch_operator to 2024-01-05T00:00:00+00:00, run_after=2024-01-06T00:00:00+00:00
[2024-01-06T09:13:15.586+0000] {processor.py:175} INFO - Processing /home/airflow/.local/lib/python3.7/site-packages/airflow/example_dags/example_branch_operator.py took 0.043 seconds
[2024-01-06T09:13:46.159+0000] {processor.py:153} INFO - Started process (PID=549) to work on /home/airflow/.local/lib/python3.7/site-packages/airflow/example_dags/example_branch_operator.py
[2024-01-06T09:13:46.159+0000] {processor.py:743} INFO - Processing file /home/airflow/.local/lib/python3.7/site-packages/airflow/example_dags/example_branch_operator.py for tasks to queue
[2024-01-06T09:13:46.160+0000] {logging_mixin.py:137} INFO - [2024-01-06T09:13:46.160+0000] {dagbag.py:538} INFO - Filling up the DagBag from /home/airflow/.local/lib/python3.7/site-packages/airflow/example_dags/example_branch_operator.py
[2024-01-06T09:13:46.169+0000] {processor.py:753} INFO - DAG(s) dict_keys(['example_branch_operator']) retrieved from /home/airflow/.local/lib/python3.7/site-packages/airflow/example_dags/example_branch_operator.py
[2024-01-06T09:13:46.182+0000] {logging_mixin.py:137} INFO - [2024-01-06T09:13:46.182+0000] {dag.py:2690} INFO - Sync 1 DAGs
[2024-01-06T09:13:46.195+0000] {logging_mixin.py:137} INFO - [2024-01-06T09:13:46.195+0000] {dag.py:3441} INFO - Setting next_dagrun for example_branch_operator to 2024-01-05T00:00:00+00:00, run_after=2024-01-06T00:00:00+00:00
[2024-01-06T09:13:46.204+0000] {processor.py:175} INFO - Processing /home/airflow/.local/lib/python3.7/site-packages/airflow/example_dags/example_branch_operator.py took 0.047 seconds
[2024-01-06T09:14:16.881+0000] {processor.py:153} INFO - Started process (PID=622) to work on /home/airflow/.local/lib/python3.7/site-packages/airflow/example_dags/example_branch_operator.py
[2024-01-06T09:14:16.881+0000] {processor.py:743} INFO - Processing file /home/airflow/.local/lib/python3.7/site-packages/airflow/example_dags/example_branch_operator.py for tasks to queue
[2024-01-06T09:14:16.882+0000] {logging_mixin.py:137} INFO - [2024-01-06T09:14:16.882+0000] {dagbag.py:538} INFO - Filling up the DagBag from /home/airflow/.local/lib/python3.7/site-packages/airflow/example_dags/example_branch_operator.py
[2024-01-06T09:14:16.890+0000] {processor.py:753} INFO - DAG(s) dict_keys(['example_branch_operator']) retrieved from /home/airflow/.local/lib/python3.7/site-packages/airflow/example_dags/example_branch_operator.py
[2024-01-06T09:14:16.904+0000] {logging_mixin.py:137} INFO - [2024-01-06T09:14:16.904+0000] {dag.py:2690} INFO - Sync 1 DAGs
[2024-01-06T09:14:16.915+0000] {logging_mixin.py:137} INFO - [2024-01-06T09:14:16.915+0000] {dag.py:3441} INFO - Setting next_dagrun for example_branch_operator to 2024-01-05T00:00:00+00:00, run_after=2024-01-06T00:00:00+00:00
[2024-01-06T09:14:16.923+0000] {processor.py:175} INFO - Processing /home/airflow/.local/lib/python3.7/site-packages/airflow/example_dags/example_branch_operator.py took 0.044 seconds
[2024-01-06T09:14:47.549+0000] {processor.py:153} INFO - Started process (PID=711) to work on /home/airflow/.local/lib/python3.7/site-packages/airflow/example_dags/example_branch_operator.py
[2024-01-06T09:14:47.550+0000] {processor.py:743} INFO - Processing file /home/airflow/.local/lib/python3.7/site-packages/airflow/example_dags/example_branch_operator.py for tasks to queue
[2024-01-06T09:14:47.550+0000] {logging_mixin.py:137} INFO - [2024-01-06T09:14:47.550+0000] {dagbag.py:538} INFO - Filling up the DagBag from /home/airflow/.local/lib/python3.7/site-packages/airflow/example_dags/example_branch_operator.py
[2024-01-06T09:14:47.559+0000] {processor.py:753} INFO - DAG(s) dict_keys(['example_branch_operator']) retrieved from /home/airflow/.local/lib/python3.7/site-packages/airflow/example_dags/example_branch_operator.py
[2024-01-06T09:14:47.571+0000] {logging_mixin.py:137} INFO - [2024-01-06T09:14:47.571+0000] {dag.py:2690} INFO - Sync 1 DAGs
[2024-01-06T09:14:47.583+0000] {logging_mixin.py:137} INFO - [2024-01-06T09:14:47.583+0000] {dag.py:3441} INFO - Setting next_dagrun for example_branch_operator to 2024-01-05T00:00:00+00:00, run_after=2024-01-06T00:00:00+00:00
[2024-01-06T09:14:47.591+0000] {processor.py:175} INFO - Processing /home/airflow/.local/lib/python3.7/site-packages/airflow/example_dags/example_branch_operator.py took 0.043 seconds
[2024-01-06T09:15:18.321+0000] {processor.py:153} INFO - Started process (PID=800) to work on /home/airflow/.local/lib/python3.7/site-packages/airflow/example_dags/example_branch_operator.py
[2024-01-06T09:15:18.321+0000] {processor.py:743} INFO - Processing file /home/airflow/.local/lib/python3.7/site-packages/airflow/example_dags/example_branch_operator.py for tasks to queue
[2024-01-06T09:15:18.322+0000] {logging_mixin.py:137} INFO - [2024-01-06T09:15:18.321+0000] {dagbag.py:538} INFO - Filling up the DagBag from /home/airflow/.local/lib/python3.7/site-packages/airflow/example_dags/example_branch_operator.py
[2024-01-06T09:15:18.330+0000] {processor.py:753} INFO - DAG(s) dict_keys(['example_branch_operator']) retrieved from /home/airflow/.local/lib/python3.7/site-packages/airflow/example_dags/example_branch_operator.py
[2024-01-06T09:15:18.342+0000] {logging_mixin.py:137} INFO - [2024-01-06T09:15:18.342+0000] {dag.py:2690} INFO - Sync 1 DAGs
[2024-01-06T09:15:18.354+0000] {logging_mixin.py:137} INFO - [2024-01-06T09:15:18.354+0000] {dag.py:3441} INFO - Setting next_dagrun for example_branch_operator to 2024-01-05T00:00:00+00:00, run_after=2024-01-06T00:00:00+00:00
[2024-01-06T09:15:18.361+0000] {processor.py:175} INFO - Processing /home/airflow/.local/lib/python3.7/site-packages/airflow/example_dags/example_branch_operator.py took 0.043 seconds
[2024-01-06T09:15:49.090+0000] {processor.py:153} INFO - Started process (PID=888) to work on /home/airflow/.local/lib/python3.7/site-packages/airflow/example_dags/example_branch_operator.py
[2024-01-06T09:15:49.090+0000] {processor.py:743} INFO - Processing file /home/airflow/.local/lib/python3.7/site-packages/airflow/example_dags/example_branch_operator.py for tasks to queue
[2024-01-06T09:15:49.091+0000] {logging_mixin.py:137} INFO - [2024-01-06T09:15:49.091+0000] {dagbag.py:538} INFO - Filling up the DagBag from /home/airflow/.local/lib/python3.7/site-packages/airflow/example_dags/example_branch_operator.py
[2024-01-06T09:15:49.100+0000] {processor.py:753} INFO - DAG(s) dict_keys(['example_branch_operator']) retrieved from /home/airflow/.local/lib/python3.7/site-packages/airflow/example_dags/example_branch_operator.py
[2024-01-06T09:15:49.114+0000] {logging_mixin.py:137} INFO - [2024-01-06T09:15:49.114+0000] {dag.py:2690} INFO - Sync 1 DAGs
[2024-01-06T09:15:49.127+0000] {logging_mixin.py:137} INFO - [2024-01-06T09:15:49.127+0000] {dag.py:3441} INFO - Setting next_dagrun for example_branch_operator to 2024-01-05T00:00:00+00:00, run_after=2024-01-06T00:00:00+00:00
[2024-01-06T09:15:49.137+0000] {processor.py:175} INFO - Processing /home/airflow/.local/lib/python3.7/site-packages/airflow/example_dags/example_branch_operator.py took 0.050 seconds
[2024-01-06T09:16:19.742+0000] {processor.py:153} INFO - Started process (PID=961) to work on /home/airflow/.local/lib/python3.7/site-packages/airflow/example_dags/example_branch_operator.py
[2024-01-06T09:16:19.742+0000] {processor.py:743} INFO - Processing file /home/airflow/.local/lib/python3.7/site-packages/airflow/example_dags/example_branch_operator.py for tasks to queue
[2024-01-06T09:16:19.743+0000] {logging_mixin.py:137} INFO - [2024-01-06T09:16:19.743+0000] {dagbag.py:538} INFO - Filling up the DagBag from /home/airflow/.local/lib/python3.7/site-packages/airflow/example_dags/example_branch_operator.py
[2024-01-06T09:16:19.751+0000] {processor.py:753} INFO - DAG(s) dict_keys(['example_branch_operator']) retrieved from /home/airflow/.local/lib/python3.7/site-packages/airflow/example_dags/example_branch_operator.py
[2024-01-06T09:16:19.765+0000] {logging_mixin.py:137} INFO - [2024-01-06T09:16:19.765+0000] {dag.py:2690} INFO - Sync 1 DAGs
[2024-01-06T09:16:19.777+0000] {logging_mixin.py:137} INFO - [2024-01-06T09:16:19.777+0000] {dag.py:3441} INFO - Setting next_dagrun for example_branch_operator to 2024-01-05T00:00:00+00:00, run_after=2024-01-06T00:00:00+00:00
[2024-01-06T09:16:19.785+0000] {processor.py:175} INFO - Processing /home/airflow/.local/lib/python3.7/site-packages/airflow/example_dags/example_branch_operator.py took 0.045 seconds
[2024-01-06T09:16:50.281+0000] {processor.py:153} INFO - Started process (PID=1050) to work on /home/airflow/.local/lib/python3.7/site-packages/airflow/example_dags/example_branch_operator.py
[2024-01-06T09:16:50.282+0000] {processor.py:743} INFO - Processing file /home/airflow/.local/lib/python3.7/site-packages/airflow/example_dags/example_branch_operator.py for tasks to queue
[2024-01-06T09:16:50.282+0000] {logging_mixin.py:137} INFO - [2024-01-06T09:16:50.282+0000] {dagbag.py:538} INFO - Filling up the DagBag from /home/airflow/.local/lib/python3.7/site-packages/airflow/example_dags/example_branch_operator.py
[2024-01-06T09:16:50.291+0000] {processor.py:753} INFO - DAG(s) dict_keys(['example_branch_operator']) retrieved from /home/airflow/.local/lib/python3.7/site-packages/airflow/example_dags/example_branch_operator.py
[2024-01-06T09:16:50.304+0000] {logging_mixin.py:137} INFO - [2024-01-06T09:16:50.304+0000] {dag.py:2690} INFO - Sync 1 DAGs
[2024-01-06T09:16:50.316+0000] {logging_mixin.py:137} INFO - [2024-01-06T09:16:50.316+0000] {dag.py:3441} INFO - Setting next_dagrun for example_branch_operator to 2024-01-05T00:00:00+00:00, run_after=2024-01-06T00:00:00+00:00
[2024-01-06T09:16:50.324+0000] {processor.py:175} INFO - Processing /home/airflow/.local/lib/python3.7/site-packages/airflow/example_dags/example_branch_operator.py took 0.045 seconds
[2024-01-06T09:17:20.893+0000] {processor.py:153} INFO - Started process (PID=1139) to work on /home/airflow/.local/lib/python3.7/site-packages/airflow/example_dags/example_branch_operator.py
[2024-01-06T09:17:20.893+0000] {processor.py:743} INFO - Processing file /home/airflow/.local/lib/python3.7/site-packages/airflow/example_dags/example_branch_operator.py for tasks to queue
[2024-01-06T09:17:20.894+0000] {logging_mixin.py:137} INFO - [2024-01-06T09:17:20.894+0000] {dagbag.py:538} INFO - Filling up the DagBag from /home/airflow/.local/lib/python3.7/site-packages/airflow/example_dags/example_branch_operator.py
[2024-01-06T09:17:20.902+0000] {processor.py:753} INFO - DAG(s) dict_keys(['example_branch_operator']) retrieved from /home/airflow/.local/lib/python3.7/site-packages/airflow/example_dags/example_branch_operator.py
[2024-01-06T09:17:20.916+0000] {logging_mixin.py:137} INFO - [2024-01-06T09:17:20.916+0000] {dag.py:2690} INFO - Sync 1 DAGs
[2024-01-06T09:17:20.928+0000] {logging_mixin.py:137} INFO - [2024-01-06T09:17:20.928+0000] {dag.py:3441} INFO - Setting next_dagrun for example_branch_operator to 2024-01-05T00:00:00+00:00, run_after=2024-01-06T00:00:00+00:00
[2024-01-06T09:17:20.936+0000] {processor.py:175} INFO - Processing /home/airflow/.local/lib/python3.7/site-packages/airflow/example_dags/example_branch_operator.py took 0.045 seconds
[2024-01-06T09:17:51.666+0000] {processor.py:153} INFO - Started process (PID=1221) to work on /home/airflow/.local/lib/python3.7/site-packages/airflow/example_dags/example_branch_operator.py
[2024-01-06T09:17:51.666+0000] {processor.py:743} INFO - Processing file /home/airflow/.local/lib/python3.7/site-packages/airflow/example_dags/example_branch_operator.py for tasks to queue
[2024-01-06T09:17:51.667+0000] {logging_mixin.py:137} INFO - [2024-01-06T09:17:51.667+0000] {dagbag.py:538} INFO - Filling up the DagBag from /home/airflow/.local/lib/python3.7/site-packages/airflow/example_dags/example_branch_operator.py
[2024-01-06T09:17:51.676+0000] {processor.py:753} INFO - DAG(s) dict_keys(['example_branch_operator']) retrieved from /home/airflow/.local/lib/python3.7/site-packages/airflow/example_dags/example_branch_operator.py
[2024-01-06T09:17:51.691+0000] {logging_mixin.py:137} INFO - [2024-01-06T09:17:51.691+0000] {dag.py:2690} INFO - Sync 1 DAGs
[2024-01-06T09:17:51.704+0000] {logging_mixin.py:137} INFO - [2024-01-06T09:17:51.704+0000] {dag.py:3441} INFO - Setting next_dagrun for example_branch_operator to 2024-01-05T00:00:00+00:00, run_after=2024-01-06T00:00:00+00:00
[2024-01-06T09:17:51.713+0000] {processor.py:175} INFO - Processing /home/airflow/.local/lib/python3.7/site-packages/airflow/example_dags/example_branch_operator.py took 0.049 seconds
[2024-01-06T09:18:22.379+0000] {processor.py:153} INFO - Started process (PID=1301) to work on /home/airflow/.local/lib/python3.7/site-packages/airflow/example_dags/example_branch_operator.py
[2024-01-06T09:18:22.379+0000] {processor.py:743} INFO - Processing file /home/airflow/.local/lib/python3.7/site-packages/airflow/example_dags/example_branch_operator.py for tasks to queue
[2024-01-06T09:18:22.380+0000] {logging_mixin.py:137} INFO - [2024-01-06T09:18:22.380+0000] {dagbag.py:538} INFO - Filling up the DagBag from /home/airflow/.local/lib/python3.7/site-packages/airflow/example_dags/example_branch_operator.py
[2024-01-06T09:18:22.388+0000] {processor.py:753} INFO - DAG(s) dict_keys(['example_branch_operator']) retrieved from /home/airflow/.local/lib/python3.7/site-packages/airflow/example_dags/example_branch_operator.py
[2024-01-06T09:18:22.402+0000] {logging_mixin.py:137} INFO - [2024-01-06T09:18:22.402+0000] {dag.py:2690} INFO - Sync 1 DAGs
[2024-01-06T09:18:22.414+0000] {logging_mixin.py:137} INFO - [2024-01-06T09:18:22.414+0000] {dag.py:3441} INFO - Setting next_dagrun for example_branch_operator to 2024-01-05T00:00:00+00:00, run_after=2024-01-06T00:00:00+00:00
[2024-01-06T09:18:22.422+0000] {processor.py:175} INFO - Processing /home/airflow/.local/lib/python3.7/site-packages/airflow/example_dags/example_branch_operator.py took 0.045 seconds
[2024-01-06T09:18:53.103+0000] {processor.py:153} INFO - Started process (PID=1389) to work on /home/airflow/.local/lib/python3.7/site-packages/airflow/example_dags/example_branch_operator.py
[2024-01-06T09:18:53.103+0000] {processor.py:743} INFO - Processing file /home/airflow/.local/lib/python3.7/site-packages/airflow/example_dags/example_branch_operator.py for tasks to queue
[2024-01-06T09:18:53.104+0000] {logging_mixin.py:137} INFO - [2024-01-06T09:18:53.104+0000] {dagbag.py:538} INFO - Filling up the DagBag from /home/airflow/.local/lib/python3.7/site-packages/airflow/example_dags/example_branch_operator.py
[2024-01-06T09:18:53.112+0000] {processor.py:753} INFO - DAG(s) dict_keys(['example_branch_operator']) retrieved from /home/airflow/.local/lib/python3.7/site-packages/airflow/example_dags/example_branch_operator.py
[2024-01-06T09:18:53.124+0000] {logging_mixin.py:137} INFO - [2024-01-06T09:18:53.124+0000] {dag.py:2690} INFO - Sync 1 DAGs
[2024-01-06T09:18:53.136+0000] {logging_mixin.py:137} INFO - [2024-01-06T09:18:53.136+0000] {dag.py:3441} INFO - Setting next_dagrun for example_branch_operator to 2024-01-05T00:00:00+00:00, run_after=2024-01-06T00:00:00+00:00
[2024-01-06T09:18:53.144+0000] {processor.py:175} INFO - Processing /home/airflow/.local/lib/python3.7/site-packages/airflow/example_dags/example_branch_operator.py took 0.043 seconds
[2024-01-06T09:19:23.730+0000] {processor.py:153} INFO - Started process (PID=1478) to work on /home/airflow/.local/lib/python3.7/site-packages/airflow/example_dags/example_branch_operator.py
[2024-01-06T09:19:23.731+0000] {processor.py:743} INFO - Processing file /home/airflow/.local/lib/python3.7/site-packages/airflow/example_dags/example_branch_operator.py for tasks to queue
[2024-01-06T09:19:23.731+0000] {logging_mixin.py:137} INFO - [2024-01-06T09:19:23.731+0000] {dagbag.py:538} INFO - Filling up the DagBag from /home/airflow/.local/lib/python3.7/site-packages/airflow/example_dags/example_branch_operator.py
[2024-01-06T09:19:23.740+0000] {processor.py:753} INFO - DAG(s) dict_keys(['example_branch_operator']) retrieved from /home/airflow/.local/lib/python3.7/site-packages/airflow/example_dags/example_branch_operator.py
[2024-01-06T09:19:23.754+0000] {logging_mixin.py:137} INFO - [2024-01-06T09:19:23.753+0000] {dag.py:2690} INFO - Sync 1 DAGs
[2024-01-06T09:19:23.765+0000] {logging_mixin.py:137} INFO - [2024-01-06T09:19:23.765+0000] {dag.py:3441} INFO - Setting next_dagrun for example_branch_operator to 2024-01-05T00:00:00+00:00, run_after=2024-01-06T00:00:00+00:00
[2024-01-06T09:19:23.773+0000] {processor.py:175} INFO - Processing /home/airflow/.local/lib/python3.7/site-packages/airflow/example_dags/example_branch_operator.py took 0.044 seconds
[2024-01-06T09:19:54.439+0000] {processor.py:153} INFO - Started process (PID=1559) to work on /home/airflow/.local/lib/python3.7/site-packages/airflow/example_dags/example_branch_operator.py
[2024-01-06T09:19:54.439+0000] {processor.py:743} INFO - Processing file /home/airflow/.local/lib/python3.7/site-packages/airflow/example_dags/example_branch_operator.py for tasks to queue
[2024-01-06T09:19:54.440+0000] {logging_mixin.py:137} INFO - [2024-01-06T09:19:54.440+0000] {dagbag.py:538} INFO - Filling up the DagBag from /home/airflow/.local/lib/python3.7/site-packages/airflow/example_dags/example_branch_operator.py
[2024-01-06T09:19:54.449+0000] {processor.py:753} INFO - DAG(s) dict_keys(['example_branch_operator']) retrieved from /home/airflow/.local/lib/python3.7/site-packages/airflow/example_dags/example_branch_operator.py
[2024-01-06T09:19:54.462+0000] {logging_mixin.py:137} INFO - [2024-01-06T09:19:54.462+0000] {dag.py:2690} INFO - Sync 1 DAGs
[2024-01-06T09:19:54.474+0000] {logging_mixin.py:137} INFO - [2024-01-06T09:19:54.474+0000] {dag.py:3441} INFO - Setting next_dagrun for example_branch_operator to 2024-01-05T00:00:00+00:00, run_after=2024-01-06T00:00:00+00:00
[2024-01-06T09:19:54.483+0000] {processor.py:175} INFO - Processing /home/airflow/.local/lib/python3.7/site-packages/airflow/example_dags/example_branch_operator.py took 0.046 seconds
[2024-01-06T09:20:25.020+0000] {processor.py:153} INFO - Started process (PID=1639) to work on /home/airflow/.local/lib/python3.7/site-packages/airflow/example_dags/example_branch_operator.py
[2024-01-06T09:20:25.021+0000] {processor.py:743} INFO - Processing file /home/airflow/.local/lib/python3.7/site-packages/airflow/example_dags/example_branch_operator.py for tasks to queue
[2024-01-06T09:20:25.021+0000] {logging_mixin.py:137} INFO - [2024-01-06T09:20:25.021+0000] {dagbag.py:538} INFO - Filling up the DagBag from /home/airflow/.local/lib/python3.7/site-packages/airflow/example_dags/example_branch_operator.py
[2024-01-06T09:20:25.030+0000] {processor.py:753} INFO - DAG(s) dict_keys(['example_branch_operator']) retrieved from /home/airflow/.local/lib/python3.7/site-packages/airflow/example_dags/example_branch_operator.py
[2024-01-06T09:20:25.042+0000] {logging_mixin.py:137} INFO - [2024-01-06T09:20:25.042+0000] {dag.py:2690} INFO - Sync 1 DAGs
[2024-01-06T09:20:25.054+0000] {logging_mixin.py:137} INFO - [2024-01-06T09:20:25.054+0000] {dag.py:3441} INFO - Setting next_dagrun for example_branch_operator to 2024-01-05T00:00:00+00:00, run_after=2024-01-06T00:00:00+00:00
[2024-01-06T09:20:25.062+0000] {processor.py:175} INFO - Processing /home/airflow/.local/lib/python3.7/site-packages/airflow/example_dags/example_branch_operator.py took 0.044 seconds
[2024-01-06T09:20:55.691+0000] {processor.py:153} INFO - Started process (PID=1728) to work on /home/airflow/.local/lib/python3.7/site-packages/airflow/example_dags/example_branch_operator.py
[2024-01-06T09:20:55.691+0000] {processor.py:743} INFO - Processing file /home/airflow/.local/lib/python3.7/site-packages/airflow/example_dags/example_branch_operator.py for tasks to queue
[2024-01-06T09:20:55.692+0000] {logging_mixin.py:137} INFO - [2024-01-06T09:20:55.692+0000] {dagbag.py:538} INFO - Filling up the DagBag from /home/airflow/.local/lib/python3.7/site-packages/airflow/example_dags/example_branch_operator.py
[2024-01-06T09:20:55.700+0000] {processor.py:753} INFO - DAG(s) dict_keys(['example_branch_operator']) retrieved from /home/airflow/.local/lib/python3.7/site-packages/airflow/example_dags/example_branch_operator.py
[2024-01-06T09:20:55.713+0000] {logging_mixin.py:137} INFO - [2024-01-06T09:20:55.713+0000] {dag.py:2690} INFO - Sync 1 DAGs
[2024-01-06T09:20:55.726+0000] {logging_mixin.py:137} INFO - [2024-01-06T09:20:55.726+0000] {dag.py:3441} INFO - Setting next_dagrun for example_branch_operator to 2024-01-05T00:00:00+00:00, run_after=2024-01-06T00:00:00+00:00
[2024-01-06T09:20:55.734+0000] {processor.py:175} INFO - Processing /home/airflow/.local/lib/python3.7/site-packages/airflow/example_dags/example_branch_operator.py took 0.045 seconds
[2024-01-06T09:21:26.471+0000] {processor.py:153} INFO - Started process (PID=1817) to work on /home/airflow/.local/lib/python3.7/site-packages/airflow/example_dags/example_branch_operator.py
[2024-01-06T09:21:26.471+0000] {processor.py:743} INFO - Processing file /home/airflow/.local/lib/python3.7/site-packages/airflow/example_dags/example_branch_operator.py for tasks to queue
[2024-01-06T09:21:26.472+0000] {logging_mixin.py:137} INFO - [2024-01-06T09:21:26.472+0000] {dagbag.py:538} INFO - Filling up the DagBag from /home/airflow/.local/lib/python3.7/site-packages/airflow/example_dags/example_branch_operator.py
[2024-01-06T09:21:26.480+0000] {processor.py:753} INFO - DAG(s) dict_keys(['example_branch_operator']) retrieved from /home/airflow/.local/lib/python3.7/site-packages/airflow/example_dags/example_branch_operator.py
[2024-01-06T09:21:26.494+0000] {logging_mixin.py:137} INFO - [2024-01-06T09:21:26.494+0000] {dag.py:2690} INFO - Sync 1 DAGs
[2024-01-06T09:21:26.506+0000] {logging_mixin.py:137} INFO - [2024-01-06T09:21:26.506+0000] {dag.py:3441} INFO - Setting next_dagrun for example_branch_operator to 2024-01-05T00:00:00+00:00, run_after=2024-01-06T00:00:00+00:00
[2024-01-06T09:21:26.514+0000] {processor.py:175} INFO - Processing /home/airflow/.local/lib/python3.7/site-packages/airflow/example_dags/example_branch_operator.py took 0.044 seconds
