[2024-01-06T09:11:10.739+0000] {processor.py:153} INFO - Started process (PID=86) to work on /home/airflow/.local/lib/python3.7/site-packages/airflow/example_dags/example_xcom.py
[2024-01-06T09:11:10.740+0000] {processor.py:743} INFO - Processing file /home/airflow/.local/lib/python3.7/site-packages/airflow/example_dags/example_xcom.py for tasks to queue
[2024-01-06T09:11:10.740+0000] {logging_mixin.py:137} INFO - [2024-01-06T09:11:10.740+0000] {dagbag.py:538} INFO - Filling up the DagBag from /home/airflow/.local/lib/python3.7/site-packages/airflow/example_dags/example_xcom.py
[2024-01-06T09:11:10.755+0000] {processor.py:753} INFO - DAG(s) dict_keys(['example_xcom']) retrieved from /home/airflow/.local/lib/python3.7/site-packages/airflow/example_dags/example_xcom.py
[2024-01-06T09:11:10.808+0000] {logging_mixin.py:137} INFO - [2024-01-06T09:11:10.808+0000] {manager.py:504} INFO - Created Permission View: can edit on DAG:example_xcom
[2024-01-06T09:11:10.812+0000] {logging_mixin.py:137} INFO - [2024-01-06T09:11:10.812+0000] {manager.py:504} INFO - Created Permission View: can read on DAG:example_xcom
[2024-01-06T09:11:10.815+0000] {logging_mixin.py:137} INFO - [2024-01-06T09:11:10.815+0000] {manager.py:504} INFO - Created Permission View: can delete on DAG:example_xcom
[2024-01-06T09:11:10.815+0000] {logging_mixin.py:137} INFO - [2024-01-06T09:11:10.815+0000] {dag.py:2690} INFO - Sync 1 DAGs
[2024-01-06T09:11:10.821+0000] {logging_mixin.py:137} INFO - [2024-01-06T09:11:10.821+0000] {dag.py:2711} INFO - Creating ORM DAG for example_xcom
[2024-01-06T09:11:10.827+0000] {logging_mixin.py:137} INFO - [2024-01-06T09:11:10.827+0000] {dag.py:3441} INFO - Setting next_dagrun for example_xcom to 2021-01-01T00:00:00+00:00, run_after=2021-01-01T00:00:00+00:00
[2024-01-06T09:11:10.836+0000] {processor.py:175} INFO - Processing /home/airflow/.local/lib/python3.7/site-packages/airflow/example_dags/example_xcom.py took 0.099 seconds
[2024-01-06T09:11:41.794+0000] {processor.py:153} INFO - Started process (PID=168) to work on /home/airflow/.local/lib/python3.7/site-packages/airflow/example_dags/example_xcom.py
[2024-01-06T09:11:41.794+0000] {processor.py:743} INFO - Processing file /home/airflow/.local/lib/python3.7/site-packages/airflow/example_dags/example_xcom.py for tasks to queue
[2024-01-06T09:11:41.795+0000] {logging_mixin.py:137} INFO - [2024-01-06T09:11:41.795+0000] {dagbag.py:538} INFO - Filling up the DagBag from /home/airflow/.local/lib/python3.7/site-packages/airflow/example_dags/example_xcom.py
[2024-01-06T09:11:41.807+0000] {processor.py:753} INFO - DAG(s) dict_keys(['example_xcom']) retrieved from /home/airflow/.local/lib/python3.7/site-packages/airflow/example_dags/example_xcom.py
[2024-01-06T09:11:41.820+0000] {logging_mixin.py:137} INFO - [2024-01-06T09:11:41.820+0000] {dag.py:2690} INFO - Sync 1 DAGs
[2024-01-06T09:11:41.832+0000] {logging_mixin.py:137} INFO - [2024-01-06T09:11:41.832+0000] {dag.py:3441} INFO - Setting next_dagrun for example_xcom to 2021-01-01T00:00:00+00:00, run_after=2021-01-01T00:00:00+00:00
[2024-01-06T09:11:41.840+0000] {processor.py:175} INFO - Processing /home/airflow/.local/lib/python3.7/site-packages/airflow/example_dags/example_xcom.py took 0.049 seconds
[2024-01-06T09:12:11.982+0000] {processor.py:153} INFO - Started process (PID=247) to work on /home/airflow/.local/lib/python3.7/site-packages/airflow/example_dags/example_xcom.py
[2024-01-06T09:12:11.983+0000] {processor.py:743} INFO - Processing file /home/airflow/.local/lib/python3.7/site-packages/airflow/example_dags/example_xcom.py for tasks to queue
[2024-01-06T09:12:11.983+0000] {logging_mixin.py:137} INFO - [2024-01-06T09:12:11.983+0000] {dagbag.py:538} INFO - Filling up the DagBag from /home/airflow/.local/lib/python3.7/site-packages/airflow/example_dags/example_xcom.py
[2024-01-06T09:12:11.994+0000] {processor.py:753} INFO - DAG(s) dict_keys(['example_xcom']) retrieved from /home/airflow/.local/lib/python3.7/site-packages/airflow/example_dags/example_xcom.py
[2024-01-06T09:12:12.007+0000] {logging_mixin.py:137} INFO - [2024-01-06T09:12:12.007+0000] {dag.py:2690} INFO - Sync 1 DAGs
[2024-01-06T09:12:12.017+0000] {logging_mixin.py:137} INFO - [2024-01-06T09:12:12.017+0000] {dag.py:3441} INFO - Setting next_dagrun for example_xcom to 2021-01-01T00:00:00+00:00, run_after=2021-01-01T00:00:00+00:00
[2024-01-06T09:12:12.025+0000] {processor.py:175} INFO - Processing /home/airflow/.local/lib/python3.7/site-packages/airflow/example_dags/example_xcom.py took 0.044 seconds
[2024-01-06T09:12:42.699+0000] {processor.py:153} INFO - Started process (PID=336) to work on /home/airflow/.local/lib/python3.7/site-packages/airflow/example_dags/example_xcom.py
[2024-01-06T09:12:42.700+0000] {processor.py:743} INFO - Processing file /home/airflow/.local/lib/python3.7/site-packages/airflow/example_dags/example_xcom.py for tasks to queue
[2024-01-06T09:12:42.700+0000] {logging_mixin.py:137} INFO - [2024-01-06T09:12:42.700+0000] {dagbag.py:538} INFO - Filling up the DagBag from /home/airflow/.local/lib/python3.7/site-packages/airflow/example_dags/example_xcom.py
[2024-01-06T09:12:42.711+0000] {processor.py:753} INFO - DAG(s) dict_keys(['example_xcom']) retrieved from /home/airflow/.local/lib/python3.7/site-packages/airflow/example_dags/example_xcom.py
[2024-01-06T09:12:42.724+0000] {logging_mixin.py:137} INFO - [2024-01-06T09:12:42.724+0000] {dag.py:2690} INFO - Sync 1 DAGs
[2024-01-06T09:12:42.735+0000] {logging_mixin.py:137} INFO - [2024-01-06T09:12:42.735+0000] {dag.py:3441} INFO - Setting next_dagrun for example_xcom to 2021-01-01T00:00:00+00:00, run_after=2021-01-01T00:00:00+00:00
[2024-01-06T09:12:42.743+0000] {processor.py:175} INFO - Processing /home/airflow/.local/lib/python3.7/site-packages/airflow/example_dags/example_xcom.py took 0.045 seconds
[2024-01-06T09:13:13.358+0000] {processor.py:153} INFO - Started process (PID=425) to work on /home/airflow/.local/lib/python3.7/site-packages/airflow/example_dags/example_xcom.py
[2024-01-06T09:13:13.358+0000] {processor.py:743} INFO - Processing file /home/airflow/.local/lib/python3.7/site-packages/airflow/example_dags/example_xcom.py for tasks to queue
[2024-01-06T09:13:13.358+0000] {logging_mixin.py:137} INFO - [2024-01-06T09:13:13.358+0000] {dagbag.py:538} INFO - Filling up the DagBag from /home/airflow/.local/lib/python3.7/site-packages/airflow/example_dags/example_xcom.py
[2024-01-06T09:13:13.369+0000] {processor.py:753} INFO - DAG(s) dict_keys(['example_xcom']) retrieved from /home/airflow/.local/lib/python3.7/site-packages/airflow/example_dags/example_xcom.py
[2024-01-06T09:13:13.382+0000] {logging_mixin.py:137} INFO - [2024-01-06T09:13:13.382+0000] {dag.py:2690} INFO - Sync 1 DAGs
[2024-01-06T09:13:13.393+0000] {logging_mixin.py:137} INFO - [2024-01-06T09:13:13.393+0000] {dag.py:3441} INFO - Setting next_dagrun for example_xcom to 2021-01-01T00:00:00+00:00, run_after=2021-01-01T00:00:00+00:00
[2024-01-06T09:13:13.400+0000] {processor.py:175} INFO - Processing /home/airflow/.local/lib/python3.7/site-packages/airflow/example_dags/example_xcom.py took 0.045 seconds
[2024-01-06T09:13:43.944+0000] {processor.py:153} INFO - Started process (PID=498) to work on /home/airflow/.local/lib/python3.7/site-packages/airflow/example_dags/example_xcom.py
[2024-01-06T09:13:43.945+0000] {processor.py:743} INFO - Processing file /home/airflow/.local/lib/python3.7/site-packages/airflow/example_dags/example_xcom.py for tasks to queue
[2024-01-06T09:13:43.945+0000] {logging_mixin.py:137} INFO - [2024-01-06T09:13:43.945+0000] {dagbag.py:538} INFO - Filling up the DagBag from /home/airflow/.local/lib/python3.7/site-packages/airflow/example_dags/example_xcom.py
[2024-01-06T09:13:43.956+0000] {processor.py:753} INFO - DAG(s) dict_keys(['example_xcom']) retrieved from /home/airflow/.local/lib/python3.7/site-packages/airflow/example_dags/example_xcom.py
[2024-01-06T09:13:43.969+0000] {logging_mixin.py:137} INFO - [2024-01-06T09:13:43.968+0000] {dag.py:2690} INFO - Sync 1 DAGs
[2024-01-06T09:13:43.979+0000] {logging_mixin.py:137} INFO - [2024-01-06T09:13:43.979+0000] {dag.py:3441} INFO - Setting next_dagrun for example_xcom to 2021-01-01T00:00:00+00:00, run_after=2021-01-01T00:00:00+00:00
[2024-01-06T09:13:43.987+0000] {processor.py:175} INFO - Processing /home/airflow/.local/lib/python3.7/site-packages/airflow/example_dags/example_xcom.py took 0.045 seconds
[2024-01-06T09:14:14.688+0000] {processor.py:153} INFO - Started process (PID=587) to work on /home/airflow/.local/lib/python3.7/site-packages/airflow/example_dags/example_xcom.py
[2024-01-06T09:14:14.688+0000] {processor.py:743} INFO - Processing file /home/airflow/.local/lib/python3.7/site-packages/airflow/example_dags/example_xcom.py for tasks to queue
[2024-01-06T09:14:14.689+0000] {logging_mixin.py:137} INFO - [2024-01-06T09:14:14.688+0000] {dagbag.py:538} INFO - Filling up the DagBag from /home/airflow/.local/lib/python3.7/site-packages/airflow/example_dags/example_xcom.py
[2024-01-06T09:14:14.700+0000] {processor.py:753} INFO - DAG(s) dict_keys(['example_xcom']) retrieved from /home/airflow/.local/lib/python3.7/site-packages/airflow/example_dags/example_xcom.py
[2024-01-06T09:14:14.713+0000] {logging_mixin.py:137} INFO - [2024-01-06T09:14:14.713+0000] {dag.py:2690} INFO - Sync 1 DAGs
[2024-01-06T09:14:14.723+0000] {logging_mixin.py:137} INFO - [2024-01-06T09:14:14.723+0000] {dag.py:3441} INFO - Setting next_dagrun for example_xcom to 2021-01-01T00:00:00+00:00, run_after=2021-01-01T00:00:00+00:00
[2024-01-06T09:14:14.731+0000] {processor.py:175} INFO - Processing /home/airflow/.local/lib/python3.7/site-packages/airflow/example_dags/example_xcom.py took 0.045 seconds
[2024-01-06T09:14:45.381+0000] {processor.py:153} INFO - Started process (PID=676) to work on /home/airflow/.local/lib/python3.7/site-packages/airflow/example_dags/example_xcom.py
[2024-01-06T09:14:45.381+0000] {processor.py:743} INFO - Processing file /home/airflow/.local/lib/python3.7/site-packages/airflow/example_dags/example_xcom.py for tasks to queue
[2024-01-06T09:14:45.382+0000] {logging_mixin.py:137} INFO - [2024-01-06T09:14:45.381+0000] {dagbag.py:538} INFO - Filling up the DagBag from /home/airflow/.local/lib/python3.7/site-packages/airflow/example_dags/example_xcom.py
[2024-01-06T09:14:45.392+0000] {processor.py:753} INFO - DAG(s) dict_keys(['example_xcom']) retrieved from /home/airflow/.local/lib/python3.7/site-packages/airflow/example_dags/example_xcom.py
[2024-01-06T09:14:45.405+0000] {logging_mixin.py:137} INFO - [2024-01-06T09:14:45.405+0000] {dag.py:2690} INFO - Sync 1 DAGs
[2024-01-06T09:14:45.417+0000] {logging_mixin.py:137} INFO - [2024-01-06T09:14:45.417+0000] {dag.py:3441} INFO - Setting next_dagrun for example_xcom to 2021-01-01T00:00:00+00:00, run_after=2021-01-01T00:00:00+00:00
[2024-01-06T09:14:45.425+0000] {processor.py:175} INFO - Processing /home/airflow/.local/lib/python3.7/site-packages/airflow/example_dags/example_xcom.py took 0.046 seconds
[2024-01-06T09:15:15.959+0000] {processor.py:153} INFO - Started process (PID=765) to work on /home/airflow/.local/lib/python3.7/site-packages/airflow/example_dags/example_xcom.py
[2024-01-06T09:15:15.959+0000] {processor.py:743} INFO - Processing file /home/airflow/.local/lib/python3.7/site-packages/airflow/example_dags/example_xcom.py for tasks to queue
[2024-01-06T09:15:15.960+0000] {logging_mixin.py:137} INFO - [2024-01-06T09:15:15.960+0000] {dagbag.py:538} INFO - Filling up the DagBag from /home/airflow/.local/lib/python3.7/site-packages/airflow/example_dags/example_xcom.py
[2024-01-06T09:15:15.971+0000] {processor.py:753} INFO - DAG(s) dict_keys(['example_xcom']) retrieved from /home/airflow/.local/lib/python3.7/site-packages/airflow/example_dags/example_xcom.py
[2024-01-06T09:15:15.984+0000] {logging_mixin.py:137} INFO - [2024-01-06T09:15:15.984+0000] {dag.py:2690} INFO - Sync 1 DAGs
[2024-01-06T09:15:15.995+0000] {logging_mixin.py:137} INFO - [2024-01-06T09:15:15.995+0000] {dag.py:3441} INFO - Setting next_dagrun for example_xcom to 2021-01-01T00:00:00+00:00, run_after=2021-01-01T00:00:00+00:00
[2024-01-06T09:15:16.002+0000] {processor.py:175} INFO - Processing /home/airflow/.local/lib/python3.7/site-packages/airflow/example_dags/example_xcom.py took 0.045 seconds
[2024-01-06T09:15:46.775+0000] {processor.py:153} INFO - Started process (PID=838) to work on /home/airflow/.local/lib/python3.7/site-packages/airflow/example_dags/example_xcom.py
[2024-01-06T09:15:46.776+0000] {processor.py:743} INFO - Processing file /home/airflow/.local/lib/python3.7/site-packages/airflow/example_dags/example_xcom.py for tasks to queue
[2024-01-06T09:15:46.776+0000] {logging_mixin.py:137} INFO - [2024-01-06T09:15:46.776+0000] {dagbag.py:538} INFO - Filling up the DagBag from /home/airflow/.local/lib/python3.7/site-packages/airflow/example_dags/example_xcom.py
[2024-01-06T09:15:46.787+0000] {processor.py:753} INFO - DAG(s) dict_keys(['example_xcom']) retrieved from /home/airflow/.local/lib/python3.7/site-packages/airflow/example_dags/example_xcom.py
[2024-01-06T09:15:46.801+0000] {logging_mixin.py:137} INFO - [2024-01-06T09:15:46.801+0000] {dag.py:2690} INFO - Sync 1 DAGs
[2024-01-06T09:15:46.812+0000] {logging_mixin.py:137} INFO - [2024-01-06T09:15:46.812+0000] {dag.py:3441} INFO - Setting next_dagrun for example_xcom to 2021-01-01T00:00:00+00:00, run_after=2021-01-01T00:00:00+00:00
[2024-01-06T09:15:46.819+0000] {processor.py:175} INFO - Processing /home/airflow/.local/lib/python3.7/site-packages/airflow/example_dags/example_xcom.py took 0.046 seconds
[2024-01-06T09:16:17.601+0000] {processor.py:153} INFO - Started process (PID=926) to work on /home/airflow/.local/lib/python3.7/site-packages/airflow/example_dags/example_xcom.py
[2024-01-06T09:16:17.602+0000] {processor.py:743} INFO - Processing file /home/airflow/.local/lib/python3.7/site-packages/airflow/example_dags/example_xcom.py for tasks to queue
[2024-01-06T09:16:17.602+0000] {logging_mixin.py:137} INFO - [2024-01-06T09:16:17.602+0000] {dagbag.py:538} INFO - Filling up the DagBag from /home/airflow/.local/lib/python3.7/site-packages/airflow/example_dags/example_xcom.py
[2024-01-06T09:16:17.613+0000] {processor.py:753} INFO - DAG(s) dict_keys(['example_xcom']) retrieved from /home/airflow/.local/lib/python3.7/site-packages/airflow/example_dags/example_xcom.py
[2024-01-06T09:16:17.626+0000] {logging_mixin.py:137} INFO - [2024-01-06T09:16:17.626+0000] {dag.py:2690} INFO - Sync 1 DAGs
[2024-01-06T09:16:17.637+0000] {logging_mixin.py:137} INFO - [2024-01-06T09:16:17.637+0000] {dag.py:3441} INFO - Setting next_dagrun for example_xcom to 2021-01-01T00:00:00+00:00, run_after=2021-01-01T00:00:00+00:00
[2024-01-06T09:16:17.646+0000] {processor.py:175} INFO - Processing /home/airflow/.local/lib/python3.7/site-packages/airflow/example_dags/example_xcom.py took 0.047 seconds
[2024-01-06T09:16:48.194+0000] {processor.py:153} INFO - Started process (PID=1015) to work on /home/airflow/.local/lib/python3.7/site-packages/airflow/example_dags/example_xcom.py
[2024-01-06T09:16:48.195+0000] {processor.py:743} INFO - Processing file /home/airflow/.local/lib/python3.7/site-packages/airflow/example_dags/example_xcom.py for tasks to queue
[2024-01-06T09:16:48.195+0000] {logging_mixin.py:137} INFO - [2024-01-06T09:16:48.195+0000] {dagbag.py:538} INFO - Filling up the DagBag from /home/airflow/.local/lib/python3.7/site-packages/airflow/example_dags/example_xcom.py
[2024-01-06T09:16:48.207+0000] {processor.py:753} INFO - DAG(s) dict_keys(['example_xcom']) retrieved from /home/airflow/.local/lib/python3.7/site-packages/airflow/example_dags/example_xcom.py
[2024-01-06T09:16:48.221+0000] {logging_mixin.py:137} INFO - [2024-01-06T09:16:48.221+0000] {dag.py:2690} INFO - Sync 1 DAGs
[2024-01-06T09:16:48.232+0000] {logging_mixin.py:137} INFO - [2024-01-06T09:16:48.232+0000] {dag.py:3441} INFO - Setting next_dagrun for example_xcom to 2021-01-01T00:00:00+00:00, run_after=2021-01-01T00:00:00+00:00
[2024-01-06T09:16:48.240+0000] {processor.py:175} INFO - Processing /home/airflow/.local/lib/python3.7/site-packages/airflow/example_dags/example_xcom.py took 0.048 seconds
[2024-01-06T09:17:18.720+0000] {processor.py:153} INFO - Started process (PID=1104) to work on /home/airflow/.local/lib/python3.7/site-packages/airflow/example_dags/example_xcom.py
[2024-01-06T09:17:18.720+0000] {processor.py:743} INFO - Processing file /home/airflow/.local/lib/python3.7/site-packages/airflow/example_dags/example_xcom.py for tasks to queue
[2024-01-06T09:17:18.721+0000] {logging_mixin.py:137} INFO - [2024-01-06T09:17:18.721+0000] {dagbag.py:538} INFO - Filling up the DagBag from /home/airflow/.local/lib/python3.7/site-packages/airflow/example_dags/example_xcom.py
[2024-01-06T09:17:18.733+0000] {processor.py:753} INFO - DAG(s) dict_keys(['example_xcom']) retrieved from /home/airflow/.local/lib/python3.7/site-packages/airflow/example_dags/example_xcom.py
[2024-01-06T09:17:18.749+0000] {logging_mixin.py:137} INFO - [2024-01-06T09:17:18.749+0000] {dag.py:2690} INFO - Sync 1 DAGs
[2024-01-06T09:17:18.762+0000] {logging_mixin.py:137} INFO - [2024-01-06T09:17:18.762+0000] {dag.py:3441} INFO - Setting next_dagrun for example_xcom to 2021-01-01T00:00:00+00:00, run_after=2021-01-01T00:00:00+00:00
[2024-01-06T09:17:18.771+0000] {processor.py:175} INFO - Processing /home/airflow/.local/lib/python3.7/site-packages/airflow/example_dags/example_xcom.py took 0.054 seconds
[2024-01-06T09:17:49.353+0000] {processor.py:153} INFO - Started process (PID=1177) to work on /home/airflow/.local/lib/python3.7/site-packages/airflow/example_dags/example_xcom.py
[2024-01-06T09:17:49.353+0000] {processor.py:743} INFO - Processing file /home/airflow/.local/lib/python3.7/site-packages/airflow/example_dags/example_xcom.py for tasks to queue
[2024-01-06T09:17:49.354+0000] {logging_mixin.py:137} INFO - [2024-01-06T09:17:49.353+0000] {dagbag.py:538} INFO - Filling up the DagBag from /home/airflow/.local/lib/python3.7/site-packages/airflow/example_dags/example_xcom.py
[2024-01-06T09:17:49.365+0000] {processor.py:753} INFO - DAG(s) dict_keys(['example_xcom']) retrieved from /home/airflow/.local/lib/python3.7/site-packages/airflow/example_dags/example_xcom.py
[2024-01-06T09:17:49.378+0000] {logging_mixin.py:137} INFO - [2024-01-06T09:17:49.378+0000] {dag.py:2690} INFO - Sync 1 DAGs
[2024-01-06T09:17:49.388+0000] {logging_mixin.py:137} INFO - [2024-01-06T09:17:49.388+0000] {dag.py:3441} INFO - Setting next_dagrun for example_xcom to 2021-01-01T00:00:00+00:00, run_after=2021-01-01T00:00:00+00:00
[2024-01-06T09:17:49.395+0000] {processor.py:175} INFO - Processing /home/airflow/.local/lib/python3.7/site-packages/airflow/example_dags/example_xcom.py took 0.044 seconds
[2024-01-06T09:18:20.156+0000] {processor.py:153} INFO - Started process (PID=1266) to work on /home/airflow/.local/lib/python3.7/site-packages/airflow/example_dags/example_xcom.py
[2024-01-06T09:18:20.156+0000] {processor.py:743} INFO - Processing file /home/airflow/.local/lib/python3.7/site-packages/airflow/example_dags/example_xcom.py for tasks to queue
[2024-01-06T09:18:20.156+0000] {logging_mixin.py:137} INFO - [2024-01-06T09:18:20.156+0000] {dagbag.py:538} INFO - Filling up the DagBag from /home/airflow/.local/lib/python3.7/site-packages/airflow/example_dags/example_xcom.py
[2024-01-06T09:18:20.168+0000] {processor.py:753} INFO - DAG(s) dict_keys(['example_xcom']) retrieved from /home/airflow/.local/lib/python3.7/site-packages/airflow/example_dags/example_xcom.py
[2024-01-06T09:18:20.181+0000] {logging_mixin.py:137} INFO - [2024-01-06T09:18:20.181+0000] {dag.py:2690} INFO - Sync 1 DAGs
[2024-01-06T09:18:20.191+0000] {logging_mixin.py:137} INFO - [2024-01-06T09:18:20.191+0000] {dag.py:3441} INFO - Setting next_dagrun for example_xcom to 2021-01-01T00:00:00+00:00, run_after=2021-01-01T00:00:00+00:00
[2024-01-06T09:18:20.199+0000] {processor.py:175} INFO - Processing /home/airflow/.local/lib/python3.7/site-packages/airflow/example_dags/example_xcom.py took 0.045 seconds
[2024-01-06T09:18:50.870+0000] {processor.py:153} INFO - Started process (PID=1354) to work on /home/airflow/.local/lib/python3.7/site-packages/airflow/example_dags/example_xcom.py
[2024-01-06T09:18:50.870+0000] {processor.py:743} INFO - Processing file /home/airflow/.local/lib/python3.7/site-packages/airflow/example_dags/example_xcom.py for tasks to queue
[2024-01-06T09:18:50.870+0000] {logging_mixin.py:137} INFO - [2024-01-06T09:18:50.870+0000] {dagbag.py:538} INFO - Filling up the DagBag from /home/airflow/.local/lib/python3.7/site-packages/airflow/example_dags/example_xcom.py
[2024-01-06T09:18:50.881+0000] {processor.py:753} INFO - DAG(s) dict_keys(['example_xcom']) retrieved from /home/airflow/.local/lib/python3.7/site-packages/airflow/example_dags/example_xcom.py
[2024-01-06T09:18:50.894+0000] {logging_mixin.py:137} INFO - [2024-01-06T09:18:50.894+0000] {dag.py:2690} INFO - Sync 1 DAGs
[2024-01-06T09:18:50.905+0000] {logging_mixin.py:137} INFO - [2024-01-06T09:18:50.905+0000] {dag.py:3441} INFO - Setting next_dagrun for example_xcom to 2021-01-01T00:00:00+00:00, run_after=2021-01-01T00:00:00+00:00
[2024-01-06T09:18:50.913+0000] {processor.py:175} INFO - Processing /home/airflow/.local/lib/python3.7/site-packages/airflow/example_dags/example_xcom.py took 0.045 seconds
[2024-01-06T09:19:21.548+0000] {processor.py:153} INFO - Started process (PID=1443) to work on /home/airflow/.local/lib/python3.7/site-packages/airflow/example_dags/example_xcom.py
[2024-01-06T09:19:21.548+0000] {processor.py:743} INFO - Processing file /home/airflow/.local/lib/python3.7/site-packages/airflow/example_dags/example_xcom.py for tasks to queue
[2024-01-06T09:19:21.549+0000] {logging_mixin.py:137} INFO - [2024-01-06T09:19:21.549+0000] {dagbag.py:538} INFO - Filling up the DagBag from /home/airflow/.local/lib/python3.7/site-packages/airflow/example_dags/example_xcom.py
[2024-01-06T09:19:21.564+0000] {processor.py:753} INFO - DAG(s) dict_keys(['example_xcom']) retrieved from /home/airflow/.local/lib/python3.7/site-packages/airflow/example_dags/example_xcom.py
[2024-01-06T09:19:21.579+0000] {logging_mixin.py:137} INFO - [2024-01-06T09:19:21.579+0000] {dag.py:2690} INFO - Sync 1 DAGs
[2024-01-06T09:19:21.592+0000] {logging_mixin.py:137} INFO - [2024-01-06T09:19:21.592+0000] {dag.py:3441} INFO - Setting next_dagrun for example_xcom to 2021-01-01T00:00:00+00:00, run_after=2021-01-01T00:00:00+00:00
[2024-01-06T09:19:21.601+0000] {processor.py:175} INFO - Processing /home/airflow/.local/lib/python3.7/site-packages/airflow/example_dags/example_xcom.py took 0.056 seconds
[2024-01-06T09:19:52.195+0000] {processor.py:153} INFO - Started process (PID=1516) to work on /home/airflow/.local/lib/python3.7/site-packages/airflow/example_dags/example_xcom.py
[2024-01-06T09:19:52.196+0000] {processor.py:743} INFO - Processing file /home/airflow/.local/lib/python3.7/site-packages/airflow/example_dags/example_xcom.py for tasks to queue
[2024-01-06T09:19:52.196+0000] {logging_mixin.py:137} INFO - [2024-01-06T09:19:52.196+0000] {dagbag.py:538} INFO - Filling up the DagBag from /home/airflow/.local/lib/python3.7/site-packages/airflow/example_dags/example_xcom.py
[2024-01-06T09:19:52.207+0000] {processor.py:753} INFO - DAG(s) dict_keys(['example_xcom']) retrieved from /home/airflow/.local/lib/python3.7/site-packages/airflow/example_dags/example_xcom.py
[2024-01-06T09:19:52.220+0000] {logging_mixin.py:137} INFO - [2024-01-06T09:19:52.220+0000] {dag.py:2690} INFO - Sync 1 DAGs
[2024-01-06T09:19:52.231+0000] {logging_mixin.py:137} INFO - [2024-01-06T09:19:52.231+0000] {dag.py:3441} INFO - Setting next_dagrun for example_xcom to 2021-01-01T00:00:00+00:00, run_after=2021-01-01T00:00:00+00:00
[2024-01-06T09:19:52.238+0000] {processor.py:175} INFO - Processing /home/airflow/.local/lib/python3.7/site-packages/airflow/example_dags/example_xcom.py took 0.045 seconds
[2024-01-06T09:20:22.797+0000] {processor.py:153} INFO - Started process (PID=1604) to work on /home/airflow/.local/lib/python3.7/site-packages/airflow/example_dags/example_xcom.py
[2024-01-06T09:20:22.798+0000] {processor.py:743} INFO - Processing file /home/airflow/.local/lib/python3.7/site-packages/airflow/example_dags/example_xcom.py for tasks to queue
[2024-01-06T09:20:22.798+0000] {logging_mixin.py:137} INFO - [2024-01-06T09:20:22.798+0000] {dagbag.py:538} INFO - Filling up the DagBag from /home/airflow/.local/lib/python3.7/site-packages/airflow/example_dags/example_xcom.py
[2024-01-06T09:20:22.809+0000] {processor.py:753} INFO - DAG(s) dict_keys(['example_xcom']) retrieved from /home/airflow/.local/lib/python3.7/site-packages/airflow/example_dags/example_xcom.py
[2024-01-06T09:20:22.822+0000] {logging_mixin.py:137} INFO - [2024-01-06T09:20:22.822+0000] {dag.py:2690} INFO - Sync 1 DAGs
[2024-01-06T09:20:22.833+0000] {logging_mixin.py:137} INFO - [2024-01-06T09:20:22.833+0000] {dag.py:3441} INFO - Setting next_dagrun for example_xcom to 2021-01-01T00:00:00+00:00, run_after=2021-01-01T00:00:00+00:00
[2024-01-06T09:20:22.841+0000] {processor.py:175} INFO - Processing /home/airflow/.local/lib/python3.7/site-packages/airflow/example_dags/example_xcom.py took 0.045 seconds
[2024-01-06T09:20:53.481+0000] {processor.py:153} INFO - Started process (PID=1693) to work on /home/airflow/.local/lib/python3.7/site-packages/airflow/example_dags/example_xcom.py
[2024-01-06T09:20:53.482+0000] {processor.py:743} INFO - Processing file /home/airflow/.local/lib/python3.7/site-packages/airflow/example_dags/example_xcom.py for tasks to queue
[2024-01-06T09:20:53.482+0000] {logging_mixin.py:137} INFO - [2024-01-06T09:20:53.482+0000] {dagbag.py:538} INFO - Filling up the DagBag from /home/airflow/.local/lib/python3.7/site-packages/airflow/example_dags/example_xcom.py
[2024-01-06T09:20:53.493+0000] {processor.py:753} INFO - DAG(s) dict_keys(['example_xcom']) retrieved from /home/airflow/.local/lib/python3.7/site-packages/airflow/example_dags/example_xcom.py
[2024-01-06T09:20:53.506+0000] {logging_mixin.py:137} INFO - [2024-01-06T09:20:53.505+0000] {dag.py:2690} INFO - Sync 1 DAGs
[2024-01-06T09:20:53.516+0000] {logging_mixin.py:137} INFO - [2024-01-06T09:20:53.516+0000] {dag.py:3441} INFO - Setting next_dagrun for example_xcom to 2021-01-01T00:00:00+00:00, run_after=2021-01-01T00:00:00+00:00
[2024-01-06T09:20:53.523+0000] {processor.py:175} INFO - Processing /home/airflow/.local/lib/python3.7/site-packages/airflow/example_dags/example_xcom.py took 0.044 seconds
[2024-01-06T09:21:24.166+0000] {processor.py:153} INFO - Started process (PID=1782) to work on /home/airflow/.local/lib/python3.7/site-packages/airflow/example_dags/example_xcom.py
[2024-01-06T09:21:24.167+0000] {processor.py:743} INFO - Processing file /home/airflow/.local/lib/python3.7/site-packages/airflow/example_dags/example_xcom.py for tasks to queue
[2024-01-06T09:21:24.167+0000] {logging_mixin.py:137} INFO - [2024-01-06T09:21:24.167+0000] {dagbag.py:538} INFO - Filling up the DagBag from /home/airflow/.local/lib/python3.7/site-packages/airflow/example_dags/example_xcom.py
[2024-01-06T09:21:24.179+0000] {processor.py:753} INFO - DAG(s) dict_keys(['example_xcom']) retrieved from /home/airflow/.local/lib/python3.7/site-packages/airflow/example_dags/example_xcom.py
[2024-01-06T09:21:24.193+0000] {logging_mixin.py:137} INFO - [2024-01-06T09:21:24.193+0000] {dag.py:2690} INFO - Sync 1 DAGs
[2024-01-06T09:21:24.205+0000] {logging_mixin.py:137} INFO - [2024-01-06T09:21:24.205+0000] {dag.py:3441} INFO - Setting next_dagrun for example_xcom to 2021-01-01T00:00:00+00:00, run_after=2021-01-01T00:00:00+00:00
[2024-01-06T09:21:24.214+0000] {processor.py:175} INFO - Processing /home/airflow/.local/lib/python3.7/site-packages/airflow/example_dags/example_xcom.py took 0.050 seconds
