[2024-01-06T09:11:12.398+0000] {processor.py:153} INFO - Started process (PID=106) to work on /home/airflow/.local/lib/python3.7/site-packages/airflow/example_dags/example_dag_decorator.py
[2024-01-06T09:11:12.399+0000] {processor.py:743} INFO - Processing file /home/airflow/.local/lib/python3.7/site-packages/airflow/example_dags/example_dag_decorator.py for tasks to queue
[2024-01-06T09:11:12.400+0000] {logging_mixin.py:137} INFO - [2024-01-06T09:11:12.400+0000] {dagbag.py:538} INFO - Filling up the DagBag from /home/airflow/.local/lib/python3.7/site-packages/airflow/example_dags/example_dag_decorator.py
[2024-01-06T09:11:12.411+0000] {logging_mixin.py:137} INFO - [2024-01-06T09:11:12.411+0000] {taskmixin.py:205} WARNING - Dependency <Task(_PythonDecoratedOperator): prepare_email>, send_email already registered for DAG: example_dag_decorator
[2024-01-06T09:11:12.411+0000] {logging_mixin.py:137} INFO - [2024-01-06T09:11:12.411+0000] {taskmixin.py:205} WARNING - Dependency <Task(EmailOperator): send_email>, prepare_email already registered for DAG: example_dag_decorator
[2024-01-06T09:11:12.429+0000] {processor.py:753} INFO - DAG(s) dict_keys(['example_dag_decorator']) retrieved from /home/airflow/.local/lib/python3.7/site-packages/airflow/example_dags/example_dag_decorator.py
[2024-01-06T09:11:12.504+0000] {logging_mixin.py:137} INFO - [2024-01-06T09:11:12.504+0000] {manager.py:504} INFO - Created Permission View: can edit on DAG:example_dag_decorator
[2024-01-06T09:11:12.508+0000] {logging_mixin.py:137} INFO - [2024-01-06T09:11:12.508+0000] {manager.py:504} INFO - Created Permission View: can read on DAG:example_dag_decorator
[2024-01-06T09:11:12.511+0000] {logging_mixin.py:137} INFO - [2024-01-06T09:11:12.511+0000] {manager.py:504} INFO - Created Permission View: can delete on DAG:example_dag_decorator
[2024-01-06T09:11:12.511+0000] {logging_mixin.py:137} INFO - [2024-01-06T09:11:12.511+0000] {dag.py:2690} INFO - Sync 1 DAGs
[2024-01-06T09:11:12.518+0000] {logging_mixin.py:137} INFO - [2024-01-06T09:11:12.518+0000] {dag.py:2711} INFO - Creating ORM DAG for example_dag_decorator
[2024-01-06T09:11:12.524+0000] {logging_mixin.py:137} INFO - [2024-01-06T09:11:12.524+0000] {dag.py:3441} INFO - Setting next_dagrun for example_dag_decorator to None, run_after=None
[2024-01-06T09:11:12.535+0000] {processor.py:175} INFO - Processing /home/airflow/.local/lib/python3.7/site-packages/airflow/example_dags/example_dag_decorator.py took 0.139 seconds
[2024-01-06T09:11:42.812+0000] {processor.py:153} INFO - Started process (PID=195) to work on /home/airflow/.local/lib/python3.7/site-packages/airflow/example_dags/example_dag_decorator.py
[2024-01-06T09:11:42.813+0000] {processor.py:743} INFO - Processing file /home/airflow/.local/lib/python3.7/site-packages/airflow/example_dags/example_dag_decorator.py for tasks to queue
[2024-01-06T09:11:42.814+0000] {logging_mixin.py:137} INFO - [2024-01-06T09:11:42.814+0000] {dagbag.py:538} INFO - Filling up the DagBag from /home/airflow/.local/lib/python3.7/site-packages/airflow/example_dags/example_dag_decorator.py
[2024-01-06T09:11:42.831+0000] {logging_mixin.py:137} INFO - [2024-01-06T09:11:42.831+0000] {taskmixin.py:205} WARNING - Dependency <Task(_PythonDecoratedOperator): prepare_email>, send_email already registered for DAG: example_dag_decorator
[2024-01-06T09:11:42.832+0000] {logging_mixin.py:137} INFO - [2024-01-06T09:11:42.832+0000] {taskmixin.py:205} WARNING - Dependency <Task(EmailOperator): send_email>, prepare_email already registered for DAG: example_dag_decorator
[2024-01-06T09:11:42.841+0000] {processor.py:753} INFO - DAG(s) dict_keys(['example_dag_decorator']) retrieved from /home/airflow/.local/lib/python3.7/site-packages/airflow/example_dags/example_dag_decorator.py
[2024-01-06T09:11:42.873+0000] {logging_mixin.py:137} INFO - [2024-01-06T09:11:42.873+0000] {dag.py:2690} INFO - Sync 1 DAGs
[2024-01-06T09:11:42.891+0000] {logging_mixin.py:137} INFO - [2024-01-06T09:11:42.891+0000] {dag.py:3441} INFO - Setting next_dagrun for example_dag_decorator to None, run_after=None
[2024-01-06T09:11:42.908+0000] {processor.py:175} INFO - Processing /home/airflow/.local/lib/python3.7/site-packages/airflow/example_dags/example_dag_decorator.py took 0.099 seconds
[2024-01-06T09:12:13.681+0000] {processor.py:153} INFO - Started process (PID=267) to work on /home/airflow/.local/lib/python3.7/site-packages/airflow/example_dags/example_dag_decorator.py
[2024-01-06T09:12:13.681+0000] {processor.py:743} INFO - Processing file /home/airflow/.local/lib/python3.7/site-packages/airflow/example_dags/example_dag_decorator.py for tasks to queue
[2024-01-06T09:12:13.681+0000] {logging_mixin.py:137} INFO - [2024-01-06T09:12:13.681+0000] {dagbag.py:538} INFO - Filling up the DagBag from /home/airflow/.local/lib/python3.7/site-packages/airflow/example_dags/example_dag_decorator.py
[2024-01-06T09:12:13.690+0000] {logging_mixin.py:137} INFO - [2024-01-06T09:12:13.690+0000] {taskmixin.py:205} WARNING - Dependency <Task(_PythonDecoratedOperator): prepare_email>, send_email already registered for DAG: example_dag_decorator
[2024-01-06T09:12:13.691+0000] {logging_mixin.py:137} INFO - [2024-01-06T09:12:13.691+0000] {taskmixin.py:205} WARNING - Dependency <Task(EmailOperator): send_email>, prepare_email already registered for DAG: example_dag_decorator
[2024-01-06T09:12:13.697+0000] {processor.py:753} INFO - DAG(s) dict_keys(['example_dag_decorator']) retrieved from /home/airflow/.local/lib/python3.7/site-packages/airflow/example_dags/example_dag_decorator.py
[2024-01-06T09:12:13.710+0000] {logging_mixin.py:137} INFO - [2024-01-06T09:12:13.710+0000] {dag.py:2690} INFO - Sync 1 DAGs
[2024-01-06T09:12:13.720+0000] {logging_mixin.py:137} INFO - [2024-01-06T09:12:13.720+0000] {dag.py:3441} INFO - Setting next_dagrun for example_dag_decorator to None, run_after=None
[2024-01-06T09:12:13.729+0000] {processor.py:175} INFO - Processing /home/airflow/.local/lib/python3.7/site-packages/airflow/example_dags/example_dag_decorator.py took 0.050 seconds
[2024-01-06T09:12:44.466+0000] {processor.py:153} INFO - Started process (PID=356) to work on /home/airflow/.local/lib/python3.7/site-packages/airflow/example_dags/example_dag_decorator.py
[2024-01-06T09:12:44.467+0000] {processor.py:743} INFO - Processing file /home/airflow/.local/lib/python3.7/site-packages/airflow/example_dags/example_dag_decorator.py for tasks to queue
[2024-01-06T09:12:44.467+0000] {logging_mixin.py:137} INFO - [2024-01-06T09:12:44.467+0000] {dagbag.py:538} INFO - Filling up the DagBag from /home/airflow/.local/lib/python3.7/site-packages/airflow/example_dags/example_dag_decorator.py
[2024-01-06T09:12:44.477+0000] {logging_mixin.py:137} INFO - [2024-01-06T09:12:44.477+0000] {taskmixin.py:205} WARNING - Dependency <Task(_PythonDecoratedOperator): prepare_email>, send_email already registered for DAG: example_dag_decorator
[2024-01-06T09:12:44.477+0000] {logging_mixin.py:137} INFO - [2024-01-06T09:12:44.477+0000] {taskmixin.py:205} WARNING - Dependency <Task(EmailOperator): send_email>, prepare_email already registered for DAG: example_dag_decorator
[2024-01-06T09:12:44.483+0000] {processor.py:753} INFO - DAG(s) dict_keys(['example_dag_decorator']) retrieved from /home/airflow/.local/lib/python3.7/site-packages/airflow/example_dags/example_dag_decorator.py
[2024-01-06T09:12:44.513+0000] {logging_mixin.py:137} INFO - [2024-01-06T09:12:44.513+0000] {dag.py:2690} INFO - Sync 1 DAGs
[2024-01-06T09:12:44.524+0000] {logging_mixin.py:137} INFO - [2024-01-06T09:12:44.524+0000] {dag.py:3441} INFO - Setting next_dagrun for example_dag_decorator to None, run_after=None
[2024-01-06T09:12:44.532+0000] {processor.py:175} INFO - Processing /home/airflow/.local/lib/python3.7/site-packages/airflow/example_dags/example_dag_decorator.py took 0.067 seconds
