[2024-01-06T09:11:12.878+0000] {processor.py:153} INFO - Started process (PID=113) to work on /home/airflow/.local/lib/python3.7/site-packages/airflow/example_dags/example_task_group_decorator.py
[2024-01-06T09:11:12.878+0000] {processor.py:743} INFO - Processing file /home/airflow/.local/lib/python3.7/site-packages/airflow/example_dags/example_task_group_decorator.py for tasks to queue
[2024-01-06T09:11:12.879+0000] {logging_mixin.py:137} INFO - [2024-01-06T09:11:12.879+0000] {dagbag.py:538} INFO - Filling up the DagBag from /home/airflow/.local/lib/python3.7/site-packages/airflow/example_dags/example_task_group_decorator.py
[2024-01-06T09:11:12.893+0000] {processor.py:753} INFO - DAG(s) dict_keys(['example_task_group_decorator']) retrieved from /home/airflow/.local/lib/python3.7/site-packages/airflow/example_dags/example_task_group_decorator.py
[2024-01-06T09:11:12.946+0000] {logging_mixin.py:137} INFO - [2024-01-06T09:11:12.946+0000] {manager.py:504} INFO - Created Permission View: can edit on DAG:example_task_group_decorator
[2024-01-06T09:11:12.950+0000] {logging_mixin.py:137} INFO - [2024-01-06T09:11:12.950+0000] {manager.py:504} INFO - Created Permission View: can read on DAG:example_task_group_decorator
[2024-01-06T09:11:12.952+0000] {logging_mixin.py:137} INFO - [2024-01-06T09:11:12.952+0000] {manager.py:504} INFO - Created Permission View: can delete on DAG:example_task_group_decorator
[2024-01-06T09:11:12.953+0000] {logging_mixin.py:137} INFO - [2024-01-06T09:11:12.952+0000] {dag.py:2690} INFO - Sync 1 DAGs
[2024-01-06T09:11:12.958+0000] {logging_mixin.py:137} INFO - [2024-01-06T09:11:12.958+0000] {dag.py:2711} INFO - Creating ORM DAG for example_task_group_decorator
[2024-01-06T09:11:12.964+0000] {logging_mixin.py:137} INFO - [2024-01-06T09:11:12.964+0000] {dag.py:3441} INFO - Setting next_dagrun for example_task_group_decorator to 2024-01-05T09:11:12.964138+00:00, run_after=2024-01-06T09:11:12.964138+00:00
[2024-01-06T09:11:12.971+0000] {processor.py:175} INFO - Processing /home/airflow/.local/lib/python3.7/site-packages/airflow/example_dags/example_task_group_decorator.py took 0.096 seconds
[2024-01-06T09:11:43.151+0000] {processor.py:153} INFO - Started process (PID=202) to work on /home/airflow/.local/lib/python3.7/site-packages/airflow/example_dags/example_task_group_decorator.py
[2024-01-06T09:11:43.152+0000] {processor.py:743} INFO - Processing file /home/airflow/.local/lib/python3.7/site-packages/airflow/example_dags/example_task_group_decorator.py for tasks to queue
[2024-01-06T09:11:43.152+0000] {logging_mixin.py:137} INFO - [2024-01-06T09:11:43.152+0000] {dagbag.py:538} INFO - Filling up the DagBag from /home/airflow/.local/lib/python3.7/site-packages/airflow/example_dags/example_task_group_decorator.py
[2024-01-06T09:11:43.167+0000] {processor.py:753} INFO - DAG(s) dict_keys(['example_task_group_decorator']) retrieved from /home/airflow/.local/lib/python3.7/site-packages/airflow/example_dags/example_task_group_decorator.py
[2024-01-06T09:11:43.181+0000] {logging_mixin.py:137} INFO - [2024-01-06T09:11:43.181+0000] {dag.py:2690} INFO - Sync 1 DAGs
[2024-01-06T09:11:43.192+0000] {logging_mixin.py:137} INFO - [2024-01-06T09:11:43.192+0000] {dag.py:3441} INFO - Setting next_dagrun for example_task_group_decorator to 2024-01-05T09:11:43.192455+00:00, run_after=2024-01-06T09:11:43.192455+00:00
[2024-01-06T09:11:43.201+0000] {processor.py:175} INFO - Processing /home/airflow/.local/lib/python3.7/site-packages/airflow/example_dags/example_task_group_decorator.py took 0.052 seconds
[2024-01-06T09:12:13.889+0000] {processor.py:153} INFO - Started process (PID=274) to work on /home/airflow/.local/lib/python3.7/site-packages/airflow/example_dags/example_task_group_decorator.py
[2024-01-06T09:12:13.890+0000] {processor.py:743} INFO - Processing file /home/airflow/.local/lib/python3.7/site-packages/airflow/example_dags/example_task_group_decorator.py for tasks to queue
[2024-01-06T09:12:13.890+0000] {logging_mixin.py:137} INFO - [2024-01-06T09:12:13.890+0000] {dagbag.py:538} INFO - Filling up the DagBag from /home/airflow/.local/lib/python3.7/site-packages/airflow/example_dags/example_task_group_decorator.py
[2024-01-06T09:12:13.904+0000] {processor.py:753} INFO - DAG(s) dict_keys(['example_task_group_decorator']) retrieved from /home/airflow/.local/lib/python3.7/site-packages/airflow/example_dags/example_task_group_decorator.py
[2024-01-06T09:12:13.916+0000] {logging_mixin.py:137} INFO - [2024-01-06T09:12:13.916+0000] {dag.py:2690} INFO - Sync 1 DAGs
[2024-01-06T09:12:13.927+0000] {logging_mixin.py:137} INFO - [2024-01-06T09:12:13.927+0000] {dag.py:3441} INFO - Setting next_dagrun for example_task_group_decorator to 2024-01-05T09:12:13.926914+00:00, run_after=2024-01-06T09:12:13.926914+00:00
[2024-01-06T09:12:13.934+0000] {processor.py:175} INFO - Processing /home/airflow/.local/lib/python3.7/site-packages/airflow/example_dags/example_task_group_decorator.py took 0.047 seconds
[2024-01-06T09:12:44.651+0000] {processor.py:153} INFO - Started process (PID=363) to work on /home/airflow/.local/lib/python3.7/site-packages/airflow/example_dags/example_task_group_decorator.py
[2024-01-06T09:12:44.652+0000] {processor.py:743} INFO - Processing file /home/airflow/.local/lib/python3.7/site-packages/airflow/example_dags/example_task_group_decorator.py for tasks to queue
[2024-01-06T09:12:44.652+0000] {logging_mixin.py:137} INFO - [2024-01-06T09:12:44.652+0000] {dagbag.py:538} INFO - Filling up the DagBag from /home/airflow/.local/lib/python3.7/site-packages/airflow/example_dags/example_task_group_decorator.py
[2024-01-06T09:12:44.666+0000] {processor.py:753} INFO - DAG(s) dict_keys(['example_task_group_decorator']) retrieved from /home/airflow/.local/lib/python3.7/site-packages/airflow/example_dags/example_task_group_decorator.py
[2024-01-06T09:12:44.679+0000] {logging_mixin.py:137} INFO - [2024-01-06T09:12:44.679+0000] {dag.py:2690} INFO - Sync 1 DAGs
[2024-01-06T09:12:44.692+0000] {logging_mixin.py:137} INFO - [2024-01-06T09:12:44.692+0000] {dag.py:3441} INFO - Setting next_dagrun for example_task_group_decorator to 2024-01-05T09:12:44.692178+00:00, run_after=2024-01-06T09:12:44.692178+00:00
[2024-01-06T09:12:44.700+0000] {processor.py:175} INFO - Processing /home/airflow/.local/lib/python3.7/site-packages/airflow/example_dags/example_task_group_decorator.py took 0.051 seconds
[2024-01-06T09:13:15.263+0000] {processor.py:153} INFO - Started process (PID=452) to work on /home/airflow/.local/lib/python3.7/site-packages/airflow/example_dags/example_task_group_decorator.py
[2024-01-06T09:13:15.263+0000] {processor.py:743} INFO - Processing file /home/airflow/.local/lib/python3.7/site-packages/airflow/example_dags/example_task_group_decorator.py for tasks to queue
[2024-01-06T09:13:15.264+0000] {logging_mixin.py:137} INFO - [2024-01-06T09:13:15.264+0000] {dagbag.py:538} INFO - Filling up the DagBag from /home/airflow/.local/lib/python3.7/site-packages/airflow/example_dags/example_task_group_decorator.py
[2024-01-06T09:13:15.278+0000] {processor.py:753} INFO - DAG(s) dict_keys(['example_task_group_decorator']) retrieved from /home/airflow/.local/lib/python3.7/site-packages/airflow/example_dags/example_task_group_decorator.py
[2024-01-06T09:13:15.291+0000] {logging_mixin.py:137} INFO - [2024-01-06T09:13:15.291+0000] {dag.py:2690} INFO - Sync 1 DAGs
[2024-01-06T09:13:15.303+0000] {logging_mixin.py:137} INFO - [2024-01-06T09:13:15.303+0000] {dag.py:3441} INFO - Setting next_dagrun for example_task_group_decorator to 2024-01-05T09:13:15.303008+00:00, run_after=2024-01-06T09:13:15.303008+00:00
[2024-01-06T09:13:15.310+0000] {processor.py:175} INFO - Processing /home/airflow/.local/lib/python3.7/site-packages/airflow/example_dags/example_task_group_decorator.py took 0.049 seconds
[2024-01-06T09:13:45.790+0000] {processor.py:153} INFO - Started process (PID=534) to work on /home/airflow/.local/lib/python3.7/site-packages/airflow/example_dags/example_task_group_decorator.py
[2024-01-06T09:13:45.791+0000] {processor.py:743} INFO - Processing file /home/airflow/.local/lib/python3.7/site-packages/airflow/example_dags/example_task_group_decorator.py for tasks to queue
[2024-01-06T09:13:45.791+0000] {logging_mixin.py:137} INFO - [2024-01-06T09:13:45.791+0000] {dagbag.py:538} INFO - Filling up the DagBag from /home/airflow/.local/lib/python3.7/site-packages/airflow/example_dags/example_task_group_decorator.py
[2024-01-06T09:13:45.806+0000] {processor.py:753} INFO - DAG(s) dict_keys(['example_task_group_decorator']) retrieved from /home/airflow/.local/lib/python3.7/site-packages/airflow/example_dags/example_task_group_decorator.py
[2024-01-06T09:13:45.820+0000] {logging_mixin.py:137} INFO - [2024-01-06T09:13:45.820+0000] {dag.py:2690} INFO - Sync 1 DAGs
[2024-01-06T09:13:45.833+0000] {logging_mixin.py:137} INFO - [2024-01-06T09:13:45.833+0000] {dag.py:3441} INFO - Setting next_dagrun for example_task_group_decorator to 2024-01-05T09:13:45.833126+00:00, run_after=2024-01-06T09:13:45.833126+00:00
[2024-01-06T09:13:45.842+0000] {processor.py:175} INFO - Processing /home/airflow/.local/lib/python3.7/site-packages/airflow/example_dags/example_task_group_decorator.py took 0.054 seconds
[2024-01-06T09:14:16.601+0000] {processor.py:153} INFO - Started process (PID=614) to work on /home/airflow/.local/lib/python3.7/site-packages/airflow/example_dags/example_task_group_decorator.py
[2024-01-06T09:14:16.602+0000] {processor.py:743} INFO - Processing file /home/airflow/.local/lib/python3.7/site-packages/airflow/example_dags/example_task_group_decorator.py for tasks to queue
[2024-01-06T09:14:16.602+0000] {logging_mixin.py:137} INFO - [2024-01-06T09:14:16.602+0000] {dagbag.py:538} INFO - Filling up the DagBag from /home/airflow/.local/lib/python3.7/site-packages/airflow/example_dags/example_task_group_decorator.py
[2024-01-06T09:14:16.616+0000] {processor.py:753} INFO - DAG(s) dict_keys(['example_task_group_decorator']) retrieved from /home/airflow/.local/lib/python3.7/site-packages/airflow/example_dags/example_task_group_decorator.py
[2024-01-06T09:14:16.630+0000] {logging_mixin.py:137} INFO - [2024-01-06T09:14:16.629+0000] {dag.py:2690} INFO - Sync 1 DAGs
[2024-01-06T09:14:16.641+0000] {logging_mixin.py:137} INFO - [2024-01-06T09:14:16.641+0000] {dag.py:3441} INFO - Setting next_dagrun for example_task_group_decorator to 2024-01-05T09:14:16.641003+00:00, run_after=2024-01-06T09:14:16.641003+00:00
[2024-01-06T09:14:16.649+0000] {processor.py:175} INFO - Processing /home/airflow/.local/lib/python3.7/site-packages/airflow/example_dags/example_task_group_decorator.py took 0.049 seconds
[2024-01-06T09:14:47.315+0000] {processor.py:153} INFO - Started process (PID=703) to work on /home/airflow/.local/lib/python3.7/site-packages/airflow/example_dags/example_task_group_decorator.py
[2024-01-06T09:14:47.316+0000] {processor.py:743} INFO - Processing file /home/airflow/.local/lib/python3.7/site-packages/airflow/example_dags/example_task_group_decorator.py for tasks to queue
[2024-01-06T09:14:47.316+0000] {logging_mixin.py:137} INFO - [2024-01-06T09:14:47.316+0000] {dagbag.py:538} INFO - Filling up the DagBag from /home/airflow/.local/lib/python3.7/site-packages/airflow/example_dags/example_task_group_decorator.py
[2024-01-06T09:14:47.330+0000] {processor.py:753} INFO - DAG(s) dict_keys(['example_task_group_decorator']) retrieved from /home/airflow/.local/lib/python3.7/site-packages/airflow/example_dags/example_task_group_decorator.py
[2024-01-06T09:14:47.343+0000] {logging_mixin.py:137} INFO - [2024-01-06T09:14:47.343+0000] {dag.py:2690} INFO - Sync 1 DAGs
[2024-01-06T09:14:47.355+0000] {logging_mixin.py:137} INFO - [2024-01-06T09:14:47.355+0000] {dag.py:3441} INFO - Setting next_dagrun for example_task_group_decorator to 2024-01-05T09:14:47.355175+00:00, run_after=2024-01-06T09:14:47.355175+00:00
[2024-01-06T09:14:47.363+0000] {processor.py:175} INFO - Processing /home/airflow/.local/lib/python3.7/site-packages/airflow/example_dags/example_task_group_decorator.py took 0.049 seconds
[2024-01-06T09:15:18.042+0000] {processor.py:153} INFO - Started process (PID=792) to work on /home/airflow/.local/lib/python3.7/site-packages/airflow/example_dags/example_task_group_decorator.py
[2024-01-06T09:15:18.043+0000] {processor.py:743} INFO - Processing file /home/airflow/.local/lib/python3.7/site-packages/airflow/example_dags/example_task_group_decorator.py for tasks to queue
[2024-01-06T09:15:18.043+0000] {logging_mixin.py:137} INFO - [2024-01-06T09:15:18.043+0000] {dagbag.py:538} INFO - Filling up the DagBag from /home/airflow/.local/lib/python3.7/site-packages/airflow/example_dags/example_task_group_decorator.py
[2024-01-06T09:15:18.057+0000] {processor.py:753} INFO - DAG(s) dict_keys(['example_task_group_decorator']) retrieved from /home/airflow/.local/lib/python3.7/site-packages/airflow/example_dags/example_task_group_decorator.py
[2024-01-06T09:15:18.070+0000] {logging_mixin.py:137} INFO - [2024-01-06T09:15:18.070+0000] {dag.py:2690} INFO - Sync 1 DAGs
[2024-01-06T09:15:18.082+0000] {logging_mixin.py:137} INFO - [2024-01-06T09:15:18.082+0000] {dag.py:3441} INFO - Setting next_dagrun for example_task_group_decorator to 2024-01-05T09:15:18.082152+00:00, run_after=2024-01-06T09:15:18.082152+00:00
[2024-01-06T09:15:18.090+0000] {processor.py:175} INFO - Processing /home/airflow/.local/lib/python3.7/site-packages/airflow/example_dags/example_task_group_decorator.py took 0.050 seconds
[2024-01-06T09:15:48.753+0000] {processor.py:153} INFO - Started process (PID=873) to work on /home/airflow/.local/lib/python3.7/site-packages/airflow/example_dags/example_task_group_decorator.py
[2024-01-06T09:15:48.753+0000] {processor.py:743} INFO - Processing file /home/airflow/.local/lib/python3.7/site-packages/airflow/example_dags/example_task_group_decorator.py for tasks to queue
[2024-01-06T09:15:48.754+0000] {logging_mixin.py:137} INFO - [2024-01-06T09:15:48.754+0000] {dagbag.py:538} INFO - Filling up the DagBag from /home/airflow/.local/lib/python3.7/site-packages/airflow/example_dags/example_task_group_decorator.py
[2024-01-06T09:15:48.770+0000] {processor.py:753} INFO - DAG(s) dict_keys(['example_task_group_decorator']) retrieved from /home/airflow/.local/lib/python3.7/site-packages/airflow/example_dags/example_task_group_decorator.py
[2024-01-06T09:15:48.797+0000] {logging_mixin.py:137} INFO - [2024-01-06T09:15:48.797+0000] {dag.py:2690} INFO - Sync 1 DAGs
[2024-01-06T09:15:48.818+0000] {logging_mixin.py:137} INFO - [2024-01-06T09:15:48.818+0000] {dag.py:3441} INFO - Setting next_dagrun for example_task_group_decorator to 2024-01-05T09:15:48.818471+00:00, run_after=2024-01-06T09:15:48.818471+00:00
[2024-01-06T09:15:48.858+0000] {processor.py:175} INFO - Processing /home/airflow/.local/lib/python3.7/site-packages/airflow/example_dags/example_task_group_decorator.py took 0.107 seconds
[2024-01-06T09:16:19.451+0000] {processor.py:153} INFO - Started process (PID=953) to work on /home/airflow/.local/lib/python3.7/site-packages/airflow/example_dags/example_task_group_decorator.py
[2024-01-06T09:16:19.452+0000] {processor.py:743} INFO - Processing file /home/airflow/.local/lib/python3.7/site-packages/airflow/example_dags/example_task_group_decorator.py for tasks to queue
[2024-01-06T09:16:19.452+0000] {logging_mixin.py:137} INFO - [2024-01-06T09:16:19.452+0000] {dagbag.py:538} INFO - Filling up the DagBag from /home/airflow/.local/lib/python3.7/site-packages/airflow/example_dags/example_task_group_decorator.py
[2024-01-06T09:16:19.465+0000] {processor.py:753} INFO - DAG(s) dict_keys(['example_task_group_decorator']) retrieved from /home/airflow/.local/lib/python3.7/site-packages/airflow/example_dags/example_task_group_decorator.py
[2024-01-06T09:16:19.478+0000] {logging_mixin.py:137} INFO - [2024-01-06T09:16:19.478+0000] {dag.py:2690} INFO - Sync 1 DAGs
[2024-01-06T09:16:19.489+0000] {logging_mixin.py:137} INFO - [2024-01-06T09:16:19.489+0000] {dag.py:3441} INFO - Setting next_dagrun for example_task_group_decorator to 2024-01-05T09:16:19.489601+00:00, run_after=2024-01-06T09:16:19.489601+00:00
[2024-01-06T09:16:19.497+0000] {processor.py:175} INFO - Processing /home/airflow/.local/lib/python3.7/site-packages/airflow/example_dags/example_task_group_decorator.py took 0.047 seconds
[2024-01-06T09:16:50.057+0000] {processor.py:153} INFO - Started process (PID=1042) to work on /home/airflow/.local/lib/python3.7/site-packages/airflow/example_dags/example_task_group_decorator.py
[2024-01-06T09:16:50.058+0000] {processor.py:743} INFO - Processing file /home/airflow/.local/lib/python3.7/site-packages/airflow/example_dags/example_task_group_decorator.py for tasks to queue
[2024-01-06T09:16:50.058+0000] {logging_mixin.py:137} INFO - [2024-01-06T09:16:50.058+0000] {dagbag.py:538} INFO - Filling up the DagBag from /home/airflow/.local/lib/python3.7/site-packages/airflow/example_dags/example_task_group_decorator.py
[2024-01-06T09:16:50.072+0000] {processor.py:753} INFO - DAG(s) dict_keys(['example_task_group_decorator']) retrieved from /home/airflow/.local/lib/python3.7/site-packages/airflow/example_dags/example_task_group_decorator.py
[2024-01-06T09:16:50.086+0000] {logging_mixin.py:137} INFO - [2024-01-06T09:16:50.086+0000] {dag.py:2690} INFO - Sync 1 DAGs
[2024-01-06T09:16:50.098+0000] {logging_mixin.py:137} INFO - [2024-01-06T09:16:50.098+0000] {dag.py:3441} INFO - Setting next_dagrun for example_task_group_decorator to 2024-01-05T09:16:50.098014+00:00, run_after=2024-01-06T09:16:50.098014+00:00
[2024-01-06T09:16:50.106+0000] {processor.py:175} INFO - Processing /home/airflow/.local/lib/python3.7/site-packages/airflow/example_dags/example_task_group_decorator.py took 0.050 seconds
[2024-01-06T09:17:20.665+0000] {processor.py:153} INFO - Started process (PID=1131) to work on /home/airflow/.local/lib/python3.7/site-packages/airflow/example_dags/example_task_group_decorator.py
[2024-01-06T09:17:20.666+0000] {processor.py:743} INFO - Processing file /home/airflow/.local/lib/python3.7/site-packages/airflow/example_dags/example_task_group_decorator.py for tasks to queue
[2024-01-06T09:17:20.666+0000] {logging_mixin.py:137} INFO - [2024-01-06T09:17:20.666+0000] {dagbag.py:538} INFO - Filling up the DagBag from /home/airflow/.local/lib/python3.7/site-packages/airflow/example_dags/example_task_group_decorator.py
[2024-01-06T09:17:20.680+0000] {processor.py:753} INFO - DAG(s) dict_keys(['example_task_group_decorator']) retrieved from /home/airflow/.local/lib/python3.7/site-packages/airflow/example_dags/example_task_group_decorator.py
[2024-01-06T09:17:20.693+0000] {logging_mixin.py:137} INFO - [2024-01-06T09:17:20.693+0000] {dag.py:2690} INFO - Sync 1 DAGs
[2024-01-06T09:17:20.705+0000] {logging_mixin.py:137} INFO - [2024-01-06T09:17:20.704+0000] {dag.py:3441} INFO - Setting next_dagrun for example_task_group_decorator to 2024-01-05T09:17:20.704858+00:00, run_after=2024-01-06T09:17:20.704858+00:00
[2024-01-06T09:17:20.713+0000] {processor.py:175} INFO - Processing /home/airflow/.local/lib/python3.7/site-packages/airflow/example_dags/example_task_group_decorator.py took 0.049 seconds
[2024-01-06T09:17:51.347+0000] {processor.py:153} INFO - Started process (PID=1211) to work on /home/airflow/.local/lib/python3.7/site-packages/airflow/example_dags/example_task_group_decorator.py
[2024-01-06T09:17:51.348+0000] {processor.py:743} INFO - Processing file /home/airflow/.local/lib/python3.7/site-packages/airflow/example_dags/example_task_group_decorator.py for tasks to queue
[2024-01-06T09:17:51.348+0000] {logging_mixin.py:137} INFO - [2024-01-06T09:17:51.348+0000] {dagbag.py:538} INFO - Filling up the DagBag from /home/airflow/.local/lib/python3.7/site-packages/airflow/example_dags/example_task_group_decorator.py
[2024-01-06T09:17:51.363+0000] {processor.py:753} INFO - DAG(s) dict_keys(['example_task_group_decorator']) retrieved from /home/airflow/.local/lib/python3.7/site-packages/airflow/example_dags/example_task_group_decorator.py
[2024-01-06T09:17:51.377+0000] {logging_mixin.py:137} INFO - [2024-01-06T09:17:51.377+0000] {dag.py:2690} INFO - Sync 1 DAGs
[2024-01-06T09:17:51.389+0000] {logging_mixin.py:137} INFO - [2024-01-06T09:17:51.389+0000] {dag.py:3441} INFO - Setting next_dagrun for example_task_group_decorator to 2024-01-05T09:17:51.388889+00:00, run_after=2024-01-06T09:17:51.388889+00:00
[2024-01-06T09:17:51.398+0000] {processor.py:175} INFO - Processing /home/airflow/.local/lib/python3.7/site-packages/airflow/example_dags/example_task_group_decorator.py took 0.054 seconds
[2024-01-06T09:18:22.098+0000] {processor.py:153} INFO - Started process (PID=1293) to work on /home/airflow/.local/lib/python3.7/site-packages/airflow/example_dags/example_task_group_decorator.py
[2024-01-06T09:18:22.098+0000] {processor.py:743} INFO - Processing file /home/airflow/.local/lib/python3.7/site-packages/airflow/example_dags/example_task_group_decorator.py for tasks to queue
[2024-01-06T09:18:22.098+0000] {logging_mixin.py:137} INFO - [2024-01-06T09:18:22.098+0000] {dagbag.py:538} INFO - Filling up the DagBag from /home/airflow/.local/lib/python3.7/site-packages/airflow/example_dags/example_task_group_decorator.py
[2024-01-06T09:18:22.112+0000] {processor.py:753} INFO - DAG(s) dict_keys(['example_task_group_decorator']) retrieved from /home/airflow/.local/lib/python3.7/site-packages/airflow/example_dags/example_task_group_decorator.py
[2024-01-06T09:18:22.125+0000] {logging_mixin.py:137} INFO - [2024-01-06T09:18:22.125+0000] {dag.py:2690} INFO - Sync 1 DAGs
[2024-01-06T09:18:22.136+0000] {logging_mixin.py:137} INFO - [2024-01-06T09:18:22.136+0000] {dag.py:3441} INFO - Setting next_dagrun for example_task_group_decorator to 2024-01-05T09:18:22.136686+00:00, run_after=2024-01-06T09:18:22.136686+00:00
[2024-01-06T09:18:22.145+0000] {processor.py:175} INFO - Processing /home/airflow/.local/lib/python3.7/site-packages/airflow/example_dags/example_task_group_decorator.py took 0.049 seconds
[2024-01-06T09:18:52.820+0000] {processor.py:153} INFO - Started process (PID=1381) to work on /home/airflow/.local/lib/python3.7/site-packages/airflow/example_dags/example_task_group_decorator.py
[2024-01-06T09:18:52.820+0000] {processor.py:743} INFO - Processing file /home/airflow/.local/lib/python3.7/site-packages/airflow/example_dags/example_task_group_decorator.py for tasks to queue
[2024-01-06T09:18:52.821+0000] {logging_mixin.py:137} INFO - [2024-01-06T09:18:52.821+0000] {dagbag.py:538} INFO - Filling up the DagBag from /home/airflow/.local/lib/python3.7/site-packages/airflow/example_dags/example_task_group_decorator.py
[2024-01-06T09:18:52.834+0000] {processor.py:753} INFO - DAG(s) dict_keys(['example_task_group_decorator']) retrieved from /home/airflow/.local/lib/python3.7/site-packages/airflow/example_dags/example_task_group_decorator.py
[2024-01-06T09:18:52.847+0000] {logging_mixin.py:137} INFO - [2024-01-06T09:18:52.847+0000] {dag.py:2690} INFO - Sync 1 DAGs
[2024-01-06T09:18:52.858+0000] {logging_mixin.py:137} INFO - [2024-01-06T09:18:52.858+0000] {dag.py:3441} INFO - Setting next_dagrun for example_task_group_decorator to 2024-01-05T09:18:52.858391+00:00, run_after=2024-01-06T09:18:52.858391+00:00
[2024-01-06T09:18:52.867+0000] {processor.py:175} INFO - Processing /home/airflow/.local/lib/python3.7/site-packages/airflow/example_dags/example_task_group_decorator.py took 0.049 seconds
[2024-01-06T09:19:23.508+0000] {processor.py:153} INFO - Started process (PID=1470) to work on /home/airflow/.local/lib/python3.7/site-packages/airflow/example_dags/example_task_group_decorator.py
[2024-01-06T09:19:23.509+0000] {processor.py:743} INFO - Processing file /home/airflow/.local/lib/python3.7/site-packages/airflow/example_dags/example_task_group_decorator.py for tasks to queue
[2024-01-06T09:19:23.509+0000] {logging_mixin.py:137} INFO - [2024-01-06T09:19:23.509+0000] {dagbag.py:538} INFO - Filling up the DagBag from /home/airflow/.local/lib/python3.7/site-packages/airflow/example_dags/example_task_group_decorator.py
[2024-01-06T09:19:23.523+0000] {processor.py:753} INFO - DAG(s) dict_keys(['example_task_group_decorator']) retrieved from /home/airflow/.local/lib/python3.7/site-packages/airflow/example_dags/example_task_group_decorator.py
[2024-01-06T09:19:23.536+0000] {logging_mixin.py:137} INFO - [2024-01-06T09:19:23.536+0000] {dag.py:2690} INFO - Sync 1 DAGs
[2024-01-06T09:19:23.548+0000] {logging_mixin.py:137} INFO - [2024-01-06T09:19:23.548+0000] {dag.py:3441} INFO - Setting next_dagrun for example_task_group_decorator to 2024-01-05T09:19:23.548178+00:00, run_after=2024-01-06T09:19:23.548178+00:00
[2024-01-06T09:19:23.556+0000] {processor.py:175} INFO - Processing /home/airflow/.local/lib/python3.7/site-packages/airflow/example_dags/example_task_group_decorator.py took 0.049 seconds
[2024-01-06T09:19:54.130+0000] {processor.py:153} INFO - Started process (PID=1546) to work on /home/airflow/.local/lib/python3.7/site-packages/airflow/example_dags/example_task_group_decorator.py
[2024-01-06T09:19:54.131+0000] {processor.py:743} INFO - Processing file /home/airflow/.local/lib/python3.7/site-packages/airflow/example_dags/example_task_group_decorator.py for tasks to queue
[2024-01-06T09:19:54.132+0000] {logging_mixin.py:137} INFO - [2024-01-06T09:19:54.131+0000] {dagbag.py:538} INFO - Filling up the DagBag from /home/airflow/.local/lib/python3.7/site-packages/airflow/example_dags/example_task_group_decorator.py
[2024-01-06T09:19:54.146+0000] {processor.py:753} INFO - DAG(s) dict_keys(['example_task_group_decorator']) retrieved from /home/airflow/.local/lib/python3.7/site-packages/airflow/example_dags/example_task_group_decorator.py
[2024-01-06T09:19:54.161+0000] {logging_mixin.py:137} INFO - [2024-01-06T09:19:54.161+0000] {dag.py:2690} INFO - Sync 1 DAGs
[2024-01-06T09:19:54.173+0000] {logging_mixin.py:137} INFO - [2024-01-06T09:19:54.173+0000] {dag.py:3441} INFO - Setting next_dagrun for example_task_group_decorator to 2024-01-05T09:19:54.173139+00:00, run_after=2024-01-06T09:19:54.173139+00:00
[2024-01-06T09:19:54.182+0000] {processor.py:175} INFO - Processing /home/airflow/.local/lib/python3.7/site-packages/airflow/example_dags/example_task_group_decorator.py took 0.054 seconds
[2024-01-06T09:20:24.736+0000] {processor.py:153} INFO - Started process (PID=1631) to work on /home/airflow/.local/lib/python3.7/site-packages/airflow/example_dags/example_task_group_decorator.py
[2024-01-06T09:20:24.736+0000] {processor.py:743} INFO - Processing file /home/airflow/.local/lib/python3.7/site-packages/airflow/example_dags/example_task_group_decorator.py for tasks to queue
[2024-01-06T09:20:24.736+0000] {logging_mixin.py:137} INFO - [2024-01-06T09:20:24.736+0000] {dagbag.py:538} INFO - Filling up the DagBag from /home/airflow/.local/lib/python3.7/site-packages/airflow/example_dags/example_task_group_decorator.py
[2024-01-06T09:20:24.750+0000] {processor.py:753} INFO - DAG(s) dict_keys(['example_task_group_decorator']) retrieved from /home/airflow/.local/lib/python3.7/site-packages/airflow/example_dags/example_task_group_decorator.py
[2024-01-06T09:20:24.764+0000] {logging_mixin.py:137} INFO - [2024-01-06T09:20:24.764+0000] {dag.py:2690} INFO - Sync 1 DAGs
[2024-01-06T09:20:24.777+0000] {logging_mixin.py:137} INFO - [2024-01-06T09:20:24.777+0000] {dag.py:3441} INFO - Setting next_dagrun for example_task_group_decorator to 2024-01-05T09:20:24.777117+00:00, run_after=2024-01-06T09:20:24.777117+00:00
[2024-01-06T09:20:24.785+0000] {processor.py:175} INFO - Processing /home/airflow/.local/lib/python3.7/site-packages/airflow/example_dags/example_task_group_decorator.py took 0.051 seconds
[2024-01-06T09:20:55.460+0000] {processor.py:153} INFO - Started process (PID=1720) to work on /home/airflow/.local/lib/python3.7/site-packages/airflow/example_dags/example_task_group_decorator.py
[2024-01-06T09:20:55.460+0000] {processor.py:743} INFO - Processing file /home/airflow/.local/lib/python3.7/site-packages/airflow/example_dags/example_task_group_decorator.py for tasks to queue
[2024-01-06T09:20:55.461+0000] {logging_mixin.py:137} INFO - [2024-01-06T09:20:55.461+0000] {dagbag.py:538} INFO - Filling up the DagBag from /home/airflow/.local/lib/python3.7/site-packages/airflow/example_dags/example_task_group_decorator.py
[2024-01-06T09:20:55.475+0000] {processor.py:753} INFO - DAG(s) dict_keys(['example_task_group_decorator']) retrieved from /home/airflow/.local/lib/python3.7/site-packages/airflow/example_dags/example_task_group_decorator.py
[2024-01-06T09:20:55.489+0000] {logging_mixin.py:137} INFO - [2024-01-06T09:20:55.488+0000] {dag.py:2690} INFO - Sync 1 DAGs
[2024-01-06T09:20:55.500+0000] {logging_mixin.py:137} INFO - [2024-01-06T09:20:55.500+0000] {dag.py:3441} INFO - Setting next_dagrun for example_task_group_decorator to 2024-01-05T09:20:55.500436+00:00, run_after=2024-01-06T09:20:55.500436+00:00
[2024-01-06T09:20:55.508+0000] {processor.py:175} INFO - Processing /home/airflow/.local/lib/python3.7/site-packages/airflow/example_dags/example_task_group_decorator.py took 0.050 seconds
[2024-01-06T09:21:26.191+0000] {processor.py:153} INFO - Started process (PID=1809) to work on /home/airflow/.local/lib/python3.7/site-packages/airflow/example_dags/example_task_group_decorator.py
[2024-01-06T09:21:26.192+0000] {processor.py:743} INFO - Processing file /home/airflow/.local/lib/python3.7/site-packages/airflow/example_dags/example_task_group_decorator.py for tasks to queue
[2024-01-06T09:21:26.192+0000] {logging_mixin.py:137} INFO - [2024-01-06T09:21:26.192+0000] {dagbag.py:538} INFO - Filling up the DagBag from /home/airflow/.local/lib/python3.7/site-packages/airflow/example_dags/example_task_group_decorator.py
[2024-01-06T09:21:26.206+0000] {processor.py:753} INFO - DAG(s) dict_keys(['example_task_group_decorator']) retrieved from /home/airflow/.local/lib/python3.7/site-packages/airflow/example_dags/example_task_group_decorator.py
[2024-01-06T09:21:26.219+0000] {logging_mixin.py:137} INFO - [2024-01-06T09:21:26.218+0000] {dag.py:2690} INFO - Sync 1 DAGs
[2024-01-06T09:21:26.229+0000] {logging_mixin.py:137} INFO - [2024-01-06T09:21:26.229+0000] {dag.py:3441} INFO - Setting next_dagrun for example_task_group_decorator to 2024-01-05T09:21:26.229716+00:00, run_after=2024-01-06T09:21:26.229716+00:00
[2024-01-06T09:21:26.237+0000] {processor.py:175} INFO - Processing /home/airflow/.local/lib/python3.7/site-packages/airflow/example_dags/example_task_group_decorator.py took 0.048 seconds
[2024-01-06T09:21:56.854+0000] {processor.py:153} INFO - Started process (PID=1882) to work on /home/airflow/.local/lib/python3.7/site-packages/airflow/example_dags/example_task_group_decorator.py
[2024-01-06T09:21:56.854+0000] {processor.py:743} INFO - Processing file /home/airflow/.local/lib/python3.7/site-packages/airflow/example_dags/example_task_group_decorator.py for tasks to queue
[2024-01-06T09:21:56.855+0000] {logging_mixin.py:137} INFO - [2024-01-06T09:21:56.854+0000] {dagbag.py:538} INFO - Filling up the DagBag from /home/airflow/.local/lib/python3.7/site-packages/airflow/example_dags/example_task_group_decorator.py
[2024-01-06T09:21:56.868+0000] {processor.py:753} INFO - DAG(s) dict_keys(['example_task_group_decorator']) retrieved from /home/airflow/.local/lib/python3.7/site-packages/airflow/example_dags/example_task_group_decorator.py
[2024-01-06T09:21:56.882+0000] {logging_mixin.py:137} INFO - [2024-01-06T09:21:56.882+0000] {dag.py:2690} INFO - Sync 1 DAGs
[2024-01-06T09:21:56.894+0000] {logging_mixin.py:137} INFO - [2024-01-06T09:21:56.894+0000] {dag.py:3441} INFO - Setting next_dagrun for example_task_group_decorator to 2024-01-05T09:21:56.894173+00:00, run_after=2024-01-06T09:21:56.894173+00:00
[2024-01-06T09:21:56.902+0000] {processor.py:175} INFO - Processing /home/airflow/.local/lib/python3.7/site-packages/airflow/example_dags/example_task_group_decorator.py took 0.051 seconds
[2024-01-06T09:22:27.484+0000] {processor.py:153} INFO - Started process (PID=1971) to work on /home/airflow/.local/lib/python3.7/site-packages/airflow/example_dags/example_task_group_decorator.py
[2024-01-06T09:22:27.485+0000] {processor.py:743} INFO - Processing file /home/airflow/.local/lib/python3.7/site-packages/airflow/example_dags/example_task_group_decorator.py for tasks to queue
[2024-01-06T09:22:27.485+0000] {logging_mixin.py:137} INFO - [2024-01-06T09:22:27.485+0000] {dagbag.py:538} INFO - Filling up the DagBag from /home/airflow/.local/lib/python3.7/site-packages/airflow/example_dags/example_task_group_decorator.py
[2024-01-06T09:22:27.499+0000] {processor.py:753} INFO - DAG(s) dict_keys(['example_task_group_decorator']) retrieved from /home/airflow/.local/lib/python3.7/site-packages/airflow/example_dags/example_task_group_decorator.py
[2024-01-06T09:22:27.512+0000] {logging_mixin.py:137} INFO - [2024-01-06T09:22:27.512+0000] {dag.py:2690} INFO - Sync 1 DAGs
[2024-01-06T09:22:27.523+0000] {logging_mixin.py:137} INFO - [2024-01-06T09:22:27.523+0000] {dag.py:3441} INFO - Setting next_dagrun for example_task_group_decorator to 2024-01-05T09:22:27.523486+00:00, run_after=2024-01-06T09:22:27.523486+00:00
[2024-01-06T09:22:27.531+0000] {processor.py:175} INFO - Processing /home/airflow/.local/lib/python3.7/site-packages/airflow/example_dags/example_task_group_decorator.py took 0.048 seconds
[2024-01-06T09:22:58.130+0000] {processor.py:153} INFO - Started process (PID=2060) to work on /home/airflow/.local/lib/python3.7/site-packages/airflow/example_dags/example_task_group_decorator.py
[2024-01-06T09:22:58.130+0000] {processor.py:743} INFO - Processing file /home/airflow/.local/lib/python3.7/site-packages/airflow/example_dags/example_task_group_decorator.py for tasks to queue
[2024-01-06T09:22:58.131+0000] {logging_mixin.py:137} INFO - [2024-01-06T09:22:58.131+0000] {dagbag.py:538} INFO - Filling up the DagBag from /home/airflow/.local/lib/python3.7/site-packages/airflow/example_dags/example_task_group_decorator.py
[2024-01-06T09:22:58.144+0000] {processor.py:753} INFO - DAG(s) dict_keys(['example_task_group_decorator']) retrieved from /home/airflow/.local/lib/python3.7/site-packages/airflow/example_dags/example_task_group_decorator.py
[2024-01-06T09:22:58.158+0000] {logging_mixin.py:137} INFO - [2024-01-06T09:22:58.158+0000] {dag.py:2690} INFO - Sync 1 DAGs
[2024-01-06T09:22:58.169+0000] {logging_mixin.py:137} INFO - [2024-01-06T09:22:58.169+0000] {dag.py:3441} INFO - Setting next_dagrun for example_task_group_decorator to 2024-01-05T09:22:58.169448+00:00, run_after=2024-01-06T09:22:58.169448+00:00
[2024-01-06T09:22:58.177+0000] {processor.py:175} INFO - Processing /home/airflow/.local/lib/python3.7/site-packages/airflow/example_dags/example_task_group_decorator.py took 0.049 seconds
[2024-01-06T09:23:28.695+0000] {processor.py:153} INFO - Started process (PID=2149) to work on /home/airflow/.local/lib/python3.7/site-packages/airflow/example_dags/example_task_group_decorator.py
[2024-01-06T09:23:28.696+0000] {processor.py:743} INFO - Processing file /home/airflow/.local/lib/python3.7/site-packages/airflow/example_dags/example_task_group_decorator.py for tasks to queue
[2024-01-06T09:23:28.696+0000] {logging_mixin.py:137} INFO - [2024-01-06T09:23:28.696+0000] {dagbag.py:538} INFO - Filling up the DagBag from /home/airflow/.local/lib/python3.7/site-packages/airflow/example_dags/example_task_group_decorator.py
[2024-01-06T09:23:28.710+0000] {processor.py:753} INFO - DAG(s) dict_keys(['example_task_group_decorator']) retrieved from /home/airflow/.local/lib/python3.7/site-packages/airflow/example_dags/example_task_group_decorator.py
[2024-01-06T09:23:28.724+0000] {logging_mixin.py:137} INFO - [2024-01-06T09:23:28.724+0000] {dag.py:2690} INFO - Sync 1 DAGs
[2024-01-06T09:23:28.735+0000] {logging_mixin.py:137} INFO - [2024-01-06T09:23:28.735+0000] {dag.py:3441} INFO - Setting next_dagrun for example_task_group_decorator to 2024-01-05T09:23:28.735636+00:00, run_after=2024-01-06T09:23:28.735636+00:00
[2024-01-06T09:23:28.743+0000] {processor.py:175} INFO - Processing /home/airflow/.local/lib/python3.7/site-packages/airflow/example_dags/example_task_group_decorator.py took 0.050 seconds
[2024-01-06T09:23:59.370+0000] {processor.py:153} INFO - Started process (PID=2222) to work on /home/airflow/.local/lib/python3.7/site-packages/airflow/example_dags/example_task_group_decorator.py
[2024-01-06T09:23:59.370+0000] {processor.py:743} INFO - Processing file /home/airflow/.local/lib/python3.7/site-packages/airflow/example_dags/example_task_group_decorator.py for tasks to queue
[2024-01-06T09:23:59.371+0000] {logging_mixin.py:137} INFO - [2024-01-06T09:23:59.371+0000] {dagbag.py:538} INFO - Filling up the DagBag from /home/airflow/.local/lib/python3.7/site-packages/airflow/example_dags/example_task_group_decorator.py
[2024-01-06T09:23:59.387+0000] {processor.py:753} INFO - DAG(s) dict_keys(['example_task_group_decorator']) retrieved from /home/airflow/.local/lib/python3.7/site-packages/airflow/example_dags/example_task_group_decorator.py
[2024-01-06T09:23:59.403+0000] {logging_mixin.py:137} INFO - [2024-01-06T09:23:59.402+0000] {dag.py:2690} INFO - Sync 1 DAGs
[2024-01-06T09:23:59.417+0000] {logging_mixin.py:137} INFO - [2024-01-06T09:23:59.417+0000] {dag.py:3441} INFO - Setting next_dagrun for example_task_group_decorator to 2024-01-05T09:23:59.417364+00:00, run_after=2024-01-06T09:23:59.417364+00:00
[2024-01-06T09:23:59.429+0000] {processor.py:175} INFO - Processing /home/airflow/.local/lib/python3.7/site-packages/airflow/example_dags/example_task_group_decorator.py took 0.062 seconds
[2024-01-06T09:24:30.238+0000] {processor.py:153} INFO - Started process (PID=2310) to work on /home/airflow/.local/lib/python3.7/site-packages/airflow/example_dags/example_task_group_decorator.py
[2024-01-06T09:24:30.239+0000] {processor.py:743} INFO - Processing file /home/airflow/.local/lib/python3.7/site-packages/airflow/example_dags/example_task_group_decorator.py for tasks to queue
[2024-01-06T09:24:30.239+0000] {logging_mixin.py:137} INFO - [2024-01-06T09:24:30.239+0000] {dagbag.py:538} INFO - Filling up the DagBag from /home/airflow/.local/lib/python3.7/site-packages/airflow/example_dags/example_task_group_decorator.py
[2024-01-06T09:24:30.253+0000] {processor.py:753} INFO - DAG(s) dict_keys(['example_task_group_decorator']) retrieved from /home/airflow/.local/lib/python3.7/site-packages/airflow/example_dags/example_task_group_decorator.py
[2024-01-06T09:24:30.267+0000] {logging_mixin.py:137} INFO - [2024-01-06T09:24:30.267+0000] {dag.py:2690} INFO - Sync 1 DAGs
[2024-01-06T09:24:30.278+0000] {logging_mixin.py:137} INFO - [2024-01-06T09:24:30.278+0000] {dag.py:3441} INFO - Setting next_dagrun for example_task_group_decorator to 2024-01-05T09:24:30.278732+00:00, run_after=2024-01-06T09:24:30.278732+00:00
[2024-01-06T09:24:30.286+0000] {processor.py:175} INFO - Processing /home/airflow/.local/lib/python3.7/site-packages/airflow/example_dags/example_task_group_decorator.py took 0.050 seconds
[2024-01-06T09:25:00.837+0000] {processor.py:153} INFO - Started process (PID=2399) to work on /home/airflow/.local/lib/python3.7/site-packages/airflow/example_dags/example_task_group_decorator.py
[2024-01-06T09:25:00.838+0000] {processor.py:743} INFO - Processing file /home/airflow/.local/lib/python3.7/site-packages/airflow/example_dags/example_task_group_decorator.py for tasks to queue
[2024-01-06T09:25:00.838+0000] {logging_mixin.py:137} INFO - [2024-01-06T09:25:00.838+0000] {dagbag.py:538} INFO - Filling up the DagBag from /home/airflow/.local/lib/python3.7/site-packages/airflow/example_dags/example_task_group_decorator.py
[2024-01-06T09:25:00.852+0000] {processor.py:753} INFO - DAG(s) dict_keys(['example_task_group_decorator']) retrieved from /home/airflow/.local/lib/python3.7/site-packages/airflow/example_dags/example_task_group_decorator.py
[2024-01-06T09:25:00.866+0000] {logging_mixin.py:137} INFO - [2024-01-06T09:25:00.866+0000] {dag.py:2690} INFO - Sync 1 DAGs
[2024-01-06T09:25:00.878+0000] {logging_mixin.py:137} INFO - [2024-01-06T09:25:00.878+0000] {dag.py:3441} INFO - Setting next_dagrun for example_task_group_decorator to 2024-01-05T09:25:00.878036+00:00, run_after=2024-01-06T09:25:00.878036+00:00
[2024-01-06T09:25:00.886+0000] {processor.py:175} INFO - Processing /home/airflow/.local/lib/python3.7/site-packages/airflow/example_dags/example_task_group_decorator.py took 0.050 seconds
[2024-01-06T09:25:31.518+0000] {processor.py:153} INFO - Started process (PID=2488) to work on /home/airflow/.local/lib/python3.7/site-packages/airflow/example_dags/example_task_group_decorator.py
[2024-01-06T09:25:31.519+0000] {processor.py:743} INFO - Processing file /home/airflow/.local/lib/python3.7/site-packages/airflow/example_dags/example_task_group_decorator.py for tasks to queue
[2024-01-06T09:25:31.521+0000] {logging_mixin.py:137} INFO - [2024-01-06T09:25:31.521+0000] {dagbag.py:538} INFO - Filling up the DagBag from /home/airflow/.local/lib/python3.7/site-packages/airflow/example_dags/example_task_group_decorator.py
[2024-01-06T09:25:31.539+0000] {processor.py:753} INFO - DAG(s) dict_keys(['example_task_group_decorator']) retrieved from /home/airflow/.local/lib/python3.7/site-packages/airflow/example_dags/example_task_group_decorator.py
[2024-01-06T09:25:31.559+0000] {logging_mixin.py:137} INFO - [2024-01-06T09:25:31.559+0000] {dag.py:2690} INFO - Sync 1 DAGs
[2024-01-06T09:25:31.576+0000] {logging_mixin.py:137} INFO - [2024-01-06T09:25:31.576+0000] {dag.py:3441} INFO - Setting next_dagrun for example_task_group_decorator to 2024-01-05T09:25:31.576679+00:00, run_after=2024-01-06T09:25:31.576679+00:00
[2024-01-06T09:25:31.588+0000] {processor.py:175} INFO - Processing /home/airflow/.local/lib/python3.7/site-packages/airflow/example_dags/example_task_group_decorator.py took 0.075 seconds
