[2024-01-06T09:11:11.836+0000] {processor.py:153} INFO - Started process (PID=99) to work on /home/airflow/.local/lib/python3.7/site-packages/airflow/example_dags/example_short_circuit_decorator.py
[2024-01-06T09:11:11.838+0000] {processor.py:743} INFO - Processing file /home/airflow/.local/lib/python3.7/site-packages/airflow/example_dags/example_short_circuit_decorator.py for tasks to queue
[2024-01-06T09:11:11.839+0000] {logging_mixin.py:137} INFO - [2024-01-06T09:11:11.838+0000] {dagbag.py:538} INFO - Filling up the DagBag from /home/airflow/.local/lib/python3.7/site-packages/airflow/example_dags/example_short_circuit_decorator.py
[2024-01-06T09:11:11.854+0000] {processor.py:753} INFO - DAG(s) dict_keys(['example_short_circuit_decorator']) retrieved from /home/airflow/.local/lib/python3.7/site-packages/airflow/example_dags/example_short_circuit_decorator.py
[2024-01-06T09:11:11.930+0000] {logging_mixin.py:137} INFO - [2024-01-06T09:11:11.930+0000] {manager.py:504} INFO - Created Permission View: can edit on DAG:example_short_circuit_decorator
[2024-01-06T09:11:11.936+0000] {logging_mixin.py:137} INFO - [2024-01-06T09:11:11.936+0000] {manager.py:504} INFO - Created Permission View: can read on DAG:example_short_circuit_decorator
[2024-01-06T09:11:11.940+0000] {logging_mixin.py:137} INFO - [2024-01-06T09:11:11.939+0000] {manager.py:504} INFO - Created Permission View: can delete on DAG:example_short_circuit_decorator
[2024-01-06T09:11:11.940+0000] {logging_mixin.py:137} INFO - [2024-01-06T09:11:11.940+0000] {dag.py:2690} INFO - Sync 1 DAGs
[2024-01-06T09:11:11.947+0000] {logging_mixin.py:137} INFO - [2024-01-06T09:11:11.947+0000] {dag.py:2711} INFO - Creating ORM DAG for example_short_circuit_decorator
[2024-01-06T09:11:11.955+0000] {logging_mixin.py:137} INFO - [2024-01-06T09:11:11.955+0000] {dag.py:3441} INFO - Setting next_dagrun for example_short_circuit_decorator to 2024-01-05T09:11:11.955108+00:00, run_after=2024-01-06T09:11:11.955108+00:00
[2024-01-06T09:11:11.965+0000] {processor.py:175} INFO - Processing /home/airflow/.local/lib/python3.7/site-packages/airflow/example_dags/example_short_circuit_decorator.py took 0.131 seconds
[2024-01-06T09:11:42.468+0000] {processor.py:153} INFO - Started process (PID=188) to work on /home/airflow/.local/lib/python3.7/site-packages/airflow/example_dags/example_short_circuit_decorator.py
[2024-01-06T09:11:42.469+0000] {processor.py:743} INFO - Processing file /home/airflow/.local/lib/python3.7/site-packages/airflow/example_dags/example_short_circuit_decorator.py for tasks to queue
[2024-01-06T09:11:42.470+0000] {logging_mixin.py:137} INFO - [2024-01-06T09:11:42.470+0000] {dagbag.py:538} INFO - Filling up the DagBag from /home/airflow/.local/lib/python3.7/site-packages/airflow/example_dags/example_short_circuit_decorator.py
[2024-01-06T09:11:42.484+0000] {processor.py:753} INFO - DAG(s) dict_keys(['example_short_circuit_decorator']) retrieved from /home/airflow/.local/lib/python3.7/site-packages/airflow/example_dags/example_short_circuit_decorator.py
[2024-01-06T09:11:42.504+0000] {logging_mixin.py:137} INFO - [2024-01-06T09:11:42.504+0000] {dag.py:2690} INFO - Sync 1 DAGs
[2024-01-06T09:11:42.522+0000] {logging_mixin.py:137} INFO - [2024-01-06T09:11:42.521+0000] {dag.py:3441} INFO - Setting next_dagrun for example_short_circuit_decorator to 2024-01-05T09:11:42.521639+00:00, run_after=2024-01-06T09:11:42.521639+00:00
[2024-01-06T09:11:42.537+0000] {processor.py:175} INFO - Processing /home/airflow/.local/lib/python3.7/site-packages/airflow/example_dags/example_short_circuit_decorator.py took 0.071 seconds
[2024-01-06T09:12:13.415+0000] {processor.py:153} INFO - Started process (PID=260) to work on /home/airflow/.local/lib/python3.7/site-packages/airflow/example_dags/example_short_circuit_decorator.py
[2024-01-06T09:12:13.416+0000] {processor.py:743} INFO - Processing file /home/airflow/.local/lib/python3.7/site-packages/airflow/example_dags/example_short_circuit_decorator.py for tasks to queue
[2024-01-06T09:12:13.416+0000] {logging_mixin.py:137} INFO - [2024-01-06T09:12:13.416+0000] {dagbag.py:538} INFO - Filling up the DagBag from /home/airflow/.local/lib/python3.7/site-packages/airflow/example_dags/example_short_circuit_decorator.py
[2024-01-06T09:12:13.428+0000] {processor.py:753} INFO - DAG(s) dict_keys(['example_short_circuit_decorator']) retrieved from /home/airflow/.local/lib/python3.7/site-packages/airflow/example_dags/example_short_circuit_decorator.py
[2024-01-06T09:12:13.440+0000] {logging_mixin.py:137} INFO - [2024-01-06T09:12:13.440+0000] {dag.py:2690} INFO - Sync 1 DAGs
[2024-01-06T09:12:13.450+0000] {logging_mixin.py:137} INFO - [2024-01-06T09:12:13.450+0000] {dag.py:3441} INFO - Setting next_dagrun for example_short_circuit_decorator to 2024-01-05T09:12:13.450456+00:00, run_after=2024-01-06T09:12:13.450456+00:00
[2024-01-06T09:12:13.458+0000] {processor.py:175} INFO - Processing /home/airflow/.local/lib/python3.7/site-packages/airflow/example_dags/example_short_circuit_decorator.py took 0.044 seconds
[2024-01-06T09:12:44.176+0000] {processor.py:153} INFO - Started process (PID=349) to work on /home/airflow/.local/lib/python3.7/site-packages/airflow/example_dags/example_short_circuit_decorator.py
[2024-01-06T09:12:44.176+0000] {processor.py:743} INFO - Processing file /home/airflow/.local/lib/python3.7/site-packages/airflow/example_dags/example_short_circuit_decorator.py for tasks to queue
[2024-01-06T09:12:44.176+0000] {logging_mixin.py:137} INFO - [2024-01-06T09:12:44.176+0000] {dagbag.py:538} INFO - Filling up the DagBag from /home/airflow/.local/lib/python3.7/site-packages/airflow/example_dags/example_short_circuit_decorator.py
[2024-01-06T09:12:44.189+0000] {processor.py:753} INFO - DAG(s) dict_keys(['example_short_circuit_decorator']) retrieved from /home/airflow/.local/lib/python3.7/site-packages/airflow/example_dags/example_short_circuit_decorator.py
[2024-01-06T09:12:44.201+0000] {logging_mixin.py:137} INFO - [2024-01-06T09:12:44.201+0000] {dag.py:2690} INFO - Sync 1 DAGs
[2024-01-06T09:12:44.212+0000] {logging_mixin.py:137} INFO - [2024-01-06T09:12:44.212+0000] {dag.py:3441} INFO - Setting next_dagrun for example_short_circuit_decorator to 2024-01-05T09:12:44.212737+00:00, run_after=2024-01-06T09:12:44.212737+00:00
[2024-01-06T09:12:44.221+0000] {processor.py:175} INFO - Processing /home/airflow/.local/lib/python3.7/site-packages/airflow/example_dags/example_short_circuit_decorator.py took 0.047 seconds
