[2024-01-06T09:11:11.683+0000] {processor.py:153} INFO - Started process (PID=97) to work on /home/airflow/.local/lib/python3.7/site-packages/airflow/example_dags/example_trigger_target_dag.py
[2024-01-06T09:11:11.684+0000] {processor.py:743} INFO - Processing file /home/airflow/.local/lib/python3.7/site-packages/airflow/example_dags/example_trigger_target_dag.py for tasks to queue
[2024-01-06T09:11:11.685+0000] {logging_mixin.py:137} INFO - [2024-01-06T09:11:11.685+0000] {dagbag.py:538} INFO - Filling up the DagBag from /home/airflow/.local/lib/python3.7/site-packages/airflow/example_dags/example_trigger_target_dag.py
[2024-01-06T09:11:11.702+0000] {processor.py:753} INFO - DAG(s) dict_keys(['example_trigger_target_dag']) retrieved from /home/airflow/.local/lib/python3.7/site-packages/airflow/example_dags/example_trigger_target_dag.py
[2024-01-06T09:11:11.770+0000] {logging_mixin.py:137} INFO - [2024-01-06T09:11:11.770+0000] {manager.py:504} INFO - Created Permission View: can edit on DAG:example_trigger_target_dag
[2024-01-06T09:11:11.778+0000] {logging_mixin.py:137} INFO - [2024-01-06T09:11:11.778+0000] {manager.py:504} INFO - Created Permission View: can read on DAG:example_trigger_target_dag
[2024-01-06T09:11:11.783+0000] {logging_mixin.py:137} INFO - [2024-01-06T09:11:11.783+0000] {manager.py:504} INFO - Created Permission View: can delete on DAG:example_trigger_target_dag
[2024-01-06T09:11:11.784+0000] {logging_mixin.py:137} INFO - [2024-01-06T09:11:11.784+0000] {dag.py:2690} INFO - Sync 1 DAGs
[2024-01-06T09:11:11.794+0000] {logging_mixin.py:137} INFO - [2024-01-06T09:11:11.794+0000] {dag.py:2711} INFO - Creating ORM DAG for example_trigger_target_dag
[2024-01-06T09:11:11.804+0000] {logging_mixin.py:137} INFO - [2024-01-06T09:11:11.804+0000] {dag.py:3441} INFO - Setting next_dagrun for example_trigger_target_dag to None, run_after=None
[2024-01-06T09:11:11.820+0000] {processor.py:175} INFO - Processing /home/airflow/.local/lib/python3.7/site-packages/airflow/example_dags/example_trigger_target_dag.py took 0.140 seconds
[2024-01-06T09:11:42.321+0000] {processor.py:153} INFO - Started process (PID=186) to work on /home/airflow/.local/lib/python3.7/site-packages/airflow/example_dags/example_trigger_target_dag.py
[2024-01-06T09:11:42.322+0000] {processor.py:743} INFO - Processing file /home/airflow/.local/lib/python3.7/site-packages/airflow/example_dags/example_trigger_target_dag.py for tasks to queue
[2024-01-06T09:11:42.323+0000] {logging_mixin.py:137} INFO - [2024-01-06T09:11:42.323+0000] {dagbag.py:538} INFO - Filling up the DagBag from /home/airflow/.local/lib/python3.7/site-packages/airflow/example_dags/example_trigger_target_dag.py
[2024-01-06T09:11:42.337+0000] {processor.py:753} INFO - DAG(s) dict_keys(['example_trigger_target_dag']) retrieved from /home/airflow/.local/lib/python3.7/site-packages/airflow/example_dags/example_trigger_target_dag.py
[2024-01-06T09:11:42.355+0000] {logging_mixin.py:137} INFO - [2024-01-06T09:11:42.355+0000] {dag.py:2690} INFO - Sync 1 DAGs
[2024-01-06T09:11:42.371+0000] {logging_mixin.py:137} INFO - [2024-01-06T09:11:42.370+0000] {dag.py:3441} INFO - Setting next_dagrun for example_trigger_target_dag to None, run_after=None
[2024-01-06T09:11:42.385+0000] {processor.py:175} INFO - Processing /home/airflow/.local/lib/python3.7/site-packages/airflow/example_dags/example_trigger_target_dag.py took 0.066 seconds
[2024-01-06T09:12:13.360+0000] {processor.py:153} INFO - Started process (PID=258) to work on /home/airflow/.local/lib/python3.7/site-packages/airflow/example_dags/example_trigger_target_dag.py
[2024-01-06T09:12:13.360+0000] {processor.py:743} INFO - Processing file /home/airflow/.local/lib/python3.7/site-packages/airflow/example_dags/example_trigger_target_dag.py for tasks to queue
[2024-01-06T09:12:13.360+0000] {logging_mixin.py:137} INFO - [2024-01-06T09:12:13.360+0000] {dagbag.py:538} INFO - Filling up the DagBag from /home/airflow/.local/lib/python3.7/site-packages/airflow/example_dags/example_trigger_target_dag.py
[2024-01-06T09:12:13.372+0000] {processor.py:753} INFO - DAG(s) dict_keys(['example_trigger_target_dag']) retrieved from /home/airflow/.local/lib/python3.7/site-packages/airflow/example_dags/example_trigger_target_dag.py
[2024-01-06T09:12:13.385+0000] {logging_mixin.py:137} INFO - [2024-01-06T09:12:13.385+0000] {dag.py:2690} INFO - Sync 1 DAGs
[2024-01-06T09:12:13.396+0000] {logging_mixin.py:137} INFO - [2024-01-06T09:12:13.396+0000] {dag.py:3441} INFO - Setting next_dagrun for example_trigger_target_dag to None, run_after=None
[2024-01-06T09:12:13.405+0000] {processor.py:175} INFO - Processing /home/airflow/.local/lib/python3.7/site-packages/airflow/example_dags/example_trigger_target_dag.py took 0.047 seconds
[2024-01-06T09:12:44.118+0000] {processor.py:153} INFO - Started process (PID=347) to work on /home/airflow/.local/lib/python3.7/site-packages/airflow/example_dags/example_trigger_target_dag.py
[2024-01-06T09:12:44.119+0000] {processor.py:743} INFO - Processing file /home/airflow/.local/lib/python3.7/site-packages/airflow/example_dags/example_trigger_target_dag.py for tasks to queue
[2024-01-06T09:12:44.119+0000] {logging_mixin.py:137} INFO - [2024-01-06T09:12:44.119+0000] {dagbag.py:538} INFO - Filling up the DagBag from /home/airflow/.local/lib/python3.7/site-packages/airflow/example_dags/example_trigger_target_dag.py
[2024-01-06T09:12:44.131+0000] {processor.py:753} INFO - DAG(s) dict_keys(['example_trigger_target_dag']) retrieved from /home/airflow/.local/lib/python3.7/site-packages/airflow/example_dags/example_trigger_target_dag.py
[2024-01-06T09:12:44.144+0000] {logging_mixin.py:137} INFO - [2024-01-06T09:12:44.144+0000] {dag.py:2690} INFO - Sync 1 DAGs
[2024-01-06T09:12:44.156+0000] {logging_mixin.py:137} INFO - [2024-01-06T09:12:44.156+0000] {dag.py:3441} INFO - Setting next_dagrun for example_trigger_target_dag to None, run_after=None
[2024-01-06T09:12:44.165+0000] {processor.py:175} INFO - Processing /home/airflow/.local/lib/python3.7/site-packages/airflow/example_dags/example_trigger_target_dag.py took 0.049 seconds
