[2024-01-06T09:11:12.268+0000] {processor.py:153} INFO - Started process (PID=104) to work on /home/airflow/.local/lib/python3.7/site-packages/airflow/example_dags/example_branch_operator_decorator.py
[2024-01-06T09:11:12.268+0000] {processor.py:743} INFO - Processing file /home/airflow/.local/lib/python3.7/site-packages/airflow/example_dags/example_branch_operator_decorator.py for tasks to queue
[2024-01-06T09:11:12.269+0000] {logging_mixin.py:137} INFO - [2024-01-06T09:11:12.269+0000] {dagbag.py:538} INFO - Filling up the DagBag from /home/airflow/.local/lib/python3.7/site-packages/airflow/example_dags/example_branch_operator_decorator.py
[2024-01-06T09:11:12.284+0000] {processor.py:753} INFO - DAG(s) dict_keys(['example_branch_python_operator_decorator']) retrieved from /home/airflow/.local/lib/python3.7/site-packages/airflow/example_dags/example_branch_operator_decorator.py
[2024-01-06T09:11:12.349+0000] {logging_mixin.py:137} INFO - [2024-01-06T09:11:12.349+0000] {manager.py:504} INFO - Created Permission View: can edit on DAG:example_branch_python_operator_decorator
[2024-01-06T09:11:12.355+0000] {logging_mixin.py:137} INFO - [2024-01-06T09:11:12.355+0000] {manager.py:504} INFO - Created Permission View: can read on DAG:example_branch_python_operator_decorator
[2024-01-06T09:11:12.358+0000] {logging_mixin.py:137} INFO - [2024-01-06T09:11:12.357+0000] {manager.py:504} INFO - Created Permission View: can delete on DAG:example_branch_python_operator_decorator
[2024-01-06T09:11:12.358+0000] {logging_mixin.py:137} INFO - [2024-01-06T09:11:12.358+0000] {dag.py:2690} INFO - Sync 1 DAGs
[2024-01-06T09:11:12.365+0000] {logging_mixin.py:137} INFO - [2024-01-06T09:11:12.365+0000] {dag.py:2711} INFO - Creating ORM DAG for example_branch_python_operator_decorator
[2024-01-06T09:11:12.372+0000] {logging_mixin.py:137} INFO - [2024-01-06T09:11:12.371+0000] {dag.py:3441} INFO - Setting next_dagrun for example_branch_python_operator_decorator to 2024-01-05T00:00:00+00:00, run_after=2024-01-06T00:00:00+00:00
[2024-01-06T09:11:12.381+0000] {processor.py:175} INFO - Processing /home/airflow/.local/lib/python3.7/site-packages/airflow/example_dags/example_branch_operator_decorator.py took 0.116 seconds
[2024-01-06T09:11:42.717+0000] {processor.py:153} INFO - Started process (PID=193) to work on /home/airflow/.local/lib/python3.7/site-packages/airflow/example_dags/example_branch_operator_decorator.py
[2024-01-06T09:11:42.718+0000] {processor.py:743} INFO - Processing file /home/airflow/.local/lib/python3.7/site-packages/airflow/example_dags/example_branch_operator_decorator.py for tasks to queue
[2024-01-06T09:11:42.719+0000] {logging_mixin.py:137} INFO - [2024-01-06T09:11:42.719+0000] {dagbag.py:538} INFO - Filling up the DagBag from /home/airflow/.local/lib/python3.7/site-packages/airflow/example_dags/example_branch_operator_decorator.py
[2024-01-06T09:11:42.738+0000] {processor.py:753} INFO - DAG(s) dict_keys(['example_branch_python_operator_decorator']) retrieved from /home/airflow/.local/lib/python3.7/site-packages/airflow/example_dags/example_branch_operator_decorator.py
[2024-01-06T09:11:42.756+0000] {logging_mixin.py:137} INFO - [2024-01-06T09:11:42.756+0000] {dag.py:2690} INFO - Sync 1 DAGs
[2024-01-06T09:11:42.773+0000] {logging_mixin.py:137} INFO - [2024-01-06T09:11:42.773+0000] {dag.py:3441} INFO - Setting next_dagrun for example_branch_python_operator_decorator to 2024-01-05T00:00:00+00:00, run_after=2024-01-06T00:00:00+00:00
[2024-01-06T09:11:42.788+0000] {processor.py:175} INFO - Processing /home/airflow/.local/lib/python3.7/site-packages/airflow/example_dags/example_branch_operator_decorator.py took 0.074 seconds
[2024-01-06T09:12:13.579+0000] {processor.py:153} INFO - Started process (PID=265) to work on /home/airflow/.local/lib/python3.7/site-packages/airflow/example_dags/example_branch_operator_decorator.py
[2024-01-06T09:12:13.579+0000] {processor.py:743} INFO - Processing file /home/airflow/.local/lib/python3.7/site-packages/airflow/example_dags/example_branch_operator_decorator.py for tasks to queue
[2024-01-06T09:12:13.579+0000] {logging_mixin.py:137} INFO - [2024-01-06T09:12:13.579+0000] {dagbag.py:538} INFO - Filling up the DagBag from /home/airflow/.local/lib/python3.7/site-packages/airflow/example_dags/example_branch_operator_decorator.py
[2024-01-06T09:12:13.591+0000] {processor.py:753} INFO - DAG(s) dict_keys(['example_branch_python_operator_decorator']) retrieved from /home/airflow/.local/lib/python3.7/site-packages/airflow/example_dags/example_branch_operator_decorator.py
[2024-01-06T09:12:13.603+0000] {logging_mixin.py:137} INFO - [2024-01-06T09:12:13.603+0000] {dag.py:2690} INFO - Sync 1 DAGs
[2024-01-06T09:12:13.614+0000] {logging_mixin.py:137} INFO - [2024-01-06T09:12:13.614+0000] {dag.py:3441} INFO - Setting next_dagrun for example_branch_python_operator_decorator to 2024-01-05T00:00:00+00:00, run_after=2024-01-06T00:00:00+00:00
[2024-01-06T09:12:13.622+0000] {processor.py:175} INFO - Processing /home/airflow/.local/lib/python3.7/site-packages/airflow/example_dags/example_branch_operator_decorator.py took 0.045 seconds
[2024-01-06T09:12:44.356+0000] {processor.py:153} INFO - Started process (PID=354) to work on /home/airflow/.local/lib/python3.7/site-packages/airflow/example_dags/example_branch_operator_decorator.py
[2024-01-06T09:12:44.356+0000] {processor.py:743} INFO - Processing file /home/airflow/.local/lib/python3.7/site-packages/airflow/example_dags/example_branch_operator_decorator.py for tasks to queue
[2024-01-06T09:12:44.356+0000] {logging_mixin.py:137} INFO - [2024-01-06T09:12:44.356+0000] {dagbag.py:538} INFO - Filling up the DagBag from /home/airflow/.local/lib/python3.7/site-packages/airflow/example_dags/example_branch_operator_decorator.py
[2024-01-06T09:12:44.369+0000] {processor.py:753} INFO - DAG(s) dict_keys(['example_branch_python_operator_decorator']) retrieved from /home/airflow/.local/lib/python3.7/site-packages/airflow/example_dags/example_branch_operator_decorator.py
[2024-01-06T09:12:44.382+0000] {logging_mixin.py:137} INFO - [2024-01-06T09:12:44.382+0000] {dag.py:2690} INFO - Sync 1 DAGs
[2024-01-06T09:12:44.394+0000] {logging_mixin.py:137} INFO - [2024-01-06T09:12:44.394+0000] {dag.py:3441} INFO - Setting next_dagrun for example_branch_python_operator_decorator to 2024-01-05T00:00:00+00:00, run_after=2024-01-06T00:00:00+00:00
[2024-01-06T09:12:44.402+0000] {processor.py:175} INFO - Processing /home/airflow/.local/lib/python3.7/site-packages/airflow/example_dags/example_branch_operator_decorator.py took 0.048 seconds
