[2024-01-06T09:11:11.818+0000] {processor.py:153} INFO - Started process (PID=98) to work on /home/airflow/.local/lib/python3.7/site-packages/airflow/example_dags/example_complex.py
[2024-01-06T09:11:11.819+0000] {processor.py:743} INFO - Processing file /home/airflow/.local/lib/python3.7/site-packages/airflow/example_dags/example_complex.py for tasks to queue
[2024-01-06T09:11:11.819+0000] {logging_mixin.py:137} INFO - [2024-01-06T09:11:11.819+0000] {dagbag.py:538} INFO - Filling up the DagBag from /home/airflow/.local/lib/python3.7/site-packages/airflow/example_dags/example_complex.py
[2024-01-06T09:11:11.827+0000] {logging_mixin.py:137} INFO - [2024-01-06T09:11:11.827+0000] {taskmixin.py:205} WARNING - Dependency <Task(BashOperator): create_entry_group>, delete_entry_group already registered for DAG: example_complex
[2024-01-06T09:11:11.828+0000] {logging_mixin.py:137} INFO - [2024-01-06T09:11:11.828+0000] {taskmixin.py:205} WARNING - Dependency <Task(BashOperator): delete_entry_group>, create_entry_group already registered for DAG: example_complex
[2024-01-06T09:11:11.828+0000] {logging_mixin.py:137} INFO - [2024-01-06T09:11:11.828+0000] {taskmixin.py:205} WARNING - Dependency <Task(BashOperator): create_entry_gcs>, delete_entry already registered for DAG: example_complex
[2024-01-06T09:11:11.828+0000] {logging_mixin.py:137} INFO - [2024-01-06T09:11:11.828+0000] {taskmixin.py:205} WARNING - Dependency <Task(BashOperator): delete_entry>, create_entry_gcs already registered for DAG: example_complex
[2024-01-06T09:11:11.829+0000] {logging_mixin.py:137} INFO - [2024-01-06T09:11:11.829+0000] {taskmixin.py:205} WARNING - Dependency <Task(BashOperator): create_tag>, delete_tag already registered for DAG: example_complex
[2024-01-06T09:11:11.829+0000] {logging_mixin.py:137} INFO - [2024-01-06T09:11:11.829+0000] {taskmixin.py:205} WARNING - Dependency <Task(BashOperator): delete_tag>, create_tag already registered for DAG: example_complex
[2024-01-06T09:11:11.833+0000] {processor.py:753} INFO - DAG(s) dict_keys(['example_complex']) retrieved from /home/airflow/.local/lib/python3.7/site-packages/airflow/example_dags/example_complex.py
[2024-01-06T09:11:11.907+0000] {logging_mixin.py:137} INFO - [2024-01-06T09:11:11.907+0000] {manager.py:504} INFO - Created Permission View: can edit on DAG:example_complex
[2024-01-06T09:11:11.915+0000] {logging_mixin.py:137} INFO - [2024-01-06T09:11:11.915+0000] {manager.py:504} INFO - Created Permission View: can read on DAG:example_complex
[2024-01-06T09:11:11.921+0000] {logging_mixin.py:137} INFO - [2024-01-06T09:11:11.921+0000] {manager.py:504} INFO - Created Permission View: can delete on DAG:example_complex
[2024-01-06T09:11:11.921+0000] {logging_mixin.py:137} INFO - [2024-01-06T09:11:11.921+0000] {dag.py:2690} INFO - Sync 1 DAGs
[2024-01-06T09:11:11.930+0000] {logging_mixin.py:137} INFO - [2024-01-06T09:11:11.930+0000] {dag.py:2711} INFO - Creating ORM DAG for example_complex
[2024-01-06T09:11:11.937+0000] {logging_mixin.py:137} INFO - [2024-01-06T09:11:11.937+0000] {dag.py:3441} INFO - Setting next_dagrun for example_complex to None, run_after=None
[2024-01-06T09:11:11.947+0000] {processor.py:175} INFO - Processing /home/airflow/.local/lib/python3.7/site-packages/airflow/example_dags/example_complex.py took 0.133 seconds
[2024-01-06T09:11:42.403+0000] {processor.py:153} INFO - Started process (PID=187) to work on /home/airflow/.local/lib/python3.7/site-packages/airflow/example_dags/example_complex.py
[2024-01-06T09:11:42.405+0000] {processor.py:743} INFO - Processing file /home/airflow/.local/lib/python3.7/site-packages/airflow/example_dags/example_complex.py for tasks to queue
[2024-01-06T09:11:42.405+0000] {logging_mixin.py:137} INFO - [2024-01-06T09:11:42.405+0000] {dagbag.py:538} INFO - Filling up the DagBag from /home/airflow/.local/lib/python3.7/site-packages/airflow/example_dags/example_complex.py
[2024-01-06T09:11:42.411+0000] {logging_mixin.py:137} INFO - [2024-01-06T09:11:42.411+0000] {taskmixin.py:205} WARNING - Dependency <Task(BashOperator): create_entry_group>, delete_entry_group already registered for DAG: example_complex
[2024-01-06T09:11:42.412+0000] {logging_mixin.py:137} INFO - [2024-01-06T09:11:42.412+0000] {taskmixin.py:205} WARNING - Dependency <Task(BashOperator): delete_entry_group>, create_entry_group already registered for DAG: example_complex
[2024-01-06T09:11:42.412+0000] {logging_mixin.py:137} INFO - [2024-01-06T09:11:42.412+0000] {taskmixin.py:205} WARNING - Dependency <Task(BashOperator): create_entry_gcs>, delete_entry already registered for DAG: example_complex
[2024-01-06T09:11:42.412+0000] {logging_mixin.py:137} INFO - [2024-01-06T09:11:42.412+0000] {taskmixin.py:205} WARNING - Dependency <Task(BashOperator): delete_entry>, create_entry_gcs already registered for DAG: example_complex
[2024-01-06T09:11:42.412+0000] {logging_mixin.py:137} INFO - [2024-01-06T09:11:42.412+0000] {taskmixin.py:205} WARNING - Dependency <Task(BashOperator): create_tag>, delete_tag already registered for DAG: example_complex
[2024-01-06T09:11:42.413+0000] {logging_mixin.py:137} INFO - [2024-01-06T09:11:42.413+0000] {taskmixin.py:205} WARNING - Dependency <Task(BashOperator): delete_tag>, create_tag already registered for DAG: example_complex
[2024-01-06T09:11:42.416+0000] {processor.py:753} INFO - DAG(s) dict_keys(['example_complex']) retrieved from /home/airflow/.local/lib/python3.7/site-packages/airflow/example_dags/example_complex.py
[2024-01-06T09:11:42.434+0000] {logging_mixin.py:137} INFO - [2024-01-06T09:11:42.434+0000] {dag.py:2690} INFO - Sync 1 DAGs
[2024-01-06T09:11:42.446+0000] {logging_mixin.py:137} INFO - [2024-01-06T09:11:42.446+0000] {dag.py:3441} INFO - Setting next_dagrun for example_complex to None, run_after=None
[2024-01-06T09:11:42.455+0000] {processor.py:175} INFO - Processing /home/airflow/.local/lib/python3.7/site-packages/airflow/example_dags/example_complex.py took 0.053 seconds
[2024-01-06T09:12:13.361+0000] {processor.py:153} INFO - Started process (PID=259) to work on /home/airflow/.local/lib/python3.7/site-packages/airflow/example_dags/example_complex.py
[2024-01-06T09:12:13.362+0000] {processor.py:743} INFO - Processing file /home/airflow/.local/lib/python3.7/site-packages/airflow/example_dags/example_complex.py for tasks to queue
[2024-01-06T09:12:13.362+0000] {logging_mixin.py:137} INFO - [2024-01-06T09:12:13.362+0000] {dagbag.py:538} INFO - Filling up the DagBag from /home/airflow/.local/lib/python3.7/site-packages/airflow/example_dags/example_complex.py
[2024-01-06T09:12:13.368+0000] {logging_mixin.py:137} INFO - [2024-01-06T09:12:13.368+0000] {taskmixin.py:205} WARNING - Dependency <Task(BashOperator): create_entry_group>, delete_entry_group already registered for DAG: example_complex
[2024-01-06T09:12:13.368+0000] {logging_mixin.py:137} INFO - [2024-01-06T09:12:13.368+0000] {taskmixin.py:205} WARNING - Dependency <Task(BashOperator): delete_entry_group>, create_entry_group already registered for DAG: example_complex
[2024-01-06T09:12:13.368+0000] {logging_mixin.py:137} INFO - [2024-01-06T09:12:13.368+0000] {taskmixin.py:205} WARNING - Dependency <Task(BashOperator): create_entry_gcs>, delete_entry already registered for DAG: example_complex
[2024-01-06T09:12:13.368+0000] {logging_mixin.py:137} INFO - [2024-01-06T09:12:13.368+0000] {taskmixin.py:205} WARNING - Dependency <Task(BashOperator): delete_entry>, create_entry_gcs already registered for DAG: example_complex
[2024-01-06T09:12:13.369+0000] {logging_mixin.py:137} INFO - [2024-01-06T09:12:13.369+0000] {taskmixin.py:205} WARNING - Dependency <Task(BashOperator): create_tag>, delete_tag already registered for DAG: example_complex
[2024-01-06T09:12:13.369+0000] {logging_mixin.py:137} INFO - [2024-01-06T09:12:13.369+0000] {taskmixin.py:205} WARNING - Dependency <Task(BashOperator): delete_tag>, create_tag already registered for DAG: example_complex
[2024-01-06T09:12:13.373+0000] {processor.py:753} INFO - DAG(s) dict_keys(['example_complex']) retrieved from /home/airflow/.local/lib/python3.7/site-packages/airflow/example_dags/example_complex.py
[2024-01-06T09:12:13.388+0000] {logging_mixin.py:137} INFO - [2024-01-06T09:12:13.388+0000] {dag.py:2690} INFO - Sync 1 DAGs
[2024-01-06T09:12:13.399+0000] {logging_mixin.py:137} INFO - [2024-01-06T09:12:13.399+0000] {dag.py:3441} INFO - Setting next_dagrun for example_complex to None, run_after=None
[2024-01-06T09:12:13.406+0000] {processor.py:175} INFO - Processing /home/airflow/.local/lib/python3.7/site-packages/airflow/example_dags/example_complex.py took 0.047 seconds
[2024-01-06T09:12:44.120+0000] {processor.py:153} INFO - Started process (PID=348) to work on /home/airflow/.local/lib/python3.7/site-packages/airflow/example_dags/example_complex.py
[2024-01-06T09:12:44.120+0000] {processor.py:743} INFO - Processing file /home/airflow/.local/lib/python3.7/site-packages/airflow/example_dags/example_complex.py for tasks to queue
[2024-01-06T09:12:44.121+0000] {logging_mixin.py:137} INFO - [2024-01-06T09:12:44.121+0000] {dagbag.py:538} INFO - Filling up the DagBag from /home/airflow/.local/lib/python3.7/site-packages/airflow/example_dags/example_complex.py
[2024-01-06T09:12:44.128+0000] {logging_mixin.py:137} INFO - [2024-01-06T09:12:44.127+0000] {taskmixin.py:205} WARNING - Dependency <Task(BashOperator): create_entry_group>, delete_entry_group already registered for DAG: example_complex
[2024-01-06T09:12:44.128+0000] {logging_mixin.py:137} INFO - [2024-01-06T09:12:44.128+0000] {taskmixin.py:205} WARNING - Dependency <Task(BashOperator): delete_entry_group>, create_entry_group already registered for DAG: example_complex
[2024-01-06T09:12:44.128+0000] {logging_mixin.py:137} INFO - [2024-01-06T09:12:44.128+0000] {taskmixin.py:205} WARNING - Dependency <Task(BashOperator): create_entry_gcs>, delete_entry already registered for DAG: example_complex
[2024-01-06T09:12:44.128+0000] {logging_mixin.py:137} INFO - [2024-01-06T09:12:44.128+0000] {taskmixin.py:205} WARNING - Dependency <Task(BashOperator): delete_entry>, create_entry_gcs already registered for DAG: example_complex
[2024-01-06T09:12:44.128+0000] {logging_mixin.py:137} INFO - [2024-01-06T09:12:44.128+0000] {taskmixin.py:205} WARNING - Dependency <Task(BashOperator): create_tag>, delete_tag already registered for DAG: example_complex
[2024-01-06T09:12:44.129+0000] {logging_mixin.py:137} INFO - [2024-01-06T09:12:44.128+0000] {taskmixin.py:205} WARNING - Dependency <Task(BashOperator): delete_tag>, create_tag already registered for DAG: example_complex
[2024-01-06T09:12:44.132+0000] {processor.py:753} INFO - DAG(s) dict_keys(['example_complex']) retrieved from /home/airflow/.local/lib/python3.7/site-packages/airflow/example_dags/example_complex.py
[2024-01-06T09:12:44.147+0000] {logging_mixin.py:137} INFO - [2024-01-06T09:12:44.147+0000] {dag.py:2690} INFO - Sync 1 DAGs
[2024-01-06T09:12:44.158+0000] {logging_mixin.py:137} INFO - [2024-01-06T09:12:44.158+0000] {dag.py:3441} INFO - Setting next_dagrun for example_complex to None, run_after=None
[2024-01-06T09:12:44.166+0000] {processor.py:175} INFO - Processing /home/airflow/.local/lib/python3.7/site-packages/airflow/example_dags/example_complex.py took 0.049 seconds
[2024-01-06T09:13:14.764+0000] {processor.py:153} INFO - Started process (PID=437) to work on /home/airflow/.local/lib/python3.7/site-packages/airflow/example_dags/example_complex.py
[2024-01-06T09:13:14.765+0000] {processor.py:743} INFO - Processing file /home/airflow/.local/lib/python3.7/site-packages/airflow/example_dags/example_complex.py for tasks to queue
[2024-01-06T09:13:14.765+0000] {logging_mixin.py:137} INFO - [2024-01-06T09:13:14.765+0000] {dagbag.py:538} INFO - Filling up the DagBag from /home/airflow/.local/lib/python3.7/site-packages/airflow/example_dags/example_complex.py
[2024-01-06T09:13:14.771+0000] {logging_mixin.py:137} INFO - [2024-01-06T09:13:14.771+0000] {taskmixin.py:205} WARNING - Dependency <Task(BashOperator): create_entry_group>, delete_entry_group already registered for DAG: example_complex
[2024-01-06T09:13:14.771+0000] {logging_mixin.py:137} INFO - [2024-01-06T09:13:14.771+0000] {taskmixin.py:205} WARNING - Dependency <Task(BashOperator): delete_entry_group>, create_entry_group already registered for DAG: example_complex
[2024-01-06T09:13:14.771+0000] {logging_mixin.py:137} INFO - [2024-01-06T09:13:14.771+0000] {taskmixin.py:205} WARNING - Dependency <Task(BashOperator): create_entry_gcs>, delete_entry already registered for DAG: example_complex
[2024-01-06T09:13:14.772+0000] {logging_mixin.py:137} INFO - [2024-01-06T09:13:14.772+0000] {taskmixin.py:205} WARNING - Dependency <Task(BashOperator): delete_entry>, create_entry_gcs already registered for DAG: example_complex
[2024-01-06T09:13:14.772+0000] {logging_mixin.py:137} INFO - [2024-01-06T09:13:14.772+0000] {taskmixin.py:205} WARNING - Dependency <Task(BashOperator): create_tag>, delete_tag already registered for DAG: example_complex
[2024-01-06T09:13:14.772+0000] {logging_mixin.py:137} INFO - [2024-01-06T09:13:14.772+0000] {taskmixin.py:205} WARNING - Dependency <Task(BashOperator): delete_tag>, create_tag already registered for DAG: example_complex
[2024-01-06T09:13:14.775+0000] {processor.py:753} INFO - DAG(s) dict_keys(['example_complex']) retrieved from /home/airflow/.local/lib/python3.7/site-packages/airflow/example_dags/example_complex.py
[2024-01-06T09:13:14.790+0000] {logging_mixin.py:137} INFO - [2024-01-06T09:13:14.789+0000] {dag.py:2690} INFO - Sync 1 DAGs
[2024-01-06T09:13:14.801+0000] {logging_mixin.py:137} INFO - [2024-01-06T09:13:14.801+0000] {dag.py:3441} INFO - Setting next_dagrun for example_complex to None, run_after=None
[2024-01-06T09:13:14.808+0000] {processor.py:175} INFO - Processing /home/airflow/.local/lib/python3.7/site-packages/airflow/example_dags/example_complex.py took 0.045 seconds
[2024-01-06T09:13:45.278+0000] {processor.py:153} INFO - Started process (PID=510) to work on /home/airflow/.local/lib/python3.7/site-packages/airflow/example_dags/example_complex.py
[2024-01-06T09:13:45.279+0000] {processor.py:743} INFO - Processing file /home/airflow/.local/lib/python3.7/site-packages/airflow/example_dags/example_complex.py for tasks to queue
[2024-01-06T09:13:45.279+0000] {logging_mixin.py:137} INFO - [2024-01-06T09:13:45.279+0000] {dagbag.py:538} INFO - Filling up the DagBag from /home/airflow/.local/lib/python3.7/site-packages/airflow/example_dags/example_complex.py
[2024-01-06T09:13:45.285+0000] {logging_mixin.py:137} INFO - [2024-01-06T09:13:45.285+0000] {taskmixin.py:205} WARNING - Dependency <Task(BashOperator): create_entry_group>, delete_entry_group already registered for DAG: example_complex
[2024-01-06T09:13:45.285+0000] {logging_mixin.py:137} INFO - [2024-01-06T09:13:45.285+0000] {taskmixin.py:205} WARNING - Dependency <Task(BashOperator): delete_entry_group>, create_entry_group already registered for DAG: example_complex
[2024-01-06T09:13:45.286+0000] {logging_mixin.py:137} INFO - [2024-01-06T09:13:45.285+0000] {taskmixin.py:205} WARNING - Dependency <Task(BashOperator): create_entry_gcs>, delete_entry already registered for DAG: example_complex
[2024-01-06T09:13:45.286+0000] {logging_mixin.py:137} INFO - [2024-01-06T09:13:45.286+0000] {taskmixin.py:205} WARNING - Dependency <Task(BashOperator): delete_entry>, create_entry_gcs already registered for DAG: example_complex
[2024-01-06T09:13:45.286+0000] {logging_mixin.py:137} INFO - [2024-01-06T09:13:45.286+0000] {taskmixin.py:205} WARNING - Dependency <Task(BashOperator): create_tag>, delete_tag already registered for DAG: example_complex
[2024-01-06T09:13:45.286+0000] {logging_mixin.py:137} INFO - [2024-01-06T09:13:45.286+0000] {taskmixin.py:205} WARNING - Dependency <Task(BashOperator): delete_tag>, create_tag already registered for DAG: example_complex
[2024-01-06T09:13:45.290+0000] {processor.py:753} INFO - DAG(s) dict_keys(['example_complex']) retrieved from /home/airflow/.local/lib/python3.7/site-packages/airflow/example_dags/example_complex.py
[2024-01-06T09:13:45.308+0000] {logging_mixin.py:137} INFO - [2024-01-06T09:13:45.308+0000] {dag.py:2690} INFO - Sync 1 DAGs
[2024-01-06T09:13:45.321+0000] {logging_mixin.py:137} INFO - [2024-01-06T09:13:45.321+0000] {dag.py:3441} INFO - Setting next_dagrun for example_complex to None, run_after=None
[2024-01-06T09:13:45.330+0000] {processor.py:175} INFO - Processing /home/airflow/.local/lib/python3.7/site-packages/airflow/example_dags/example_complex.py took 0.054 seconds
[2024-01-06T09:14:16.105+0000] {processor.py:153} INFO - Started process (PID=599) to work on /home/airflow/.local/lib/python3.7/site-packages/airflow/example_dags/example_complex.py
[2024-01-06T09:14:16.105+0000] {processor.py:743} INFO - Processing file /home/airflow/.local/lib/python3.7/site-packages/airflow/example_dags/example_complex.py for tasks to queue
[2024-01-06T09:14:16.105+0000] {logging_mixin.py:137} INFO - [2024-01-06T09:14:16.105+0000] {dagbag.py:538} INFO - Filling up the DagBag from /home/airflow/.local/lib/python3.7/site-packages/airflow/example_dags/example_complex.py
[2024-01-06T09:14:16.111+0000] {logging_mixin.py:137} INFO - [2024-01-06T09:14:16.111+0000] {taskmixin.py:205} WARNING - Dependency <Task(BashOperator): create_entry_group>, delete_entry_group already registered for DAG: example_complex
[2024-01-06T09:14:16.112+0000] {logging_mixin.py:137} INFO - [2024-01-06T09:14:16.112+0000] {taskmixin.py:205} WARNING - Dependency <Task(BashOperator): delete_entry_group>, create_entry_group already registered for DAG: example_complex
[2024-01-06T09:14:16.112+0000] {logging_mixin.py:137} INFO - [2024-01-06T09:14:16.112+0000] {taskmixin.py:205} WARNING - Dependency <Task(BashOperator): create_entry_gcs>, delete_entry already registered for DAG: example_complex
[2024-01-06T09:14:16.112+0000] {logging_mixin.py:137} INFO - [2024-01-06T09:14:16.112+0000] {taskmixin.py:205} WARNING - Dependency <Task(BashOperator): delete_entry>, create_entry_gcs already registered for DAG: example_complex
[2024-01-06T09:14:16.112+0000] {logging_mixin.py:137} INFO - [2024-01-06T09:14:16.112+0000] {taskmixin.py:205} WARNING - Dependency <Task(BashOperator): create_tag>, delete_tag already registered for DAG: example_complex
[2024-01-06T09:14:16.113+0000] {logging_mixin.py:137} INFO - [2024-01-06T09:14:16.112+0000] {taskmixin.py:205} WARNING - Dependency <Task(BashOperator): delete_tag>, create_tag already registered for DAG: example_complex
[2024-01-06T09:14:16.116+0000] {processor.py:753} INFO - DAG(s) dict_keys(['example_complex']) retrieved from /home/airflow/.local/lib/python3.7/site-packages/airflow/example_dags/example_complex.py
[2024-01-06T09:14:16.132+0000] {logging_mixin.py:137} INFO - [2024-01-06T09:14:16.132+0000] {dag.py:2690} INFO - Sync 1 DAGs
[2024-01-06T09:14:16.143+0000] {logging_mixin.py:137} INFO - [2024-01-06T09:14:16.143+0000] {dag.py:3441} INFO - Setting next_dagrun for example_complex to None, run_after=None
[2024-01-06T09:14:16.151+0000] {processor.py:175} INFO - Processing /home/airflow/.local/lib/python3.7/site-packages/airflow/example_dags/example_complex.py took 0.049 seconds
[2024-01-06T09:14:46.806+0000] {processor.py:153} INFO - Started process (PID=688) to work on /home/airflow/.local/lib/python3.7/site-packages/airflow/example_dags/example_complex.py
[2024-01-06T09:14:46.806+0000] {processor.py:743} INFO - Processing file /home/airflow/.local/lib/python3.7/site-packages/airflow/example_dags/example_complex.py for tasks to queue
[2024-01-06T09:14:46.806+0000] {logging_mixin.py:137} INFO - [2024-01-06T09:14:46.806+0000] {dagbag.py:538} INFO - Filling up the DagBag from /home/airflow/.local/lib/python3.7/site-packages/airflow/example_dags/example_complex.py
[2024-01-06T09:14:46.812+0000] {logging_mixin.py:137} INFO - [2024-01-06T09:14:46.812+0000] {taskmixin.py:205} WARNING - Dependency <Task(BashOperator): create_entry_group>, delete_entry_group already registered for DAG: example_complex
[2024-01-06T09:14:46.813+0000] {logging_mixin.py:137} INFO - [2024-01-06T09:14:46.813+0000] {taskmixin.py:205} WARNING - Dependency <Task(BashOperator): delete_entry_group>, create_entry_group already registered for DAG: example_complex
[2024-01-06T09:14:46.813+0000] {logging_mixin.py:137} INFO - [2024-01-06T09:14:46.813+0000] {taskmixin.py:205} WARNING - Dependency <Task(BashOperator): create_entry_gcs>, delete_entry already registered for DAG: example_complex
[2024-01-06T09:14:46.813+0000] {logging_mixin.py:137} INFO - [2024-01-06T09:14:46.813+0000] {taskmixin.py:205} WARNING - Dependency <Task(BashOperator): delete_entry>, create_entry_gcs already registered for DAG: example_complex
[2024-01-06T09:14:46.813+0000] {logging_mixin.py:137} INFO - [2024-01-06T09:14:46.813+0000] {taskmixin.py:205} WARNING - Dependency <Task(BashOperator): create_tag>, delete_tag already registered for DAG: example_complex
[2024-01-06T09:14:46.813+0000] {logging_mixin.py:137} INFO - [2024-01-06T09:14:46.813+0000] {taskmixin.py:205} WARNING - Dependency <Task(BashOperator): delete_tag>, create_tag already registered for DAG: example_complex
[2024-01-06T09:14:46.817+0000] {processor.py:753} INFO - DAG(s) dict_keys(['example_complex']) retrieved from /home/airflow/.local/lib/python3.7/site-packages/airflow/example_dags/example_complex.py
[2024-01-06T09:14:46.833+0000] {logging_mixin.py:137} INFO - [2024-01-06T09:14:46.833+0000] {dag.py:2690} INFO - Sync 1 DAGs
[2024-01-06T09:14:46.844+0000] {logging_mixin.py:137} INFO - [2024-01-06T09:14:46.844+0000] {dag.py:3441} INFO - Setting next_dagrun for example_complex to None, run_after=None
[2024-01-06T09:14:46.853+0000] {processor.py:175} INFO - Processing /home/airflow/.local/lib/python3.7/site-packages/airflow/example_dags/example_complex.py took 0.049 seconds
[2024-01-06T09:15:17.381+0000] {processor.py:153} INFO - Started process (PID=777) to work on /home/airflow/.local/lib/python3.7/site-packages/airflow/example_dags/example_complex.py
[2024-01-06T09:15:17.382+0000] {processor.py:743} INFO - Processing file /home/airflow/.local/lib/python3.7/site-packages/airflow/example_dags/example_complex.py for tasks to queue
[2024-01-06T09:15:17.382+0000] {logging_mixin.py:137} INFO - [2024-01-06T09:15:17.382+0000] {dagbag.py:538} INFO - Filling up the DagBag from /home/airflow/.local/lib/python3.7/site-packages/airflow/example_dags/example_complex.py
[2024-01-06T09:15:17.388+0000] {logging_mixin.py:137} INFO - [2024-01-06T09:15:17.387+0000] {taskmixin.py:205} WARNING - Dependency <Task(BashOperator): create_entry_group>, delete_entry_group already registered for DAG: example_complex
[2024-01-06T09:15:17.388+0000] {logging_mixin.py:137} INFO - [2024-01-06T09:15:17.388+0000] {taskmixin.py:205} WARNING - Dependency <Task(BashOperator): delete_entry_group>, create_entry_group already registered for DAG: example_complex
[2024-01-06T09:15:17.388+0000] {logging_mixin.py:137} INFO - [2024-01-06T09:15:17.388+0000] {taskmixin.py:205} WARNING - Dependency <Task(BashOperator): create_entry_gcs>, delete_entry already registered for DAG: example_complex
[2024-01-06T09:15:17.388+0000] {logging_mixin.py:137} INFO - [2024-01-06T09:15:17.388+0000] {taskmixin.py:205} WARNING - Dependency <Task(BashOperator): delete_entry>, create_entry_gcs already registered for DAG: example_complex
[2024-01-06T09:15:17.388+0000] {logging_mixin.py:137} INFO - [2024-01-06T09:15:17.388+0000] {taskmixin.py:205} WARNING - Dependency <Task(BashOperator): create_tag>, delete_tag already registered for DAG: example_complex
[2024-01-06T09:15:17.389+0000] {logging_mixin.py:137} INFO - [2024-01-06T09:15:17.389+0000] {taskmixin.py:205} WARNING - Dependency <Task(BashOperator): delete_tag>, create_tag already registered for DAG: example_complex
[2024-01-06T09:15:17.393+0000] {processor.py:753} INFO - DAG(s) dict_keys(['example_complex']) retrieved from /home/airflow/.local/lib/python3.7/site-packages/airflow/example_dags/example_complex.py
[2024-01-06T09:15:17.471+0000] {logging_mixin.py:137} INFO - [2024-01-06T09:15:17.470+0000] {dag.py:2690} INFO - Sync 1 DAGs
[2024-01-06T09:15:17.490+0000] {logging_mixin.py:137} INFO - [2024-01-06T09:15:17.490+0000] {dag.py:3441} INFO - Setting next_dagrun for example_complex to None, run_after=None
[2024-01-06T09:15:17.514+0000] {processor.py:175} INFO - Processing /home/airflow/.local/lib/python3.7/site-packages/airflow/example_dags/example_complex.py took 0.135 seconds
[2024-01-06T09:15:48.206+0000] {processor.py:153} INFO - Started process (PID=850) to work on /home/airflow/.local/lib/python3.7/site-packages/airflow/example_dags/example_complex.py
[2024-01-06T09:15:48.206+0000] {processor.py:743} INFO - Processing file /home/airflow/.local/lib/python3.7/site-packages/airflow/example_dags/example_complex.py for tasks to queue
[2024-01-06T09:15:48.207+0000] {logging_mixin.py:137} INFO - [2024-01-06T09:15:48.207+0000] {dagbag.py:538} INFO - Filling up the DagBag from /home/airflow/.local/lib/python3.7/site-packages/airflow/example_dags/example_complex.py
[2024-01-06T09:15:48.213+0000] {logging_mixin.py:137} INFO - [2024-01-06T09:15:48.212+0000] {taskmixin.py:205} WARNING - Dependency <Task(BashOperator): create_entry_group>, delete_entry_group already registered for DAG: example_complex
[2024-01-06T09:15:48.213+0000] {logging_mixin.py:137} INFO - [2024-01-06T09:15:48.213+0000] {taskmixin.py:205} WARNING - Dependency <Task(BashOperator): delete_entry_group>, create_entry_group already registered for DAG: example_complex
[2024-01-06T09:15:48.213+0000] {logging_mixin.py:137} INFO - [2024-01-06T09:15:48.213+0000] {taskmixin.py:205} WARNING - Dependency <Task(BashOperator): create_entry_gcs>, delete_entry already registered for DAG: example_complex
[2024-01-06T09:15:48.213+0000] {logging_mixin.py:137} INFO - [2024-01-06T09:15:48.213+0000] {taskmixin.py:205} WARNING - Dependency <Task(BashOperator): delete_entry>, create_entry_gcs already registered for DAG: example_complex
[2024-01-06T09:15:48.213+0000] {logging_mixin.py:137} INFO - [2024-01-06T09:15:48.213+0000] {taskmixin.py:205} WARNING - Dependency <Task(BashOperator): create_tag>, delete_tag already registered for DAG: example_complex
[2024-01-06T09:15:48.214+0000] {logging_mixin.py:137} INFO - [2024-01-06T09:15:48.213+0000] {taskmixin.py:205} WARNING - Dependency <Task(BashOperator): delete_tag>, create_tag already registered for DAG: example_complex
[2024-01-06T09:15:48.217+0000] {processor.py:753} INFO - DAG(s) dict_keys(['example_complex']) retrieved from /home/airflow/.local/lib/python3.7/site-packages/airflow/example_dags/example_complex.py
[2024-01-06T09:15:48.234+0000] {logging_mixin.py:137} INFO - [2024-01-06T09:15:48.234+0000] {dag.py:2690} INFO - Sync 1 DAGs
[2024-01-06T09:15:48.245+0000] {logging_mixin.py:137} INFO - [2024-01-06T09:15:48.245+0000] {dag.py:3441} INFO - Setting next_dagrun for example_complex to None, run_after=None
[2024-01-06T09:15:48.254+0000] {processor.py:175} INFO - Processing /home/airflow/.local/lib/python3.7/site-packages/airflow/example_dags/example_complex.py took 0.050 seconds
[2024-01-06T09:16:18.952+0000] {processor.py:153} INFO - Started process (PID=938) to work on /home/airflow/.local/lib/python3.7/site-packages/airflow/example_dags/example_complex.py
[2024-01-06T09:16:18.953+0000] {processor.py:743} INFO - Processing file /home/airflow/.local/lib/python3.7/site-packages/airflow/example_dags/example_complex.py for tasks to queue
[2024-01-06T09:16:18.953+0000] {logging_mixin.py:137} INFO - [2024-01-06T09:16:18.953+0000] {dagbag.py:538} INFO - Filling up the DagBag from /home/airflow/.local/lib/python3.7/site-packages/airflow/example_dags/example_complex.py
[2024-01-06T09:16:18.959+0000] {logging_mixin.py:137} INFO - [2024-01-06T09:16:18.959+0000] {taskmixin.py:205} WARNING - Dependency <Task(BashOperator): create_entry_group>, delete_entry_group already registered for DAG: example_complex
[2024-01-06T09:16:18.959+0000] {logging_mixin.py:137} INFO - [2024-01-06T09:16:18.959+0000] {taskmixin.py:205} WARNING - Dependency <Task(BashOperator): delete_entry_group>, create_entry_group already registered for DAG: example_complex
[2024-01-06T09:16:18.960+0000] {logging_mixin.py:137} INFO - [2024-01-06T09:16:18.960+0000] {taskmixin.py:205} WARNING - Dependency <Task(BashOperator): create_entry_gcs>, delete_entry already registered for DAG: example_complex
[2024-01-06T09:16:18.960+0000] {logging_mixin.py:137} INFO - [2024-01-06T09:16:18.960+0000] {taskmixin.py:205} WARNING - Dependency <Task(BashOperator): delete_entry>, create_entry_gcs already registered for DAG: example_complex
[2024-01-06T09:16:18.960+0000] {logging_mixin.py:137} INFO - [2024-01-06T09:16:18.960+0000] {taskmixin.py:205} WARNING - Dependency <Task(BashOperator): create_tag>, delete_tag already registered for DAG: example_complex
[2024-01-06T09:16:18.960+0000] {logging_mixin.py:137} INFO - [2024-01-06T09:16:18.960+0000] {taskmixin.py:205} WARNING - Dependency <Task(BashOperator): delete_tag>, create_tag already registered for DAG: example_complex
[2024-01-06T09:16:18.964+0000] {processor.py:753} INFO - DAG(s) dict_keys(['example_complex']) retrieved from /home/airflow/.local/lib/python3.7/site-packages/airflow/example_dags/example_complex.py
[2024-01-06T09:16:18.979+0000] {logging_mixin.py:137} INFO - [2024-01-06T09:16:18.979+0000] {dag.py:2690} INFO - Sync 1 DAGs
[2024-01-06T09:16:18.990+0000] {logging_mixin.py:137} INFO - [2024-01-06T09:16:18.990+0000] {dag.py:3441} INFO - Setting next_dagrun for example_complex to None, run_after=None
[2024-01-06T09:16:18.998+0000] {processor.py:175} INFO - Processing /home/airflow/.local/lib/python3.7/site-packages/airflow/example_dags/example_complex.py took 0.048 seconds
[2024-01-06T09:16:49.519+0000] {processor.py:153} INFO - Started process (PID=1027) to work on /home/airflow/.local/lib/python3.7/site-packages/airflow/example_dags/example_complex.py
[2024-01-06T09:16:49.519+0000] {processor.py:743} INFO - Processing file /home/airflow/.local/lib/python3.7/site-packages/airflow/example_dags/example_complex.py for tasks to queue
[2024-01-06T09:16:49.519+0000] {logging_mixin.py:137} INFO - [2024-01-06T09:16:49.519+0000] {dagbag.py:538} INFO - Filling up the DagBag from /home/airflow/.local/lib/python3.7/site-packages/airflow/example_dags/example_complex.py
[2024-01-06T09:16:49.525+0000] {logging_mixin.py:137} INFO - [2024-01-06T09:16:49.525+0000] {taskmixin.py:205} WARNING - Dependency <Task(BashOperator): create_entry_group>, delete_entry_group already registered for DAG: example_complex
[2024-01-06T09:16:49.526+0000] {logging_mixin.py:137} INFO - [2024-01-06T09:16:49.525+0000] {taskmixin.py:205} WARNING - Dependency <Task(BashOperator): delete_entry_group>, create_entry_group already registered for DAG: example_complex
[2024-01-06T09:16:49.526+0000] {logging_mixin.py:137} INFO - [2024-01-06T09:16:49.526+0000] {taskmixin.py:205} WARNING - Dependency <Task(BashOperator): create_entry_gcs>, delete_entry already registered for DAG: example_complex
[2024-01-06T09:16:49.526+0000] {logging_mixin.py:137} INFO - [2024-01-06T09:16:49.526+0000] {taskmixin.py:205} WARNING - Dependency <Task(BashOperator): delete_entry>, create_entry_gcs already registered for DAG: example_complex
[2024-01-06T09:16:49.526+0000] {logging_mixin.py:137} INFO - [2024-01-06T09:16:49.526+0000] {taskmixin.py:205} WARNING - Dependency <Task(BashOperator): create_tag>, delete_tag already registered for DAG: example_complex
[2024-01-06T09:16:49.526+0000] {logging_mixin.py:137} INFO - [2024-01-06T09:16:49.526+0000] {taskmixin.py:205} WARNING - Dependency <Task(BashOperator): delete_tag>, create_tag already registered for DAG: example_complex
[2024-01-06T09:16:49.530+0000] {processor.py:753} INFO - DAG(s) dict_keys(['example_complex']) retrieved from /home/airflow/.local/lib/python3.7/site-packages/airflow/example_dags/example_complex.py
[2024-01-06T09:16:49.544+0000] {logging_mixin.py:137} INFO - [2024-01-06T09:16:49.544+0000] {dag.py:2690} INFO - Sync 1 DAGs
[2024-01-06T09:16:49.556+0000] {logging_mixin.py:137} INFO - [2024-01-06T09:16:49.556+0000] {dag.py:3441} INFO - Setting next_dagrun for example_complex to None, run_after=None
[2024-01-06T09:16:49.564+0000] {processor.py:175} INFO - Processing /home/airflow/.local/lib/python3.7/site-packages/airflow/example_dags/example_complex.py took 0.047 seconds
[2024-01-06T09:17:20.162+0000] {processor.py:153} INFO - Started process (PID=1116) to work on /home/airflow/.local/lib/python3.7/site-packages/airflow/example_dags/example_complex.py
[2024-01-06T09:17:20.163+0000] {processor.py:743} INFO - Processing file /home/airflow/.local/lib/python3.7/site-packages/airflow/example_dags/example_complex.py for tasks to queue
[2024-01-06T09:17:20.163+0000] {logging_mixin.py:137} INFO - [2024-01-06T09:17:20.163+0000] {dagbag.py:538} INFO - Filling up the DagBag from /home/airflow/.local/lib/python3.7/site-packages/airflow/example_dags/example_complex.py
[2024-01-06T09:17:20.169+0000] {logging_mixin.py:137} INFO - [2024-01-06T09:17:20.168+0000] {taskmixin.py:205} WARNING - Dependency <Task(BashOperator): create_entry_group>, delete_entry_group already registered for DAG: example_complex
[2024-01-06T09:17:20.169+0000] {logging_mixin.py:137} INFO - [2024-01-06T09:17:20.169+0000] {taskmixin.py:205} WARNING - Dependency <Task(BashOperator): delete_entry_group>, create_entry_group already registered for DAG: example_complex
[2024-01-06T09:17:20.169+0000] {logging_mixin.py:137} INFO - [2024-01-06T09:17:20.169+0000] {taskmixin.py:205} WARNING - Dependency <Task(BashOperator): create_entry_gcs>, delete_entry already registered for DAG: example_complex
[2024-01-06T09:17:20.169+0000] {logging_mixin.py:137} INFO - [2024-01-06T09:17:20.169+0000] {taskmixin.py:205} WARNING - Dependency <Task(BashOperator): delete_entry>, create_entry_gcs already registered for DAG: example_complex
[2024-01-06T09:17:20.169+0000] {logging_mixin.py:137} INFO - [2024-01-06T09:17:20.169+0000] {taskmixin.py:205} WARNING - Dependency <Task(BashOperator): create_tag>, delete_tag already registered for DAG: example_complex
[2024-01-06T09:17:20.170+0000] {logging_mixin.py:137} INFO - [2024-01-06T09:17:20.170+0000] {taskmixin.py:205} WARNING - Dependency <Task(BashOperator): delete_tag>, create_tag already registered for DAG: example_complex
[2024-01-06T09:17:20.173+0000] {processor.py:753} INFO - DAG(s) dict_keys(['example_complex']) retrieved from /home/airflow/.local/lib/python3.7/site-packages/airflow/example_dags/example_complex.py
[2024-01-06T09:17:20.188+0000] {logging_mixin.py:137} INFO - [2024-01-06T09:17:20.188+0000] {dag.py:2690} INFO - Sync 1 DAGs
[2024-01-06T09:17:20.199+0000] {logging_mixin.py:137} INFO - [2024-01-06T09:17:20.199+0000] {dag.py:3441} INFO - Setting next_dagrun for example_complex to None, run_after=None
[2024-01-06T09:17:20.206+0000] {processor.py:175} INFO - Processing /home/airflow/.local/lib/python3.7/site-packages/airflow/example_dags/example_complex.py took 0.046 seconds
[2024-01-06T09:17:50.826+0000] {processor.py:153} INFO - Started process (PID=1189) to work on /home/airflow/.local/lib/python3.7/site-packages/airflow/example_dags/example_complex.py
[2024-01-06T09:17:50.826+0000] {processor.py:743} INFO - Processing file /home/airflow/.local/lib/python3.7/site-packages/airflow/example_dags/example_complex.py for tasks to queue
[2024-01-06T09:17:50.827+0000] {logging_mixin.py:137} INFO - [2024-01-06T09:17:50.827+0000] {dagbag.py:538} INFO - Filling up the DagBag from /home/airflow/.local/lib/python3.7/site-packages/airflow/example_dags/example_complex.py
[2024-01-06T09:17:50.833+0000] {logging_mixin.py:137} INFO - [2024-01-06T09:17:50.833+0000] {taskmixin.py:205} WARNING - Dependency <Task(BashOperator): create_entry_group>, delete_entry_group already registered for DAG: example_complex
[2024-01-06T09:17:50.833+0000] {logging_mixin.py:137} INFO - [2024-01-06T09:17:50.833+0000] {taskmixin.py:205} WARNING - Dependency <Task(BashOperator): delete_entry_group>, create_entry_group already registered for DAG: example_complex
[2024-01-06T09:17:50.833+0000] {logging_mixin.py:137} INFO - [2024-01-06T09:17:50.833+0000] {taskmixin.py:205} WARNING - Dependency <Task(BashOperator): create_entry_gcs>, delete_entry already registered for DAG: example_complex
[2024-01-06T09:17:50.833+0000] {logging_mixin.py:137} INFO - [2024-01-06T09:17:50.833+0000] {taskmixin.py:205} WARNING - Dependency <Task(BashOperator): delete_entry>, create_entry_gcs already registered for DAG: example_complex
[2024-01-06T09:17:50.834+0000] {logging_mixin.py:137} INFO - [2024-01-06T09:17:50.834+0000] {taskmixin.py:205} WARNING - Dependency <Task(BashOperator): create_tag>, delete_tag already registered for DAG: example_complex
[2024-01-06T09:17:50.834+0000] {logging_mixin.py:137} INFO - [2024-01-06T09:17:50.834+0000] {taskmixin.py:205} WARNING - Dependency <Task(BashOperator): delete_tag>, create_tag already registered for DAG: example_complex
[2024-01-06T09:17:50.837+0000] {processor.py:753} INFO - DAG(s) dict_keys(['example_complex']) retrieved from /home/airflow/.local/lib/python3.7/site-packages/airflow/example_dags/example_complex.py
[2024-01-06T09:17:50.855+0000] {logging_mixin.py:137} INFO - [2024-01-06T09:17:50.855+0000] {dag.py:2690} INFO - Sync 1 DAGs
[2024-01-06T09:17:50.866+0000] {logging_mixin.py:137} INFO - [2024-01-06T09:17:50.866+0000] {dag.py:3441} INFO - Setting next_dagrun for example_complex to None, run_after=None
[2024-01-06T09:17:50.875+0000] {processor.py:175} INFO - Processing /home/airflow/.local/lib/python3.7/site-packages/airflow/example_dags/example_complex.py took 0.051 seconds
[2024-01-06T09:18:21.606+0000] {processor.py:153} INFO - Started process (PID=1278) to work on /home/airflow/.local/lib/python3.7/site-packages/airflow/example_dags/example_complex.py
[2024-01-06T09:18:21.606+0000] {processor.py:743} INFO - Processing file /home/airflow/.local/lib/python3.7/site-packages/airflow/example_dags/example_complex.py for tasks to queue
[2024-01-06T09:18:21.607+0000] {logging_mixin.py:137} INFO - [2024-01-06T09:18:21.607+0000] {dagbag.py:538} INFO - Filling up the DagBag from /home/airflow/.local/lib/python3.7/site-packages/airflow/example_dags/example_complex.py
[2024-01-06T09:18:21.613+0000] {logging_mixin.py:137} INFO - [2024-01-06T09:18:21.612+0000] {taskmixin.py:205} WARNING - Dependency <Task(BashOperator): create_entry_group>, delete_entry_group already registered for DAG: example_complex
[2024-01-06T09:18:21.613+0000] {logging_mixin.py:137} INFO - [2024-01-06T09:18:21.613+0000] {taskmixin.py:205} WARNING - Dependency <Task(BashOperator): delete_entry_group>, create_entry_group already registered for DAG: example_complex
[2024-01-06T09:18:21.613+0000] {logging_mixin.py:137} INFO - [2024-01-06T09:18:21.613+0000] {taskmixin.py:205} WARNING - Dependency <Task(BashOperator): create_entry_gcs>, delete_entry already registered for DAG: example_complex
[2024-01-06T09:18:21.613+0000] {logging_mixin.py:137} INFO - [2024-01-06T09:18:21.613+0000] {taskmixin.py:205} WARNING - Dependency <Task(BashOperator): delete_entry>, create_entry_gcs already registered for DAG: example_complex
[2024-01-06T09:18:21.613+0000] {logging_mixin.py:137} INFO - [2024-01-06T09:18:21.613+0000] {taskmixin.py:205} WARNING - Dependency <Task(BashOperator): create_tag>, delete_tag already registered for DAG: example_complex
[2024-01-06T09:18:21.614+0000] {logging_mixin.py:137} INFO - [2024-01-06T09:18:21.614+0000] {taskmixin.py:205} WARNING - Dependency <Task(BashOperator): delete_tag>, create_tag already registered for DAG: example_complex
[2024-01-06T09:18:21.617+0000] {processor.py:753} INFO - DAG(s) dict_keys(['example_complex']) retrieved from /home/airflow/.local/lib/python3.7/site-packages/airflow/example_dags/example_complex.py
[2024-01-06T09:18:21.633+0000] {logging_mixin.py:137} INFO - [2024-01-06T09:18:21.633+0000] {dag.py:2690} INFO - Sync 1 DAGs
[2024-01-06T09:18:21.643+0000] {logging_mixin.py:137} INFO - [2024-01-06T09:18:21.643+0000] {dag.py:3441} INFO - Setting next_dagrun for example_complex to None, run_after=None
[2024-01-06T09:18:21.651+0000] {processor.py:175} INFO - Processing /home/airflow/.local/lib/python3.7/site-packages/airflow/example_dags/example_complex.py took 0.048 seconds
[2024-01-06T09:18:52.268+0000] {processor.py:153} INFO - Started process (PID=1366) to work on /home/airflow/.local/lib/python3.7/site-packages/airflow/example_dags/example_complex.py
[2024-01-06T09:18:52.268+0000] {processor.py:743} INFO - Processing file /home/airflow/.local/lib/python3.7/site-packages/airflow/example_dags/example_complex.py for tasks to queue
[2024-01-06T09:18:52.269+0000] {logging_mixin.py:137} INFO - [2024-01-06T09:18:52.268+0000] {dagbag.py:538} INFO - Filling up the DagBag from /home/airflow/.local/lib/python3.7/site-packages/airflow/example_dags/example_complex.py
[2024-01-06T09:18:52.275+0000] {logging_mixin.py:137} INFO - [2024-01-06T09:18:52.275+0000] {taskmixin.py:205} WARNING - Dependency <Task(BashOperator): create_entry_group>, delete_entry_group already registered for DAG: example_complex
[2024-01-06T09:18:52.275+0000] {logging_mixin.py:137} INFO - [2024-01-06T09:18:52.275+0000] {taskmixin.py:205} WARNING - Dependency <Task(BashOperator): delete_entry_group>, create_entry_group already registered for DAG: example_complex
[2024-01-06T09:18:52.275+0000] {logging_mixin.py:137} INFO - [2024-01-06T09:18:52.275+0000] {taskmixin.py:205} WARNING - Dependency <Task(BashOperator): create_entry_gcs>, delete_entry already registered for DAG: example_complex
[2024-01-06T09:18:52.275+0000] {logging_mixin.py:137} INFO - [2024-01-06T09:18:52.275+0000] {taskmixin.py:205} WARNING - Dependency <Task(BashOperator): delete_entry>, create_entry_gcs already registered for DAG: example_complex
[2024-01-06T09:18:52.275+0000] {logging_mixin.py:137} INFO - [2024-01-06T09:18:52.275+0000] {taskmixin.py:205} WARNING - Dependency <Task(BashOperator): create_tag>, delete_tag already registered for DAG: example_complex
[2024-01-06T09:18:52.275+0000] {logging_mixin.py:137} INFO - [2024-01-06T09:18:52.275+0000] {taskmixin.py:205} WARNING - Dependency <Task(BashOperator): delete_tag>, create_tag already registered for DAG: example_complex
[2024-01-06T09:18:52.279+0000] {processor.py:753} INFO - DAG(s) dict_keys(['example_complex']) retrieved from /home/airflow/.local/lib/python3.7/site-packages/airflow/example_dags/example_complex.py
[2024-01-06T09:18:52.295+0000] {logging_mixin.py:137} INFO - [2024-01-06T09:18:52.295+0000] {dag.py:2690} INFO - Sync 1 DAGs
[2024-01-06T09:18:52.306+0000] {logging_mixin.py:137} INFO - [2024-01-06T09:18:52.306+0000] {dag.py:3441} INFO - Setting next_dagrun for example_complex to None, run_after=None
[2024-01-06T09:18:52.314+0000] {processor.py:175} INFO - Processing /home/airflow/.local/lib/python3.7/site-packages/airflow/example_dags/example_complex.py took 0.048 seconds
[2024-01-06T09:19:22.997+0000] {processor.py:153} INFO - Started process (PID=1455) to work on /home/airflow/.local/lib/python3.7/site-packages/airflow/example_dags/example_complex.py
[2024-01-06T09:19:22.997+0000] {processor.py:743} INFO - Processing file /home/airflow/.local/lib/python3.7/site-packages/airflow/example_dags/example_complex.py for tasks to queue
[2024-01-06T09:19:22.998+0000] {logging_mixin.py:137} INFO - [2024-01-06T09:19:22.998+0000] {dagbag.py:538} INFO - Filling up the DagBag from /home/airflow/.local/lib/python3.7/site-packages/airflow/example_dags/example_complex.py
[2024-01-06T09:19:23.003+0000] {logging_mixin.py:137} INFO - [2024-01-06T09:19:23.003+0000] {taskmixin.py:205} WARNING - Dependency <Task(BashOperator): create_entry_group>, delete_entry_group already registered for DAG: example_complex
[2024-01-06T09:19:23.003+0000] {logging_mixin.py:137} INFO - [2024-01-06T09:19:23.003+0000] {taskmixin.py:205} WARNING - Dependency <Task(BashOperator): delete_entry_group>, create_entry_group already registered for DAG: example_complex
[2024-01-06T09:19:23.004+0000] {logging_mixin.py:137} INFO - [2024-01-06T09:19:23.004+0000] {taskmixin.py:205} WARNING - Dependency <Task(BashOperator): create_entry_gcs>, delete_entry already registered for DAG: example_complex
[2024-01-06T09:19:23.004+0000] {logging_mixin.py:137} INFO - [2024-01-06T09:19:23.004+0000] {taskmixin.py:205} WARNING - Dependency <Task(BashOperator): delete_entry>, create_entry_gcs already registered for DAG: example_complex
[2024-01-06T09:19:23.004+0000] {logging_mixin.py:137} INFO - [2024-01-06T09:19:23.004+0000] {taskmixin.py:205} WARNING - Dependency <Task(BashOperator): create_tag>, delete_tag already registered for DAG: example_complex
[2024-01-06T09:19:23.004+0000] {logging_mixin.py:137} INFO - [2024-01-06T09:19:23.004+0000] {taskmixin.py:205} WARNING - Dependency <Task(BashOperator): delete_tag>, create_tag already registered for DAG: example_complex
[2024-01-06T09:19:23.008+0000] {processor.py:753} INFO - DAG(s) dict_keys(['example_complex']) retrieved from /home/airflow/.local/lib/python3.7/site-packages/airflow/example_dags/example_complex.py
[2024-01-06T09:19:23.022+0000] {logging_mixin.py:137} INFO - [2024-01-06T09:19:23.022+0000] {dag.py:2690} INFO - Sync 1 DAGs
[2024-01-06T09:19:23.033+0000] {logging_mixin.py:137} INFO - [2024-01-06T09:19:23.033+0000] {dag.py:3441} INFO - Setting next_dagrun for example_complex to None, run_after=None
[2024-01-06T09:19:23.040+0000] {processor.py:175} INFO - Processing /home/airflow/.local/lib/python3.7/site-packages/airflow/example_dags/example_complex.py took 0.045 seconds
[2024-01-06T09:19:53.673+0000] {processor.py:153} INFO - Started process (PID=1528) to work on /home/airflow/.local/lib/python3.7/site-packages/airflow/example_dags/example_complex.py
[2024-01-06T09:19:53.674+0000] {processor.py:743} INFO - Processing file /home/airflow/.local/lib/python3.7/site-packages/airflow/example_dags/example_complex.py for tasks to queue
[2024-01-06T09:19:53.674+0000] {logging_mixin.py:137} INFO - [2024-01-06T09:19:53.674+0000] {dagbag.py:538} INFO - Filling up the DagBag from /home/airflow/.local/lib/python3.7/site-packages/airflow/example_dags/example_complex.py
[2024-01-06T09:19:53.680+0000] {logging_mixin.py:137} INFO - [2024-01-06T09:19:53.680+0000] {taskmixin.py:205} WARNING - Dependency <Task(BashOperator): create_entry_group>, delete_entry_group already registered for DAG: example_complex
[2024-01-06T09:19:53.680+0000] {logging_mixin.py:137} INFO - [2024-01-06T09:19:53.680+0000] {taskmixin.py:205} WARNING - Dependency <Task(BashOperator): delete_entry_group>, create_entry_group already registered for DAG: example_complex
[2024-01-06T09:19:53.680+0000] {logging_mixin.py:137} INFO - [2024-01-06T09:19:53.680+0000] {taskmixin.py:205} WARNING - Dependency <Task(BashOperator): create_entry_gcs>, delete_entry already registered for DAG: example_complex
[2024-01-06T09:19:53.680+0000] {logging_mixin.py:137} INFO - [2024-01-06T09:19:53.680+0000] {taskmixin.py:205} WARNING - Dependency <Task(BashOperator): delete_entry>, create_entry_gcs already registered for DAG: example_complex
[2024-01-06T09:19:53.681+0000] {logging_mixin.py:137} INFO - [2024-01-06T09:19:53.681+0000] {taskmixin.py:205} WARNING - Dependency <Task(BashOperator): create_tag>, delete_tag already registered for DAG: example_complex
[2024-01-06T09:19:53.681+0000] {logging_mixin.py:137} INFO - [2024-01-06T09:19:53.681+0000] {taskmixin.py:205} WARNING - Dependency <Task(BashOperator): delete_tag>, create_tag already registered for DAG: example_complex
[2024-01-06T09:19:53.684+0000] {processor.py:753} INFO - DAG(s) dict_keys(['example_complex']) retrieved from /home/airflow/.local/lib/python3.7/site-packages/airflow/example_dags/example_complex.py
[2024-01-06T09:19:53.700+0000] {logging_mixin.py:137} INFO - [2024-01-06T09:19:53.699+0000] {dag.py:2690} INFO - Sync 1 DAGs
[2024-01-06T09:19:53.710+0000] {logging_mixin.py:137} INFO - [2024-01-06T09:19:53.710+0000] {dag.py:3441} INFO - Setting next_dagrun for example_complex to None, run_after=None
[2024-01-06T09:19:53.719+0000] {processor.py:175} INFO - Processing /home/airflow/.local/lib/python3.7/site-packages/airflow/example_dags/example_complex.py took 0.047 seconds
[2024-01-06T09:20:24.226+0000] {processor.py:153} INFO - Started process (PID=1616) to work on /home/airflow/.local/lib/python3.7/site-packages/airflow/example_dags/example_complex.py
[2024-01-06T09:20:24.226+0000] {processor.py:743} INFO - Processing file /home/airflow/.local/lib/python3.7/site-packages/airflow/example_dags/example_complex.py for tasks to queue
[2024-01-06T09:20:24.226+0000] {logging_mixin.py:137} INFO - [2024-01-06T09:20:24.226+0000] {dagbag.py:538} INFO - Filling up the DagBag from /home/airflow/.local/lib/python3.7/site-packages/airflow/example_dags/example_complex.py
[2024-01-06T09:20:24.232+0000] {logging_mixin.py:137} INFO - [2024-01-06T09:20:24.232+0000] {taskmixin.py:205} WARNING - Dependency <Task(BashOperator): create_entry_group>, delete_entry_group already registered for DAG: example_complex
[2024-01-06T09:20:24.232+0000] {logging_mixin.py:137} INFO - [2024-01-06T09:20:24.232+0000] {taskmixin.py:205} WARNING - Dependency <Task(BashOperator): delete_entry_group>, create_entry_group already registered for DAG: example_complex
[2024-01-06T09:20:24.233+0000] {logging_mixin.py:137} INFO - [2024-01-06T09:20:24.233+0000] {taskmixin.py:205} WARNING - Dependency <Task(BashOperator): create_entry_gcs>, delete_entry already registered for DAG: example_complex
[2024-01-06T09:20:24.233+0000] {logging_mixin.py:137} INFO - [2024-01-06T09:20:24.233+0000] {taskmixin.py:205} WARNING - Dependency <Task(BashOperator): delete_entry>, create_entry_gcs already registered for DAG: example_complex
[2024-01-06T09:20:24.233+0000] {logging_mixin.py:137} INFO - [2024-01-06T09:20:24.233+0000] {taskmixin.py:205} WARNING - Dependency <Task(BashOperator): create_tag>, delete_tag already registered for DAG: example_complex
[2024-01-06T09:20:24.233+0000] {logging_mixin.py:137} INFO - [2024-01-06T09:20:24.233+0000] {taskmixin.py:205} WARNING - Dependency <Task(BashOperator): delete_tag>, create_tag already registered for DAG: example_complex
[2024-01-06T09:20:24.237+0000] {processor.py:753} INFO - DAG(s) dict_keys(['example_complex']) retrieved from /home/airflow/.local/lib/python3.7/site-packages/airflow/example_dags/example_complex.py
[2024-01-06T09:20:24.252+0000] {logging_mixin.py:137} INFO - [2024-01-06T09:20:24.252+0000] {dag.py:2690} INFO - Sync 1 DAGs
[2024-01-06T09:20:24.263+0000] {logging_mixin.py:137} INFO - [2024-01-06T09:20:24.263+0000] {dag.py:3441} INFO - Setting next_dagrun for example_complex to None, run_after=None
[2024-01-06T09:20:24.271+0000] {processor.py:175} INFO - Processing /home/airflow/.local/lib/python3.7/site-packages/airflow/example_dags/example_complex.py took 0.047 seconds
[2024-01-06T09:20:54.905+0000] {processor.py:153} INFO - Started process (PID=1705) to work on /home/airflow/.local/lib/python3.7/site-packages/airflow/example_dags/example_complex.py
[2024-01-06T09:20:54.905+0000] {processor.py:743} INFO - Processing file /home/airflow/.local/lib/python3.7/site-packages/airflow/example_dags/example_complex.py for tasks to queue
[2024-01-06T09:20:54.905+0000] {logging_mixin.py:137} INFO - [2024-01-06T09:20:54.905+0000] {dagbag.py:538} INFO - Filling up the DagBag from /home/airflow/.local/lib/python3.7/site-packages/airflow/example_dags/example_complex.py
[2024-01-06T09:20:54.912+0000] {logging_mixin.py:137} INFO - [2024-01-06T09:20:54.912+0000] {taskmixin.py:205} WARNING - Dependency <Task(BashOperator): create_entry_group>, delete_entry_group already registered for DAG: example_complex
[2024-01-06T09:20:54.913+0000] {logging_mixin.py:137} INFO - [2024-01-06T09:20:54.913+0000] {taskmixin.py:205} WARNING - Dependency <Task(BashOperator): delete_entry_group>, create_entry_group already registered for DAG: example_complex
[2024-01-06T09:20:54.913+0000] {logging_mixin.py:137} INFO - [2024-01-06T09:20:54.913+0000] {taskmixin.py:205} WARNING - Dependency <Task(BashOperator): create_entry_gcs>, delete_entry already registered for DAG: example_complex
[2024-01-06T09:20:54.913+0000] {logging_mixin.py:137} INFO - [2024-01-06T09:20:54.913+0000] {taskmixin.py:205} WARNING - Dependency <Task(BashOperator): delete_entry>, create_entry_gcs already registered for DAG: example_complex
[2024-01-06T09:20:54.914+0000] {logging_mixin.py:137} INFO - [2024-01-06T09:20:54.914+0000] {taskmixin.py:205} WARNING - Dependency <Task(BashOperator): create_tag>, delete_tag already registered for DAG: example_complex
[2024-01-06T09:20:54.914+0000] {logging_mixin.py:137} INFO - [2024-01-06T09:20:54.914+0000] {taskmixin.py:205} WARNING - Dependency <Task(BashOperator): delete_tag>, create_tag already registered for DAG: example_complex
[2024-01-06T09:20:54.918+0000] {processor.py:753} INFO - DAG(s) dict_keys(['example_complex']) retrieved from /home/airflow/.local/lib/python3.7/site-packages/airflow/example_dags/example_complex.py
[2024-01-06T09:20:54.935+0000] {logging_mixin.py:137} INFO - [2024-01-06T09:20:54.934+0000] {dag.py:2690} INFO - Sync 1 DAGs
[2024-01-06T09:20:54.947+0000] {logging_mixin.py:137} INFO - [2024-01-06T09:20:54.946+0000] {dag.py:3441} INFO - Setting next_dagrun for example_complex to None, run_after=None
[2024-01-06T09:20:54.955+0000] {processor.py:175} INFO - Processing /home/airflow/.local/lib/python3.7/site-packages/airflow/example_dags/example_complex.py took 0.052 seconds
[2024-01-06T09:21:25.689+0000] {processor.py:153} INFO - Started process (PID=1794) to work on /home/airflow/.local/lib/python3.7/site-packages/airflow/example_dags/example_complex.py
[2024-01-06T09:21:25.690+0000] {processor.py:743} INFO - Processing file /home/airflow/.local/lib/python3.7/site-packages/airflow/example_dags/example_complex.py for tasks to queue
[2024-01-06T09:21:25.690+0000] {logging_mixin.py:137} INFO - [2024-01-06T09:21:25.690+0000] {dagbag.py:538} INFO - Filling up the DagBag from /home/airflow/.local/lib/python3.7/site-packages/airflow/example_dags/example_complex.py
[2024-01-06T09:21:25.696+0000] {logging_mixin.py:137} INFO - [2024-01-06T09:21:25.696+0000] {taskmixin.py:205} WARNING - Dependency <Task(BashOperator): create_entry_group>, delete_entry_group already registered for DAG: example_complex
[2024-01-06T09:21:25.696+0000] {logging_mixin.py:137} INFO - [2024-01-06T09:21:25.696+0000] {taskmixin.py:205} WARNING - Dependency <Task(BashOperator): delete_entry_group>, create_entry_group already registered for DAG: example_complex
[2024-01-06T09:21:25.696+0000] {logging_mixin.py:137} INFO - [2024-01-06T09:21:25.696+0000] {taskmixin.py:205} WARNING - Dependency <Task(BashOperator): create_entry_gcs>, delete_entry already registered for DAG: example_complex
[2024-01-06T09:21:25.696+0000] {logging_mixin.py:137} INFO - [2024-01-06T09:21:25.696+0000] {taskmixin.py:205} WARNING - Dependency <Task(BashOperator): delete_entry>, create_entry_gcs already registered for DAG: example_complex
[2024-01-06T09:21:25.697+0000] {logging_mixin.py:137} INFO - [2024-01-06T09:21:25.696+0000] {taskmixin.py:205} WARNING - Dependency <Task(BashOperator): create_tag>, delete_tag already registered for DAG: example_complex
[2024-01-06T09:21:25.697+0000] {logging_mixin.py:137} INFO - [2024-01-06T09:21:25.697+0000] {taskmixin.py:205} WARNING - Dependency <Task(BashOperator): delete_tag>, create_tag already registered for DAG: example_complex
[2024-01-06T09:21:25.700+0000] {processor.py:753} INFO - DAG(s) dict_keys(['example_complex']) retrieved from /home/airflow/.local/lib/python3.7/site-packages/airflow/example_dags/example_complex.py
[2024-01-06T09:21:25.715+0000] {logging_mixin.py:137} INFO - [2024-01-06T09:21:25.715+0000] {dag.py:2690} INFO - Sync 1 DAGs
[2024-01-06T09:21:25.727+0000] {logging_mixin.py:137} INFO - [2024-01-06T09:21:25.727+0000] {dag.py:3441} INFO - Setting next_dagrun for example_complex to None, run_after=None
[2024-01-06T09:21:25.735+0000] {processor.py:175} INFO - Processing /home/airflow/.local/lib/python3.7/site-packages/airflow/example_dags/example_complex.py took 0.048 seconds
