[2024-01-06T09:11:13.084+0000] {processor.py:153} INFO - Started process (PID=117) to work on /home/airflow/.local/lib/python3.7/site-packages/airflow/example_dags/example_bash_operator.py
[2024-01-06T09:11:13.084+0000] {processor.py:743} INFO - Processing file /home/airflow/.local/lib/python3.7/site-packages/airflow/example_dags/example_bash_operator.py for tasks to queue
[2024-01-06T09:11:13.085+0000] {logging_mixin.py:137} INFO - [2024-01-06T09:11:13.085+0000] {dagbag.py:538} INFO - Filling up the DagBag from /home/airflow/.local/lib/python3.7/site-packages/airflow/example_dags/example_bash_operator.py
[2024-01-06T09:11:13.096+0000] {processor.py:753} INFO - DAG(s) dict_keys(['example_bash_operator']) retrieved from /home/airflow/.local/lib/python3.7/site-packages/airflow/example_dags/example_bash_operator.py
[2024-01-06T09:11:13.151+0000] {logging_mixin.py:137} INFO - [2024-01-06T09:11:13.151+0000] {manager.py:504} INFO - Created Permission View: can edit on DAG:example_bash_operator
[2024-01-06T09:11:13.156+0000] {logging_mixin.py:137} INFO - [2024-01-06T09:11:13.155+0000] {manager.py:504} INFO - Created Permission View: can read on DAG:example_bash_operator
[2024-01-06T09:11:13.158+0000] {logging_mixin.py:137} INFO - [2024-01-06T09:11:13.158+0000] {manager.py:504} INFO - Created Permission View: can delete on DAG:example_bash_operator
[2024-01-06T09:11:13.158+0000] {logging_mixin.py:137} INFO - [2024-01-06T09:11:13.158+0000] {dag.py:2690} INFO - Sync 1 DAGs
[2024-01-06T09:11:13.164+0000] {logging_mixin.py:137} INFO - [2024-01-06T09:11:13.164+0000] {dag.py:2711} INFO - Creating ORM DAG for example_bash_operator
[2024-01-06T09:11:13.170+0000] {logging_mixin.py:137} INFO - [2024-01-06T09:11:13.170+0000] {dag.py:3441} INFO - Setting next_dagrun for example_bash_operator to 2024-01-05T00:00:00+00:00, run_after=2024-01-06T00:00:00+00:00
[2024-01-06T09:11:13.178+0000] {processor.py:175} INFO - Processing /home/airflow/.local/lib/python3.7/site-packages/airflow/example_dags/example_bash_operator.py took 0.096 seconds
[2024-01-06T09:11:43.279+0000] {processor.py:153} INFO - Started process (PID=206) to work on /home/airflow/.local/lib/python3.7/site-packages/airflow/example_dags/example_bash_operator.py
[2024-01-06T09:11:43.279+0000] {processor.py:743} INFO - Processing file /home/airflow/.local/lib/python3.7/site-packages/airflow/example_dags/example_bash_operator.py for tasks to queue
[2024-01-06T09:11:43.280+0000] {logging_mixin.py:137} INFO - [2024-01-06T09:11:43.280+0000] {dagbag.py:538} INFO - Filling up the DagBag from /home/airflow/.local/lib/python3.7/site-packages/airflow/example_dags/example_bash_operator.py
[2024-01-06T09:11:43.293+0000] {processor.py:753} INFO - DAG(s) dict_keys(['example_bash_operator']) retrieved from /home/airflow/.local/lib/python3.7/site-packages/airflow/example_dags/example_bash_operator.py
[2024-01-06T09:11:43.311+0000] {logging_mixin.py:137} INFO - [2024-01-06T09:11:43.311+0000] {dag.py:2690} INFO - Sync 1 DAGs
[2024-01-06T09:11:43.324+0000] {logging_mixin.py:137} INFO - [2024-01-06T09:11:43.324+0000] {dag.py:3441} INFO - Setting next_dagrun for example_bash_operator to 2024-01-05T00:00:00+00:00, run_after=2024-01-06T00:00:00+00:00
[2024-01-06T09:11:43.333+0000] {processor.py:175} INFO - Processing /home/airflow/.local/lib/python3.7/site-packages/airflow/example_dags/example_bash_operator.py took 0.057 seconds
[2024-01-06T09:12:14.066+0000] {processor.py:153} INFO - Started process (PID=278) to work on /home/airflow/.local/lib/python3.7/site-packages/airflow/example_dags/example_bash_operator.py
[2024-01-06T09:12:14.067+0000] {processor.py:743} INFO - Processing file /home/airflow/.local/lib/python3.7/site-packages/airflow/example_dags/example_bash_operator.py for tasks to queue
[2024-01-06T09:12:14.067+0000] {logging_mixin.py:137} INFO - [2024-01-06T09:12:14.067+0000] {dagbag.py:538} INFO - Filling up the DagBag from /home/airflow/.local/lib/python3.7/site-packages/airflow/example_dags/example_bash_operator.py
[2024-01-06T09:12:14.079+0000] {processor.py:753} INFO - DAG(s) dict_keys(['example_bash_operator']) retrieved from /home/airflow/.local/lib/python3.7/site-packages/airflow/example_dags/example_bash_operator.py
[2024-01-06T09:12:14.096+0000] {logging_mixin.py:137} INFO - [2024-01-06T09:12:14.096+0000] {dag.py:2690} INFO - Sync 1 DAGs
[2024-01-06T09:12:14.108+0000] {logging_mixin.py:137} INFO - [2024-01-06T09:12:14.108+0000] {dag.py:3441} INFO - Setting next_dagrun for example_bash_operator to 2024-01-05T00:00:00+00:00, run_after=2024-01-06T00:00:00+00:00
[2024-01-06T09:12:14.115+0000] {processor.py:175} INFO - Processing /home/airflow/.local/lib/python3.7/site-packages/airflow/example_dags/example_bash_operator.py took 0.051 seconds
[2024-01-06T09:12:44.765+0000] {processor.py:153} INFO - Started process (PID=367) to work on /home/airflow/.local/lib/python3.7/site-packages/airflow/example_dags/example_bash_operator.py
[2024-01-06T09:12:44.766+0000] {processor.py:743} INFO - Processing file /home/airflow/.local/lib/python3.7/site-packages/airflow/example_dags/example_bash_operator.py for tasks to queue
[2024-01-06T09:12:44.766+0000] {logging_mixin.py:137} INFO - [2024-01-06T09:12:44.766+0000] {dagbag.py:538} INFO - Filling up the DagBag from /home/airflow/.local/lib/python3.7/site-packages/airflow/example_dags/example_bash_operator.py
[2024-01-06T09:12:44.777+0000] {processor.py:753} INFO - DAG(s) dict_keys(['example_bash_operator']) retrieved from /home/airflow/.local/lib/python3.7/site-packages/airflow/example_dags/example_bash_operator.py
[2024-01-06T09:12:44.794+0000] {logging_mixin.py:137} INFO - [2024-01-06T09:12:44.794+0000] {dag.py:2690} INFO - Sync 1 DAGs
[2024-01-06T09:12:44.806+0000] {logging_mixin.py:137} INFO - [2024-01-06T09:12:44.806+0000] {dag.py:3441} INFO - Setting next_dagrun for example_bash_operator to 2024-01-05T00:00:00+00:00, run_after=2024-01-06T00:00:00+00:00
[2024-01-06T09:12:44.814+0000] {processor.py:175} INFO - Processing /home/airflow/.local/lib/python3.7/site-packages/airflow/example_dags/example_bash_operator.py took 0.051 seconds
