[2024-01-06T09:11:13.191+0000] {processor.py:153} INFO - Started process (PID=119) to work on /home/airflow/.local/lib/python3.7/site-packages/airflow/example_dags/example_skip_dag.py
[2024-01-06T09:11:13.192+0000] {processor.py:743} INFO - Processing file /home/airflow/.local/lib/python3.7/site-packages/airflow/example_dags/example_skip_dag.py for tasks to queue
[2024-01-06T09:11:13.193+0000] {logging_mixin.py:137} INFO - [2024-01-06T09:11:13.193+0000] {dagbag.py:538} INFO - Filling up the DagBag from /home/airflow/.local/lib/python3.7/site-packages/airflow/example_dags/example_skip_dag.py
[2024-01-06T09:11:13.201+0000] {processor.py:753} INFO - DAG(s) dict_keys(['example_skip_dag']) retrieved from /home/airflow/.local/lib/python3.7/site-packages/airflow/example_dags/example_skip_dag.py
[2024-01-06T09:11:13.252+0000] {logging_mixin.py:137} INFO - [2024-01-06T09:11:13.252+0000] {manager.py:504} INFO - Created Permission View: can edit on DAG:example_skip_dag
[2024-01-06T09:11:13.255+0000] {logging_mixin.py:137} INFO - [2024-01-06T09:11:13.255+0000] {manager.py:504} INFO - Created Permission View: can read on DAG:example_skip_dag
[2024-01-06T09:11:13.258+0000] {logging_mixin.py:137} INFO - [2024-01-06T09:11:13.258+0000] {manager.py:504} INFO - Created Permission View: can delete on DAG:example_skip_dag
[2024-01-06T09:11:13.258+0000] {logging_mixin.py:137} INFO - [2024-01-06T09:11:13.258+0000] {dag.py:2690} INFO - Sync 1 DAGs
[2024-01-06T09:11:13.264+0000] {logging_mixin.py:137} INFO - [2024-01-06T09:11:13.264+0000] {dag.py:2711} INFO - Creating ORM DAG for example_skip_dag
[2024-01-06T09:11:13.269+0000] {logging_mixin.py:137} INFO - [2024-01-06T09:11:13.269+0000] {dag.py:3441} INFO - Setting next_dagrun for example_skip_dag to 2024-01-05T09:11:13.269177+00:00, run_after=2024-01-06T09:11:13.269177+00:00
[2024-01-06T09:11:13.277+0000] {processor.py:175} INFO - Processing /home/airflow/.local/lib/python3.7/site-packages/airflow/example_dags/example_skip_dag.py took 0.087 seconds
[2024-01-06T09:11:43.358+0000] {processor.py:153} INFO - Started process (PID=208) to work on /home/airflow/.local/lib/python3.7/site-packages/airflow/example_dags/example_skip_dag.py
[2024-01-06T09:11:43.359+0000] {processor.py:743} INFO - Processing file /home/airflow/.local/lib/python3.7/site-packages/airflow/example_dags/example_skip_dag.py for tasks to queue
[2024-01-06T09:11:43.359+0000] {logging_mixin.py:137} INFO - [2024-01-06T09:11:43.359+0000] {dagbag.py:538} INFO - Filling up the DagBag from /home/airflow/.local/lib/python3.7/site-packages/airflow/example_dags/example_skip_dag.py
[2024-01-06T09:11:43.366+0000] {processor.py:753} INFO - DAG(s) dict_keys(['example_skip_dag']) retrieved from /home/airflow/.local/lib/python3.7/site-packages/airflow/example_dags/example_skip_dag.py
[2024-01-06T09:11:43.378+0000] {logging_mixin.py:137} INFO - [2024-01-06T09:11:43.378+0000] {dag.py:2690} INFO - Sync 1 DAGs
[2024-01-06T09:11:43.389+0000] {logging_mixin.py:137} INFO - [2024-01-06T09:11:43.389+0000] {dag.py:3441} INFO - Setting next_dagrun for example_skip_dag to 2024-01-05T09:11:43.388934+00:00, run_after=2024-01-06T09:11:43.388934+00:00
[2024-01-06T09:11:43.396+0000] {processor.py:175} INFO - Processing /home/airflow/.local/lib/python3.7/site-packages/airflow/example_dags/example_skip_dag.py took 0.040 seconds
[2024-01-06T09:12:14.124+0000] {processor.py:153} INFO - Started process (PID=280) to work on /home/airflow/.local/lib/python3.7/site-packages/airflow/example_dags/example_skip_dag.py
[2024-01-06T09:12:14.125+0000] {processor.py:743} INFO - Processing file /home/airflow/.local/lib/python3.7/site-packages/airflow/example_dags/example_skip_dag.py for tasks to queue
[2024-01-06T09:12:14.125+0000] {logging_mixin.py:137} INFO - [2024-01-06T09:12:14.125+0000] {dagbag.py:538} INFO - Filling up the DagBag from /home/airflow/.local/lib/python3.7/site-packages/airflow/example_dags/example_skip_dag.py
[2024-01-06T09:12:14.133+0000] {processor.py:753} INFO - DAG(s) dict_keys(['example_skip_dag']) retrieved from /home/airflow/.local/lib/python3.7/site-packages/airflow/example_dags/example_skip_dag.py
[2024-01-06T09:12:14.145+0000] {logging_mixin.py:137} INFO - [2024-01-06T09:12:14.145+0000] {dag.py:2690} INFO - Sync 1 DAGs
[2024-01-06T09:12:14.156+0000] {logging_mixin.py:137} INFO - [2024-01-06T09:12:14.156+0000] {dag.py:3441} INFO - Setting next_dagrun for example_skip_dag to 2024-01-05T09:12:14.156162+00:00, run_after=2024-01-06T09:12:14.156162+00:00
[2024-01-06T09:12:14.164+0000] {processor.py:175} INFO - Processing /home/airflow/.local/lib/python3.7/site-packages/airflow/example_dags/example_skip_dag.py took 0.041 seconds
[2024-01-06T09:12:44.826+0000] {processor.py:153} INFO - Started process (PID=369) to work on /home/airflow/.local/lib/python3.7/site-packages/airflow/example_dags/example_skip_dag.py
[2024-01-06T09:12:44.826+0000] {processor.py:743} INFO - Processing file /home/airflow/.local/lib/python3.7/site-packages/airflow/example_dags/example_skip_dag.py for tasks to queue
[2024-01-06T09:12:44.827+0000] {logging_mixin.py:137} INFO - [2024-01-06T09:12:44.827+0000] {dagbag.py:538} INFO - Filling up the DagBag from /home/airflow/.local/lib/python3.7/site-packages/airflow/example_dags/example_skip_dag.py
[2024-01-06T09:12:44.833+0000] {processor.py:753} INFO - DAG(s) dict_keys(['example_skip_dag']) retrieved from /home/airflow/.local/lib/python3.7/site-packages/airflow/example_dags/example_skip_dag.py
[2024-01-06T09:12:44.845+0000] {logging_mixin.py:137} INFO - [2024-01-06T09:12:44.845+0000] {dag.py:2690} INFO - Sync 1 DAGs
[2024-01-06T09:12:44.856+0000] {logging_mixin.py:137} INFO - [2024-01-06T09:12:44.856+0000] {dag.py:3441} INFO - Setting next_dagrun for example_skip_dag to 2024-01-05T09:12:44.856205+00:00, run_after=2024-01-06T09:12:44.856205+00:00
[2024-01-06T09:12:44.865+0000] {processor.py:175} INFO - Processing /home/airflow/.local/lib/python3.7/site-packages/airflow/example_dags/example_skip_dag.py took 0.041 seconds
