[2024-01-06T09:11:10.964+0000] {processor.py:153} INFO - Started process (PID=89) to work on /home/airflow/.local/lib/python3.7/site-packages/airflow/example_dags/example_python_operator.py
[2024-01-06T09:11:10.965+0000] {processor.py:743} INFO - Processing file /home/airflow/.local/lib/python3.7/site-packages/airflow/example_dags/example_python_operator.py for tasks to queue
[2024-01-06T09:11:10.965+0000] {logging_mixin.py:137} INFO - [2024-01-06T09:11:10.965+0000] {dagbag.py:538} INFO - Filling up the DagBag from /home/airflow/.local/lib/python3.7/site-packages/airflow/example_dags/example_python_operator.py
[2024-01-06T09:11:10.979+0000] {logging_mixin.py:137} INFO - [2024-01-06T09:11:10.979+0000] {taskmixin.py:205} WARNING - Dependency <Task(_PythonDecoratedOperator): print_the_context>, log_sql_query already registered for DAG: example_python_operator
[2024-01-06T09:11:10.979+0000] {logging_mixin.py:137} INFO - [2024-01-06T09:11:10.979+0000] {taskmixin.py:205} WARNING - Dependency <Task(_PythonDecoratedOperator): log_sql_query>, print_the_context already registered for DAG: example_python_operator
[2024-01-06T09:11:10.979+0000] {logging_mixin.py:137} INFO - [2024-01-06T09:11:10.979+0000] {taskmixin.py:205} WARNING - Dependency <Task(_PythonDecoratedOperator): print_the_context>, log_sql_query already registered for DAG: example_python_operator
[2024-01-06T09:11:10.979+0000] {logging_mixin.py:137} INFO - [2024-01-06T09:11:10.979+0000] {taskmixin.py:205} WARNING - Dependency <Task(_PythonDecoratedOperator): log_sql_query>, print_the_context already registered for DAG: example_python_operator
[2024-01-06T09:11:10.980+0000] {logging_mixin.py:137} INFO - [2024-01-06T09:11:10.980+0000] {taskmixin.py:205} WARNING - Dependency <Task(_PythonDecoratedOperator): print_the_context>, log_sql_query already registered for DAG: example_python_operator
[2024-01-06T09:11:10.980+0000] {logging_mixin.py:137} INFO - [2024-01-06T09:11:10.980+0000] {taskmixin.py:205} WARNING - Dependency <Task(_PythonDecoratedOperator): log_sql_query>, print_the_context already registered for DAG: example_python_operator
[2024-01-06T09:11:10.980+0000] {logging_mixin.py:137} INFO - [2024-01-06T09:11:10.980+0000] {taskmixin.py:205} WARNING - Dependency <Task(_PythonDecoratedOperator): print_the_context>, log_sql_query already registered for DAG: example_python_operator
[2024-01-06T09:11:10.981+0000] {logging_mixin.py:137} INFO - [2024-01-06T09:11:10.980+0000] {taskmixin.py:205} WARNING - Dependency <Task(_PythonDecoratedOperator): log_sql_query>, print_the_context already registered for DAG: example_python_operator
[2024-01-06T09:11:10.984+0000] {processor.py:753} INFO - DAG(s) dict_keys(['example_python_operator']) retrieved from /home/airflow/.local/lib/python3.7/site-packages/airflow/example_dags/example_python_operator.py
[2024-01-06T09:11:11.050+0000] {logging_mixin.py:137} INFO - [2024-01-06T09:11:11.050+0000] {manager.py:504} INFO - Created Permission View: can edit on DAG:example_python_operator
[2024-01-06T09:11:11.055+0000] {logging_mixin.py:137} INFO - [2024-01-06T09:11:11.055+0000] {manager.py:504} INFO - Created Permission View: can read on DAG:example_python_operator
[2024-01-06T09:11:11.059+0000] {logging_mixin.py:137} INFO - [2024-01-06T09:11:11.059+0000] {manager.py:504} INFO - Created Permission View: can delete on DAG:example_python_operator
[2024-01-06T09:11:11.059+0000] {logging_mixin.py:137} INFO - [2024-01-06T09:11:11.059+0000] {dag.py:2690} INFO - Sync 1 DAGs
[2024-01-06T09:11:11.067+0000] {logging_mixin.py:137} INFO - [2024-01-06T09:11:11.067+0000] {dag.py:2711} INFO - Creating ORM DAG for example_python_operator
[2024-01-06T09:11:11.097+0000] {logging_mixin.py:137} INFO - [2024-01-06T09:11:11.097+0000] {dag.py:3441} INFO - Setting next_dagrun for example_python_operator to None, run_after=None
[2024-01-06T09:11:11.140+0000] {processor.py:175} INFO - Processing /home/airflow/.local/lib/python3.7/site-packages/airflow/example_dags/example_python_operator.py took 0.178 seconds
[2024-01-06T09:11:41.902+0000] {processor.py:153} INFO - Started process (PID=171) to work on /home/airflow/.local/lib/python3.7/site-packages/airflow/example_dags/example_python_operator.py
[2024-01-06T09:11:41.902+0000] {processor.py:743} INFO - Processing file /home/airflow/.local/lib/python3.7/site-packages/airflow/example_dags/example_python_operator.py for tasks to queue
[2024-01-06T09:11:41.903+0000] {logging_mixin.py:137} INFO - [2024-01-06T09:11:41.902+0000] {dagbag.py:538} INFO - Filling up the DagBag from /home/airflow/.local/lib/python3.7/site-packages/airflow/example_dags/example_python_operator.py
[2024-01-06T09:11:41.912+0000] {logging_mixin.py:137} INFO - [2024-01-06T09:11:41.912+0000] {taskmixin.py:205} WARNING - Dependency <Task(_PythonDecoratedOperator): print_the_context>, log_sql_query already registered for DAG: example_python_operator
[2024-01-06T09:11:41.912+0000] {logging_mixin.py:137} INFO - [2024-01-06T09:11:41.912+0000] {taskmixin.py:205} WARNING - Dependency <Task(_PythonDecoratedOperator): log_sql_query>, print_the_context already registered for DAG: example_python_operator
[2024-01-06T09:11:41.912+0000] {logging_mixin.py:137} INFO - [2024-01-06T09:11:41.912+0000] {taskmixin.py:205} WARNING - Dependency <Task(_PythonDecoratedOperator): print_the_context>, log_sql_query already registered for DAG: example_python_operator
[2024-01-06T09:11:41.913+0000] {logging_mixin.py:137} INFO - [2024-01-06T09:11:41.913+0000] {taskmixin.py:205} WARNING - Dependency <Task(_PythonDecoratedOperator): log_sql_query>, print_the_context already registered for DAG: example_python_operator
[2024-01-06T09:11:41.913+0000] {logging_mixin.py:137} INFO - [2024-01-06T09:11:41.913+0000] {taskmixin.py:205} WARNING - Dependency <Task(_PythonDecoratedOperator): print_the_context>, log_sql_query already registered for DAG: example_python_operator
[2024-01-06T09:11:41.913+0000] {logging_mixin.py:137} INFO - [2024-01-06T09:11:41.913+0000] {taskmixin.py:205} WARNING - Dependency <Task(_PythonDecoratedOperator): log_sql_query>, print_the_context already registered for DAG: example_python_operator
[2024-01-06T09:11:41.913+0000] {logging_mixin.py:137} INFO - [2024-01-06T09:11:41.913+0000] {taskmixin.py:205} WARNING - Dependency <Task(_PythonDecoratedOperator): print_the_context>, log_sql_query already registered for DAG: example_python_operator
[2024-01-06T09:11:41.914+0000] {logging_mixin.py:137} INFO - [2024-01-06T09:11:41.914+0000] {taskmixin.py:205} WARNING - Dependency <Task(_PythonDecoratedOperator): log_sql_query>, print_the_context already registered for DAG: example_python_operator
[2024-01-06T09:11:41.917+0000] {processor.py:753} INFO - DAG(s) dict_keys(['example_python_operator']) retrieved from /home/airflow/.local/lib/python3.7/site-packages/airflow/example_dags/example_python_operator.py
[2024-01-06T09:11:41.932+0000] {logging_mixin.py:137} INFO - [2024-01-06T09:11:41.932+0000] {dag.py:2690} INFO - Sync 1 DAGs
[2024-01-06T09:11:41.944+0000] {logging_mixin.py:137} INFO - [2024-01-06T09:11:41.944+0000] {dag.py:3441} INFO - Setting next_dagrun for example_python_operator to None, run_after=None
[2024-01-06T09:11:41.954+0000] {processor.py:175} INFO - Processing /home/airflow/.local/lib/python3.7/site-packages/airflow/example_dags/example_python_operator.py took 0.054 seconds
[2024-01-06T09:12:12.087+0000] {processor.py:153} INFO - Started process (PID=250) to work on /home/airflow/.local/lib/python3.7/site-packages/airflow/example_dags/example_python_operator.py
[2024-01-06T09:12:12.087+0000] {processor.py:743} INFO - Processing file /home/airflow/.local/lib/python3.7/site-packages/airflow/example_dags/example_python_operator.py for tasks to queue
[2024-01-06T09:12:12.088+0000] {logging_mixin.py:137} INFO - [2024-01-06T09:12:12.088+0000] {dagbag.py:538} INFO - Filling up the DagBag from /home/airflow/.local/lib/python3.7/site-packages/airflow/example_dags/example_python_operator.py
[2024-01-06T09:12:12.097+0000] {logging_mixin.py:137} INFO - [2024-01-06T09:12:12.097+0000] {taskmixin.py:205} WARNING - Dependency <Task(_PythonDecoratedOperator): print_the_context>, log_sql_query already registered for DAG: example_python_operator
[2024-01-06T09:12:12.097+0000] {logging_mixin.py:137} INFO - [2024-01-06T09:12:12.097+0000] {taskmixin.py:205} WARNING - Dependency <Task(_PythonDecoratedOperator): log_sql_query>, print_the_context already registered for DAG: example_python_operator
[2024-01-06T09:12:12.098+0000] {logging_mixin.py:137} INFO - [2024-01-06T09:12:12.098+0000] {taskmixin.py:205} WARNING - Dependency <Task(_PythonDecoratedOperator): print_the_context>, log_sql_query already registered for DAG: example_python_operator
[2024-01-06T09:12:12.098+0000] {logging_mixin.py:137} INFO - [2024-01-06T09:12:12.098+0000] {taskmixin.py:205} WARNING - Dependency <Task(_PythonDecoratedOperator): log_sql_query>, print_the_context already registered for DAG: example_python_operator
[2024-01-06T09:12:12.098+0000] {logging_mixin.py:137} INFO - [2024-01-06T09:12:12.098+0000] {taskmixin.py:205} WARNING - Dependency <Task(_PythonDecoratedOperator): print_the_context>, log_sql_query already registered for DAG: example_python_operator
[2024-01-06T09:12:12.098+0000] {logging_mixin.py:137} INFO - [2024-01-06T09:12:12.098+0000] {taskmixin.py:205} WARNING - Dependency <Task(_PythonDecoratedOperator): log_sql_query>, print_the_context already registered for DAG: example_python_operator
[2024-01-06T09:12:12.099+0000] {logging_mixin.py:137} INFO - [2024-01-06T09:12:12.099+0000] {taskmixin.py:205} WARNING - Dependency <Task(_PythonDecoratedOperator): print_the_context>, log_sql_query already registered for DAG: example_python_operator
[2024-01-06T09:12:12.099+0000] {logging_mixin.py:137} INFO - [2024-01-06T09:12:12.099+0000] {taskmixin.py:205} WARNING - Dependency <Task(_PythonDecoratedOperator): log_sql_query>, print_the_context already registered for DAG: example_python_operator
[2024-01-06T09:12:12.102+0000] {processor.py:753} INFO - DAG(s) dict_keys(['example_python_operator']) retrieved from /home/airflow/.local/lib/python3.7/site-packages/airflow/example_dags/example_python_operator.py
[2024-01-06T09:12:12.115+0000] {logging_mixin.py:137} INFO - [2024-01-06T09:12:12.115+0000] {dag.py:2690} INFO - Sync 1 DAGs
[2024-01-06T09:12:12.126+0000] {logging_mixin.py:137} INFO - [2024-01-06T09:12:12.126+0000] {dag.py:3441} INFO - Setting next_dagrun for example_python_operator to None, run_after=None
[2024-01-06T09:12:12.133+0000] {processor.py:175} INFO - Processing /home/airflow/.local/lib/python3.7/site-packages/airflow/example_dags/example_python_operator.py took 0.048 seconds
[2024-01-06T09:12:42.805+0000] {processor.py:153} INFO - Started process (PID=339) to work on /home/airflow/.local/lib/python3.7/site-packages/airflow/example_dags/example_python_operator.py
[2024-01-06T09:12:42.805+0000] {processor.py:743} INFO - Processing file /home/airflow/.local/lib/python3.7/site-packages/airflow/example_dags/example_python_operator.py for tasks to queue
[2024-01-06T09:12:42.806+0000] {logging_mixin.py:137} INFO - [2024-01-06T09:12:42.806+0000] {dagbag.py:538} INFO - Filling up the DagBag from /home/airflow/.local/lib/python3.7/site-packages/airflow/example_dags/example_python_operator.py
[2024-01-06T09:12:42.815+0000] {logging_mixin.py:137} INFO - [2024-01-06T09:12:42.815+0000] {taskmixin.py:205} WARNING - Dependency <Task(_PythonDecoratedOperator): print_the_context>, log_sql_query already registered for DAG: example_python_operator
[2024-01-06T09:12:42.815+0000] {logging_mixin.py:137} INFO - [2024-01-06T09:12:42.815+0000] {taskmixin.py:205} WARNING - Dependency <Task(_PythonDecoratedOperator): log_sql_query>, print_the_context already registered for DAG: example_python_operator
[2024-01-06T09:12:42.815+0000] {logging_mixin.py:137} INFO - [2024-01-06T09:12:42.815+0000] {taskmixin.py:205} WARNING - Dependency <Task(_PythonDecoratedOperator): print_the_context>, log_sql_query already registered for DAG: example_python_operator
[2024-01-06T09:12:42.816+0000] {logging_mixin.py:137} INFO - [2024-01-06T09:12:42.816+0000] {taskmixin.py:205} WARNING - Dependency <Task(_PythonDecoratedOperator): log_sql_query>, print_the_context already registered for DAG: example_python_operator
[2024-01-06T09:12:42.816+0000] {logging_mixin.py:137} INFO - [2024-01-06T09:12:42.816+0000] {taskmixin.py:205} WARNING - Dependency <Task(_PythonDecoratedOperator): print_the_context>, log_sql_query already registered for DAG: example_python_operator
[2024-01-06T09:12:42.816+0000] {logging_mixin.py:137} INFO - [2024-01-06T09:12:42.816+0000] {taskmixin.py:205} WARNING - Dependency <Task(_PythonDecoratedOperator): log_sql_query>, print_the_context already registered for DAG: example_python_operator
[2024-01-06T09:12:42.817+0000] {logging_mixin.py:137} INFO - [2024-01-06T09:12:42.817+0000] {taskmixin.py:205} WARNING - Dependency <Task(_PythonDecoratedOperator): print_the_context>, log_sql_query already registered for DAG: example_python_operator
[2024-01-06T09:12:42.817+0000] {logging_mixin.py:137} INFO - [2024-01-06T09:12:42.817+0000] {taskmixin.py:205} WARNING - Dependency <Task(_PythonDecoratedOperator): log_sql_query>, print_the_context already registered for DAG: example_python_operator
[2024-01-06T09:12:42.820+0000] {processor.py:753} INFO - DAG(s) dict_keys(['example_python_operator']) retrieved from /home/airflow/.local/lib/python3.7/site-packages/airflow/example_dags/example_python_operator.py
[2024-01-06T09:12:42.833+0000] {logging_mixin.py:137} INFO - [2024-01-06T09:12:42.833+0000] {dag.py:2690} INFO - Sync 1 DAGs
[2024-01-06T09:12:42.844+0000] {logging_mixin.py:137} INFO - [2024-01-06T09:12:42.843+0000] {dag.py:3441} INFO - Setting next_dagrun for example_python_operator to None, run_after=None
[2024-01-06T09:12:42.851+0000] {processor.py:175} INFO - Processing /home/airflow/.local/lib/python3.7/site-packages/airflow/example_dags/example_python_operator.py took 0.048 seconds
