[2024-01-06T09:11:11.348+0000] {processor.py:153} INFO - Started process (PID=92) to work on /home/airflow/.local/lib/python3.7/site-packages/airflow/example_dags/example_latest_only_with_trigger.py
[2024-01-06T09:11:11.349+0000] {processor.py:743} INFO - Processing file /home/airflow/.local/lib/python3.7/site-packages/airflow/example_dags/example_latest_only_with_trigger.py for tasks to queue
[2024-01-06T09:11:11.350+0000] {logging_mixin.py:137} INFO - [2024-01-06T09:11:11.350+0000] {dagbag.py:538} INFO - Filling up the DagBag from /home/airflow/.local/lib/python3.7/site-packages/airflow/example_dags/example_latest_only_with_trigger.py
[2024-01-06T09:11:11.361+0000] {processor.py:753} INFO - DAG(s) dict_keys(['latest_only_with_trigger']) retrieved from /home/airflow/.local/lib/python3.7/site-packages/airflow/example_dags/example_latest_only_with_trigger.py
[2024-01-06T09:11:11.433+0000] {logging_mixin.py:137} INFO - [2024-01-06T09:11:11.433+0000] {manager.py:504} INFO - Created Permission View: can edit on DAG:latest_only_with_trigger
[2024-01-06T09:11:11.437+0000] {logging_mixin.py:137} INFO - [2024-01-06T09:11:11.437+0000] {manager.py:504} INFO - Created Permission View: can read on DAG:latest_only_with_trigger
[2024-01-06T09:11:11.441+0000] {logging_mixin.py:137} INFO - [2024-01-06T09:11:11.441+0000] {manager.py:504} INFO - Created Permission View: can delete on DAG:latest_only_with_trigger
[2024-01-06T09:11:11.441+0000] {logging_mixin.py:137} INFO - [2024-01-06T09:11:11.441+0000] {dag.py:2690} INFO - Sync 1 DAGs
[2024-01-06T09:11:11.449+0000] {logging_mixin.py:137} INFO - [2024-01-06T09:11:11.449+0000] {dag.py:2711} INFO - Creating ORM DAG for latest_only_with_trigger
[2024-01-06T09:11:11.456+0000] {logging_mixin.py:137} INFO - [2024-01-06T09:11:11.456+0000] {dag.py:3441} INFO - Setting next_dagrun for latest_only_with_trigger to 2024-01-06T05:11:11.456325+00:00, run_after=2024-01-06T09:11:11.456325+00:00
[2024-01-06T09:11:11.472+0000] {processor.py:175} INFO - Processing /home/airflow/.local/lib/python3.7/site-packages/airflow/example_dags/example_latest_only_with_trigger.py took 0.127 seconds
[2024-01-06T09:11:42.040+0000] {processor.py:153} INFO - Started process (PID=174) to work on /home/airflow/.local/lib/python3.7/site-packages/airflow/example_dags/example_latest_only_with_trigger.py
[2024-01-06T09:11:42.041+0000] {processor.py:743} INFO - Processing file /home/airflow/.local/lib/python3.7/site-packages/airflow/example_dags/example_latest_only_with_trigger.py for tasks to queue
[2024-01-06T09:11:42.042+0000] {logging_mixin.py:137} INFO - [2024-01-06T09:11:42.042+0000] {dagbag.py:538} INFO - Filling up the DagBag from /home/airflow/.local/lib/python3.7/site-packages/airflow/example_dags/example_latest_only_with_trigger.py
[2024-01-06T09:11:42.052+0000] {processor.py:753} INFO - DAG(s) dict_keys(['latest_only_with_trigger']) retrieved from /home/airflow/.local/lib/python3.7/site-packages/airflow/example_dags/example_latest_only_with_trigger.py
[2024-01-06T09:11:42.068+0000] {logging_mixin.py:137} INFO - [2024-01-06T09:11:42.068+0000] {dag.py:2690} INFO - Sync 1 DAGs
[2024-01-06T09:11:42.081+0000] {logging_mixin.py:137} INFO - [2024-01-06T09:11:42.081+0000] {dag.py:3441} INFO - Setting next_dagrun for latest_only_with_trigger to 2024-01-06T05:11:42.080865+00:00, run_after=2024-01-06T09:11:42.080865+00:00
[2024-01-06T09:11:42.093+0000] {processor.py:175} INFO - Processing /home/airflow/.local/lib/python3.7/site-packages/airflow/example_dags/example_latest_only_with_trigger.py took 0.055 seconds
[2024-01-06T09:12:12.193+0000] {processor.py:153} INFO - Started process (PID=253) to work on /home/airflow/.local/lib/python3.7/site-packages/airflow/example_dags/example_latest_only_with_trigger.py
[2024-01-06T09:12:12.194+0000] {processor.py:743} INFO - Processing file /home/airflow/.local/lib/python3.7/site-packages/airflow/example_dags/example_latest_only_with_trigger.py for tasks to queue
[2024-01-06T09:12:12.194+0000] {logging_mixin.py:137} INFO - [2024-01-06T09:12:12.194+0000] {dagbag.py:538} INFO - Filling up the DagBag from /home/airflow/.local/lib/python3.7/site-packages/airflow/example_dags/example_latest_only_with_trigger.py
[2024-01-06T09:12:12.202+0000] {processor.py:753} INFO - DAG(s) dict_keys(['latest_only_with_trigger']) retrieved from /home/airflow/.local/lib/python3.7/site-packages/airflow/example_dags/example_latest_only_with_trigger.py
[2024-01-06T09:12:12.214+0000] {logging_mixin.py:137} INFO - [2024-01-06T09:12:12.214+0000] {dag.py:2690} INFO - Sync 1 DAGs
[2024-01-06T09:12:12.225+0000] {logging_mixin.py:137} INFO - [2024-01-06T09:12:12.225+0000] {dag.py:3441} INFO - Setting next_dagrun for latest_only_with_trigger to 2024-01-06T05:12:12.225581+00:00, run_after=2024-01-06T09:12:12.225581+00:00
[2024-01-06T09:12:12.233+0000] {processor.py:175} INFO - Processing /home/airflow/.local/lib/python3.7/site-packages/airflow/example_dags/example_latest_only_with_trigger.py took 0.042 seconds
[2024-01-06T09:12:42.918+0000] {processor.py:153} INFO - Started process (PID=342) to work on /home/airflow/.local/lib/python3.7/site-packages/airflow/example_dags/example_latest_only_with_trigger.py
[2024-01-06T09:12:42.919+0000] {processor.py:743} INFO - Processing file /home/airflow/.local/lib/python3.7/site-packages/airflow/example_dags/example_latest_only_with_trigger.py for tasks to queue
[2024-01-06T09:12:42.919+0000] {logging_mixin.py:137} INFO - [2024-01-06T09:12:42.919+0000] {dagbag.py:538} INFO - Filling up the DagBag from /home/airflow/.local/lib/python3.7/site-packages/airflow/example_dags/example_latest_only_with_trigger.py
[2024-01-06T09:12:42.926+0000] {processor.py:753} INFO - DAG(s) dict_keys(['latest_only_with_trigger']) retrieved from /home/airflow/.local/lib/python3.7/site-packages/airflow/example_dags/example_latest_only_with_trigger.py
[2024-01-06T09:12:42.938+0000] {logging_mixin.py:137} INFO - [2024-01-06T09:12:42.938+0000] {dag.py:2690} INFO - Sync 1 DAGs
[2024-01-06T09:12:42.949+0000] {logging_mixin.py:137} INFO - [2024-01-06T09:12:42.949+0000] {dag.py:3441} INFO - Setting next_dagrun for latest_only_with_trigger to 2024-01-06T05:12:42.949314+00:00, run_after=2024-01-06T09:12:42.949314+00:00
[2024-01-06T09:12:42.957+0000] {processor.py:175} INFO - Processing /home/airflow/.local/lib/python3.7/site-packages/airflow/example_dags/example_latest_only_with_trigger.py took 0.041 seconds
[2024-01-06T09:13:13.575+0000] {processor.py:153} INFO - Started process (PID=431) to work on /home/airflow/.local/lib/python3.7/site-packages/airflow/example_dags/example_latest_only_with_trigger.py
[2024-01-06T09:13:13.576+0000] {processor.py:743} INFO - Processing file /home/airflow/.local/lib/python3.7/site-packages/airflow/example_dags/example_latest_only_with_trigger.py for tasks to queue
[2024-01-06T09:13:13.576+0000] {logging_mixin.py:137} INFO - [2024-01-06T09:13:13.576+0000] {dagbag.py:538} INFO - Filling up the DagBag from /home/airflow/.local/lib/python3.7/site-packages/airflow/example_dags/example_latest_only_with_trigger.py
[2024-01-06T09:13:13.583+0000] {processor.py:753} INFO - DAG(s) dict_keys(['latest_only_with_trigger']) retrieved from /home/airflow/.local/lib/python3.7/site-packages/airflow/example_dags/example_latest_only_with_trigger.py
[2024-01-06T09:13:13.594+0000] {logging_mixin.py:137} INFO - [2024-01-06T09:13:13.594+0000] {dag.py:2690} INFO - Sync 1 DAGs
[2024-01-06T09:13:13.605+0000] {logging_mixin.py:137} INFO - [2024-01-06T09:13:13.605+0000] {dag.py:3441} INFO - Setting next_dagrun for latest_only_with_trigger to 2024-01-06T05:13:13.605710+00:00, run_after=2024-01-06T09:13:13.605710+00:00
[2024-01-06T09:13:13.613+0000] {processor.py:175} INFO - Processing /home/airflow/.local/lib/python3.7/site-packages/airflow/example_dags/example_latest_only_with_trigger.py took 0.040 seconds
[2024-01-06T09:13:44.106+0000] {processor.py:153} INFO - Started process (PID=504) to work on /home/airflow/.local/lib/python3.7/site-packages/airflow/example_dags/example_latest_only_with_trigger.py
[2024-01-06T09:13:44.106+0000] {processor.py:743} INFO - Processing file /home/airflow/.local/lib/python3.7/site-packages/airflow/example_dags/example_latest_only_with_trigger.py for tasks to queue
[2024-01-06T09:13:44.107+0000] {logging_mixin.py:137} INFO - [2024-01-06T09:13:44.107+0000] {dagbag.py:538} INFO - Filling up the DagBag from /home/airflow/.local/lib/python3.7/site-packages/airflow/example_dags/example_latest_only_with_trigger.py
[2024-01-06T09:13:44.114+0000] {processor.py:753} INFO - DAG(s) dict_keys(['latest_only_with_trigger']) retrieved from /home/airflow/.local/lib/python3.7/site-packages/airflow/example_dags/example_latest_only_with_trigger.py
[2024-01-06T09:13:44.126+0000] {logging_mixin.py:137} INFO - [2024-01-06T09:13:44.126+0000] {dag.py:2690} INFO - Sync 1 DAGs
[2024-01-06T09:13:44.137+0000] {logging_mixin.py:137} INFO - [2024-01-06T09:13:44.137+0000] {dag.py:3441} INFO - Setting next_dagrun for latest_only_with_trigger to 2024-01-06T05:13:44.137790+00:00, run_after=2024-01-06T09:13:44.137790+00:00
[2024-01-06T09:13:44.145+0000] {processor.py:175} INFO - Processing /home/airflow/.local/lib/python3.7/site-packages/airflow/example_dags/example_latest_only_with_trigger.py took 0.041 seconds
[2024-01-06T09:14:14.908+0000] {processor.py:153} INFO - Started process (PID=593) to work on /home/airflow/.local/lib/python3.7/site-packages/airflow/example_dags/example_latest_only_with_trigger.py
[2024-01-06T09:14:14.908+0000] {processor.py:743} INFO - Processing file /home/airflow/.local/lib/python3.7/site-packages/airflow/example_dags/example_latest_only_with_trigger.py for tasks to queue
[2024-01-06T09:14:14.909+0000] {logging_mixin.py:137} INFO - [2024-01-06T09:14:14.909+0000] {dagbag.py:538} INFO - Filling up the DagBag from /home/airflow/.local/lib/python3.7/site-packages/airflow/example_dags/example_latest_only_with_trigger.py
[2024-01-06T09:14:14.916+0000] {processor.py:753} INFO - DAG(s) dict_keys(['latest_only_with_trigger']) retrieved from /home/airflow/.local/lib/python3.7/site-packages/airflow/example_dags/example_latest_only_with_trigger.py
[2024-01-06T09:14:14.929+0000] {logging_mixin.py:137} INFO - [2024-01-06T09:14:14.929+0000] {dag.py:2690} INFO - Sync 1 DAGs
[2024-01-06T09:14:14.940+0000] {logging_mixin.py:137} INFO - [2024-01-06T09:14:14.940+0000] {dag.py:3441} INFO - Setting next_dagrun for latest_only_with_trigger to 2024-01-06T05:14:14.940575+00:00, run_after=2024-01-06T09:14:14.940575+00:00
[2024-01-06T09:14:14.948+0000] {processor.py:175} INFO - Processing /home/airflow/.local/lib/python3.7/site-packages/airflow/example_dags/example_latest_only_with_trigger.py took 0.042 seconds
[2024-01-06T09:14:45.599+0000] {processor.py:153} INFO - Started process (PID=682) to work on /home/airflow/.local/lib/python3.7/site-packages/airflow/example_dags/example_latest_only_with_trigger.py
[2024-01-06T09:14:45.600+0000] {processor.py:743} INFO - Processing file /home/airflow/.local/lib/python3.7/site-packages/airflow/example_dags/example_latest_only_with_trigger.py for tasks to queue
[2024-01-06T09:14:45.600+0000] {logging_mixin.py:137} INFO - [2024-01-06T09:14:45.600+0000] {dagbag.py:538} INFO - Filling up the DagBag from /home/airflow/.local/lib/python3.7/site-packages/airflow/example_dags/example_latest_only_with_trigger.py
[2024-01-06T09:14:45.607+0000] {processor.py:753} INFO - DAG(s) dict_keys(['latest_only_with_trigger']) retrieved from /home/airflow/.local/lib/python3.7/site-packages/airflow/example_dags/example_latest_only_with_trigger.py
[2024-01-06T09:14:45.619+0000] {logging_mixin.py:137} INFO - [2024-01-06T09:14:45.619+0000] {dag.py:2690} INFO - Sync 1 DAGs
[2024-01-06T09:14:45.631+0000] {logging_mixin.py:137} INFO - [2024-01-06T09:14:45.631+0000] {dag.py:3441} INFO - Setting next_dagrun for latest_only_with_trigger to 2024-01-06T05:14:45.630987+00:00, run_after=2024-01-06T09:14:45.630987+00:00
[2024-01-06T09:14:45.639+0000] {processor.py:175} INFO - Processing /home/airflow/.local/lib/python3.7/site-packages/airflow/example_dags/example_latest_only_with_trigger.py took 0.041 seconds
[2024-01-06T09:15:16.176+0000] {processor.py:153} INFO - Started process (PID=771) to work on /home/airflow/.local/lib/python3.7/site-packages/airflow/example_dags/example_latest_only_with_trigger.py
[2024-01-06T09:15:16.176+0000] {processor.py:743} INFO - Processing file /home/airflow/.local/lib/python3.7/site-packages/airflow/example_dags/example_latest_only_with_trigger.py for tasks to queue
[2024-01-06T09:15:16.176+0000] {logging_mixin.py:137} INFO - [2024-01-06T09:15:16.176+0000] {dagbag.py:538} INFO - Filling up the DagBag from /home/airflow/.local/lib/python3.7/site-packages/airflow/example_dags/example_latest_only_with_trigger.py
[2024-01-06T09:15:16.183+0000] {processor.py:753} INFO - DAG(s) dict_keys(['latest_only_with_trigger']) retrieved from /home/airflow/.local/lib/python3.7/site-packages/airflow/example_dags/example_latest_only_with_trigger.py
[2024-01-06T09:15:16.195+0000] {logging_mixin.py:137} INFO - [2024-01-06T09:15:16.195+0000] {dag.py:2690} INFO - Sync 1 DAGs
[2024-01-06T09:15:16.206+0000] {logging_mixin.py:137} INFO - [2024-01-06T09:15:16.206+0000] {dag.py:3441} INFO - Setting next_dagrun for latest_only_with_trigger to 2024-01-06T05:15:16.206428+00:00, run_after=2024-01-06T09:15:16.206428+00:00
[2024-01-06T09:15:16.214+0000] {processor.py:175} INFO - Processing /home/airflow/.local/lib/python3.7/site-packages/airflow/example_dags/example_latest_only_with_trigger.py took 0.040 seconds
[2024-01-06T09:15:46.992+0000] {processor.py:153} INFO - Started process (PID=844) to work on /home/airflow/.local/lib/python3.7/site-packages/airflow/example_dags/example_latest_only_with_trigger.py
[2024-01-06T09:15:46.993+0000] {processor.py:743} INFO - Processing file /home/airflow/.local/lib/python3.7/site-packages/airflow/example_dags/example_latest_only_with_trigger.py for tasks to queue
[2024-01-06T09:15:46.993+0000] {logging_mixin.py:137} INFO - [2024-01-06T09:15:46.993+0000] {dagbag.py:538} INFO - Filling up the DagBag from /home/airflow/.local/lib/python3.7/site-packages/airflow/example_dags/example_latest_only_with_trigger.py
[2024-01-06T09:15:47.000+0000] {processor.py:753} INFO - DAG(s) dict_keys(['latest_only_with_trigger']) retrieved from /home/airflow/.local/lib/python3.7/site-packages/airflow/example_dags/example_latest_only_with_trigger.py
[2024-01-06T09:15:47.013+0000] {logging_mixin.py:137} INFO - [2024-01-06T09:15:47.013+0000] {dag.py:2690} INFO - Sync 1 DAGs
[2024-01-06T09:15:47.024+0000] {logging_mixin.py:137} INFO - [2024-01-06T09:15:47.024+0000] {dag.py:3441} INFO - Setting next_dagrun for latest_only_with_trigger to 2024-01-06T05:15:47.024590+00:00, run_after=2024-01-06T09:15:47.024590+00:00
[2024-01-06T09:15:47.032+0000] {processor.py:175} INFO - Processing /home/airflow/.local/lib/python3.7/site-packages/airflow/example_dags/example_latest_only_with_trigger.py took 0.042 seconds
[2024-01-06T09:16:17.774+0000] {processor.py:153} INFO - Started process (PID=932) to work on /home/airflow/.local/lib/python3.7/site-packages/airflow/example_dags/example_latest_only_with_trigger.py
[2024-01-06T09:16:17.774+0000] {processor.py:743} INFO - Processing file /home/airflow/.local/lib/python3.7/site-packages/airflow/example_dags/example_latest_only_with_trigger.py for tasks to queue
[2024-01-06T09:16:17.775+0000] {logging_mixin.py:137} INFO - [2024-01-06T09:16:17.775+0000] {dagbag.py:538} INFO - Filling up the DagBag from /home/airflow/.local/lib/python3.7/site-packages/airflow/example_dags/example_latest_only_with_trigger.py
[2024-01-06T09:16:17.782+0000] {processor.py:753} INFO - DAG(s) dict_keys(['latest_only_with_trigger']) retrieved from /home/airflow/.local/lib/python3.7/site-packages/airflow/example_dags/example_latest_only_with_trigger.py
[2024-01-06T09:16:17.794+0000] {logging_mixin.py:137} INFO - [2024-01-06T09:16:17.794+0000] {dag.py:2690} INFO - Sync 1 DAGs
[2024-01-06T09:16:17.806+0000] {logging_mixin.py:137} INFO - [2024-01-06T09:16:17.806+0000] {dag.py:3441} INFO - Setting next_dagrun for latest_only_with_trigger to 2024-01-06T05:16:17.806351+00:00, run_after=2024-01-06T09:16:17.806351+00:00
[2024-01-06T09:16:17.814+0000] {processor.py:175} INFO - Processing /home/airflow/.local/lib/python3.7/site-packages/airflow/example_dags/example_latest_only_with_trigger.py took 0.042 seconds
[2024-01-06T09:16:48.361+0000] {processor.py:153} INFO - Started process (PID=1021) to work on /home/airflow/.local/lib/python3.7/site-packages/airflow/example_dags/example_latest_only_with_trigger.py
[2024-01-06T09:16:48.362+0000] {processor.py:743} INFO - Processing file /home/airflow/.local/lib/python3.7/site-packages/airflow/example_dags/example_latest_only_with_trigger.py for tasks to queue
[2024-01-06T09:16:48.362+0000] {logging_mixin.py:137} INFO - [2024-01-06T09:16:48.362+0000] {dagbag.py:538} INFO - Filling up the DagBag from /home/airflow/.local/lib/python3.7/site-packages/airflow/example_dags/example_latest_only_with_trigger.py
[2024-01-06T09:16:48.370+0000] {processor.py:753} INFO - DAG(s) dict_keys(['latest_only_with_trigger']) retrieved from /home/airflow/.local/lib/python3.7/site-packages/airflow/example_dags/example_latest_only_with_trigger.py
[2024-01-06T09:16:48.381+0000] {logging_mixin.py:137} INFO - [2024-01-06T09:16:48.381+0000] {dag.py:2690} INFO - Sync 1 DAGs
[2024-01-06T09:16:48.393+0000] {logging_mixin.py:137} INFO - [2024-01-06T09:16:48.393+0000] {dag.py:3441} INFO - Setting next_dagrun for latest_only_with_trigger to 2024-01-06T05:16:48.393562+00:00, run_after=2024-01-06T09:16:48.393562+00:00
[2024-01-06T09:16:48.401+0000] {processor.py:175} INFO - Processing /home/airflow/.local/lib/python3.7/site-packages/airflow/example_dags/example_latest_only_with_trigger.py took 0.042 seconds
[2024-01-06T09:17:19.004+0000] {processor.py:153} INFO - Started process (PID=1110) to work on /home/airflow/.local/lib/python3.7/site-packages/airflow/example_dags/example_latest_only_with_trigger.py
[2024-01-06T09:17:19.004+0000] {processor.py:743} INFO - Processing file /home/airflow/.local/lib/python3.7/site-packages/airflow/example_dags/example_latest_only_with_trigger.py for tasks to queue
[2024-01-06T09:17:19.005+0000] {logging_mixin.py:137} INFO - [2024-01-06T09:17:19.005+0000] {dagbag.py:538} INFO - Filling up the DagBag from /home/airflow/.local/lib/python3.7/site-packages/airflow/example_dags/example_latest_only_with_trigger.py
[2024-01-06T09:17:19.012+0000] {processor.py:753} INFO - DAG(s) dict_keys(['latest_only_with_trigger']) retrieved from /home/airflow/.local/lib/python3.7/site-packages/airflow/example_dags/example_latest_only_with_trigger.py
[2024-01-06T09:17:19.025+0000] {logging_mixin.py:137} INFO - [2024-01-06T09:17:19.025+0000] {dag.py:2690} INFO - Sync 1 DAGs
[2024-01-06T09:17:19.037+0000] {logging_mixin.py:137} INFO - [2024-01-06T09:17:19.036+0000] {dag.py:3441} INFO - Setting next_dagrun for latest_only_with_trigger to 2024-01-06T05:17:19.036878+00:00, run_after=2024-01-06T09:17:19.036878+00:00
[2024-01-06T09:17:19.045+0000] {processor.py:175} INFO - Processing /home/airflow/.local/lib/python3.7/site-packages/airflow/example_dags/example_latest_only_with_trigger.py took 0.042 seconds
[2024-01-06T09:17:49.569+0000] {processor.py:153} INFO - Started process (PID=1183) to work on /home/airflow/.local/lib/python3.7/site-packages/airflow/example_dags/example_latest_only_with_trigger.py
[2024-01-06T09:17:49.570+0000] {processor.py:743} INFO - Processing file /home/airflow/.local/lib/python3.7/site-packages/airflow/example_dags/example_latest_only_with_trigger.py for tasks to queue
[2024-01-06T09:17:49.570+0000] {logging_mixin.py:137} INFO - [2024-01-06T09:17:49.570+0000] {dagbag.py:538} INFO - Filling up the DagBag from /home/airflow/.local/lib/python3.7/site-packages/airflow/example_dags/example_latest_only_with_trigger.py
[2024-01-06T09:17:49.578+0000] {processor.py:753} INFO - DAG(s) dict_keys(['latest_only_with_trigger']) retrieved from /home/airflow/.local/lib/python3.7/site-packages/airflow/example_dags/example_latest_only_with_trigger.py
[2024-01-06T09:17:49.590+0000] {logging_mixin.py:137} INFO - [2024-01-06T09:17:49.590+0000] {dag.py:2690} INFO - Sync 1 DAGs
[2024-01-06T09:17:49.600+0000] {logging_mixin.py:137} INFO - [2024-01-06T09:17:49.600+0000] {dag.py:3441} INFO - Setting next_dagrun for latest_only_with_trigger to 2024-01-06T05:17:49.600697+00:00, run_after=2024-01-06T09:17:49.600697+00:00
[2024-01-06T09:17:49.608+0000] {processor.py:175} INFO - Processing /home/airflow/.local/lib/python3.7/site-packages/airflow/example_dags/example_latest_only_with_trigger.py took 0.040 seconds
[2024-01-06T09:18:20.380+0000] {processor.py:153} INFO - Started process (PID=1272) to work on /home/airflow/.local/lib/python3.7/site-packages/airflow/example_dags/example_latest_only_with_trigger.py
[2024-01-06T09:18:20.381+0000] {processor.py:743} INFO - Processing file /home/airflow/.local/lib/python3.7/site-packages/airflow/example_dags/example_latest_only_with_trigger.py for tasks to queue
[2024-01-06T09:18:20.381+0000] {logging_mixin.py:137} INFO - [2024-01-06T09:18:20.381+0000] {dagbag.py:538} INFO - Filling up the DagBag from /home/airflow/.local/lib/python3.7/site-packages/airflow/example_dags/example_latest_only_with_trigger.py
[2024-01-06T09:18:20.388+0000] {processor.py:753} INFO - DAG(s) dict_keys(['latest_only_with_trigger']) retrieved from /home/airflow/.local/lib/python3.7/site-packages/airflow/example_dags/example_latest_only_with_trigger.py
[2024-01-06T09:18:20.400+0000] {logging_mixin.py:137} INFO - [2024-01-06T09:18:20.400+0000] {dag.py:2690} INFO - Sync 1 DAGs
[2024-01-06T09:18:20.411+0000] {logging_mixin.py:137} INFO - [2024-01-06T09:18:20.411+0000] {dag.py:3441} INFO - Setting next_dagrun for latest_only_with_trigger to 2024-01-06T05:18:20.411326+00:00, run_after=2024-01-06T09:18:20.411326+00:00
[2024-01-06T09:18:20.418+0000] {processor.py:175} INFO - Processing /home/airflow/.local/lib/python3.7/site-packages/airflow/example_dags/example_latest_only_with_trigger.py took 0.040 seconds
[2024-01-06T09:18:51.091+0000] {processor.py:153} INFO - Started process (PID=1360) to work on /home/airflow/.local/lib/python3.7/site-packages/airflow/example_dags/example_latest_only_with_trigger.py
[2024-01-06T09:18:51.091+0000] {processor.py:743} INFO - Processing file /home/airflow/.local/lib/python3.7/site-packages/airflow/example_dags/example_latest_only_with_trigger.py for tasks to queue
[2024-01-06T09:18:51.092+0000] {logging_mixin.py:137} INFO - [2024-01-06T09:18:51.092+0000] {dagbag.py:538} INFO - Filling up the DagBag from /home/airflow/.local/lib/python3.7/site-packages/airflow/example_dags/example_latest_only_with_trigger.py
[2024-01-06T09:18:51.100+0000] {processor.py:753} INFO - DAG(s) dict_keys(['latest_only_with_trigger']) retrieved from /home/airflow/.local/lib/python3.7/site-packages/airflow/example_dags/example_latest_only_with_trigger.py
[2024-01-06T09:18:51.113+0000] {logging_mixin.py:137} INFO - [2024-01-06T09:18:51.113+0000] {dag.py:2690} INFO - Sync 1 DAGs
[2024-01-06T09:18:51.125+0000] {logging_mixin.py:137} INFO - [2024-01-06T09:18:51.125+0000] {dag.py:3441} INFO - Setting next_dagrun for latest_only_with_trigger to 2024-01-06T05:18:51.125097+00:00, run_after=2024-01-06T09:18:51.125097+00:00
[2024-01-06T09:18:51.133+0000] {processor.py:175} INFO - Processing /home/airflow/.local/lib/python3.7/site-packages/airflow/example_dags/example_latest_only_with_trigger.py took 0.044 seconds
[2024-01-06T09:19:21.835+0000] {processor.py:153} INFO - Started process (PID=1449) to work on /home/airflow/.local/lib/python3.7/site-packages/airflow/example_dags/example_latest_only_with_trigger.py
[2024-01-06T09:19:21.835+0000] {processor.py:743} INFO - Processing file /home/airflow/.local/lib/python3.7/site-packages/airflow/example_dags/example_latest_only_with_trigger.py for tasks to queue
[2024-01-06T09:19:21.836+0000] {logging_mixin.py:137} INFO - [2024-01-06T09:19:21.836+0000] {dagbag.py:538} INFO - Filling up the DagBag from /home/airflow/.local/lib/python3.7/site-packages/airflow/example_dags/example_latest_only_with_trigger.py
[2024-01-06T09:19:21.844+0000] {processor.py:753} INFO - DAG(s) dict_keys(['latest_only_with_trigger']) retrieved from /home/airflow/.local/lib/python3.7/site-packages/airflow/example_dags/example_latest_only_with_trigger.py
[2024-01-06T09:19:21.859+0000] {logging_mixin.py:137} INFO - [2024-01-06T09:19:21.859+0000] {dag.py:2690} INFO - Sync 1 DAGs
[2024-01-06T09:19:21.870+0000] {logging_mixin.py:137} INFO - [2024-01-06T09:19:21.870+0000] {dag.py:3441} INFO - Setting next_dagrun for latest_only_with_trigger to 2024-01-06T05:19:21.870729+00:00, run_after=2024-01-06T09:19:21.870729+00:00
[2024-01-06T09:19:21.878+0000] {processor.py:175} INFO - Processing /home/airflow/.local/lib/python3.7/site-packages/airflow/example_dags/example_latest_only_with_trigger.py took 0.045 seconds
[2024-01-06T09:19:52.416+0000] {processor.py:153} INFO - Started process (PID=1522) to work on /home/airflow/.local/lib/python3.7/site-packages/airflow/example_dags/example_latest_only_with_trigger.py
[2024-01-06T09:19:52.416+0000] {processor.py:743} INFO - Processing file /home/airflow/.local/lib/python3.7/site-packages/airflow/example_dags/example_latest_only_with_trigger.py for tasks to queue
[2024-01-06T09:19:52.417+0000] {logging_mixin.py:137} INFO - [2024-01-06T09:19:52.416+0000] {dagbag.py:538} INFO - Filling up the DagBag from /home/airflow/.local/lib/python3.7/site-packages/airflow/example_dags/example_latest_only_with_trigger.py
[2024-01-06T09:19:52.424+0000] {processor.py:753} INFO - DAG(s) dict_keys(['latest_only_with_trigger']) retrieved from /home/airflow/.local/lib/python3.7/site-packages/airflow/example_dags/example_latest_only_with_trigger.py
[2024-01-06T09:19:52.436+0000] {logging_mixin.py:137} INFO - [2024-01-06T09:19:52.436+0000] {dag.py:2690} INFO - Sync 1 DAGs
[2024-01-06T09:19:52.446+0000] {logging_mixin.py:137} INFO - [2024-01-06T09:19:52.446+0000] {dag.py:3441} INFO - Setting next_dagrun for latest_only_with_trigger to 2024-01-06T05:19:52.446670+00:00, run_after=2024-01-06T09:19:52.446670+00:00
[2024-01-06T09:19:52.454+0000] {processor.py:175} INFO - Processing /home/airflow/.local/lib/python3.7/site-packages/airflow/example_dags/example_latest_only_with_trigger.py took 0.040 seconds
[2024-01-06T09:20:23.017+0000] {processor.py:153} INFO - Started process (PID=1610) to work on /home/airflow/.local/lib/python3.7/site-packages/airflow/example_dags/example_latest_only_with_trigger.py
[2024-01-06T09:20:23.017+0000] {processor.py:743} INFO - Processing file /home/airflow/.local/lib/python3.7/site-packages/airflow/example_dags/example_latest_only_with_trigger.py for tasks to queue
[2024-01-06T09:20:23.018+0000] {logging_mixin.py:137} INFO - [2024-01-06T09:20:23.018+0000] {dagbag.py:538} INFO - Filling up the DagBag from /home/airflow/.local/lib/python3.7/site-packages/airflow/example_dags/example_latest_only_with_trigger.py
[2024-01-06T09:20:23.025+0000] {processor.py:753} INFO - DAG(s) dict_keys(['latest_only_with_trigger']) retrieved from /home/airflow/.local/lib/python3.7/site-packages/airflow/example_dags/example_latest_only_with_trigger.py
[2024-01-06T09:20:23.037+0000] {logging_mixin.py:137} INFO - [2024-01-06T09:20:23.037+0000] {dag.py:2690} INFO - Sync 1 DAGs
[2024-01-06T09:20:23.048+0000] {logging_mixin.py:137} INFO - [2024-01-06T09:20:23.047+0000] {dag.py:3441} INFO - Setting next_dagrun for latest_only_with_trigger to 2024-01-06T05:20:23.047857+00:00, run_after=2024-01-06T09:20:23.047857+00:00
[2024-01-06T09:20:23.056+0000] {processor.py:175} INFO - Processing /home/airflow/.local/lib/python3.7/site-packages/airflow/example_dags/example_latest_only_with_trigger.py took 0.040 seconds
[2024-01-06T09:20:53.698+0000] {processor.py:153} INFO - Started process (PID=1699) to work on /home/airflow/.local/lib/python3.7/site-packages/airflow/example_dags/example_latest_only_with_trigger.py
[2024-01-06T09:20:53.699+0000] {processor.py:743} INFO - Processing file /home/airflow/.local/lib/python3.7/site-packages/airflow/example_dags/example_latest_only_with_trigger.py for tasks to queue
[2024-01-06T09:20:53.699+0000] {logging_mixin.py:137} INFO - [2024-01-06T09:20:53.699+0000] {dagbag.py:538} INFO - Filling up the DagBag from /home/airflow/.local/lib/python3.7/site-packages/airflow/example_dags/example_latest_only_with_trigger.py
[2024-01-06T09:20:53.706+0000] {processor.py:753} INFO - DAG(s) dict_keys(['latest_only_with_trigger']) retrieved from /home/airflow/.local/lib/python3.7/site-packages/airflow/example_dags/example_latest_only_with_trigger.py
[2024-01-06T09:20:53.718+0000] {logging_mixin.py:137} INFO - [2024-01-06T09:20:53.718+0000] {dag.py:2690} INFO - Sync 1 DAGs
[2024-01-06T09:20:53.729+0000] {logging_mixin.py:137} INFO - [2024-01-06T09:20:53.729+0000] {dag.py:3441} INFO - Setting next_dagrun for latest_only_with_trigger to 2024-01-06T05:20:53.729037+00:00, run_after=2024-01-06T09:20:53.729037+00:00
[2024-01-06T09:20:53.736+0000] {processor.py:175} INFO - Processing /home/airflow/.local/lib/python3.7/site-packages/airflow/example_dags/example_latest_only_with_trigger.py took 0.040 seconds
[2024-01-06T09:21:24.414+0000] {processor.py:153} INFO - Started process (PID=1788) to work on /home/airflow/.local/lib/python3.7/site-packages/airflow/example_dags/example_latest_only_with_trigger.py
[2024-01-06T09:21:24.414+0000] {processor.py:743} INFO - Processing file /home/airflow/.local/lib/python3.7/site-packages/airflow/example_dags/example_latest_only_with_trigger.py for tasks to queue
[2024-01-06T09:21:24.415+0000] {logging_mixin.py:137} INFO - [2024-01-06T09:21:24.415+0000] {dagbag.py:538} INFO - Filling up the DagBag from /home/airflow/.local/lib/python3.7/site-packages/airflow/example_dags/example_latest_only_with_trigger.py
[2024-01-06T09:21:24.422+0000] {processor.py:753} INFO - DAG(s) dict_keys(['latest_only_with_trigger']) retrieved from /home/airflow/.local/lib/python3.7/site-packages/airflow/example_dags/example_latest_only_with_trigger.py
[2024-01-06T09:21:24.435+0000] {logging_mixin.py:137} INFO - [2024-01-06T09:21:24.435+0000] {dag.py:2690} INFO - Sync 1 DAGs
[2024-01-06T09:21:24.449+0000] {logging_mixin.py:137} INFO - [2024-01-06T09:21:24.449+0000] {dag.py:3441} INFO - Setting next_dagrun for latest_only_with_trigger to 2024-01-06T05:21:24.449189+00:00, run_after=2024-01-06T09:21:24.449189+00:00
[2024-01-06T09:21:24.460+0000] {processor.py:175} INFO - Processing /home/airflow/.local/lib/python3.7/site-packages/airflow/example_dags/example_latest_only_with_trigger.py took 0.048 seconds
