[2024-01-06T09:11:13.282+0000] {processor.py:153} INFO - Started process (PID=120) to work on /home/airflow/.local/lib/python3.7/site-packages/airflow/example_dags/example_kubernetes_executor.py
[2024-01-06T09:11:13.283+0000] {processor.py:743} INFO - Processing file /home/airflow/.local/lib/python3.7/site-packages/airflow/example_dags/example_kubernetes_executor.py for tasks to queue
[2024-01-06T09:11:13.283+0000] {logging_mixin.py:137} INFO - [2024-01-06T09:11:13.283+0000] {dagbag.py:538} INFO - Filling up the DagBag from /home/airflow/.local/lib/python3.7/site-packages/airflow/example_dags/example_kubernetes_executor.py
[2024-01-06T09:11:13.299+0000] {processor.py:753} INFO - DAG(s) dict_keys(['example_kubernetes_executor']) retrieved from /home/airflow/.local/lib/python3.7/site-packages/airflow/example_dags/example_kubernetes_executor.py
[2024-01-06T09:11:13.352+0000] {logging_mixin.py:137} INFO - [2024-01-06T09:11:13.351+0000] {manager.py:504} INFO - Created Permission View: can edit on DAG:example_kubernetes_executor
[2024-01-06T09:11:13.355+0000] {logging_mixin.py:137} INFO - [2024-01-06T09:11:13.355+0000] {manager.py:504} INFO - Created Permission View: can read on DAG:example_kubernetes_executor
[2024-01-06T09:11:13.358+0000] {logging_mixin.py:137} INFO - [2024-01-06T09:11:13.358+0000] {manager.py:504} INFO - Created Permission View: can delete on DAG:example_kubernetes_executor
[2024-01-06T09:11:13.358+0000] {logging_mixin.py:137} INFO - [2024-01-06T09:11:13.358+0000] {dag.py:2690} INFO - Sync 1 DAGs
[2024-01-06T09:11:13.364+0000] {logging_mixin.py:137} INFO - [2024-01-06T09:11:13.364+0000] {dag.py:2711} INFO - Creating ORM DAG for example_kubernetes_executor
[2024-01-06T09:11:13.369+0000] {logging_mixin.py:137} INFO - [2024-01-06T09:11:13.369+0000] {dag.py:3441} INFO - Setting next_dagrun for example_kubernetes_executor to None, run_after=None
[2024-01-06T09:11:13.376+0000] {processor.py:175} INFO - Processing /home/airflow/.local/lib/python3.7/site-packages/airflow/example_dags/example_kubernetes_executor.py took 0.096 seconds
[2024-01-06T09:11:43.405+0000] {processor.py:153} INFO - Started process (PID=209) to work on /home/airflow/.local/lib/python3.7/site-packages/airflow/example_dags/example_kubernetes_executor.py
[2024-01-06T09:11:43.406+0000] {processor.py:743} INFO - Processing file /home/airflow/.local/lib/python3.7/site-packages/airflow/example_dags/example_kubernetes_executor.py for tasks to queue
[2024-01-06T09:11:43.406+0000] {logging_mixin.py:137} INFO - [2024-01-06T09:11:43.406+0000] {dagbag.py:538} INFO - Filling up the DagBag from /home/airflow/.local/lib/python3.7/site-packages/airflow/example_dags/example_kubernetes_executor.py
[2024-01-06T09:11:43.421+0000] {processor.py:753} INFO - DAG(s) dict_keys(['example_kubernetes_executor']) retrieved from /home/airflow/.local/lib/python3.7/site-packages/airflow/example_dags/example_kubernetes_executor.py
[2024-01-06T09:11:43.435+0000] {logging_mixin.py:137} INFO - [2024-01-06T09:11:43.435+0000] {dag.py:2690} INFO - Sync 1 DAGs
[2024-01-06T09:11:43.445+0000] {logging_mixin.py:137} INFO - [2024-01-06T09:11:43.445+0000] {dag.py:3441} INFO - Setting next_dagrun for example_kubernetes_executor to None, run_after=None
[2024-01-06T09:11:43.453+0000] {processor.py:175} INFO - Processing /home/airflow/.local/lib/python3.7/site-packages/airflow/example_dags/example_kubernetes_executor.py took 0.050 seconds
[2024-01-06T09:12:14.174+0000] {processor.py:153} INFO - Started process (PID=281) to work on /home/airflow/.local/lib/python3.7/site-packages/airflow/example_dags/example_kubernetes_executor.py
[2024-01-06T09:12:14.174+0000] {processor.py:743} INFO - Processing file /home/airflow/.local/lib/python3.7/site-packages/airflow/example_dags/example_kubernetes_executor.py for tasks to queue
[2024-01-06T09:12:14.175+0000] {logging_mixin.py:137} INFO - [2024-01-06T09:12:14.175+0000] {dagbag.py:538} INFO - Filling up the DagBag from /home/airflow/.local/lib/python3.7/site-packages/airflow/example_dags/example_kubernetes_executor.py
[2024-01-06T09:12:14.191+0000] {processor.py:753} INFO - DAG(s) dict_keys(['example_kubernetes_executor']) retrieved from /home/airflow/.local/lib/python3.7/site-packages/airflow/example_dags/example_kubernetes_executor.py
[2024-01-06T09:12:14.206+0000] {logging_mixin.py:137} INFO - [2024-01-06T09:12:14.205+0000] {dag.py:2690} INFO - Sync 1 DAGs
[2024-01-06T09:12:14.216+0000] {logging_mixin.py:137} INFO - [2024-01-06T09:12:14.216+0000] {dag.py:3441} INFO - Setting next_dagrun for example_kubernetes_executor to None, run_after=None
[2024-01-06T09:12:14.225+0000] {processor.py:175} INFO - Processing /home/airflow/.local/lib/python3.7/site-packages/airflow/example_dags/example_kubernetes_executor.py took 0.053 seconds
[2024-01-06T09:12:44.875+0000] {processor.py:153} INFO - Started process (PID=370) to work on /home/airflow/.local/lib/python3.7/site-packages/airflow/example_dags/example_kubernetes_executor.py
[2024-01-06T09:12:44.876+0000] {processor.py:743} INFO - Processing file /home/airflow/.local/lib/python3.7/site-packages/airflow/example_dags/example_kubernetes_executor.py for tasks to queue
[2024-01-06T09:12:44.876+0000] {logging_mixin.py:137} INFO - [2024-01-06T09:12:44.876+0000] {dagbag.py:538} INFO - Filling up the DagBag from /home/airflow/.local/lib/python3.7/site-packages/airflow/example_dags/example_kubernetes_executor.py
[2024-01-06T09:12:44.890+0000] {processor.py:753} INFO - DAG(s) dict_keys(['example_kubernetes_executor']) retrieved from /home/airflow/.local/lib/python3.7/site-packages/airflow/example_dags/example_kubernetes_executor.py
[2024-01-06T09:12:44.904+0000] {logging_mixin.py:137} INFO - [2024-01-06T09:12:44.904+0000] {dag.py:2690} INFO - Sync 1 DAGs
[2024-01-06T09:12:44.915+0000] {logging_mixin.py:137} INFO - [2024-01-06T09:12:44.915+0000] {dag.py:3441} INFO - Setting next_dagrun for example_kubernetes_executor to None, run_after=None
[2024-01-06T09:12:44.922+0000] {processor.py:175} INFO - Processing /home/airflow/.local/lib/python3.7/site-packages/airflow/example_dags/example_kubernetes_executor.py took 0.048 seconds
