[2024-01-06T09:11:12.781+0000] {processor.py:153} INFO - Started process (PID=111) to work on /home/airflow/.local/lib/python3.7/site-packages/airflow/example_dags/example_time_delta_sensor_async.py
[2024-01-06T09:11:12.781+0000] {processor.py:743} INFO - Processing file /home/airflow/.local/lib/python3.7/site-packages/airflow/example_dags/example_time_delta_sensor_async.py for tasks to queue
[2024-01-06T09:11:12.782+0000] {logging_mixin.py:137} INFO - [2024-01-06T09:11:12.782+0000] {dagbag.py:538} INFO - Filling up the DagBag from /home/airflow/.local/lib/python3.7/site-packages/airflow/example_dags/example_time_delta_sensor_async.py
[2024-01-06T09:11:12.789+0000] {processor.py:753} INFO - DAG(s) dict_keys(['example_time_delta_sensor_async']) retrieved from /home/airflow/.local/lib/python3.7/site-packages/airflow/example_dags/example_time_delta_sensor_async.py
[2024-01-06T09:11:12.840+0000] {logging_mixin.py:137} INFO - [2024-01-06T09:11:12.840+0000] {manager.py:504} INFO - Created Permission View: can edit on DAG:example_time_delta_sensor_async
[2024-01-06T09:11:12.844+0000] {logging_mixin.py:137} INFO - [2024-01-06T09:11:12.844+0000] {manager.py:504} INFO - Created Permission View: can read on DAG:example_time_delta_sensor_async
[2024-01-06T09:11:12.846+0000] {logging_mixin.py:137} INFO - [2024-01-06T09:11:12.846+0000] {manager.py:504} INFO - Created Permission View: can delete on DAG:example_time_delta_sensor_async
[2024-01-06T09:11:12.846+0000] {logging_mixin.py:137} INFO - [2024-01-06T09:11:12.846+0000] {dag.py:2690} INFO - Sync 1 DAGs
[2024-01-06T09:11:12.853+0000] {logging_mixin.py:137} INFO - [2024-01-06T09:11:12.853+0000] {dag.py:2711} INFO - Creating ORM DAG for example_time_delta_sensor_async
[2024-01-06T09:11:12.858+0000] {logging_mixin.py:137} INFO - [2024-01-06T09:11:12.858+0000] {dag.py:3441} INFO - Setting next_dagrun for example_time_delta_sensor_async to None, run_after=None
[2024-01-06T09:11:12.865+0000] {processor.py:175} INFO - Processing /home/airflow/.local/lib/python3.7/site-packages/airflow/example_dags/example_time_delta_sensor_async.py took 0.087 seconds
[2024-01-06T09:11:43.095+0000] {processor.py:153} INFO - Started process (PID=200) to work on /home/airflow/.local/lib/python3.7/site-packages/airflow/example_dags/example_time_delta_sensor_async.py
[2024-01-06T09:11:43.095+0000] {processor.py:743} INFO - Processing file /home/airflow/.local/lib/python3.7/site-packages/airflow/example_dags/example_time_delta_sensor_async.py for tasks to queue
[2024-01-06T09:11:43.096+0000] {logging_mixin.py:137} INFO - [2024-01-06T09:11:43.096+0000] {dagbag.py:538} INFO - Filling up the DagBag from /home/airflow/.local/lib/python3.7/site-packages/airflow/example_dags/example_time_delta_sensor_async.py
[2024-01-06T09:11:43.102+0000] {processor.py:753} INFO - DAG(s) dict_keys(['example_time_delta_sensor_async']) retrieved from /home/airflow/.local/lib/python3.7/site-packages/airflow/example_dags/example_time_delta_sensor_async.py
[2024-01-06T09:11:43.116+0000] {logging_mixin.py:137} INFO - [2024-01-06T09:11:43.116+0000] {dag.py:2690} INFO - Sync 1 DAGs
[2024-01-06T09:11:43.128+0000] {logging_mixin.py:137} INFO - [2024-01-06T09:11:43.128+0000] {dag.py:3441} INFO - Setting next_dagrun for example_time_delta_sensor_async to None, run_after=None
[2024-01-06T09:11:43.137+0000] {processor.py:175} INFO - Processing /home/airflow/.local/lib/python3.7/site-packages/airflow/example_dags/example_time_delta_sensor_async.py took 0.045 seconds
[2024-01-06T09:12:13.839+0000] {processor.py:153} INFO - Started process (PID=272) to work on /home/airflow/.local/lib/python3.7/site-packages/airflow/example_dags/example_time_delta_sensor_async.py
[2024-01-06T09:12:13.839+0000] {processor.py:743} INFO - Processing file /home/airflow/.local/lib/python3.7/site-packages/airflow/example_dags/example_time_delta_sensor_async.py for tasks to queue
[2024-01-06T09:12:13.840+0000] {logging_mixin.py:137} INFO - [2024-01-06T09:12:13.840+0000] {dagbag.py:538} INFO - Filling up the DagBag from /home/airflow/.local/lib/python3.7/site-packages/airflow/example_dags/example_time_delta_sensor_async.py
[2024-01-06T09:12:13.846+0000] {processor.py:753} INFO - DAG(s) dict_keys(['example_time_delta_sensor_async']) retrieved from /home/airflow/.local/lib/python3.7/site-packages/airflow/example_dags/example_time_delta_sensor_async.py
[2024-01-06T09:12:13.859+0000] {logging_mixin.py:137} INFO - [2024-01-06T09:12:13.859+0000] {dag.py:2690} INFO - Sync 1 DAGs
[2024-01-06T09:12:13.871+0000] {logging_mixin.py:137} INFO - [2024-01-06T09:12:13.871+0000] {dag.py:3441} INFO - Setting next_dagrun for example_time_delta_sensor_async to None, run_after=None
[2024-01-06T09:12:13.879+0000] {processor.py:175} INFO - Processing /home/airflow/.local/lib/python3.7/site-packages/airflow/example_dags/example_time_delta_sensor_async.py took 0.042 seconds
[2024-01-06T09:12:44.599+0000] {processor.py:153} INFO - Started process (PID=361) to work on /home/airflow/.local/lib/python3.7/site-packages/airflow/example_dags/example_time_delta_sensor_async.py
[2024-01-06T09:12:44.600+0000] {processor.py:743} INFO - Processing file /home/airflow/.local/lib/python3.7/site-packages/airflow/example_dags/example_time_delta_sensor_async.py for tasks to queue
[2024-01-06T09:12:44.600+0000] {logging_mixin.py:137} INFO - [2024-01-06T09:12:44.600+0000] {dagbag.py:538} INFO - Filling up the DagBag from /home/airflow/.local/lib/python3.7/site-packages/airflow/example_dags/example_time_delta_sensor_async.py
[2024-01-06T09:12:44.607+0000] {processor.py:753} INFO - DAG(s) dict_keys(['example_time_delta_sensor_async']) retrieved from /home/airflow/.local/lib/python3.7/site-packages/airflow/example_dags/example_time_delta_sensor_async.py
[2024-01-06T09:12:44.619+0000] {logging_mixin.py:137} INFO - [2024-01-06T09:12:44.619+0000] {dag.py:2690} INFO - Sync 1 DAGs
[2024-01-06T09:12:44.631+0000] {logging_mixin.py:137} INFO - [2024-01-06T09:12:44.631+0000] {dag.py:3441} INFO - Setting next_dagrun for example_time_delta_sensor_async to None, run_after=None
[2024-01-06T09:12:44.640+0000] {processor.py:175} INFO - Processing /home/airflow/.local/lib/python3.7/site-packages/airflow/example_dags/example_time_delta_sensor_async.py took 0.042 seconds
[2024-01-06T09:13:15.212+0000] {processor.py:153} INFO - Started process (PID=450) to work on /home/airflow/.local/lib/python3.7/site-packages/airflow/example_dags/example_time_delta_sensor_async.py
[2024-01-06T09:13:15.213+0000] {processor.py:743} INFO - Processing file /home/airflow/.local/lib/python3.7/site-packages/airflow/example_dags/example_time_delta_sensor_async.py for tasks to queue
[2024-01-06T09:13:15.213+0000] {logging_mixin.py:137} INFO - [2024-01-06T09:13:15.213+0000] {dagbag.py:538} INFO - Filling up the DagBag from /home/airflow/.local/lib/python3.7/site-packages/airflow/example_dags/example_time_delta_sensor_async.py
[2024-01-06T09:13:15.219+0000] {processor.py:753} INFO - DAG(s) dict_keys(['example_time_delta_sensor_async']) retrieved from /home/airflow/.local/lib/python3.7/site-packages/airflow/example_dags/example_time_delta_sensor_async.py
[2024-01-06T09:13:15.232+0000] {logging_mixin.py:137} INFO - [2024-01-06T09:13:15.232+0000] {dag.py:2690} INFO - Sync 1 DAGs
[2024-01-06T09:13:15.244+0000] {logging_mixin.py:137} INFO - [2024-01-06T09:13:15.244+0000] {dag.py:3441} INFO - Setting next_dagrun for example_time_delta_sensor_async to None, run_after=None
[2024-01-06T09:13:15.252+0000] {processor.py:175} INFO - Processing /home/airflow/.local/lib/python3.7/site-packages/airflow/example_dags/example_time_delta_sensor_async.py took 0.041 seconds
[2024-01-06T09:13:45.733+0000] {processor.py:153} INFO - Started process (PID=532) to work on /home/airflow/.local/lib/python3.7/site-packages/airflow/example_dags/example_time_delta_sensor_async.py
[2024-01-06T09:13:45.734+0000] {processor.py:743} INFO - Processing file /home/airflow/.local/lib/python3.7/site-packages/airflow/example_dags/example_time_delta_sensor_async.py for tasks to queue
[2024-01-06T09:13:45.734+0000] {logging_mixin.py:137} INFO - [2024-01-06T09:13:45.734+0000] {dagbag.py:538} INFO - Filling up the DagBag from /home/airflow/.local/lib/python3.7/site-packages/airflow/example_dags/example_time_delta_sensor_async.py
[2024-01-06T09:13:45.741+0000] {processor.py:753} INFO - DAG(s) dict_keys(['example_time_delta_sensor_async']) retrieved from /home/airflow/.local/lib/python3.7/site-packages/airflow/example_dags/example_time_delta_sensor_async.py
[2024-01-06T09:13:45.755+0000] {logging_mixin.py:137} INFO - [2024-01-06T09:13:45.755+0000] {dag.py:2690} INFO - Sync 1 DAGs
[2024-01-06T09:13:45.767+0000] {logging_mixin.py:137} INFO - [2024-01-06T09:13:45.767+0000] {dag.py:3441} INFO - Setting next_dagrun for example_time_delta_sensor_async to None, run_after=None
[2024-01-06T09:13:45.777+0000] {processor.py:175} INFO - Processing /home/airflow/.local/lib/python3.7/site-packages/airflow/example_dags/example_time_delta_sensor_async.py took 0.046 seconds
[2024-01-06T09:14:16.554+0000] {processor.py:153} INFO - Started process (PID=612) to work on /home/airflow/.local/lib/python3.7/site-packages/airflow/example_dags/example_time_delta_sensor_async.py
[2024-01-06T09:14:16.554+0000] {processor.py:743} INFO - Processing file /home/airflow/.local/lib/python3.7/site-packages/airflow/example_dags/example_time_delta_sensor_async.py for tasks to queue
[2024-01-06T09:14:16.554+0000] {logging_mixin.py:137} INFO - [2024-01-06T09:14:16.554+0000] {dagbag.py:538} INFO - Filling up the DagBag from /home/airflow/.local/lib/python3.7/site-packages/airflow/example_dags/example_time_delta_sensor_async.py
[2024-01-06T09:14:16.561+0000] {processor.py:753} INFO - DAG(s) dict_keys(['example_time_delta_sensor_async']) retrieved from /home/airflow/.local/lib/python3.7/site-packages/airflow/example_dags/example_time_delta_sensor_async.py
[2024-01-06T09:14:16.572+0000] {logging_mixin.py:137} INFO - [2024-01-06T09:14:16.572+0000] {dag.py:2690} INFO - Sync 1 DAGs
[2024-01-06T09:14:16.583+0000] {logging_mixin.py:137} INFO - [2024-01-06T09:14:16.583+0000] {dag.py:3441} INFO - Setting next_dagrun for example_time_delta_sensor_async to None, run_after=None
[2024-01-06T09:14:16.590+0000] {processor.py:175} INFO - Processing /home/airflow/.local/lib/python3.7/site-packages/airflow/example_dags/example_time_delta_sensor_async.py took 0.038 seconds
[2024-01-06T09:14:47.264+0000] {processor.py:153} INFO - Started process (PID=701) to work on /home/airflow/.local/lib/python3.7/site-packages/airflow/example_dags/example_time_delta_sensor_async.py
[2024-01-06T09:14:47.264+0000] {processor.py:743} INFO - Processing file /home/airflow/.local/lib/python3.7/site-packages/airflow/example_dags/example_time_delta_sensor_async.py for tasks to queue
[2024-01-06T09:14:47.265+0000] {logging_mixin.py:137} INFO - [2024-01-06T09:14:47.265+0000] {dagbag.py:538} INFO - Filling up the DagBag from /home/airflow/.local/lib/python3.7/site-packages/airflow/example_dags/example_time_delta_sensor_async.py
[2024-01-06T09:14:47.271+0000] {processor.py:753} INFO - DAG(s) dict_keys(['example_time_delta_sensor_async']) retrieved from /home/airflow/.local/lib/python3.7/site-packages/airflow/example_dags/example_time_delta_sensor_async.py
[2024-01-06T09:14:47.283+0000] {logging_mixin.py:137} INFO - [2024-01-06T09:14:47.283+0000] {dag.py:2690} INFO - Sync 1 DAGs
[2024-01-06T09:14:47.295+0000] {logging_mixin.py:137} INFO - [2024-01-06T09:14:47.295+0000] {dag.py:3441} INFO - Setting next_dagrun for example_time_delta_sensor_async to None, run_after=None
[2024-01-06T09:14:47.304+0000] {processor.py:175} INFO - Processing /home/airflow/.local/lib/python3.7/site-packages/airflow/example_dags/example_time_delta_sensor_async.py took 0.043 seconds
[2024-01-06T09:15:17.992+0000] {processor.py:153} INFO - Started process (PID=790) to work on /home/airflow/.local/lib/python3.7/site-packages/airflow/example_dags/example_time_delta_sensor_async.py
[2024-01-06T09:15:17.993+0000] {processor.py:743} INFO - Processing file /home/airflow/.local/lib/python3.7/site-packages/airflow/example_dags/example_time_delta_sensor_async.py for tasks to queue
[2024-01-06T09:15:17.993+0000] {logging_mixin.py:137} INFO - [2024-01-06T09:15:17.993+0000] {dagbag.py:538} INFO - Filling up the DagBag from /home/airflow/.local/lib/python3.7/site-packages/airflow/example_dags/example_time_delta_sensor_async.py
[2024-01-06T09:15:17.999+0000] {processor.py:753} INFO - DAG(s) dict_keys(['example_time_delta_sensor_async']) retrieved from /home/airflow/.local/lib/python3.7/site-packages/airflow/example_dags/example_time_delta_sensor_async.py
[2024-01-06T09:15:18.012+0000] {logging_mixin.py:137} INFO - [2024-01-06T09:15:18.012+0000] {dag.py:2690} INFO - Sync 1 DAGs
[2024-01-06T09:15:18.024+0000] {logging_mixin.py:137} INFO - [2024-01-06T09:15:18.023+0000] {dag.py:3441} INFO - Setting next_dagrun for example_time_delta_sensor_async to None, run_after=None
[2024-01-06T09:15:18.031+0000] {processor.py:175} INFO - Processing /home/airflow/.local/lib/python3.7/site-packages/airflow/example_dags/example_time_delta_sensor_async.py took 0.041 seconds
[2024-01-06T09:15:48.695+0000] {processor.py:153} INFO - Started process (PID=871) to work on /home/airflow/.local/lib/python3.7/site-packages/airflow/example_dags/example_time_delta_sensor_async.py
[2024-01-06T09:15:48.696+0000] {processor.py:743} INFO - Processing file /home/airflow/.local/lib/python3.7/site-packages/airflow/example_dags/example_time_delta_sensor_async.py for tasks to queue
[2024-01-06T09:15:48.696+0000] {logging_mixin.py:137} INFO - [2024-01-06T09:15:48.696+0000] {dagbag.py:538} INFO - Filling up the DagBag from /home/airflow/.local/lib/python3.7/site-packages/airflow/example_dags/example_time_delta_sensor_async.py
[2024-01-06T09:15:48.703+0000] {processor.py:753} INFO - DAG(s) dict_keys(['example_time_delta_sensor_async']) retrieved from /home/airflow/.local/lib/python3.7/site-packages/airflow/example_dags/example_time_delta_sensor_async.py
[2024-01-06T09:15:48.719+0000] {logging_mixin.py:137} INFO - [2024-01-06T09:15:48.719+0000] {dag.py:2690} INFO - Sync 1 DAGs
[2024-01-06T09:15:48.731+0000] {logging_mixin.py:137} INFO - [2024-01-06T09:15:48.731+0000] {dag.py:3441} INFO - Setting next_dagrun for example_time_delta_sensor_async to None, run_after=None
[2024-01-06T09:15:48.740+0000] {processor.py:175} INFO - Processing /home/airflow/.local/lib/python3.7/site-packages/airflow/example_dags/example_time_delta_sensor_async.py took 0.047 seconds
[2024-01-06T09:16:19.401+0000] {processor.py:153} INFO - Started process (PID=951) to work on /home/airflow/.local/lib/python3.7/site-packages/airflow/example_dags/example_time_delta_sensor_async.py
[2024-01-06T09:16:19.401+0000] {processor.py:743} INFO - Processing file /home/airflow/.local/lib/python3.7/site-packages/airflow/example_dags/example_time_delta_sensor_async.py for tasks to queue
[2024-01-06T09:16:19.402+0000] {logging_mixin.py:137} INFO - [2024-01-06T09:16:19.402+0000] {dagbag.py:538} INFO - Filling up the DagBag from /home/airflow/.local/lib/python3.7/site-packages/airflow/example_dags/example_time_delta_sensor_async.py
[2024-01-06T09:16:19.408+0000] {processor.py:753} INFO - DAG(s) dict_keys(['example_time_delta_sensor_async']) retrieved from /home/airflow/.local/lib/python3.7/site-packages/airflow/example_dags/example_time_delta_sensor_async.py
[2024-01-06T09:16:19.421+0000] {logging_mixin.py:137} INFO - [2024-01-06T09:16:19.421+0000] {dag.py:2690} INFO - Sync 1 DAGs
[2024-01-06T09:16:19.432+0000] {logging_mixin.py:137} INFO - [2024-01-06T09:16:19.432+0000] {dag.py:3441} INFO - Setting next_dagrun for example_time_delta_sensor_async to None, run_after=None
[2024-01-06T09:16:19.440+0000] {processor.py:175} INFO - Processing /home/airflow/.local/lib/python3.7/site-packages/airflow/example_dags/example_time_delta_sensor_async.py took 0.042 seconds
[2024-01-06T09:16:50.006+0000] {processor.py:153} INFO - Started process (PID=1040) to work on /home/airflow/.local/lib/python3.7/site-packages/airflow/example_dags/example_time_delta_sensor_async.py
[2024-01-06T09:16:50.006+0000] {processor.py:743} INFO - Processing file /home/airflow/.local/lib/python3.7/site-packages/airflow/example_dags/example_time_delta_sensor_async.py for tasks to queue
[2024-01-06T09:16:50.007+0000] {logging_mixin.py:137} INFO - [2024-01-06T09:16:50.007+0000] {dagbag.py:538} INFO - Filling up the DagBag from /home/airflow/.local/lib/python3.7/site-packages/airflow/example_dags/example_time_delta_sensor_async.py
[2024-01-06T09:16:50.013+0000] {processor.py:753} INFO - DAG(s) dict_keys(['example_time_delta_sensor_async']) retrieved from /home/airflow/.local/lib/python3.7/site-packages/airflow/example_dags/example_time_delta_sensor_async.py
[2024-01-06T09:16:50.026+0000] {logging_mixin.py:137} INFO - [2024-01-06T09:16:50.026+0000] {dag.py:2690} INFO - Sync 1 DAGs
[2024-01-06T09:16:50.038+0000] {logging_mixin.py:137} INFO - [2024-01-06T09:16:50.038+0000] {dag.py:3441} INFO - Setting next_dagrun for example_time_delta_sensor_async to None, run_after=None
[2024-01-06T09:16:50.046+0000] {processor.py:175} INFO - Processing /home/airflow/.local/lib/python3.7/site-packages/airflow/example_dags/example_time_delta_sensor_async.py took 0.042 seconds
[2024-01-06T09:17:20.615+0000] {processor.py:153} INFO - Started process (PID=1129) to work on /home/airflow/.local/lib/python3.7/site-packages/airflow/example_dags/example_time_delta_sensor_async.py
[2024-01-06T09:17:20.615+0000] {processor.py:743} INFO - Processing file /home/airflow/.local/lib/python3.7/site-packages/airflow/example_dags/example_time_delta_sensor_async.py for tasks to queue
[2024-01-06T09:17:20.616+0000] {logging_mixin.py:137} INFO - [2024-01-06T09:17:20.615+0000] {dagbag.py:538} INFO - Filling up the DagBag from /home/airflow/.local/lib/python3.7/site-packages/airflow/example_dags/example_time_delta_sensor_async.py
[2024-01-06T09:17:20.622+0000] {processor.py:753} INFO - DAG(s) dict_keys(['example_time_delta_sensor_async']) retrieved from /home/airflow/.local/lib/python3.7/site-packages/airflow/example_dags/example_time_delta_sensor_async.py
[2024-01-06T09:17:20.634+0000] {logging_mixin.py:137} INFO - [2024-01-06T09:17:20.634+0000] {dag.py:2690} INFO - Sync 1 DAGs
[2024-01-06T09:17:20.646+0000] {logging_mixin.py:137} INFO - [2024-01-06T09:17:20.646+0000] {dag.py:3441} INFO - Setting next_dagrun for example_time_delta_sensor_async to None, run_after=None
[2024-01-06T09:17:20.654+0000] {processor.py:175} INFO - Processing /home/airflow/.local/lib/python3.7/site-packages/airflow/example_dags/example_time_delta_sensor_async.py took 0.041 seconds
[2024-01-06T09:17:51.280+0000] {processor.py:153} INFO - Started process (PID=1202) to work on /home/airflow/.local/lib/python3.7/site-packages/airflow/example_dags/example_time_delta_sensor_async.py
[2024-01-06T09:17:51.281+0000] {processor.py:743} INFO - Processing file /home/airflow/.local/lib/python3.7/site-packages/airflow/example_dags/example_time_delta_sensor_async.py for tasks to queue
[2024-01-06T09:17:51.281+0000] {logging_mixin.py:137} INFO - [2024-01-06T09:17:51.281+0000] {dagbag.py:538} INFO - Filling up the DagBag from /home/airflow/.local/lib/python3.7/site-packages/airflow/example_dags/example_time_delta_sensor_async.py
[2024-01-06T09:17:51.288+0000] {processor.py:753} INFO - DAG(s) dict_keys(['example_time_delta_sensor_async']) retrieved from /home/airflow/.local/lib/python3.7/site-packages/airflow/example_dags/example_time_delta_sensor_async.py
[2024-01-06T09:17:51.305+0000] {logging_mixin.py:137} INFO - [2024-01-06T09:17:51.305+0000] {dag.py:2690} INFO - Sync 1 DAGs
[2024-01-06T09:17:51.318+0000] {logging_mixin.py:137} INFO - [2024-01-06T09:17:51.317+0000] {dag.py:3441} INFO - Setting next_dagrun for example_time_delta_sensor_async to None, run_after=None
[2024-01-06T09:17:51.331+0000] {processor.py:175} INFO - Processing /home/airflow/.local/lib/python3.7/site-packages/airflow/example_dags/example_time_delta_sensor_async.py took 0.054 seconds
[2024-01-06T09:18:22.049+0000] {processor.py:153} INFO - Started process (PID=1291) to work on /home/airflow/.local/lib/python3.7/site-packages/airflow/example_dags/example_time_delta_sensor_async.py
[2024-01-06T09:18:22.050+0000] {processor.py:743} INFO - Processing file /home/airflow/.local/lib/python3.7/site-packages/airflow/example_dags/example_time_delta_sensor_async.py for tasks to queue
[2024-01-06T09:18:22.050+0000] {logging_mixin.py:137} INFO - [2024-01-06T09:18:22.050+0000] {dagbag.py:538} INFO - Filling up the DagBag from /home/airflow/.local/lib/python3.7/site-packages/airflow/example_dags/example_time_delta_sensor_async.py
[2024-01-06T09:18:22.056+0000] {processor.py:753} INFO - DAG(s) dict_keys(['example_time_delta_sensor_async']) retrieved from /home/airflow/.local/lib/python3.7/site-packages/airflow/example_dags/example_time_delta_sensor_async.py
[2024-01-06T09:18:22.068+0000] {logging_mixin.py:137} INFO - [2024-01-06T09:18:22.068+0000] {dag.py:2690} INFO - Sync 1 DAGs
[2024-01-06T09:18:22.078+0000] {logging_mixin.py:137} INFO - [2024-01-06T09:18:22.078+0000] {dag.py:3441} INFO - Setting next_dagrun for example_time_delta_sensor_async to None, run_after=None
[2024-01-06T09:18:22.086+0000] {processor.py:175} INFO - Processing /home/airflow/.local/lib/python3.7/site-packages/airflow/example_dags/example_time_delta_sensor_async.py took 0.038 seconds
[2024-01-06T09:18:52.721+0000] {processor.py:153} INFO - Started process (PID=1379) to work on /home/airflow/.local/lib/python3.7/site-packages/airflow/example_dags/example_time_delta_sensor_async.py
[2024-01-06T09:18:52.722+0000] {processor.py:743} INFO - Processing file /home/airflow/.local/lib/python3.7/site-packages/airflow/example_dags/example_time_delta_sensor_async.py for tasks to queue
[2024-01-06T09:18:52.722+0000] {logging_mixin.py:137} INFO - [2024-01-06T09:18:52.722+0000] {dagbag.py:538} INFO - Filling up the DagBag from /home/airflow/.local/lib/python3.7/site-packages/airflow/example_dags/example_time_delta_sensor_async.py
[2024-01-06T09:18:52.728+0000] {processor.py:753} INFO - DAG(s) dict_keys(['example_time_delta_sensor_async']) retrieved from /home/airflow/.local/lib/python3.7/site-packages/airflow/example_dags/example_time_delta_sensor_async.py
[2024-01-06T09:18:52.740+0000] {logging_mixin.py:137} INFO - [2024-01-06T09:18:52.740+0000] {dag.py:2690} INFO - Sync 1 DAGs
[2024-01-06T09:18:52.751+0000] {logging_mixin.py:137} INFO - [2024-01-06T09:18:52.751+0000] {dag.py:3441} INFO - Setting next_dagrun for example_time_delta_sensor_async to None, run_after=None
[2024-01-06T09:18:52.758+0000] {processor.py:175} INFO - Processing /home/airflow/.local/lib/python3.7/site-packages/airflow/example_dags/example_time_delta_sensor_async.py took 0.039 seconds
[2024-01-06T09:19:23.458+0000] {processor.py:153} INFO - Started process (PID=1468) to work on /home/airflow/.local/lib/python3.7/site-packages/airflow/example_dags/example_time_delta_sensor_async.py
[2024-01-06T09:19:23.458+0000] {processor.py:743} INFO - Processing file /home/airflow/.local/lib/python3.7/site-packages/airflow/example_dags/example_time_delta_sensor_async.py for tasks to queue
[2024-01-06T09:19:23.459+0000] {logging_mixin.py:137} INFO - [2024-01-06T09:19:23.459+0000] {dagbag.py:538} INFO - Filling up the DagBag from /home/airflow/.local/lib/python3.7/site-packages/airflow/example_dags/example_time_delta_sensor_async.py
[2024-01-06T09:19:23.465+0000] {processor.py:753} INFO - DAG(s) dict_keys(['example_time_delta_sensor_async']) retrieved from /home/airflow/.local/lib/python3.7/site-packages/airflow/example_dags/example_time_delta_sensor_async.py
[2024-01-06T09:19:23.477+0000] {logging_mixin.py:137} INFO - [2024-01-06T09:19:23.477+0000] {dag.py:2690} INFO - Sync 1 DAGs
[2024-01-06T09:19:23.489+0000] {logging_mixin.py:137} INFO - [2024-01-06T09:19:23.489+0000] {dag.py:3441} INFO - Setting next_dagrun for example_time_delta_sensor_async to None, run_after=None
[2024-01-06T09:19:23.497+0000] {processor.py:175} INFO - Processing /home/airflow/.local/lib/python3.7/site-packages/airflow/example_dags/example_time_delta_sensor_async.py took 0.041 seconds
[2024-01-06T09:19:54.073+0000] {processor.py:153} INFO - Started process (PID=1541) to work on /home/airflow/.local/lib/python3.7/site-packages/airflow/example_dags/example_time_delta_sensor_async.py
[2024-01-06T09:19:54.073+0000] {processor.py:743} INFO - Processing file /home/airflow/.local/lib/python3.7/site-packages/airflow/example_dags/example_time_delta_sensor_async.py for tasks to queue
[2024-01-06T09:19:54.074+0000] {logging_mixin.py:137} INFO - [2024-01-06T09:19:54.074+0000] {dagbag.py:538} INFO - Filling up the DagBag from /home/airflow/.local/lib/python3.7/site-packages/airflow/example_dags/example_time_delta_sensor_async.py
[2024-01-06T09:19:54.080+0000] {processor.py:753} INFO - DAG(s) dict_keys(['example_time_delta_sensor_async']) retrieved from /home/airflow/.local/lib/python3.7/site-packages/airflow/example_dags/example_time_delta_sensor_async.py
[2024-01-06T09:19:54.093+0000] {logging_mixin.py:137} INFO - [2024-01-06T09:19:54.093+0000] {dag.py:2690} INFO - Sync 1 DAGs
[2024-01-06T09:19:54.104+0000] {logging_mixin.py:137} INFO - [2024-01-06T09:19:54.104+0000] {dag.py:3441} INFO - Setting next_dagrun for example_time_delta_sensor_async to None, run_after=None
[2024-01-06T09:19:54.115+0000] {processor.py:175} INFO - Processing /home/airflow/.local/lib/python3.7/site-packages/airflow/example_dags/example_time_delta_sensor_async.py took 0.044 seconds
[2024-01-06T09:20:24.685+0000] {processor.py:153} INFO - Started process (PID=1629) to work on /home/airflow/.local/lib/python3.7/site-packages/airflow/example_dags/example_time_delta_sensor_async.py
[2024-01-06T09:20:24.686+0000] {processor.py:743} INFO - Processing file /home/airflow/.local/lib/python3.7/site-packages/airflow/example_dags/example_time_delta_sensor_async.py for tasks to queue
[2024-01-06T09:20:24.686+0000] {logging_mixin.py:137} INFO - [2024-01-06T09:20:24.686+0000] {dagbag.py:538} INFO - Filling up the DagBag from /home/airflow/.local/lib/python3.7/site-packages/airflow/example_dags/example_time_delta_sensor_async.py
[2024-01-06T09:20:24.692+0000] {processor.py:753} INFO - DAG(s) dict_keys(['example_time_delta_sensor_async']) retrieved from /home/airflow/.local/lib/python3.7/site-packages/airflow/example_dags/example_time_delta_sensor_async.py
[2024-01-06T09:20:24.704+0000] {logging_mixin.py:137} INFO - [2024-01-06T09:20:24.704+0000] {dag.py:2690} INFO - Sync 1 DAGs
[2024-01-06T09:20:24.716+0000] {logging_mixin.py:137} INFO - [2024-01-06T09:20:24.716+0000] {dag.py:3441} INFO - Setting next_dagrun for example_time_delta_sensor_async to None, run_after=None
[2024-01-06T09:20:24.724+0000] {processor.py:175} INFO - Processing /home/airflow/.local/lib/python3.7/site-packages/airflow/example_dags/example_time_delta_sensor_async.py took 0.042 seconds
[2024-01-06T09:20:55.407+0000] {processor.py:153} INFO - Started process (PID=1718) to work on /home/airflow/.local/lib/python3.7/site-packages/airflow/example_dags/example_time_delta_sensor_async.py
[2024-01-06T09:20:55.408+0000] {processor.py:743} INFO - Processing file /home/airflow/.local/lib/python3.7/site-packages/airflow/example_dags/example_time_delta_sensor_async.py for tasks to queue
[2024-01-06T09:20:55.408+0000] {logging_mixin.py:137} INFO - [2024-01-06T09:20:55.408+0000] {dagbag.py:538} INFO - Filling up the DagBag from /home/airflow/.local/lib/python3.7/site-packages/airflow/example_dags/example_time_delta_sensor_async.py
[2024-01-06T09:20:55.415+0000] {processor.py:753} INFO - DAG(s) dict_keys(['example_time_delta_sensor_async']) retrieved from /home/airflow/.local/lib/python3.7/site-packages/airflow/example_dags/example_time_delta_sensor_async.py
[2024-01-06T09:20:55.427+0000] {logging_mixin.py:137} INFO - [2024-01-06T09:20:55.427+0000] {dag.py:2690} INFO - Sync 1 DAGs
[2024-01-06T09:20:55.440+0000] {logging_mixin.py:137} INFO - [2024-01-06T09:20:55.440+0000] {dag.py:3441} INFO - Setting next_dagrun for example_time_delta_sensor_async to None, run_after=None
[2024-01-06T09:20:55.448+0000] {processor.py:175} INFO - Processing /home/airflow/.local/lib/python3.7/site-packages/airflow/example_dags/example_time_delta_sensor_async.py took 0.042 seconds
[2024-01-06T09:21:26.142+0000] {processor.py:153} INFO - Started process (PID=1807) to work on /home/airflow/.local/lib/python3.7/site-packages/airflow/example_dags/example_time_delta_sensor_async.py
[2024-01-06T09:21:26.143+0000] {processor.py:743} INFO - Processing file /home/airflow/.local/lib/python3.7/site-packages/airflow/example_dags/example_time_delta_sensor_async.py for tasks to queue
[2024-01-06T09:21:26.143+0000] {logging_mixin.py:137} INFO - [2024-01-06T09:21:26.143+0000] {dagbag.py:538} INFO - Filling up the DagBag from /home/airflow/.local/lib/python3.7/site-packages/airflow/example_dags/example_time_delta_sensor_async.py
[2024-01-06T09:21:26.149+0000] {processor.py:753} INFO - DAG(s) dict_keys(['example_time_delta_sensor_async']) retrieved from /home/airflow/.local/lib/python3.7/site-packages/airflow/example_dags/example_time_delta_sensor_async.py
[2024-01-06T09:21:26.161+0000] {logging_mixin.py:137} INFO - [2024-01-06T09:21:26.161+0000] {dag.py:2690} INFO - Sync 1 DAGs
[2024-01-06T09:21:26.172+0000] {logging_mixin.py:137} INFO - [2024-01-06T09:21:26.172+0000] {dag.py:3441} INFO - Setting next_dagrun for example_time_delta_sensor_async to None, run_after=None
[2024-01-06T09:21:26.179+0000] {processor.py:175} INFO - Processing /home/airflow/.local/lib/python3.7/site-packages/airflow/example_dags/example_time_delta_sensor_async.py took 0.039 seconds
[2024-01-06T09:21:56.803+0000] {processor.py:153} INFO - Started process (PID=1880) to work on /home/airflow/.local/lib/python3.7/site-packages/airflow/example_dags/example_time_delta_sensor_async.py
[2024-01-06T09:21:56.804+0000] {processor.py:743} INFO - Processing file /home/airflow/.local/lib/python3.7/site-packages/airflow/example_dags/example_time_delta_sensor_async.py for tasks to queue
[2024-01-06T09:21:56.804+0000] {logging_mixin.py:137} INFO - [2024-01-06T09:21:56.804+0000] {dagbag.py:538} INFO - Filling up the DagBag from /home/airflow/.local/lib/python3.7/site-packages/airflow/example_dags/example_time_delta_sensor_async.py
[2024-01-06T09:21:56.810+0000] {processor.py:753} INFO - DAG(s) dict_keys(['example_time_delta_sensor_async']) retrieved from /home/airflow/.local/lib/python3.7/site-packages/airflow/example_dags/example_time_delta_sensor_async.py
[2024-01-06T09:21:56.823+0000] {logging_mixin.py:137} INFO - [2024-01-06T09:21:56.823+0000] {dag.py:2690} INFO - Sync 1 DAGs
[2024-01-06T09:21:56.834+0000] {logging_mixin.py:137} INFO - [2024-01-06T09:21:56.834+0000] {dag.py:3441} INFO - Setting next_dagrun for example_time_delta_sensor_async to None, run_after=None
[2024-01-06T09:21:56.842+0000] {processor.py:175} INFO - Processing /home/airflow/.local/lib/python3.7/site-packages/airflow/example_dags/example_time_delta_sensor_async.py took 0.041 seconds
[2024-01-06T09:22:27.434+0000] {processor.py:153} INFO - Started process (PID=1969) to work on /home/airflow/.local/lib/python3.7/site-packages/airflow/example_dags/example_time_delta_sensor_async.py
[2024-01-06T09:22:27.435+0000] {processor.py:743} INFO - Processing file /home/airflow/.local/lib/python3.7/site-packages/airflow/example_dags/example_time_delta_sensor_async.py for tasks to queue
[2024-01-06T09:22:27.435+0000] {logging_mixin.py:137} INFO - [2024-01-06T09:22:27.435+0000] {dagbag.py:538} INFO - Filling up the DagBag from /home/airflow/.local/lib/python3.7/site-packages/airflow/example_dags/example_time_delta_sensor_async.py
[2024-01-06T09:22:27.441+0000] {processor.py:753} INFO - DAG(s) dict_keys(['example_time_delta_sensor_async']) retrieved from /home/airflow/.local/lib/python3.7/site-packages/airflow/example_dags/example_time_delta_sensor_async.py
[2024-01-06T09:22:27.454+0000] {logging_mixin.py:137} INFO - [2024-01-06T09:22:27.454+0000] {dag.py:2690} INFO - Sync 1 DAGs
[2024-01-06T09:22:27.465+0000] {logging_mixin.py:137} INFO - [2024-01-06T09:22:27.465+0000] {dag.py:3441} INFO - Setting next_dagrun for example_time_delta_sensor_async to None, run_after=None
[2024-01-06T09:22:27.472+0000] {processor.py:175} INFO - Processing /home/airflow/.local/lib/python3.7/site-packages/airflow/example_dags/example_time_delta_sensor_async.py took 0.039 seconds
[2024-01-06T09:22:58.080+0000] {processor.py:153} INFO - Started process (PID=2058) to work on /home/airflow/.local/lib/python3.7/site-packages/airflow/example_dags/example_time_delta_sensor_async.py
[2024-01-06T09:22:58.080+0000] {processor.py:743} INFO - Processing file /home/airflow/.local/lib/python3.7/site-packages/airflow/example_dags/example_time_delta_sensor_async.py for tasks to queue
[2024-01-06T09:22:58.080+0000] {logging_mixin.py:137} INFO - [2024-01-06T09:22:58.080+0000] {dagbag.py:538} INFO - Filling up the DagBag from /home/airflow/.local/lib/python3.7/site-packages/airflow/example_dags/example_time_delta_sensor_async.py
[2024-01-06T09:22:58.087+0000] {processor.py:753} INFO - DAG(s) dict_keys(['example_time_delta_sensor_async']) retrieved from /home/airflow/.local/lib/python3.7/site-packages/airflow/example_dags/example_time_delta_sensor_async.py
[2024-01-06T09:22:58.099+0000] {logging_mixin.py:137} INFO - [2024-01-06T09:22:58.099+0000] {dag.py:2690} INFO - Sync 1 DAGs
[2024-01-06T09:22:58.111+0000] {logging_mixin.py:137} INFO - [2024-01-06T09:22:58.111+0000] {dag.py:3441} INFO - Setting next_dagrun for example_time_delta_sensor_async to None, run_after=None
[2024-01-06T09:22:58.119+0000] {processor.py:175} INFO - Processing /home/airflow/.local/lib/python3.7/site-packages/airflow/example_dags/example_time_delta_sensor_async.py took 0.041 seconds
[2024-01-06T09:23:28.644+0000] {processor.py:153} INFO - Started process (PID=2147) to work on /home/airflow/.local/lib/python3.7/site-packages/airflow/example_dags/example_time_delta_sensor_async.py
[2024-01-06T09:23:28.645+0000] {processor.py:743} INFO - Processing file /home/airflow/.local/lib/python3.7/site-packages/airflow/example_dags/example_time_delta_sensor_async.py for tasks to queue
[2024-01-06T09:23:28.645+0000] {logging_mixin.py:137} INFO - [2024-01-06T09:23:28.645+0000] {dagbag.py:538} INFO - Filling up the DagBag from /home/airflow/.local/lib/python3.7/site-packages/airflow/example_dags/example_time_delta_sensor_async.py
[2024-01-06T09:23:28.652+0000] {processor.py:753} INFO - DAG(s) dict_keys(['example_time_delta_sensor_async']) retrieved from /home/airflow/.local/lib/python3.7/site-packages/airflow/example_dags/example_time_delta_sensor_async.py
[2024-01-06T09:23:28.665+0000] {logging_mixin.py:137} INFO - [2024-01-06T09:23:28.664+0000] {dag.py:2690} INFO - Sync 1 DAGs
[2024-01-06T09:23:28.676+0000] {logging_mixin.py:137} INFO - [2024-01-06T09:23:28.676+0000] {dag.py:3441} INFO - Setting next_dagrun for example_time_delta_sensor_async to None, run_after=None
[2024-01-06T09:23:28.684+0000] {processor.py:175} INFO - Processing /home/airflow/.local/lib/python3.7/site-packages/airflow/example_dags/example_time_delta_sensor_async.py took 0.041 seconds
[2024-01-06T09:23:59.308+0000] {processor.py:153} INFO - Started process (PID=2220) to work on /home/airflow/.local/lib/python3.7/site-packages/airflow/example_dags/example_time_delta_sensor_async.py
[2024-01-06T09:23:59.309+0000] {processor.py:743} INFO - Processing file /home/airflow/.local/lib/python3.7/site-packages/airflow/example_dags/example_time_delta_sensor_async.py for tasks to queue
[2024-01-06T09:23:59.310+0000] {logging_mixin.py:137} INFO - [2024-01-06T09:23:59.310+0000] {dagbag.py:538} INFO - Filling up the DagBag from /home/airflow/.local/lib/python3.7/site-packages/airflow/example_dags/example_time_delta_sensor_async.py
[2024-01-06T09:23:59.317+0000] {processor.py:753} INFO - DAG(s) dict_keys(['example_time_delta_sensor_async']) retrieved from /home/airflow/.local/lib/python3.7/site-packages/airflow/example_dags/example_time_delta_sensor_async.py
[2024-01-06T09:23:59.331+0000] {logging_mixin.py:137} INFO - [2024-01-06T09:23:59.331+0000] {dag.py:2690} INFO - Sync 1 DAGs
[2024-01-06T09:23:59.343+0000] {logging_mixin.py:137} INFO - [2024-01-06T09:23:59.343+0000] {dag.py:3441} INFO - Setting next_dagrun for example_time_delta_sensor_async to None, run_after=None
[2024-01-06T09:23:59.354+0000] {processor.py:175} INFO - Processing /home/airflow/.local/lib/python3.7/site-packages/airflow/example_dags/example_time_delta_sensor_async.py took 0.049 seconds
[2024-01-06T09:24:30.186+0000] {processor.py:153} INFO - Started process (PID=2308) to work on /home/airflow/.local/lib/python3.7/site-packages/airflow/example_dags/example_time_delta_sensor_async.py
[2024-01-06T09:24:30.187+0000] {processor.py:743} INFO - Processing file /home/airflow/.local/lib/python3.7/site-packages/airflow/example_dags/example_time_delta_sensor_async.py for tasks to queue
[2024-01-06T09:24:30.187+0000] {logging_mixin.py:137} INFO - [2024-01-06T09:24:30.187+0000] {dagbag.py:538} INFO - Filling up the DagBag from /home/airflow/.local/lib/python3.7/site-packages/airflow/example_dags/example_time_delta_sensor_async.py
[2024-01-06T09:24:30.194+0000] {processor.py:753} INFO - DAG(s) dict_keys(['example_time_delta_sensor_async']) retrieved from /home/airflow/.local/lib/python3.7/site-packages/airflow/example_dags/example_time_delta_sensor_async.py
[2024-01-06T09:24:30.206+0000] {logging_mixin.py:137} INFO - [2024-01-06T09:24:30.206+0000] {dag.py:2690} INFO - Sync 1 DAGs
[2024-01-06T09:24:30.218+0000] {logging_mixin.py:137} INFO - [2024-01-06T09:24:30.218+0000] {dag.py:3441} INFO - Setting next_dagrun for example_time_delta_sensor_async to None, run_after=None
[2024-01-06T09:24:30.227+0000] {processor.py:175} INFO - Processing /home/airflow/.local/lib/python3.7/site-packages/airflow/example_dags/example_time_delta_sensor_async.py took 0.042 seconds
[2024-01-06T09:25:00.785+0000] {processor.py:153} INFO - Started process (PID=2397) to work on /home/airflow/.local/lib/python3.7/site-packages/airflow/example_dags/example_time_delta_sensor_async.py
[2024-01-06T09:25:00.786+0000] {processor.py:743} INFO - Processing file /home/airflow/.local/lib/python3.7/site-packages/airflow/example_dags/example_time_delta_sensor_async.py for tasks to queue
[2024-01-06T09:25:00.786+0000] {logging_mixin.py:137} INFO - [2024-01-06T09:25:00.786+0000] {dagbag.py:538} INFO - Filling up the DagBag from /home/airflow/.local/lib/python3.7/site-packages/airflow/example_dags/example_time_delta_sensor_async.py
[2024-01-06T09:25:00.792+0000] {processor.py:753} INFO - DAG(s) dict_keys(['example_time_delta_sensor_async']) retrieved from /home/airflow/.local/lib/python3.7/site-packages/airflow/example_dags/example_time_delta_sensor_async.py
[2024-01-06T09:25:00.805+0000] {logging_mixin.py:137} INFO - [2024-01-06T09:25:00.805+0000] {dag.py:2690} INFO - Sync 1 DAGs
[2024-01-06T09:25:00.817+0000] {logging_mixin.py:137} INFO - [2024-01-06T09:25:00.817+0000] {dag.py:3441} INFO - Setting next_dagrun for example_time_delta_sensor_async to None, run_after=None
[2024-01-06T09:25:00.826+0000] {processor.py:175} INFO - Processing /home/airflow/.local/lib/python3.7/site-packages/airflow/example_dags/example_time_delta_sensor_async.py took 0.043 seconds
[2024-01-06T09:25:31.417+0000] {processor.py:153} INFO - Started process (PID=2486) to work on /home/airflow/.local/lib/python3.7/site-packages/airflow/example_dags/example_time_delta_sensor_async.py
[2024-01-06T09:25:31.418+0000] {processor.py:743} INFO - Processing file /home/airflow/.local/lib/python3.7/site-packages/airflow/example_dags/example_time_delta_sensor_async.py for tasks to queue
[2024-01-06T09:25:31.419+0000] {logging_mixin.py:137} INFO - [2024-01-06T09:25:31.419+0000] {dagbag.py:538} INFO - Filling up the DagBag from /home/airflow/.local/lib/python3.7/site-packages/airflow/example_dags/example_time_delta_sensor_async.py
[2024-01-06T09:25:31.427+0000] {processor.py:753} INFO - DAG(s) dict_keys(['example_time_delta_sensor_async']) retrieved from /home/airflow/.local/lib/python3.7/site-packages/airflow/example_dags/example_time_delta_sensor_async.py
[2024-01-06T09:25:31.449+0000] {logging_mixin.py:137} INFO - [2024-01-06T09:25:31.449+0000] {dag.py:2690} INFO - Sync 1 DAGs
[2024-01-06T09:25:31.468+0000] {logging_mixin.py:137} INFO - [2024-01-06T09:25:31.468+0000] {dag.py:3441} INFO - Setting next_dagrun for example_time_delta_sensor_async to None, run_after=None
[2024-01-06T09:25:31.486+0000] {processor.py:175} INFO - Processing /home/airflow/.local/lib/python3.7/site-packages/airflow/example_dags/example_time_delta_sensor_async.py took 0.073 seconds
[2024-01-06T09:26:02.092+0000] {processor.py:153} INFO - Started process (PID=2559) to work on /home/airflow/.local/lib/python3.7/site-packages/airflow/example_dags/example_time_delta_sensor_async.py
[2024-01-06T09:26:02.093+0000] {processor.py:743} INFO - Processing file /home/airflow/.local/lib/python3.7/site-packages/airflow/example_dags/example_time_delta_sensor_async.py for tasks to queue
[2024-01-06T09:26:02.093+0000] {logging_mixin.py:137} INFO - [2024-01-06T09:26:02.093+0000] {dagbag.py:538} INFO - Filling up the DagBag from /home/airflow/.local/lib/python3.7/site-packages/airflow/example_dags/example_time_delta_sensor_async.py
[2024-01-06T09:26:02.100+0000] {processor.py:753} INFO - DAG(s) dict_keys(['example_time_delta_sensor_async']) retrieved from /home/airflow/.local/lib/python3.7/site-packages/airflow/example_dags/example_time_delta_sensor_async.py
[2024-01-06T09:26:02.112+0000] {logging_mixin.py:137} INFO - [2024-01-06T09:26:02.112+0000] {dag.py:2690} INFO - Sync 1 DAGs
[2024-01-06T09:26:02.123+0000] {logging_mixin.py:137} INFO - [2024-01-06T09:26:02.123+0000] {dag.py:3441} INFO - Setting next_dagrun for example_time_delta_sensor_async to None, run_after=None
[2024-01-06T09:26:02.131+0000] {processor.py:175} INFO - Processing /home/airflow/.local/lib/python3.7/site-packages/airflow/example_dags/example_time_delta_sensor_async.py took 0.040 seconds
[2024-01-06T09:26:32.682+0000] {processor.py:153} INFO - Started process (PID=2648) to work on /home/airflow/.local/lib/python3.7/site-packages/airflow/example_dags/example_time_delta_sensor_async.py
[2024-01-06T09:26:32.682+0000] {processor.py:743} INFO - Processing file /home/airflow/.local/lib/python3.7/site-packages/airflow/example_dags/example_time_delta_sensor_async.py for tasks to queue
[2024-01-06T09:26:32.682+0000] {logging_mixin.py:137} INFO - [2024-01-06T09:26:32.682+0000] {dagbag.py:538} INFO - Filling up the DagBag from /home/airflow/.local/lib/python3.7/site-packages/airflow/example_dags/example_time_delta_sensor_async.py
[2024-01-06T09:26:32.689+0000] {processor.py:753} INFO - DAG(s) dict_keys(['example_time_delta_sensor_async']) retrieved from /home/airflow/.local/lib/python3.7/site-packages/airflow/example_dags/example_time_delta_sensor_async.py
[2024-01-06T09:26:32.701+0000] {logging_mixin.py:137} INFO - [2024-01-06T09:26:32.701+0000] {dag.py:2690} INFO - Sync 1 DAGs
[2024-01-06T09:26:32.713+0000] {logging_mixin.py:137} INFO - [2024-01-06T09:26:32.713+0000] {dag.py:3441} INFO - Setting next_dagrun for example_time_delta_sensor_async to None, run_after=None
[2024-01-06T09:26:32.721+0000] {processor.py:175} INFO - Processing /home/airflow/.local/lib/python3.7/site-packages/airflow/example_dags/example_time_delta_sensor_async.py took 0.042 seconds
[2024-01-06T09:27:03.348+0000] {processor.py:153} INFO - Started process (PID=2737) to work on /home/airflow/.local/lib/python3.7/site-packages/airflow/example_dags/example_time_delta_sensor_async.py
[2024-01-06T09:27:03.348+0000] {processor.py:743} INFO - Processing file /home/airflow/.local/lib/python3.7/site-packages/airflow/example_dags/example_time_delta_sensor_async.py for tasks to queue
[2024-01-06T09:27:03.349+0000] {logging_mixin.py:137} INFO - [2024-01-06T09:27:03.349+0000] {dagbag.py:538} INFO - Filling up the DagBag from /home/airflow/.local/lib/python3.7/site-packages/airflow/example_dags/example_time_delta_sensor_async.py
[2024-01-06T09:27:03.355+0000] {processor.py:753} INFO - DAG(s) dict_keys(['example_time_delta_sensor_async']) retrieved from /home/airflow/.local/lib/python3.7/site-packages/airflow/example_dags/example_time_delta_sensor_async.py
[2024-01-06T09:27:03.367+0000] {logging_mixin.py:137} INFO - [2024-01-06T09:27:03.367+0000] {dag.py:2690} INFO - Sync 1 DAGs
[2024-01-06T09:27:03.377+0000] {logging_mixin.py:137} INFO - [2024-01-06T09:27:03.377+0000] {dag.py:3441} INFO - Setting next_dagrun for example_time_delta_sensor_async to None, run_after=None
[2024-01-06T09:27:03.384+0000] {processor.py:175} INFO - Processing /home/airflow/.local/lib/python3.7/site-packages/airflow/example_dags/example_time_delta_sensor_async.py took 0.038 seconds
[2024-01-06T09:27:34.141+0000] {processor.py:153} INFO - Started process (PID=2826) to work on /home/airflow/.local/lib/python3.7/site-packages/airflow/example_dags/example_time_delta_sensor_async.py
[2024-01-06T09:27:34.141+0000] {processor.py:743} INFO - Processing file /home/airflow/.local/lib/python3.7/site-packages/airflow/example_dags/example_time_delta_sensor_async.py for tasks to queue
[2024-01-06T09:27:34.142+0000] {logging_mixin.py:137} INFO - [2024-01-06T09:27:34.142+0000] {dagbag.py:538} INFO - Filling up the DagBag from /home/airflow/.local/lib/python3.7/site-packages/airflow/example_dags/example_time_delta_sensor_async.py
[2024-01-06T09:27:34.149+0000] {processor.py:753} INFO - DAG(s) dict_keys(['example_time_delta_sensor_async']) retrieved from /home/airflow/.local/lib/python3.7/site-packages/airflow/example_dags/example_time_delta_sensor_async.py
[2024-01-06T09:27:34.162+0000] {logging_mixin.py:137} INFO - [2024-01-06T09:27:34.162+0000] {dag.py:2690} INFO - Sync 1 DAGs
[2024-01-06T09:27:34.174+0000] {logging_mixin.py:137} INFO - [2024-01-06T09:27:34.174+0000] {dag.py:3441} INFO - Setting next_dagrun for example_time_delta_sensor_async to None, run_after=None
[2024-01-06T09:27:34.184+0000] {processor.py:175} INFO - Processing /home/airflow/.local/lib/python3.7/site-packages/airflow/example_dags/example_time_delta_sensor_async.py took 0.045 seconds
[2024-01-06T09:28:04.842+0000] {processor.py:153} INFO - Started process (PID=2899) to work on /home/airflow/.local/lib/python3.7/site-packages/airflow/example_dags/example_time_delta_sensor_async.py
[2024-01-06T09:28:04.843+0000] {processor.py:743} INFO - Processing file /home/airflow/.local/lib/python3.7/site-packages/airflow/example_dags/example_time_delta_sensor_async.py for tasks to queue
[2024-01-06T09:28:04.843+0000] {logging_mixin.py:137} INFO - [2024-01-06T09:28:04.843+0000] {dagbag.py:538} INFO - Filling up the DagBag from /home/airflow/.local/lib/python3.7/site-packages/airflow/example_dags/example_time_delta_sensor_async.py
[2024-01-06T09:28:04.850+0000] {processor.py:753} INFO - DAG(s) dict_keys(['example_time_delta_sensor_async']) retrieved from /home/airflow/.local/lib/python3.7/site-packages/airflow/example_dags/example_time_delta_sensor_async.py
[2024-01-06T09:28:04.864+0000] {logging_mixin.py:137} INFO - [2024-01-06T09:28:04.864+0000] {dag.py:2690} INFO - Sync 1 DAGs
[2024-01-06T09:28:04.877+0000] {logging_mixin.py:137} INFO - [2024-01-06T09:28:04.877+0000] {dag.py:3441} INFO - Setting next_dagrun for example_time_delta_sensor_async to None, run_after=None
[2024-01-06T09:28:04.885+0000] {processor.py:175} INFO - Processing /home/airflow/.local/lib/python3.7/site-packages/airflow/example_dags/example_time_delta_sensor_async.py took 0.045 seconds
[2024-01-06T09:28:35.449+0000] {processor.py:153} INFO - Started process (PID=2988) to work on /home/airflow/.local/lib/python3.7/site-packages/airflow/example_dags/example_time_delta_sensor_async.py
[2024-01-06T09:28:35.450+0000] {processor.py:743} INFO - Processing file /home/airflow/.local/lib/python3.7/site-packages/airflow/example_dags/example_time_delta_sensor_async.py for tasks to queue
[2024-01-06T09:28:35.450+0000] {logging_mixin.py:137} INFO - [2024-01-06T09:28:35.450+0000] {dagbag.py:538} INFO - Filling up the DagBag from /home/airflow/.local/lib/python3.7/site-packages/airflow/example_dags/example_time_delta_sensor_async.py
[2024-01-06T09:28:35.456+0000] {processor.py:753} INFO - DAG(s) dict_keys(['example_time_delta_sensor_async']) retrieved from /home/airflow/.local/lib/python3.7/site-packages/airflow/example_dags/example_time_delta_sensor_async.py
[2024-01-06T09:28:35.469+0000] {logging_mixin.py:137} INFO - [2024-01-06T09:28:35.468+0000] {dag.py:2690} INFO - Sync 1 DAGs
[2024-01-06T09:28:35.479+0000] {logging_mixin.py:137} INFO - [2024-01-06T09:28:35.479+0000] {dag.py:3441} INFO - Setting next_dagrun for example_time_delta_sensor_async to None, run_after=None
[2024-01-06T09:28:35.487+0000] {processor.py:175} INFO - Processing /home/airflow/.local/lib/python3.7/site-packages/airflow/example_dags/example_time_delta_sensor_async.py took 0.039 seconds
[2024-01-06T09:29:06.048+0000] {processor.py:153} INFO - Started process (PID=3079) to work on /home/airflow/.local/lib/python3.7/site-packages/airflow/example_dags/example_time_delta_sensor_async.py
[2024-01-06T09:29:06.048+0000] {processor.py:743} INFO - Processing file /home/airflow/.local/lib/python3.7/site-packages/airflow/example_dags/example_time_delta_sensor_async.py for tasks to queue
[2024-01-06T09:29:06.049+0000] {logging_mixin.py:137} INFO - [2024-01-06T09:29:06.049+0000] {dagbag.py:538} INFO - Filling up the DagBag from /home/airflow/.local/lib/python3.7/site-packages/airflow/example_dags/example_time_delta_sensor_async.py
[2024-01-06T09:29:06.055+0000] {processor.py:753} INFO - DAG(s) dict_keys(['example_time_delta_sensor_async']) retrieved from /home/airflow/.local/lib/python3.7/site-packages/airflow/example_dags/example_time_delta_sensor_async.py
[2024-01-06T09:29:06.068+0000] {logging_mixin.py:137} INFO - [2024-01-06T09:29:06.068+0000] {dag.py:2690} INFO - Sync 1 DAGs
[2024-01-06T09:29:06.078+0000] {logging_mixin.py:137} INFO - [2024-01-06T09:29:06.078+0000] {dag.py:3441} INFO - Setting next_dagrun for example_time_delta_sensor_async to None, run_after=None
[2024-01-06T09:29:06.086+0000] {processor.py:175} INFO - Processing /home/airflow/.local/lib/python3.7/site-packages/airflow/example_dags/example_time_delta_sensor_async.py took 0.040 seconds
[2024-01-06T09:29:36.873+0000] {processor.py:153} INFO - Started process (PID=3161) to work on /home/airflow/.local/lib/python3.7/site-packages/airflow/example_dags/example_time_delta_sensor_async.py
[2024-01-06T09:29:36.874+0000] {processor.py:743} INFO - Processing file /home/airflow/.local/lib/python3.7/site-packages/airflow/example_dags/example_time_delta_sensor_async.py for tasks to queue
[2024-01-06T09:29:36.874+0000] {logging_mixin.py:137} INFO - [2024-01-06T09:29:36.874+0000] {dagbag.py:538} INFO - Filling up the DagBag from /home/airflow/.local/lib/python3.7/site-packages/airflow/example_dags/example_time_delta_sensor_async.py
[2024-01-06T09:29:36.881+0000] {processor.py:753} INFO - DAG(s) dict_keys(['example_time_delta_sensor_async']) retrieved from /home/airflow/.local/lib/python3.7/site-packages/airflow/example_dags/example_time_delta_sensor_async.py
[2024-01-06T09:29:36.895+0000] {logging_mixin.py:137} INFO - [2024-01-06T09:29:36.895+0000] {dag.py:2690} INFO - Sync 1 DAGs
[2024-01-06T09:29:36.907+0000] {logging_mixin.py:137} INFO - [2024-01-06T09:29:36.907+0000] {dag.py:3441} INFO - Setting next_dagrun for example_time_delta_sensor_async to None, run_after=None
[2024-01-06T09:29:36.916+0000] {processor.py:175} INFO - Processing /home/airflow/.local/lib/python3.7/site-packages/airflow/example_dags/example_time_delta_sensor_async.py took 0.046 seconds
[2024-01-06T09:30:07.614+0000] {processor.py:153} INFO - Started process (PID=3241) to work on /home/airflow/.local/lib/python3.7/site-packages/airflow/example_dags/example_time_delta_sensor_async.py
[2024-01-06T09:30:07.614+0000] {processor.py:743} INFO - Processing file /home/airflow/.local/lib/python3.7/site-packages/airflow/example_dags/example_time_delta_sensor_async.py for tasks to queue
[2024-01-06T09:30:07.614+0000] {logging_mixin.py:137} INFO - [2024-01-06T09:30:07.614+0000] {dagbag.py:538} INFO - Filling up the DagBag from /home/airflow/.local/lib/python3.7/site-packages/airflow/example_dags/example_time_delta_sensor_async.py
[2024-01-06T09:30:07.620+0000] {processor.py:753} INFO - DAG(s) dict_keys(['example_time_delta_sensor_async']) retrieved from /home/airflow/.local/lib/python3.7/site-packages/airflow/example_dags/example_time_delta_sensor_async.py
[2024-01-06T09:30:07.633+0000] {logging_mixin.py:137} INFO - [2024-01-06T09:30:07.633+0000] {dag.py:2690} INFO - Sync 1 DAGs
[2024-01-06T09:30:07.644+0000] {logging_mixin.py:137} INFO - [2024-01-06T09:30:07.644+0000] {dag.py:3441} INFO - Setting next_dagrun for example_time_delta_sensor_async to None, run_after=None
[2024-01-06T09:30:07.651+0000] {processor.py:175} INFO - Processing /home/airflow/.local/lib/python3.7/site-packages/airflow/example_dags/example_time_delta_sensor_async.py took 0.039 seconds
[2024-01-06T09:30:38.323+0000] {processor.py:153} INFO - Started process (PID=3330) to work on /home/airflow/.local/lib/python3.7/site-packages/airflow/example_dags/example_time_delta_sensor_async.py
[2024-01-06T09:30:38.323+0000] {processor.py:743} INFO - Processing file /home/airflow/.local/lib/python3.7/site-packages/airflow/example_dags/example_time_delta_sensor_async.py for tasks to queue
[2024-01-06T09:30:38.324+0000] {logging_mixin.py:137} INFO - [2024-01-06T09:30:38.323+0000] {dagbag.py:538} INFO - Filling up the DagBag from /home/airflow/.local/lib/python3.7/site-packages/airflow/example_dags/example_time_delta_sensor_async.py
[2024-01-06T09:30:38.330+0000] {processor.py:753} INFO - DAG(s) dict_keys(['example_time_delta_sensor_async']) retrieved from /home/airflow/.local/lib/python3.7/site-packages/airflow/example_dags/example_time_delta_sensor_async.py
[2024-01-06T09:30:38.345+0000] {logging_mixin.py:137} INFO - [2024-01-06T09:30:38.345+0000] {dag.py:2690} INFO - Sync 1 DAGs
[2024-01-06T09:30:38.359+0000] {logging_mixin.py:137} INFO - [2024-01-06T09:30:38.358+0000] {dag.py:3441} INFO - Setting next_dagrun for example_time_delta_sensor_async to None, run_after=None
[2024-01-06T09:30:38.367+0000] {processor.py:175} INFO - Processing /home/airflow/.local/lib/python3.7/site-packages/airflow/example_dags/example_time_delta_sensor_async.py took 0.046 seconds
[2024-01-06T09:31:09.066+0000] {processor.py:153} INFO - Started process (PID=3419) to work on /home/airflow/.local/lib/python3.7/site-packages/airflow/example_dags/example_time_delta_sensor_async.py
[2024-01-06T09:31:09.066+0000] {processor.py:743} INFO - Processing file /home/airflow/.local/lib/python3.7/site-packages/airflow/example_dags/example_time_delta_sensor_async.py for tasks to queue
[2024-01-06T09:31:09.067+0000] {logging_mixin.py:137} INFO - [2024-01-06T09:31:09.066+0000] {dagbag.py:538} INFO - Filling up the DagBag from /home/airflow/.local/lib/python3.7/site-packages/airflow/example_dags/example_time_delta_sensor_async.py
[2024-01-06T09:31:09.073+0000] {processor.py:753} INFO - DAG(s) dict_keys(['example_time_delta_sensor_async']) retrieved from /home/airflow/.local/lib/python3.7/site-packages/airflow/example_dags/example_time_delta_sensor_async.py
[2024-01-06T09:31:09.085+0000] {logging_mixin.py:137} INFO - [2024-01-06T09:31:09.085+0000] {dag.py:2690} INFO - Sync 1 DAGs
[2024-01-06T09:31:09.095+0000] {logging_mixin.py:137} INFO - [2024-01-06T09:31:09.095+0000] {dag.py:3441} INFO - Setting next_dagrun for example_time_delta_sensor_async to None, run_after=None
[2024-01-06T09:31:09.103+0000] {processor.py:175} INFO - Processing /home/airflow/.local/lib/python3.7/site-packages/airflow/example_dags/example_time_delta_sensor_async.py took 0.039 seconds
[2024-01-06T09:31:39.795+0000] {processor.py:153} INFO - Started process (PID=3499) to work on /home/airflow/.local/lib/python3.7/site-packages/airflow/example_dags/example_time_delta_sensor_async.py
[2024-01-06T09:31:39.796+0000] {processor.py:743} INFO - Processing file /home/airflow/.local/lib/python3.7/site-packages/airflow/example_dags/example_time_delta_sensor_async.py for tasks to queue
[2024-01-06T09:31:39.797+0000] {logging_mixin.py:137} INFO - [2024-01-06T09:31:39.797+0000] {dagbag.py:538} INFO - Filling up the DagBag from /home/airflow/.local/lib/python3.7/site-packages/airflow/example_dags/example_time_delta_sensor_async.py
[2024-01-06T09:31:39.805+0000] {processor.py:753} INFO - DAG(s) dict_keys(['example_time_delta_sensor_async']) retrieved from /home/airflow/.local/lib/python3.7/site-packages/airflow/example_dags/example_time_delta_sensor_async.py
[2024-01-06T09:31:39.823+0000] {logging_mixin.py:137} INFO - [2024-01-06T09:31:39.823+0000] {dag.py:2690} INFO - Sync 1 DAGs
[2024-01-06T09:31:39.838+0000] {logging_mixin.py:137} INFO - [2024-01-06T09:31:39.837+0000] {dag.py:3441} INFO - Setting next_dagrun for example_time_delta_sensor_async to None, run_after=None
[2024-01-06T09:31:39.849+0000] {processor.py:175} INFO - Processing /home/airflow/.local/lib/python3.7/site-packages/airflow/example_dags/example_time_delta_sensor_async.py took 0.057 seconds
[2024-01-06T09:32:10.705+0000] {processor.py:153} INFO - Started process (PID=3581) to work on /home/airflow/.local/lib/python3.7/site-packages/airflow/example_dags/example_time_delta_sensor_async.py
[2024-01-06T09:32:10.705+0000] {processor.py:743} INFO - Processing file /home/airflow/.local/lib/python3.7/site-packages/airflow/example_dags/example_time_delta_sensor_async.py for tasks to queue
[2024-01-06T09:32:10.706+0000] {logging_mixin.py:137} INFO - [2024-01-06T09:32:10.706+0000] {dagbag.py:538} INFO - Filling up the DagBag from /home/airflow/.local/lib/python3.7/site-packages/airflow/example_dags/example_time_delta_sensor_async.py
[2024-01-06T09:32:10.711+0000] {processor.py:753} INFO - DAG(s) dict_keys(['example_time_delta_sensor_async']) retrieved from /home/airflow/.local/lib/python3.7/site-packages/airflow/example_dags/example_time_delta_sensor_async.py
[2024-01-06T09:32:10.724+0000] {logging_mixin.py:137} INFO - [2024-01-06T09:32:10.723+0000] {dag.py:2690} INFO - Sync 1 DAGs
[2024-01-06T09:32:10.734+0000] {logging_mixin.py:137} INFO - [2024-01-06T09:32:10.734+0000] {dag.py:3441} INFO - Setting next_dagrun for example_time_delta_sensor_async to None, run_after=None
[2024-01-06T09:32:10.742+0000] {processor.py:175} INFO - Processing /home/airflow/.local/lib/python3.7/site-packages/airflow/example_dags/example_time_delta_sensor_async.py took 0.039 seconds
[2024-01-06T09:32:41.367+0000] {processor.py:153} INFO - Started process (PID=3670) to work on /home/airflow/.local/lib/python3.7/site-packages/airflow/example_dags/example_time_delta_sensor_async.py
[2024-01-06T09:32:41.368+0000] {processor.py:743} INFO - Processing file /home/airflow/.local/lib/python3.7/site-packages/airflow/example_dags/example_time_delta_sensor_async.py for tasks to queue
[2024-01-06T09:32:41.368+0000] {logging_mixin.py:137} INFO - [2024-01-06T09:32:41.368+0000] {dagbag.py:538} INFO - Filling up the DagBag from /home/airflow/.local/lib/python3.7/site-packages/airflow/example_dags/example_time_delta_sensor_async.py
[2024-01-06T09:32:41.374+0000] {processor.py:753} INFO - DAG(s) dict_keys(['example_time_delta_sensor_async']) retrieved from /home/airflow/.local/lib/python3.7/site-packages/airflow/example_dags/example_time_delta_sensor_async.py
[2024-01-06T09:32:41.387+0000] {logging_mixin.py:137} INFO - [2024-01-06T09:32:41.387+0000] {dag.py:2690} INFO - Sync 1 DAGs
[2024-01-06T09:32:41.398+0000] {logging_mixin.py:137} INFO - [2024-01-06T09:32:41.398+0000] {dag.py:3441} INFO - Setting next_dagrun for example_time_delta_sensor_async to None, run_after=None
[2024-01-06T09:32:41.406+0000] {processor.py:175} INFO - Processing /home/airflow/.local/lib/python3.7/site-packages/airflow/example_dags/example_time_delta_sensor_async.py took 0.041 seconds
[2024-01-06T09:33:12.010+0000] {processor.py:153} INFO - Started process (PID=3759) to work on /home/airflow/.local/lib/python3.7/site-packages/airflow/example_dags/example_time_delta_sensor_async.py
[2024-01-06T09:33:12.010+0000] {processor.py:743} INFO - Processing file /home/airflow/.local/lib/python3.7/site-packages/airflow/example_dags/example_time_delta_sensor_async.py for tasks to queue
[2024-01-06T09:33:12.011+0000] {logging_mixin.py:137} INFO - [2024-01-06T09:33:12.010+0000] {dagbag.py:538} INFO - Filling up the DagBag from /home/airflow/.local/lib/python3.7/site-packages/airflow/example_dags/example_time_delta_sensor_async.py
[2024-01-06T09:33:12.017+0000] {processor.py:753} INFO - DAG(s) dict_keys(['example_time_delta_sensor_async']) retrieved from /home/airflow/.local/lib/python3.7/site-packages/airflow/example_dags/example_time_delta_sensor_async.py
[2024-01-06T09:33:12.030+0000] {logging_mixin.py:137} INFO - [2024-01-06T09:33:12.030+0000] {dag.py:2690} INFO - Sync 1 DAGs
[2024-01-06T09:33:12.041+0000] {logging_mixin.py:137} INFO - [2024-01-06T09:33:12.041+0000] {dag.py:3441} INFO - Setting next_dagrun for example_time_delta_sensor_async to None, run_after=None
[2024-01-06T09:33:12.049+0000] {processor.py:175} INFO - Processing /home/airflow/.local/lib/python3.7/site-packages/airflow/example_dags/example_time_delta_sensor_async.py took 0.041 seconds
[2024-01-06T09:33:42.717+0000] {processor.py:153} INFO - Started process (PID=3832) to work on /home/airflow/.local/lib/python3.7/site-packages/airflow/example_dags/example_time_delta_sensor_async.py
[2024-01-06T09:33:42.717+0000] {processor.py:743} INFO - Processing file /home/airflow/.local/lib/python3.7/site-packages/airflow/example_dags/example_time_delta_sensor_async.py for tasks to queue
[2024-01-06T09:33:42.718+0000] {logging_mixin.py:137} INFO - [2024-01-06T09:33:42.718+0000] {dagbag.py:538} INFO - Filling up the DagBag from /home/airflow/.local/lib/python3.7/site-packages/airflow/example_dags/example_time_delta_sensor_async.py
[2024-01-06T09:33:42.724+0000] {processor.py:753} INFO - DAG(s) dict_keys(['example_time_delta_sensor_async']) retrieved from /home/airflow/.local/lib/python3.7/site-packages/airflow/example_dags/example_time_delta_sensor_async.py
[2024-01-06T09:33:42.737+0000] {logging_mixin.py:137} INFO - [2024-01-06T09:33:42.737+0000] {dag.py:2690} INFO - Sync 1 DAGs
[2024-01-06T09:33:42.749+0000] {logging_mixin.py:137} INFO - [2024-01-06T09:33:42.749+0000] {dag.py:3441} INFO - Setting next_dagrun for example_time_delta_sensor_async to None, run_after=None
[2024-01-06T09:33:42.757+0000] {processor.py:175} INFO - Processing /home/airflow/.local/lib/python3.7/site-packages/airflow/example_dags/example_time_delta_sensor_async.py took 0.042 seconds
[2024-01-06T09:34:13.406+0000] {processor.py:153} INFO - Started process (PID=3921) to work on /home/airflow/.local/lib/python3.7/site-packages/airflow/example_dags/example_time_delta_sensor_async.py
[2024-01-06T09:34:13.406+0000] {processor.py:743} INFO - Processing file /home/airflow/.local/lib/python3.7/site-packages/airflow/example_dags/example_time_delta_sensor_async.py for tasks to queue
[2024-01-06T09:34:13.407+0000] {logging_mixin.py:137} INFO - [2024-01-06T09:34:13.407+0000] {dagbag.py:538} INFO - Filling up the DagBag from /home/airflow/.local/lib/python3.7/site-packages/airflow/example_dags/example_time_delta_sensor_async.py
[2024-01-06T09:34:13.413+0000] {processor.py:753} INFO - DAG(s) dict_keys(['example_time_delta_sensor_async']) retrieved from /home/airflow/.local/lib/python3.7/site-packages/airflow/example_dags/example_time_delta_sensor_async.py
[2024-01-06T09:34:13.425+0000] {logging_mixin.py:137} INFO - [2024-01-06T09:34:13.425+0000] {dag.py:2690} INFO - Sync 1 DAGs
[2024-01-06T09:34:13.436+0000] {logging_mixin.py:137} INFO - [2024-01-06T09:34:13.436+0000] {dag.py:3441} INFO - Setting next_dagrun for example_time_delta_sensor_async to None, run_after=None
[2024-01-06T09:34:13.444+0000] {processor.py:175} INFO - Processing /home/airflow/.local/lib/python3.7/site-packages/airflow/example_dags/example_time_delta_sensor_async.py took 0.040 seconds
[2024-01-06T09:34:44.082+0000] {processor.py:153} INFO - Started process (PID=4009) to work on /home/airflow/.local/lib/python3.7/site-packages/airflow/example_dags/example_time_delta_sensor_async.py
[2024-01-06T09:34:44.083+0000] {processor.py:743} INFO - Processing file /home/airflow/.local/lib/python3.7/site-packages/airflow/example_dags/example_time_delta_sensor_async.py for tasks to queue
[2024-01-06T09:34:44.083+0000] {logging_mixin.py:137} INFO - [2024-01-06T09:34:44.083+0000] {dagbag.py:538} INFO - Filling up the DagBag from /home/airflow/.local/lib/python3.7/site-packages/airflow/example_dags/example_time_delta_sensor_async.py
[2024-01-06T09:34:44.089+0000] {processor.py:753} INFO - DAG(s) dict_keys(['example_time_delta_sensor_async']) retrieved from /home/airflow/.local/lib/python3.7/site-packages/airflow/example_dags/example_time_delta_sensor_async.py
[2024-01-06T09:34:44.102+0000] {logging_mixin.py:137} INFO - [2024-01-06T09:34:44.102+0000] {dag.py:2690} INFO - Sync 1 DAGs
[2024-01-06T09:34:44.113+0000] {logging_mixin.py:137} INFO - [2024-01-06T09:34:44.113+0000] {dag.py:3441} INFO - Setting next_dagrun for example_time_delta_sensor_async to None, run_after=None
[2024-01-06T09:34:44.121+0000] {processor.py:175} INFO - Processing /home/airflow/.local/lib/python3.7/site-packages/airflow/example_dags/example_time_delta_sensor_async.py took 0.040 seconds
[2024-01-06T09:35:14.843+0000] {processor.py:153} INFO - Started process (PID=4097) to work on /home/airflow/.local/lib/python3.7/site-packages/airflow/example_dags/example_time_delta_sensor_async.py
[2024-01-06T09:35:14.844+0000] {processor.py:743} INFO - Processing file /home/airflow/.local/lib/python3.7/site-packages/airflow/example_dags/example_time_delta_sensor_async.py for tasks to queue
[2024-01-06T09:35:14.844+0000] {logging_mixin.py:137} INFO - [2024-01-06T09:35:14.844+0000] {dagbag.py:538} INFO - Filling up the DagBag from /home/airflow/.local/lib/python3.7/site-packages/airflow/example_dags/example_time_delta_sensor_async.py
[2024-01-06T09:35:14.853+0000] {processor.py:753} INFO - DAG(s) dict_keys(['example_time_delta_sensor_async']) retrieved from /home/airflow/.local/lib/python3.7/site-packages/airflow/example_dags/example_time_delta_sensor_async.py
[2024-01-06T09:35:14.867+0000] {logging_mixin.py:137} INFO - [2024-01-06T09:35:14.867+0000] {dag.py:2690} INFO - Sync 1 DAGs
[2024-01-06T09:35:14.878+0000] {logging_mixin.py:137} INFO - [2024-01-06T09:35:14.878+0000] {dag.py:3441} INFO - Setting next_dagrun for example_time_delta_sensor_async to None, run_after=None
[2024-01-06T09:35:14.890+0000] {processor.py:175} INFO - Processing /home/airflow/.local/lib/python3.7/site-packages/airflow/example_dags/example_time_delta_sensor_async.py took 0.049 seconds
[2024-01-06T09:35:45.425+0000] {processor.py:153} INFO - Started process (PID=4170) to work on /home/airflow/.local/lib/python3.7/site-packages/airflow/example_dags/example_time_delta_sensor_async.py
[2024-01-06T09:35:45.425+0000] {processor.py:743} INFO - Processing file /home/airflow/.local/lib/python3.7/site-packages/airflow/example_dags/example_time_delta_sensor_async.py for tasks to queue
[2024-01-06T09:35:45.426+0000] {logging_mixin.py:137} INFO - [2024-01-06T09:35:45.426+0000] {dagbag.py:538} INFO - Filling up the DagBag from /home/airflow/.local/lib/python3.7/site-packages/airflow/example_dags/example_time_delta_sensor_async.py
[2024-01-06T09:35:45.432+0000] {processor.py:753} INFO - DAG(s) dict_keys(['example_time_delta_sensor_async']) retrieved from /home/airflow/.local/lib/python3.7/site-packages/airflow/example_dags/example_time_delta_sensor_async.py
[2024-01-06T09:35:45.445+0000] {logging_mixin.py:137} INFO - [2024-01-06T09:35:45.445+0000] {dag.py:2690} INFO - Sync 1 DAGs
[2024-01-06T09:35:45.457+0000] {logging_mixin.py:137} INFO - [2024-01-06T09:35:45.457+0000] {dag.py:3441} INFO - Setting next_dagrun for example_time_delta_sensor_async to None, run_after=None
[2024-01-06T09:35:45.464+0000] {processor.py:175} INFO - Processing /home/airflow/.local/lib/python3.7/site-packages/airflow/example_dags/example_time_delta_sensor_async.py took 0.041 seconds
