[2024-01-06T09:11:11.967+0000] {processor.py:153} INFO - Started process (PID=100) to work on /home/airflow/.local/lib/python3.7/site-packages/airflow/example_dags/example_sensors.py
[2024-01-06T09:11:11.968+0000] {processor.py:743} INFO - Processing file /home/airflow/.local/lib/python3.7/site-packages/airflow/example_dags/example_sensors.py for tasks to queue
[2024-01-06T09:11:11.969+0000] {logging_mixin.py:137} INFO - [2024-01-06T09:11:11.969+0000] {dagbag.py:538} INFO - Filling up the DagBag from /home/airflow/.local/lib/python3.7/site-packages/airflow/example_dags/example_sensors.py
[2024-01-06T09:11:11.985+0000] {processor.py:753} INFO - DAG(s) dict_keys(['example_sensors']) retrieved from /home/airflow/.local/lib/python3.7/site-packages/airflow/example_dags/example_sensors.py
[2024-01-06T09:11:12.053+0000] {logging_mixin.py:137} INFO - [2024-01-06T09:11:12.053+0000] {manager.py:504} INFO - Created Permission View: can edit on DAG:example_sensors
[2024-01-06T09:11:12.058+0000] {logging_mixin.py:137} INFO - [2024-01-06T09:11:12.058+0000] {manager.py:504} INFO - Created Permission View: can read on DAG:example_sensors
[2024-01-06T09:11:12.061+0000] {logging_mixin.py:137} INFO - [2024-01-06T09:11:12.061+0000] {manager.py:504} INFO - Created Permission View: can delete on DAG:example_sensors
[2024-01-06T09:11:12.062+0000] {logging_mixin.py:137} INFO - [2024-01-06T09:11:12.061+0000] {dag.py:2690} INFO - Sync 1 DAGs
[2024-01-06T09:11:12.070+0000] {logging_mixin.py:137} INFO - [2024-01-06T09:11:12.069+0000] {dag.py:2711} INFO - Creating ORM DAG for example_sensors
[2024-01-06T09:11:12.075+0000] {logging_mixin.py:137} INFO - [2024-01-06T09:11:12.075+0000] {dag.py:3441} INFO - Setting next_dagrun for example_sensors to None, run_after=None
[2024-01-06T09:11:12.086+0000] {processor.py:175} INFO - Processing /home/airflow/.local/lib/python3.7/site-packages/airflow/example_dags/example_sensors.py took 0.121 seconds
[2024-01-06T09:11:42.470+0000] {processor.py:153} INFO - Started process (PID=189) to work on /home/airflow/.local/lib/python3.7/site-packages/airflow/example_dags/example_sensors.py
[2024-01-06T09:11:42.470+0000] {processor.py:743} INFO - Processing file /home/airflow/.local/lib/python3.7/site-packages/airflow/example_dags/example_sensors.py for tasks to queue
[2024-01-06T09:11:42.471+0000] {logging_mixin.py:137} INFO - [2024-01-06T09:11:42.471+0000] {dagbag.py:538} INFO - Filling up the DagBag from /home/airflow/.local/lib/python3.7/site-packages/airflow/example_dags/example_sensors.py
[2024-01-06T09:11:42.486+0000] {processor.py:753} INFO - DAG(s) dict_keys(['example_sensors']) retrieved from /home/airflow/.local/lib/python3.7/site-packages/airflow/example_dags/example_sensors.py
[2024-01-06T09:11:42.504+0000] {logging_mixin.py:137} INFO - [2024-01-06T09:11:42.504+0000] {dag.py:2690} INFO - Sync 1 DAGs
[2024-01-06T09:11:42.522+0000] {logging_mixin.py:137} INFO - [2024-01-06T09:11:42.522+0000] {dag.py:3441} INFO - Setting next_dagrun for example_sensors to None, run_after=None
[2024-01-06T09:11:42.536+0000] {processor.py:175} INFO - Processing /home/airflow/.local/lib/python3.7/site-packages/airflow/example_dags/example_sensors.py took 0.068 seconds
[2024-01-06T09:12:13.468+0000] {processor.py:153} INFO - Started process (PID=261) to work on /home/airflow/.local/lib/python3.7/site-packages/airflow/example_dags/example_sensors.py
[2024-01-06T09:12:13.469+0000] {processor.py:743} INFO - Processing file /home/airflow/.local/lib/python3.7/site-packages/airflow/example_dags/example_sensors.py for tasks to queue
[2024-01-06T09:12:13.469+0000] {logging_mixin.py:137} INFO - [2024-01-06T09:12:13.469+0000] {dagbag.py:538} INFO - Filling up the DagBag from /home/airflow/.local/lib/python3.7/site-packages/airflow/example_dags/example_sensors.py
[2024-01-06T09:12:13.479+0000] {processor.py:753} INFO - DAG(s) dict_keys(['example_sensors']) retrieved from /home/airflow/.local/lib/python3.7/site-packages/airflow/example_dags/example_sensors.py
[2024-01-06T09:12:13.493+0000] {logging_mixin.py:137} INFO - [2024-01-06T09:12:13.493+0000] {dag.py:2690} INFO - Sync 1 DAGs
[2024-01-06T09:12:13.504+0000] {logging_mixin.py:137} INFO - [2024-01-06T09:12:13.503+0000] {dag.py:3441} INFO - Setting next_dagrun for example_sensors to None, run_after=None
[2024-01-06T09:12:13.512+0000] {processor.py:175} INFO - Processing /home/airflow/.local/lib/python3.7/site-packages/airflow/example_dags/example_sensors.py took 0.046 seconds
[2024-01-06T09:12:44.234+0000] {processor.py:153} INFO - Started process (PID=350) to work on /home/airflow/.local/lib/python3.7/site-packages/airflow/example_dags/example_sensors.py
[2024-01-06T09:12:44.235+0000] {processor.py:743} INFO - Processing file /home/airflow/.local/lib/python3.7/site-packages/airflow/example_dags/example_sensors.py for tasks to queue
[2024-01-06T09:12:44.235+0000] {logging_mixin.py:137} INFO - [2024-01-06T09:12:44.235+0000] {dagbag.py:538} INFO - Filling up the DagBag from /home/airflow/.local/lib/python3.7/site-packages/airflow/example_dags/example_sensors.py
[2024-01-06T09:12:44.247+0000] {processor.py:753} INFO - DAG(s) dict_keys(['example_sensors']) retrieved from /home/airflow/.local/lib/python3.7/site-packages/airflow/example_dags/example_sensors.py
[2024-01-06T09:12:44.261+0000] {logging_mixin.py:137} INFO - [2024-01-06T09:12:44.261+0000] {dag.py:2690} INFO - Sync 1 DAGs
[2024-01-06T09:12:44.274+0000] {logging_mixin.py:137} INFO - [2024-01-06T09:12:44.273+0000] {dag.py:3441} INFO - Setting next_dagrun for example_sensors to None, run_after=None
[2024-01-06T09:12:44.281+0000] {processor.py:175} INFO - Processing /home/airflow/.local/lib/python3.7/site-packages/airflow/example_dags/example_sensors.py took 0.049 seconds
