[2024-01-06T09:11:12.676+0000] {processor.py:153} INFO - Started process (PID=109) to work on /home/airflow/.local/lib/python3.7/site-packages/airflow/example_dags/tutorial_taskflow_api_virtualenv.py
[2024-01-06T09:11:12.676+0000] {processor.py:743} INFO - Processing file /home/airflow/.local/lib/python3.7/site-packages/airflow/example_dags/tutorial_taskflow_api_virtualenv.py for tasks to queue
[2024-01-06T09:11:12.677+0000] {logging_mixin.py:137} INFO - [2024-01-06T09:11:12.677+0000] {dagbag.py:538} INFO - Filling up the DagBag from /home/airflow/.local/lib/python3.7/site-packages/airflow/example_dags/tutorial_taskflow_api_virtualenv.py
[2024-01-06T09:11:12.688+0000] {processor.py:753} INFO - DAG(s) dict_keys(['tutorial_taskflow_api_virtualenv']) retrieved from /home/airflow/.local/lib/python3.7/site-packages/airflow/example_dags/tutorial_taskflow_api_virtualenv.py
[2024-01-06T09:11:12.742+0000] {logging_mixin.py:137} INFO - [2024-01-06T09:11:12.742+0000] {manager.py:504} INFO - Created Permission View: can edit on DAG:tutorial_taskflow_api_virtualenv
[2024-01-06T09:11:12.746+0000] {logging_mixin.py:137} INFO - [2024-01-06T09:11:12.746+0000] {manager.py:504} INFO - Created Permission View: can read on DAG:tutorial_taskflow_api_virtualenv
[2024-01-06T09:11:12.749+0000] {logging_mixin.py:137} INFO - [2024-01-06T09:11:12.749+0000] {manager.py:504} INFO - Created Permission View: can delete on DAG:tutorial_taskflow_api_virtualenv
[2024-01-06T09:11:12.749+0000] {logging_mixin.py:137} INFO - [2024-01-06T09:11:12.749+0000] {dag.py:2690} INFO - Sync 1 DAGs
[2024-01-06T09:11:12.756+0000] {logging_mixin.py:137} INFO - [2024-01-06T09:11:12.756+0000] {dag.py:2711} INFO - Creating ORM DAG for tutorial_taskflow_api_virtualenv
[2024-01-06T09:11:12.761+0000] {logging_mixin.py:137} INFO - [2024-01-06T09:11:12.761+0000] {dag.py:3441} INFO - Setting next_dagrun for tutorial_taskflow_api_virtualenv to None, run_after=None
[2024-01-06T09:11:12.768+0000] {processor.py:175} INFO - Processing /home/airflow/.local/lib/python3.7/site-packages/airflow/example_dags/tutorial_taskflow_api_virtualenv.py took 0.094 seconds
[2024-01-06T09:11:43.032+0000] {processor.py:153} INFO - Started process (PID=198) to work on /home/airflow/.local/lib/python3.7/site-packages/airflow/example_dags/tutorial_taskflow_api_virtualenv.py
[2024-01-06T09:11:43.033+0000] {processor.py:743} INFO - Processing file /home/airflow/.local/lib/python3.7/site-packages/airflow/example_dags/tutorial_taskflow_api_virtualenv.py for tasks to queue
[2024-01-06T09:11:43.033+0000] {logging_mixin.py:137} INFO - [2024-01-06T09:11:43.033+0000] {dagbag.py:538} INFO - Filling up the DagBag from /home/airflow/.local/lib/python3.7/site-packages/airflow/example_dags/tutorial_taskflow_api_virtualenv.py
[2024-01-06T09:11:43.044+0000] {processor.py:753} INFO - DAG(s) dict_keys(['tutorial_taskflow_api_virtualenv']) retrieved from /home/airflow/.local/lib/python3.7/site-packages/airflow/example_dags/tutorial_taskflow_api_virtualenv.py
[2024-01-06T09:11:43.058+0000] {logging_mixin.py:137} INFO - [2024-01-06T09:11:43.058+0000] {dag.py:2690} INFO - Sync 1 DAGs
[2024-01-06T09:11:43.071+0000] {logging_mixin.py:137} INFO - [2024-01-06T09:11:43.071+0000] {dag.py:3441} INFO - Setting next_dagrun for tutorial_taskflow_api_virtualenv to None, run_after=None
[2024-01-06T09:11:43.081+0000] {processor.py:175} INFO - Processing /home/airflow/.local/lib/python3.7/site-packages/airflow/example_dags/tutorial_taskflow_api_virtualenv.py took 0.051 seconds
[2024-01-06T09:12:13.741+0000] {processor.py:153} INFO - Started process (PID=270) to work on /home/airflow/.local/lib/python3.7/site-packages/airflow/example_dags/tutorial_taskflow_api_virtualenv.py
[2024-01-06T09:12:13.741+0000] {processor.py:743} INFO - Processing file /home/airflow/.local/lib/python3.7/site-packages/airflow/example_dags/tutorial_taskflow_api_virtualenv.py for tasks to queue
[2024-01-06T09:12:13.742+0000] {logging_mixin.py:137} INFO - [2024-01-06T09:12:13.742+0000] {dagbag.py:538} INFO - Filling up the DagBag from /home/airflow/.local/lib/python3.7/site-packages/airflow/example_dags/tutorial_taskflow_api_virtualenv.py
[2024-01-06T09:12:13.752+0000] {processor.py:753} INFO - DAG(s) dict_keys(['tutorial_taskflow_api_virtualenv']) retrieved from /home/airflow/.local/lib/python3.7/site-packages/airflow/example_dags/tutorial_taskflow_api_virtualenv.py
[2024-01-06T09:12:13.764+0000] {logging_mixin.py:137} INFO - [2024-01-06T09:12:13.764+0000] {dag.py:2690} INFO - Sync 1 DAGs
[2024-01-06T09:12:13.774+0000] {logging_mixin.py:137} INFO - [2024-01-06T09:12:13.774+0000] {dag.py:3441} INFO - Setting next_dagrun for tutorial_taskflow_api_virtualenv to None, run_after=None
[2024-01-06T09:12:13.782+0000] {processor.py:175} INFO - Processing /home/airflow/.local/lib/python3.7/site-packages/airflow/example_dags/tutorial_taskflow_api_virtualenv.py took 0.043 seconds
[2024-01-06T09:12:44.544+0000] {processor.py:153} INFO - Started process (PID=359) to work on /home/airflow/.local/lib/python3.7/site-packages/airflow/example_dags/tutorial_taskflow_api_virtualenv.py
[2024-01-06T09:12:44.545+0000] {processor.py:743} INFO - Processing file /home/airflow/.local/lib/python3.7/site-packages/airflow/example_dags/tutorial_taskflow_api_virtualenv.py for tasks to queue
[2024-01-06T09:12:44.545+0000] {logging_mixin.py:137} INFO - [2024-01-06T09:12:44.545+0000] {dagbag.py:538} INFO - Filling up the DagBag from /home/airflow/.local/lib/python3.7/site-packages/airflow/example_dags/tutorial_taskflow_api_virtualenv.py
[2024-01-06T09:12:44.556+0000] {processor.py:753} INFO - DAG(s) dict_keys(['tutorial_taskflow_api_virtualenv']) retrieved from /home/airflow/.local/lib/python3.7/site-packages/airflow/example_dags/tutorial_taskflow_api_virtualenv.py
[2024-01-06T09:12:44.568+0000] {logging_mixin.py:137} INFO - [2024-01-06T09:12:44.568+0000] {dag.py:2690} INFO - Sync 1 DAGs
[2024-01-06T09:12:44.580+0000] {logging_mixin.py:137} INFO - [2024-01-06T09:12:44.580+0000] {dag.py:3441} INFO - Setting next_dagrun for tutorial_taskflow_api_virtualenv to None, run_after=None
[2024-01-06T09:12:44.588+0000] {processor.py:175} INFO - Processing /home/airflow/.local/lib/python3.7/site-packages/airflow/example_dags/tutorial_taskflow_api_virtualenv.py took 0.046 seconds
