[2024-01-06T09:11:11.662+0000] {processor.py:153} INFO - Started process (PID=96) to work on /home/airflow/.local/lib/python3.7/site-packages/airflow/example_dags/tutorial_taskflow_api.py
[2024-01-06T09:11:11.664+0000] {processor.py:743} INFO - Processing file /home/airflow/.local/lib/python3.7/site-packages/airflow/example_dags/tutorial_taskflow_api.py for tasks to queue
[2024-01-06T09:11:11.665+0000] {logging_mixin.py:137} INFO - [2024-01-06T09:11:11.665+0000] {dagbag.py:538} INFO - Filling up the DagBag from /home/airflow/.local/lib/python3.7/site-packages/airflow/example_dags/tutorial_taskflow_api.py
[2024-01-06T09:11:11.680+0000] {processor.py:753} INFO - DAG(s) dict_keys(['tutorial_taskflow_api']) retrieved from /home/airflow/.local/lib/python3.7/site-packages/airflow/example_dags/tutorial_taskflow_api.py
[2024-01-06T09:11:11.754+0000] {logging_mixin.py:137} INFO - [2024-01-06T09:11:11.754+0000] {manager.py:504} INFO - Created Permission View: can edit on DAG:tutorial_taskflow_api
[2024-01-06T09:11:11.758+0000] {logging_mixin.py:137} INFO - [2024-01-06T09:11:11.758+0000] {manager.py:504} INFO - Created Permission View: can read on DAG:tutorial_taskflow_api
[2024-01-06T09:11:11.762+0000] {logging_mixin.py:137} INFO - [2024-01-06T09:11:11.762+0000] {manager.py:504} INFO - Created Permission View: can delete on DAG:tutorial_taskflow_api
[2024-01-06T09:11:11.763+0000] {logging_mixin.py:137} INFO - [2024-01-06T09:11:11.763+0000] {dag.py:2690} INFO - Sync 1 DAGs
[2024-01-06T09:11:11.771+0000] {logging_mixin.py:137} INFO - [2024-01-06T09:11:11.771+0000] {dag.py:2711} INFO - Creating ORM DAG for tutorial_taskflow_api
[2024-01-06T09:11:11.779+0000] {logging_mixin.py:137} INFO - [2024-01-06T09:11:11.779+0000] {dag.py:3441} INFO - Setting next_dagrun for tutorial_taskflow_api to None, run_after=None
[2024-01-06T09:11:11.795+0000] {processor.py:175} INFO - Processing /home/airflow/.local/lib/python3.7/site-packages/airflow/example_dags/tutorial_taskflow_api.py took 0.139 seconds
[2024-01-06T09:11:42.320+0000] {processor.py:153} INFO - Started process (PID=185) to work on /home/airflow/.local/lib/python3.7/site-packages/airflow/example_dags/tutorial_taskflow_api.py
[2024-01-06T09:11:42.321+0000] {processor.py:743} INFO - Processing file /home/airflow/.local/lib/python3.7/site-packages/airflow/example_dags/tutorial_taskflow_api.py for tasks to queue
[2024-01-06T09:11:42.322+0000] {logging_mixin.py:137} INFO - [2024-01-06T09:11:42.322+0000] {dagbag.py:538} INFO - Filling up the DagBag from /home/airflow/.local/lib/python3.7/site-packages/airflow/example_dags/tutorial_taskflow_api.py
[2024-01-06T09:11:42.335+0000] {processor.py:753} INFO - DAG(s) dict_keys(['tutorial_taskflow_api']) retrieved from /home/airflow/.local/lib/python3.7/site-packages/airflow/example_dags/tutorial_taskflow_api.py
[2024-01-06T09:11:42.355+0000] {logging_mixin.py:137} INFO - [2024-01-06T09:11:42.355+0000] {dag.py:2690} INFO - Sync 1 DAGs
[2024-01-06T09:11:42.370+0000] {logging_mixin.py:137} INFO - [2024-01-06T09:11:42.370+0000] {dag.py:3441} INFO - Setting next_dagrun for tutorial_taskflow_api to None, run_after=None
[2024-01-06T09:11:42.386+0000] {processor.py:175} INFO - Processing /home/airflow/.local/lib/python3.7/site-packages/airflow/example_dags/tutorial_taskflow_api.py took 0.068 seconds
[2024-01-06T09:12:13.293+0000] {processor.py:153} INFO - Started process (PID=257) to work on /home/airflow/.local/lib/python3.7/site-packages/airflow/example_dags/tutorial_taskflow_api.py
[2024-01-06T09:12:13.294+0000] {processor.py:743} INFO - Processing file /home/airflow/.local/lib/python3.7/site-packages/airflow/example_dags/tutorial_taskflow_api.py for tasks to queue
[2024-01-06T09:12:13.294+0000] {logging_mixin.py:137} INFO - [2024-01-06T09:12:13.294+0000] {dagbag.py:538} INFO - Filling up the DagBag from /home/airflow/.local/lib/python3.7/site-packages/airflow/example_dags/tutorial_taskflow_api.py
[2024-01-06T09:12:13.313+0000] {processor.py:753} INFO - DAG(s) dict_keys(['tutorial_taskflow_api']) retrieved from /home/airflow/.local/lib/python3.7/site-packages/airflow/example_dags/tutorial_taskflow_api.py
[2024-01-06T09:12:13.328+0000] {logging_mixin.py:137} INFO - [2024-01-06T09:12:13.328+0000] {dag.py:2690} INFO - Sync 1 DAGs
[2024-01-06T09:12:13.341+0000] {logging_mixin.py:137} INFO - [2024-01-06T09:12:13.341+0000] {dag.py:3441} INFO - Setting next_dagrun for tutorial_taskflow_api to None, run_after=None
[2024-01-06T09:12:13.349+0000] {processor.py:175} INFO - Processing /home/airflow/.local/lib/python3.7/site-packages/airflow/example_dags/tutorial_taskflow_api.py took 0.061 seconds
[2024-01-06T09:12:44.046+0000] {processor.py:153} INFO - Started process (PID=346) to work on /home/airflow/.local/lib/python3.7/site-packages/airflow/example_dags/tutorial_taskflow_api.py
[2024-01-06T09:12:44.047+0000] {processor.py:743} INFO - Processing file /home/airflow/.local/lib/python3.7/site-packages/airflow/example_dags/tutorial_taskflow_api.py for tasks to queue
[2024-01-06T09:12:44.048+0000] {logging_mixin.py:137} INFO - [2024-01-06T09:12:44.048+0000] {dagbag.py:538} INFO - Filling up the DagBag from /home/airflow/.local/lib/python3.7/site-packages/airflow/example_dags/tutorial_taskflow_api.py
[2024-01-06T09:12:44.066+0000] {processor.py:753} INFO - DAG(s) dict_keys(['tutorial_taskflow_api']) retrieved from /home/airflow/.local/lib/python3.7/site-packages/airflow/example_dags/tutorial_taskflow_api.py
[2024-01-06T09:12:44.083+0000] {logging_mixin.py:137} INFO - [2024-01-06T09:12:44.083+0000] {dag.py:2690} INFO - Sync 1 DAGs
[2024-01-06T09:12:44.098+0000] {logging_mixin.py:137} INFO - [2024-01-06T09:12:44.098+0000] {dag.py:3441} INFO - Setting next_dagrun for tutorial_taskflow_api to None, run_after=None
[2024-01-06T09:12:44.107+0000] {processor.py:175} INFO - Processing /home/airflow/.local/lib/python3.7/site-packages/airflow/example_dags/tutorial_taskflow_api.py took 0.063 seconds
