[2024-01-06T09:11:10.849+0000] {processor.py:153} INFO - Started process (PID=87) to work on /home/airflow/.local/lib/python3.7/site-packages/airflow/example_dags/tutorial.py
[2024-01-06T09:11:10.850+0000] {processor.py:743} INFO - Processing file /home/airflow/.local/lib/python3.7/site-packages/airflow/example_dags/tutorial.py for tasks to queue
[2024-01-06T09:11:10.850+0000] {logging_mixin.py:137} INFO - [2024-01-06T09:11:10.850+0000] {dagbag.py:538} INFO - Filling up the DagBag from /home/airflow/.local/lib/python3.7/site-packages/airflow/example_dags/tutorial.py
[2024-01-06T09:11:10.858+0000] {processor.py:753} INFO - DAG(s) dict_keys(['tutorial']) retrieved from /home/airflow/.local/lib/python3.7/site-packages/airflow/example_dags/tutorial.py
[2024-01-06T09:11:10.918+0000] {logging_mixin.py:137} INFO - [2024-01-06T09:11:10.918+0000] {manager.py:504} INFO - Created Permission View: can edit on DAG:tutorial
[2024-01-06T09:11:10.922+0000] {logging_mixin.py:137} INFO - [2024-01-06T09:11:10.922+0000] {manager.py:504} INFO - Created Permission View: can read on DAG:tutorial
[2024-01-06T09:11:10.926+0000] {logging_mixin.py:137} INFO - [2024-01-06T09:11:10.925+0000] {manager.py:504} INFO - Created Permission View: can delete on DAG:tutorial
[2024-01-06T09:11:10.926+0000] {logging_mixin.py:137} INFO - [2024-01-06T09:11:10.926+0000] {dag.py:2690} INFO - Sync 1 DAGs
[2024-01-06T09:11:10.934+0000] {logging_mixin.py:137} INFO - [2024-01-06T09:11:10.934+0000] {dag.py:2711} INFO - Creating ORM DAG for tutorial
[2024-01-06T09:11:10.940+0000] {logging_mixin.py:137} INFO - [2024-01-06T09:11:10.940+0000] {dag.py:3441} INFO - Setting next_dagrun for tutorial to 2024-01-05T09:11:10.940414+00:00, run_after=2024-01-06T09:11:10.940414+00:00
[2024-01-06T09:11:10.950+0000] {processor.py:175} INFO - Processing /home/airflow/.local/lib/python3.7/site-packages/airflow/example_dags/tutorial.py took 0.103 seconds
[2024-01-06T09:11:41.795+0000] {processor.py:153} INFO - Started process (PID=169) to work on /home/airflow/.local/lib/python3.7/site-packages/airflow/example_dags/tutorial.py
[2024-01-06T09:11:41.796+0000] {processor.py:743} INFO - Processing file /home/airflow/.local/lib/python3.7/site-packages/airflow/example_dags/tutorial.py for tasks to queue
[2024-01-06T09:11:41.796+0000] {logging_mixin.py:137} INFO - [2024-01-06T09:11:41.796+0000] {dagbag.py:538} INFO - Filling up the DagBag from /home/airflow/.local/lib/python3.7/site-packages/airflow/example_dags/tutorial.py
[2024-01-06T09:11:41.803+0000] {processor.py:753} INFO - DAG(s) dict_keys(['tutorial']) retrieved from /home/airflow/.local/lib/python3.7/site-packages/airflow/example_dags/tutorial.py
[2024-01-06T09:11:41.818+0000] {logging_mixin.py:137} INFO - [2024-01-06T09:11:41.818+0000] {dag.py:2690} INFO - Sync 1 DAGs
[2024-01-06T09:11:41.830+0000] {logging_mixin.py:137} INFO - [2024-01-06T09:11:41.830+0000] {dag.py:3441} INFO - Setting next_dagrun for tutorial to 2024-01-05T09:11:41.830613+00:00, run_after=2024-01-06T09:11:41.830613+00:00
[2024-01-06T09:11:41.839+0000] {processor.py:175} INFO - Processing /home/airflow/.local/lib/python3.7/site-packages/airflow/example_dags/tutorial.py took 0.046 seconds
[2024-01-06T09:12:12.035+0000] {processor.py:153} INFO - Started process (PID=248) to work on /home/airflow/.local/lib/python3.7/site-packages/airflow/example_dags/tutorial.py
[2024-01-06T09:12:12.036+0000] {processor.py:743} INFO - Processing file /home/airflow/.local/lib/python3.7/site-packages/airflow/example_dags/tutorial.py for tasks to queue
[2024-01-06T09:12:12.036+0000] {logging_mixin.py:137} INFO - [2024-01-06T09:12:12.036+0000] {dagbag.py:538} INFO - Filling up the DagBag from /home/airflow/.local/lib/python3.7/site-packages/airflow/example_dags/tutorial.py
[2024-01-06T09:12:12.043+0000] {processor.py:753} INFO - DAG(s) dict_keys(['tutorial']) retrieved from /home/airflow/.local/lib/python3.7/site-packages/airflow/example_dags/tutorial.py
[2024-01-06T09:12:12.056+0000] {logging_mixin.py:137} INFO - [2024-01-06T09:12:12.056+0000] {dag.py:2690} INFO - Sync 1 DAGs
[2024-01-06T09:12:12.067+0000] {logging_mixin.py:137} INFO - [2024-01-06T09:12:12.067+0000] {dag.py:3441} INFO - Setting next_dagrun for tutorial to 2024-01-05T09:12:12.066985+00:00, run_after=2024-01-06T09:12:12.066985+00:00
[2024-01-06T09:12:12.074+0000] {processor.py:175} INFO - Processing /home/airflow/.local/lib/python3.7/site-packages/airflow/example_dags/tutorial.py took 0.041 seconds
[2024-01-06T09:12:42.753+0000] {processor.py:153} INFO - Started process (PID=337) to work on /home/airflow/.local/lib/python3.7/site-packages/airflow/example_dags/tutorial.py
[2024-01-06T09:12:42.753+0000] {processor.py:743} INFO - Processing file /home/airflow/.local/lib/python3.7/site-packages/airflow/example_dags/tutorial.py for tasks to queue
[2024-01-06T09:12:42.754+0000] {logging_mixin.py:137} INFO - [2024-01-06T09:12:42.754+0000] {dagbag.py:538} INFO - Filling up the DagBag from /home/airflow/.local/lib/python3.7/site-packages/airflow/example_dags/tutorial.py
[2024-01-06T09:12:42.762+0000] {processor.py:753} INFO - DAG(s) dict_keys(['tutorial']) retrieved from /home/airflow/.local/lib/python3.7/site-packages/airflow/example_dags/tutorial.py
[2024-01-06T09:12:42.774+0000] {logging_mixin.py:137} INFO - [2024-01-06T09:12:42.774+0000] {dag.py:2690} INFO - Sync 1 DAGs
[2024-01-06T09:12:42.785+0000] {logging_mixin.py:137} INFO - [2024-01-06T09:12:42.785+0000] {dag.py:3441} INFO - Setting next_dagrun for tutorial to 2024-01-05T09:12:42.785308+00:00, run_after=2024-01-06T09:12:42.785308+00:00
[2024-01-06T09:12:42.794+0000] {processor.py:175} INFO - Processing /home/airflow/.local/lib/python3.7/site-packages/airflow/example_dags/tutorial.py took 0.043 seconds
