[2024-01-06T09:11:12.560+0000] {processor.py:153} INFO - Started process (PID=108) to work on /home/airflow/.local/lib/python3.7/site-packages/airflow/example_dags/tutorial_dag.py
[2024-01-06T09:11:12.561+0000] {processor.py:743} INFO - Processing file /home/airflow/.local/lib/python3.7/site-packages/airflow/example_dags/tutorial_dag.py for tasks to queue
[2024-01-06T09:11:12.562+0000] {logging_mixin.py:137} INFO - [2024-01-06T09:11:12.562+0000] {dagbag.py:538} INFO - Filling up the DagBag from /home/airflow/.local/lib/python3.7/site-packages/airflow/example_dags/tutorial_dag.py
[2024-01-06T09:11:12.572+0000] {processor.py:753} INFO - DAG(s) dict_keys(['tutorial_dag']) retrieved from /home/airflow/.local/lib/python3.7/site-packages/airflow/example_dags/tutorial_dag.py
[2024-01-06T09:11:12.632+0000] {logging_mixin.py:137} INFO - [2024-01-06T09:11:12.632+0000] {manager.py:504} INFO - Created Permission View: can edit on DAG:tutorial_dag
[2024-01-06T09:11:12.640+0000] {logging_mixin.py:137} INFO - [2024-01-06T09:11:12.640+0000] {manager.py:504} INFO - Created Permission View: can read on DAG:tutorial_dag
[2024-01-06T09:11:12.644+0000] {logging_mixin.py:137} INFO - [2024-01-06T09:11:12.644+0000] {manager.py:504} INFO - Created Permission View: can delete on DAG:tutorial_dag
[2024-01-06T09:11:12.644+0000] {logging_mixin.py:137} INFO - [2024-01-06T09:11:12.644+0000] {dag.py:2690} INFO - Sync 1 DAGs
[2024-01-06T09:11:12.651+0000] {logging_mixin.py:137} INFO - [2024-01-06T09:11:12.651+0000] {dag.py:2711} INFO - Creating ORM DAG for tutorial_dag
[2024-01-06T09:11:12.656+0000] {logging_mixin.py:137} INFO - [2024-01-06T09:11:12.656+0000] {dag.py:3441} INFO - Setting next_dagrun for tutorial_dag to None, run_after=None
[2024-01-06T09:11:12.664+0000] {processor.py:175} INFO - Processing /home/airflow/.local/lib/python3.7/site-packages/airflow/example_dags/tutorial_dag.py took 0.107 seconds
[2024-01-06T09:11:42.927+0000] {processor.py:153} INFO - Started process (PID=197) to work on /home/airflow/.local/lib/python3.7/site-packages/airflow/example_dags/tutorial_dag.py
[2024-01-06T09:11:42.928+0000] {processor.py:743} INFO - Processing file /home/airflow/.local/lib/python3.7/site-packages/airflow/example_dags/tutorial_dag.py for tasks to queue
[2024-01-06T09:11:42.929+0000] {logging_mixin.py:137} INFO - [2024-01-06T09:11:42.929+0000] {dagbag.py:538} INFO - Filling up the DagBag from /home/airflow/.local/lib/python3.7/site-packages/airflow/example_dags/tutorial_dag.py
[2024-01-06T09:11:42.951+0000] {processor.py:753} INFO - DAG(s) dict_keys(['tutorial_dag']) retrieved from /home/airflow/.local/lib/python3.7/site-packages/airflow/example_dags/tutorial_dag.py
[2024-01-06T09:11:42.979+0000] {logging_mixin.py:137} INFO - [2024-01-06T09:11:42.979+0000] {dag.py:2690} INFO - Sync 1 DAGs
[2024-01-06T09:11:43.001+0000] {logging_mixin.py:137} INFO - [2024-01-06T09:11:43.001+0000] {dag.py:3441} INFO - Setting next_dagrun for tutorial_dag to None, run_after=None
[2024-01-06T09:11:43.024+0000] {processor.py:175} INFO - Processing /home/airflow/.local/lib/python3.7/site-packages/airflow/example_dags/tutorial_dag.py took 0.099 seconds
[2024-01-06T09:12:13.739+0000] {processor.py:153} INFO - Started process (PID=269) to work on /home/airflow/.local/lib/python3.7/site-packages/airflow/example_dags/tutorial_dag.py
[2024-01-06T09:12:13.740+0000] {processor.py:743} INFO - Processing file /home/airflow/.local/lib/python3.7/site-packages/airflow/example_dags/tutorial_dag.py for tasks to queue
[2024-01-06T09:12:13.740+0000] {logging_mixin.py:137} INFO - [2024-01-06T09:12:13.740+0000] {dagbag.py:538} INFO - Filling up the DagBag from /home/airflow/.local/lib/python3.7/site-packages/airflow/example_dags/tutorial_dag.py
[2024-01-06T09:12:13.747+0000] {processor.py:753} INFO - DAG(s) dict_keys(['tutorial_dag']) retrieved from /home/airflow/.local/lib/python3.7/site-packages/airflow/example_dags/tutorial_dag.py
[2024-01-06T09:12:13.760+0000] {logging_mixin.py:137} INFO - [2024-01-06T09:12:13.760+0000] {dag.py:2690} INFO - Sync 1 DAGs
[2024-01-06T09:12:13.771+0000] {logging_mixin.py:137} INFO - [2024-01-06T09:12:13.771+0000] {dag.py:3441} INFO - Setting next_dagrun for tutorial_dag to None, run_after=None
[2024-01-06T09:12:13.779+0000] {processor.py:175} INFO - Processing /home/airflow/.local/lib/python3.7/site-packages/airflow/example_dags/tutorial_dag.py took 0.042 seconds
[2024-01-06T09:12:44.528+0000] {processor.py:153} INFO - Started process (PID=358) to work on /home/airflow/.local/lib/python3.7/site-packages/airflow/example_dags/tutorial_dag.py
[2024-01-06T09:12:44.528+0000] {processor.py:743} INFO - Processing file /home/airflow/.local/lib/python3.7/site-packages/airflow/example_dags/tutorial_dag.py for tasks to queue
[2024-01-06T09:12:44.529+0000] {logging_mixin.py:137} INFO - [2024-01-06T09:12:44.529+0000] {dagbag.py:538} INFO - Filling up the DagBag from /home/airflow/.local/lib/python3.7/site-packages/airflow/example_dags/tutorial_dag.py
[2024-01-06T09:12:44.536+0000] {processor.py:753} INFO - DAG(s) dict_keys(['tutorial_dag']) retrieved from /home/airflow/.local/lib/python3.7/site-packages/airflow/example_dags/tutorial_dag.py
[2024-01-06T09:12:44.548+0000] {logging_mixin.py:137} INFO - [2024-01-06T09:12:44.548+0000] {dag.py:2690} INFO - Sync 1 DAGs
[2024-01-06T09:12:44.560+0000] {logging_mixin.py:137} INFO - [2024-01-06T09:12:44.560+0000] {dag.py:3441} INFO - Setting next_dagrun for tutorial_dag to None, run_after=None
[2024-01-06T09:12:44.569+0000] {processor.py:175} INFO - Processing /home/airflow/.local/lib/python3.7/site-packages/airflow/example_dags/tutorial_dag.py took 0.042 seconds
