[2024-01-06T09:11:10.550+0000] {processor.py:153} INFO - Started process (PID=85) to work on /opt/airflow/dags/HelloWorld_v2.py
[2024-01-06T09:11:10.551+0000] {processor.py:743} INFO - Processing file /opt/airflow/dags/HelloWorld_v2.py for tasks to queue
[2024-01-06T09:11:10.551+0000] {logging_mixin.py:137} INFO - [2024-01-06T09:11:10.551+0000] {dagbag.py:538} INFO - Filling up the DagBag from /opt/airflow/dags/HelloWorld_v2.py
[2024-01-06T09:11:10.588+0000] {processor.py:753} INFO - DAG(s) dict_keys(['HelloWorld_v2']) retrieved from /opt/airflow/dags/HelloWorld_v2.py
[2024-01-06T09:11:10.688+0000] {logging_mixin.py:137} INFO - [2024-01-06T09:11:10.688+0000] {manager.py:504} INFO - Created Permission View: can edit on DAG:HelloWorld_v2
[2024-01-06T09:11:10.694+0000] {logging_mixin.py:137} INFO - [2024-01-06T09:11:10.694+0000] {manager.py:504} INFO - Created Permission View: can read on DAG:HelloWorld_v2
[2024-01-06T09:11:10.701+0000] {logging_mixin.py:137} INFO - [2024-01-06T09:11:10.701+0000] {manager.py:504} INFO - Created Permission View: can delete on DAG:HelloWorld_v2
[2024-01-06T09:11:10.701+0000] {logging_mixin.py:137} INFO - [2024-01-06T09:11:10.701+0000] {dag.py:2690} INFO - Sync 1 DAGs
[2024-01-06T09:11:10.707+0000] {logging_mixin.py:137} INFO - [2024-01-06T09:11:10.707+0000] {dag.py:2711} INFO - Creating ORM DAG for HelloWorld_v2
[2024-01-06T09:11:10.714+0000] {logging_mixin.py:137} INFO - [2024-01-06T09:11:10.714+0000] {dag.py:3441} INFO - Setting next_dagrun for HelloWorld_v2 to 2024-01-05T02:00:00+00:00, run_after=2024-01-06T02:00:00+00:00
[2024-01-06T09:11:10.723+0000] {processor.py:175} INFO - Processing /opt/airflow/dags/HelloWorld_v2.py took 0.175 seconds
[2024-01-06T09:11:41.731+0000] {processor.py:153} INFO - Started process (PID=165) to work on /opt/airflow/dags/HelloWorld_v2.py
[2024-01-06T09:11:41.732+0000] {processor.py:743} INFO - Processing file /opt/airflow/dags/HelloWorld_v2.py for tasks to queue
[2024-01-06T09:11:41.732+0000] {logging_mixin.py:137} INFO - [2024-01-06T09:11:41.732+0000] {dagbag.py:538} INFO - Filling up the DagBag from /opt/airflow/dags/HelloWorld_v2.py
[2024-01-06T09:11:41.748+0000] {processor.py:753} INFO - DAG(s) dict_keys(['HelloWorld_v2']) retrieved from /opt/airflow/dags/HelloWorld_v2.py
[2024-01-06T09:11:41.761+0000] {logging_mixin.py:137} INFO - [2024-01-06T09:11:41.761+0000] {dag.py:2690} INFO - Sync 1 DAGs
[2024-01-06T09:11:41.773+0000] {logging_mixin.py:137} INFO - [2024-01-06T09:11:41.773+0000] {dag.py:3441} INFO - Setting next_dagrun for HelloWorld_v2 to 2024-01-05T02:00:00+00:00, run_after=2024-01-06T02:00:00+00:00
[2024-01-06T09:11:41.782+0000] {processor.py:175} INFO - Processing /opt/airflow/dags/HelloWorld_v2.py took 0.053 seconds
[2024-01-06T09:12:11.916+0000] {processor.py:153} INFO - Started process (PID=246) to work on /opt/airflow/dags/HelloWorld_v2.py
[2024-01-06T09:12:11.918+0000] {processor.py:743} INFO - Processing file /opt/airflow/dags/HelloWorld_v2.py for tasks to queue
[2024-01-06T09:12:11.919+0000] {logging_mixin.py:137} INFO - [2024-01-06T09:12:11.919+0000] {dagbag.py:538} INFO - Filling up the DagBag from /opt/airflow/dags/HelloWorld_v2.py
[2024-01-06T09:12:11.940+0000] {processor.py:753} INFO - DAG(s) dict_keys(['HelloWorld_v2']) retrieved from /opt/airflow/dags/HelloWorld_v2.py
[2024-01-06T09:12:11.955+0000] {logging_mixin.py:137} INFO - [2024-01-06T09:12:11.955+0000] {dag.py:2690} INFO - Sync 1 DAGs
[2024-01-06T09:12:11.967+0000] {logging_mixin.py:137} INFO - [2024-01-06T09:12:11.967+0000] {dag.py:3441} INFO - Setting next_dagrun for HelloWorld_v2 to 2024-01-05T02:00:00+00:00, run_after=2024-01-06T02:00:00+00:00
[2024-01-06T09:12:11.975+0000] {processor.py:175} INFO - Processing /opt/airflow/dags/HelloWorld_v2.py took 0.062 seconds
[2024-01-06T09:12:42.631+0000] {processor.py:153} INFO - Started process (PID=335) to work on /opt/airflow/dags/HelloWorld_v2.py
[2024-01-06T09:12:42.632+0000] {processor.py:743} INFO - Processing file /opt/airflow/dags/HelloWorld_v2.py for tasks to queue
[2024-01-06T09:12:42.633+0000] {logging_mixin.py:137} INFO - [2024-01-06T09:12:42.633+0000] {dagbag.py:538} INFO - Filling up the DagBag from /opt/airflow/dags/HelloWorld_v2.py
[2024-01-06T09:12:42.656+0000] {processor.py:753} INFO - DAG(s) dict_keys(['HelloWorld_v2']) retrieved from /opt/airflow/dags/HelloWorld_v2.py
[2024-01-06T09:12:42.671+0000] {logging_mixin.py:137} INFO - [2024-01-06T09:12:42.671+0000] {dag.py:2690} INFO - Sync 1 DAGs
[2024-01-06T09:12:42.684+0000] {logging_mixin.py:137} INFO - [2024-01-06T09:12:42.684+0000] {dag.py:3441} INFO - Setting next_dagrun for HelloWorld_v2 to 2024-01-05T02:00:00+00:00, run_after=2024-01-06T02:00:00+00:00
[2024-01-06T09:12:42.692+0000] {processor.py:175} INFO - Processing /opt/airflow/dags/HelloWorld_v2.py took 0.066 seconds
